<?xml version="1.0" encoding="UTF-8"?>
<testsuite xmlns:xsi="http://www.w3.org/2001/XMLSchema-instance" xsi:noNamespaceSchemaLocation="https://maven.apache.org/surefire/maven-surefire-plugin/xsd/surefire-test-report.xsd" name="egovframework.com.security.SecurityConfigTest" time="0.014" tests="3" errors="0" skipped="0" failures="0">
  <properties>
[...]
</properties>
  <testcase name="swaggerScanShouldBeLimitedToLoginAndSharedAuthModules" classname="egovframework.com.security.SecurityConfigTest" time="0"/>
  <testcase name="componentScanShouldBeRestrictedToLoginAndAuthPackages" classname="egovframework.com.security.SecurityConfigTest" time="0.01"/>
  <testcase name="loginOnlyApiShouldBeWhitelisted" classname="egovframework.com.security.SecurityConfigTest" time="0.003"/>
</testsuite>