{"numTotalTestSuites":2,"numPassedTestSuites":0,"numFailedTestSuites":2,"numPendingTestSuites":0,"numTotalTests":3,"numPassedTests":1,"numFailedTests":2,"numPendingTests":0,"numTodoTests":0,"snapshot":{"added":0,"failure":false,"filesAdded":0,"filesRemoved":0,"filesRemovedList":[],"filesUnmatched":0,"filesUpdated":0,"matched":0,"total":0,"unchecked":0,"uncheckedKeysByFile":[],"unmatched":0,"updated":0,"didUpdate":false},"startTime":1789098641573,"success":false,"testResults":[{"assertionResults":[{"ancestorTitles":["AppRouter not found fallback"],"fullName":"AppRouter not found fallback renders the NotFound page for unknown routes","status":"passed","title":"renders the NotFound page for unknown routes","duration":336.8076999999994,"failureMessages":[],"meta":{},"tags":[]},{"ancestorTitles":["AppRouter not found fallback"],"fullName":"AppRouter not found fallback keeps the dashboard root path valid while the menu list is loading","status":"failed","title":"keeps the dashboard root path valid while the menu list is loading","duration":1066.9220999999998,"failureMessages":["Error: Unable to find role=\"heading\" and name \"종합현황\"\n\nIgnored nodes: comments, script, style\n\u001b[36m<body\u001b[39m\n  \u001b[33mstyle\u001b[39m=\u001b[32m\"background-color: rgb(244, 247, 251); color: rgb(15, 23, 42);\"\u001b[39m\n\u001b[36m>\u001b[39m\n  \u001b[36m<div>\u001b[39m\n    \u001b[36m<div\u001b[39m\n      \u001b[33mclass\u001b[39m=\u001b[32m\"MuiBox-root css-jsksyz\"\u001b[39m\n    \u001b[36m>\u001b[39m\n      \u001b[36m<div\u001b[39m\n        \u001b[33mclass\u001b[39m=\u001b[32m\"MuiContainer-root MuiContainer-maxWidthSm MuiContainer-disableGutters css-ql4zx4-MuiContainer-root\"\u001b[39m\n      \u001b[36m>\u001b[39m\n        \u001b[36m<div\u001b[39m\n          \u001b[33mclass\u001b[39m=\u001b[32m\"MuiStack-root css-163ljxj-MuiStack-root\"\u001b[39m\n        \u001b[36m>\u001b[39m\n          \u001b[36m<div\u001b[39m\n            \u001b[33mclass\u001b[39m=\u001b[32m\"MuiPaper-root MuiPaper-elevation MuiPaper-rounded MuiPaper-elevation1 MuiCard-root css-i1p5mb-MuiPaper-root-MuiCard-root\"\u001b[39m\n            \u001b[33mstyle\u001b[39m=\u001b[32m\"--Paper-shadow: 0px 2px 1px -1px rgba(0,0,0,0.2),0px 1px 1px 0px rgba(0,0,0,0.14),0px 1px 3px 0px rgba(0,0,0,0.12);\"\u001b[39m\n          \u001b[36m>\u001b[39m\n            \u001b[36m<div\u001b[39m\n              \u001b[33mclass\u001b[39m=\u001b[32m\"MuiCardContent-root css-u5xazt-MuiCardContent-root\"\u001b[39m\n            \u001b[36m>\u001b[39m\n              \u001b[36m<form\u001b[39m\n                \u001b[33mclass\u001b[39m=\u001b[32m\"MuiStack-root css-10kbc59-MuiStack-root\"\u001b[39m\n                \u001b[33mnovalidate\u001b[39m=\u001b[32m\"\"\u001b[39m\n              \u001b[36m>\u001b[39m\n                \u001b[36m<div\u001b[39m\n                  \u001b[33mclass\u001b[39m=\u001b[32m\"MuiBox-root css-1drbkg9\"\u001b[39m\n                \u001b[36m>\u001b[39m\n                  \u001b[36m<span\u001b[39m\n                    \u001b[33mclass\u001b[39m=\u001b[32m\"MuiTypography-root MuiTypography-overline css-avrdyc-MuiTypography-root\"\u001b[39m\n                  \u001b[36m>\u001b[39m\n                    \u001b[0mS-ERP\u001b[0m\n                  \u001b[36m</span>\u001b[39m\n                  \u001b[36m<h4\u001b[39m\n                    \u001b[33mclass\u001b[39m=\u001b[32m\"MuiTypography-root MuiTypography-h4 css-1s5ghct-MuiTypography-root\"\u001b[39m\n                  \u001b[36m>\u001b[39m\n                    \u001b[0m통합 ERP 시스템 로그인\u001b[0m\n                  \u001b[36m</h4>\u001b[39m\n                  \u001b[36m<p\u001b[39m\n                    \u001b[33mclass\u001b[39m=\u001b[32m\"MuiTypography-root MuiTypography-body2 css-16ukyej-MuiTypography-root\"\u001b[39m\n                  \u001b[36m>\u001b[39m\n                    \u001b[0m기업 운영 정보를 안전하게 관리하기 위한 로그인 페이지입니다.\u001b[0m\n                  \u001b[36m</p>\u001b[39m\n                \u001b[36m</div>\u001b[39m\n                \u001b[36m<div\u001b[39m\n                  \u001b[33maria-invalid\u001b[39m=\u001b[32m\"false\"\u001b[39m\n                  \u001b[33mclass\u001b[39m=\u001b[32m\"MuiFormControl-root MuiFormControl-marginNormal MuiFormControl-fullWidth MuiTextField-root css-275m1p-MuiFormControl-root-MuiTextField-root\"\u001b[39m\n                \u001b[36m>\u001b[39m\n                  \u001b[36m<label\u001b[39m\n                    \u001b[33mclass\u001b[39m=\u001b[32m\"MuiFormLabel-root MuiInputLabel-root MuiInputLabel-formControl MuiInputLabel-animated MuiInputLabel-outlined MuiFormLabel-colorPrimary MuiInputLabel-root MuiInputLabel-formControl MuiInputLabel-animated MuiInputLabel-outlined css-uhhuw1-MuiFormLabel-root-MuiInputLabel-root\"\u001b[39m\n                    \u001b[33mdata-shrink\u001b[39m=\u001b[32m\"false\"\u001b[39m\n                    \u001b[33mfor\u001b[39m=\u001b[32m\"_r_3_\"\u001b[39m\n                    \u001b[33mid\u001b[39m=\u001b[32m\"_r_3_-label\"\u001b[39m\n                  \u001b[36m>\u001b[39m\n                    \u001b[0m업체코드\u001b[0m\n                  \u001b[36m</label>\u001b[39m\n                  \u001b[36m<div\u001b[39m\n                    \u001b[33mclass\u001b[39m=\u001b[32m\"MuiInputBase-root MuiOutlinedInput-root MuiInputBase-colorPrimary MuiInputBase-fullWidth MuiInputBase-formControl css-1c4cpu4-MuiInputBase-root-MuiOutlinedInput-root\"\u001b[39m\n                  \u001b[36m>\u001b[39m\n                    \u001b[36m<input\u001b[39m\n                      \u001b[33maria-describedby\u001b[39m=\u001b[32m\"_r_3_-helper-text\"\u001b[39m\n                      \u001b[33maria-invalid\u001b[39m=\u001b[32m\"false\"\u001b[39m\n                      \u001b[33mautocomplete\u001b[39m=\u001b[32m\"organization\"\u001b[39m\n                      \u001b[33mclass\u001b[39m=\u001b[32m\"MuiInputBase-input MuiOutlinedInput-input css-16wblaj-MuiInputBase-input-MuiOutlinedInput-input\"\u001b[39m\n                      \u001b[33mid\u001b[39m=\u001b[32m\"_r_3_\"\u001b[39m\n                      \u001b[33mplaceholder\u001b[39m=\u001b[32m\"예: A001\"\u001b[39m\n                      \u001b[33mtype\u001b[39m=\u001b[32m\"text\"\u001b[39m\n                      \u001b[33mvalue\u001b[39m=\u001b[32m\"\"\u001b[39m\n                    \u001b[36m/>\u001b[39m\n                    \u001b[36m<fieldset\u001b[39m\n                      \u001b[33maria-hidden\u001b[39m=\u001b[32m\"true\"\u001b[39m\n                      \u001b[33mclass\u001b[39m=\u001b[32m\"MuiOutlinedInput-notchedOutline css-18p5xg2-MuiNotchedOutlined-root-MuiOutlinedInput-notchedOutline\"\u001b[39m\n                    \u001b[36m>\u001b[39m\n                      \u001b[36m<legend\u001b[39m\n                        \u001b[33mclass\u001b[39m=\u001b[32m\"css-1n64csd-MuiNotchedOutlined-root\"\u001b[39m\n                      \u001b[36m>\u001b[39m\n                        \u001b[36m<span>\u001b[39m\n                          \u001b[0m업체코드\u001b[0m\n                        \u001b[36m</span>\u001b[39m\n                      \u001b[36m</legend>\u001b[39m\n                    \u001b[36m</fieldset>\u001b[39m\n                  \u001b[36m</div>\u001b[39m\n                  \u001b[36m<p\u001b[39m\n                    \u001b[33mclass\u001b[39m=\u001b[32m\"MuiFormHelperText-root MuiFormHelperText-sizeMedium MuiFormHelperText-contained css-6g9sn0-MuiFormHelperText-root\"\u001b[39m\n                    \u001b[33mid\u001b[39m=\u001b[32m\"_r_3_-helper-text\"\u001b[39m\n                  \u001b[36m>\u001b[39m\n                    \u001b[36m<span\u001b[39m\n                      \u001b[33maria-hidden\u001b[39m=\u001b[32m\"true\"\u001b[39m\n                      \u001b[33mclass\u001b[39m=\u001b[32m\"notranslate\"\u001b[39m\n                    \u001b[36m>\u001b[39m\n                      \u001b[0m​\u001b[0m\n                    \u001b[36m</span>\u001b[39m\n                  \u001b[36m</p>\u001b[39m\n                \u001b[36m</div>\u001b[39m\n                \u001b[36m<div\u001b[39m\n                  \u001b[33maria-invalid\u001b[39m=\u001b[32m\"false\"\u001b[39m\n                  \u001b[33mclass\u001b[39m=\u001b[32m\"MuiFormControl-root MuiFormControl-marginNormal MuiFormControl-fullWidth MuiTextField-root css-275m1p-MuiFormControl-root-MuiTextField-root\"\u001b[39m\n                \u001b[36m>\u001b[39m\n                  \u001b[36m<label\u001b[39m\n                    \u001b[33mclass\u001b[39m=\u001b[32m\"MuiFormLabel-root MuiInputLabel-root MuiInputLabel-formControl MuiInputLabel-animated MuiInputLabel-outlined MuiFormLabel-colorPrimary MuiInputLabel-root MuiInputLabel-formControl MuiInputLabel-animated MuiInputLabel-outlined css-uhhuw1-MuiFormLabel-root-MuiInputLabel-root\"\u001b[39m\n                    \u001b[33mdata-shrink\u001b[39m=\u001b[32m\"false\"\u001b[39m\n                    \u001b[33mfor\u001b[39m=\u001b[32m\"_r_4_\"\u001b[39m\n                    \u001b[33mid\u001b[39m=\u001b[32m\"_r_4_-label\"\u001b[39m\n                  \u001b[36m>\u001b[39m\n                    \u001b[0m사용자 ID\u001b[0m\n                  \u001b[36m</label>\u001b[39m\n                  \u001b[36m<div\u001b[39m\n                    \u001b[33mclass\u001b[39m=\u001b[32m\"MuiInputBase-root MuiOutlinedInput-root MuiInputBase-colorPrimary MuiInputBase-fullWidth MuiInputBase-formControl css-1c4cpu4-MuiInputBase-root-MuiOutlinedInput-root\"\u001b[39m\n                  \u001b[36m>\u001b[39m\n                    \u001b[36m<input\u001b[39m\n                      \u001b[33maria-describedby\u001b[39m=\u001b[32m\"_r_4_-helper-text\"\u001b[39m\n                      \u001b[33maria-invalid\u001b[39m=\u001b[32m\"false\"\u001b[39m\n                      \u001b[33mautocomplete\u001b[39m=\u001b[32m\"username\"\u001b[39m\n                      \u001b[33mclass\u001b[39m=\u001b[32m\"MuiInputBase-input MuiOutlinedInput-input css-16wblaj-MuiInputBase-input-MuiOutlinedInput-input\"\u001b[39m\n                      \u001b[33mid\u001b[39m=\u001b[32m\"_r_4_\"\u001b[39m\n                      \u001b[33mplaceholder\u001b[39m=\u001b[32m\"사용자 ID를 입력하세요\"\u001b[39m\n                      \u001b[33mtype\u001b[39m=\u001b[32m\"text\"\u001b[39m\n                      \u001b[33mvalue\u001b[39m=\u001b[32m\"\"\u001b[39m\n                    \u001b[36m/>\u001b[39m\n                    \u001b[36m<fieldset\u001b[39m\n                      \u001b[33maria-hidden\u001b[39m=\u001b[32m\"true\"\u001b[39m\n                      \u001b[33mclass\u001b[39m=\u001b[32m\"MuiOutlinedInput-notchedOutline css-18p5xg2-MuiNotchedOutlined-root-MuiOutlinedInput-notchedOutline\"\u001b[39m\n                    \u001b[36m>\u001b[39m\n                      \u001b[36m<legend\u001b[39m\n                        \u001b[33mclass\u001b[39m=\u001b[32m\"css-1n64csd-MuiNotchedOutlined-root\"\u001b[39m\n                      \u001b[36m>\u001b[39m\n                        \u001b[36m<span>\u001b[39m\n                          \u001b[0m사용자 ID\u001b[0m\n                        \u001b[36m</span>\u001b[39m\n                      \u001b[36m</legend>\u001b[39m\n                    \u001b[36m</fieldset>\u001b[39m\n                  \u001b[36m</div>\u001b[39m\n                  \u001b[36m<p\u001b[39m\n                    \u001b[33mclass\u001b[39m=\u001b[32m\"MuiFormHelperText-root MuiFormHelperText-sizeMedium MuiFormHelperText-contained css-6g9sn0-MuiFormHelperText-root\"\u001b[39m\n                    \u001b[33mid\u001b[39m=\u001b[32m\"_r_4_-helper-text\"\u001b[39m\n                  \u001b[36m>\u001b[39m\n                    \u001b[36m<span\u001b[39m\n                      \u001b[33maria-hidden\u001b[39m=\u001b[32m\"true\"\u001b[39m\n                      \u001b[33mclass\u001b[39m=\u001b[32m\"notranslate\"\u001b[39m\n                    \u001b[36m>\u001b[39m\n                      \u001b[0m​\u001b[0m\n                    \u001b[36m</span>\u001b[39m\n                  \u001b[36m</p>\u001b[39m\n                \u001b[36m</div>\u001b[39m\n                \u001b[36m<div\u001b[39m\n                  \u001b[33maria-invalid\u001b[39m=\u001b[32m\"false\"\u001b[39m\n                  \u001b[33mclass\u001b[39m=\u001b[32m\"MuiFormControl-root MuiFormControl-marginNormal MuiFormControl-fullWidth MuiTextField-root css-275m1p-MuiFormControl-root-MuiTextField-root\"\u001b[39m\n                \u001b[36m>\u001b[39m\n                  \u001b[36m<label\u001b[39m\n                    \u001b[33mclass\u001b[39m=\u001b[32m\"MuiFormLabel-root MuiInputLabel-root MuiInputLabel-formControl MuiInputLabel-animated MuiInputLabel-outlined MuiFormLabel-colorPrimary MuiInputLabel-root MuiInputLabel-formControl MuiInputLabel-animated MuiInputLabel-outlined css-uhhuw1-MuiFormLabel-root-MuiInputLabel-root\"\u001b[39m\n                    \u001b[33mdata-shrink\u001b[39m=\u001b[32m\"false\"\u001b[39m\n                    \u001b[33mfor\u001b[39m=\u001b[32m\"_r_5_\"\u001b[39m\n                    \u001b[33mid\u001b[39m=\u001b[32m\"_r_5_-label\"\u001b[39m\n                  \u001b[36m>\u001b[39m\n                    \u001b[0m비밀번호\u001b[0m\n                  \u001b[36m</label>\u001b[39m\n                  \u001b[36m<div\u001b[39m\n                    \u001b[33mclass\u001b[39m=\u001b[32m\"MuiInputBase-root MuiOutlinedInput-root MuiInputBase-colorPrimary MuiInputBase-fullWidth MuiInputBase-formControl MuiInputBase-adornedEnd css-1k80mgu-MuiInputBase-root-MuiOutlinedInput-root\"\u001b[39m\n                  \u001b[36m>\u001b[39m\n                    \u001b[36m<input\u001b[39m\n                      \u001b[33maria-describedby\u001b[39m=\u001b[32m\"_r_5_-helper-text\"\u001b[39m\n                      \u001b[33maria-invalid\u001b[39m=\u001b[32m\"false\"\u001b[39m\n                      \u001b[33mautocomplete\u001b[39m=\u001b[32m\"current-password\"\u001b[39m\n                      \u001b[33mclass\u001b[39m=\u001b[32m\"MuiInputBase-input MuiOutlinedInput-input css-1dune0f-MuiInputBase-input-MuiOutlinedInput-input\"\u001b[39m\n                      \u001b[33mid\u001b[39m=\u001b[32m\"_r_5_\"\u001b[39m\n                      \u001b[33mplaceholder\u001b[39m=\u001b[32m\"비밀번호를 입력하세요\"\u001b[39m\n                      \u001b[33mtype\u001b[39m=\u001b[32m\"password\"\u001b[39m\n                      \u001b[33mvalue\u001b[39m=\u001b[32m\"\"\u001b[39m\n                    \u001b[36m/>\u001b[39m\n                    \u001b[36m<div\u001b[39m\n                      \u001b[33mclass\u001b[39m=\u001b[32m\"MuiInputAdornment-root MuiInputAdornment-positionEnd MuiInputAdornment-outlined MuiInputAdornment-sizeMedium css-elo8k2-MuiInputAdornment-root\"\u001b[39m\n                    \u001b[36m>\u001b[39m\n                      \u001b[36m<button\u001b[39m\n                        \u001b[33maria-label\u001b[39m=\u001b[32m\"toggle password visibility\"\u001b[39m\n                        \u001b[33mclass\u001b[39m=\u001b[32m\"MuiButtonBase-root MuiIconButton-root MuiIconButton-edgeEnd MuiIconButton-sizeMedium css-koqkhd-MuiButtonBase-root-MuiIconButton-root\"\u001b[39m\n                        \u001b[33mtabindex\u001b[39m=\u001b[32m\"0\"\u001b[39m\n                        \u001b[33mtype\u001b[39m=\u001b[32m\"button\"\u001b[39m\n                      \u001b[36m>\u001b[39m\n                        \u001b[36m<svg\u001b[39m\n                          \u001b[33maria-hidden\u001b[39m=\u001b[32m\"true\"\u001b[39m\n                          \u001b[33mclass\u001b[39m=\u001b[32m\"MuiSvgIcon-root MuiSvgIcon-fontSizeMedium css-1umw9bq-MuiSvgIcon-root\"\u001b[39m\n                          \u001b[33mdata-testid\u001b[39m=\u001b[32m\"VisibilityIcon\"\u001b[39m\n                          \u001b[33mfocusable\u001b[39m=\u001b[32m\"false\"\u001b[39m\n                          \u001b[33mviewBox\u001b[39m=\u001b[32m\"0 0 24 24\"\u001b[39m\n                        \u001b[36m>\u001b[39m\n                          \u001b[36m<path\u001b[39m\n                            \u001b[33md\u001b[39m=\u001b[32m\"M12 4.5C7 4.5 2.73 7.61 1 12c1.73 4.39 6 7.5 11 7.5s9.27-3.11 11-7.5c-1.73-4.39-6-7.5-11-7.5M12 17c-2.76 0-5-2.24-5-5s2.24-5 5-5 5 2.24 5 5-2.24 5-5 5m0-8c-1.66 0-3 1.34-3 3s1.34 3 3 3 3-1.34 3-3-1.34-3-3-3\"\u001b[39m\n                          \u001b[36m/>\u001b[39m\n                        \u001b[36m</svg>\u001b[39m\n                      \u001b[36m</button>\u001b[39m\n                    \u001b[36m</div>\u001b[39m\n                    \u001b[36m<fieldset\u001b[39m\n                      \u001b[33maria-hidden\u001b[39m=\u001b[32m\"true\"\u001b[39m\n                      \u001b[33mclass\u001b[39m=\u001b[32m\"MuiOutlinedInput-notchedOutline css-18p5xg2-MuiNotchedOutlined-root-MuiOutlinedInput-notchedOutline\"\u001b[39m\n                    \u001b[36m>\u001b[39m\n                      \u001b[36m<legend\u001b[39m\n                        \u001b[33mclass\u001b[39m=\u001b[32m\"css-1n64csd-MuiNotchedOutlined-root\"\u001b[39m\n                      \u001b[36m>\u001b[39m\n                        \u001b[36m<span>\u001b[39m\n                          \u001b[0m비밀번호\u001b[0m\n                        \u001b[36m</span>\u001b[39m\n                      \u001b[36m</legend>\u001b[39m\n                    \u001b[36m</fieldset>\u001b[39m\n                  \u001b[36m</div>\u001b[39m\n                  \u001b[36m<p\u001b[39m\n                    \u001b[33mclass\u001b[39m=\u001b[32m\"MuiFormHelperText-root MuiFormHelperText-sizeMedium MuiFormHelperText-contained css-6g9sn0-MuiFormHelperText-root\"\u001b[39m\n                    \u001b[33mid\u001b[39m=\u001b[32m\"_r_5_-helper-text\"\u001b[39m\n                  \u001b[36m>\u001b[39m\n                    \u001b[36m<span\u001b[39m\n                      \u001b[33maria-hidden\u001b[39m=\u001b[32m\"true\"\u001b[39m\n                      \u001b[33mclass\u001b[39m=\u001b[32m\"notranslate\"\u001b[39m\n                    \u001b[36m>\u001b[39m\n                      \u001b[0m​\u001b[0m\n                    \u001b[36m</span>\u001b[39m\n                  \u001b[36m</p>\u001b[39m\n                \u001b[36m</div>\u001b[39m\n                \u001b[36m<button\u001b[39m\n                  \u001b[33mclass\u001b[39m=\u001b[32m\"MuiButtonBase-root MuiButton-root MuiButton-contained MuiButton-sizeLarge MuiButton-colorPrimary MuiButton-disableElevation css-1pbvkw4-MuiButtonBase-root-MuiButton-root\"\u001b[39m\n                  \u001b[33mtabindex\u001b[39m=\u001b[32m\"0\"\u001b[39m\n                  \u001b[33mtype\u001b[39m=\u001b[32m\"submit\"\u001b[39m\n                \u001b[36m>\u001b[39m\n                  \u001b[0m로그인\u001b[0m\n                \u001b[36m</button>\u001b[39m\n                \u001b[36m<div\u001b[39m\n                  \u001b[33mclass\u001b[39m=\u001b[32m\"MuiBox-root css-i7okjg\"\u001b[39m\n                \u001b[36m>\u001b[39m\n                  \u001b[36m<p\u001b[39m\n                    \u001b[33mclass\u001b[39m=\u001b[32m\"MuiTypography-root MuiTypography-body2 css-wdcw3q-MuiTypography-root\"\u001b[39m\n                  \u001b[36m>\u001b[39m\n                    \u001b[0m개발용 테스트 계정입니다.\u001b[0m\n                  \u001b[36m</p>\u001b[39m\n                  \u001b[36m<p\u001b[39m\n                    \u001b[33mclass\u001b[39m=\u001b[32m\"MuiTypography-root MuiTypography-body2 css-1lin3nw-MuiTypography-root\"\u001b[39m\n                  \u001b[36m>\u001b[39m\n                    \u001b[0m(업체코드: T1358606250 / 아이디: admin / 비밀번호: f1soft@611)\u001b[0m\n                  \u001b[36m</p>\u001b[39m\n                \u001b[36m</div>\u001b[39m\n                \u001b[36m<span\u001b[39m\n                  \u001b[33mclass\u001b[39m=\u001b[32m\"MuiTypography-root MuiTypography-caption css-1f5cm2b-MuiTypography-root\"\u001b[39m\n                \u001b[36m>\u001b[39m\n                  \u001b[0m© F1soft Inc.\u001b[0m\n                \u001b[36m</span>\u001b[39m\n              \u001b[36m</form>\u001b[39m\n            \u001b[36m</div>\u001b[39m\n          \u001b[36m</div>\u001b[39m\n        \u001b[36m</div>\u001b[39m\n      \u001b[36m</div>\u001b[39m\n    \u001b[36m</div>\u001b[39m\n  \u001b[36m</div>\u001b[39m\n\u001b[36m</body>\u001b[39m\n    at waitForWrapper (D:\\f1soft\\dev\\react\\S-ERP\\frontend\\node_modules\\@testing-library\\dom\\dist\\wait-for.js:163:27)\n    at D:\\f1soft\\dev\\react\\S-ERP\\frontend\\node_modules\\@testing-library\\dom\\dist\\query-helpers.js:86:33\n    at D:/f1soft/dev/react/S-ERP/frontend/tests/app-router-not-found.test.tsx:155:25\n    at file:///D:/f1soft/dev/react/S-ERP/frontend/node_modules/@vitest/runner/dist/chunk-artifact.js:302:11\n    at file:///D:/f1soft/dev/react/S-ERP/frontend/node_modules/@vitest/runner/dist/chunk-artifact.js:1903:26\n    at file:///D:/f1soft/dev/react/S-ERP/frontend/node_modules/@vitest/runner/dist/chunk-artifact.js:2326:20\n    at new Promise (<anonymous>)\n    at runWithCancel (file:///D:/f1soft/dev/react/S-ERP/frontend/node_modules/@vitest/runner/dist/chunk-artifact.js:2323:10)\n    at file:///D:/f1soft/dev/react/S-ERP/frontend/node_modules/@vitest/runner/dist/chunk-artifact.js:2305:20\n    at new Promise (<anonymous>)"],"meta":{},"tags":[]},{"ancestorTitles":["AppRouter not found fallback"],"fullName":"AppRouter not found fallback renders the NotFound page for invalid dashboard menu paths","status":"failed","title":"renders the NotFound page for invalid dashboard menu paths","duration":1036.4831999999988,"failureMessages":["Error: Unable to find an element with the text: 요청하신 페이지를 찾을 수 없습니다. This could be because the text is broken up by multiple elements. In this case, you can provide a function for your text matcher to make your matcher more flexible.\n\nIgnored nodes: comments, script, style\n\u001b[36m<body\u001b[39m\n  \u001b[33mstyle\u001b[39m=\u001b[32m\"background-color: rgb(244, 247, 251); color: rgb(15, 23, 42);\"\u001b[39m\n\u001b[36m>\u001b[39m\n  \u001b[36m<div>\u001b[39m\n    \u001b[36m<div\u001b[39m\n      \u001b[33mclass\u001b[39m=\u001b[32m\"MuiBox-root css-jsksyz\"\u001b[39m\n    \u001b[36m>\u001b[39m\n      \u001b[36m<div\u001b[39m\n        \u001b[33mclass\u001b[39m=\u001b[32m\"MuiContainer-root MuiContainer-maxWidthSm MuiContainer-disableGutters css-ql4zx4-MuiContainer-root\"\u001b[39m\n      \u001b[36m>\u001b[39m\n        \u001b[36m<div\u001b[39m\n          \u001b[33mclass\u001b[39m=\u001b[32m\"MuiStack-root css-163ljxj-MuiStack-root\"\u001b[39m\n        \u001b[36m>\u001b[39m\n          \u001b[36m<div\u001b[39m\n            \u001b[33mclass\u001b[39m=\u001b[32m\"MuiPaper-root MuiPaper-elevation MuiPaper-rounded MuiPaper-elevation1 MuiCard-root css-i1p5mb-MuiPaper-root-MuiCard-root\"\u001b[39m\n            \u001b[33mstyle\u001b[39m=\u001b[32m\"--Paper-shadow: 0px 2px 1px -1px rgba(0,0,0,0.2),0px 1px 1px 0px rgba(0,0,0,0.14),0px 1px 3px 0px rgba(0,0,0,0.12);\"\u001b[39m\n          \u001b[36m>\u001b[39m\n            \u001b[36m<div\u001b[39m\n              \u001b[33mclass\u001b[39m=\u001b[32m\"MuiCardContent-root css-u5xazt-MuiCardContent-root\"\u001b[39m\n            \u001b[36m>\u001b[39m\n              \u001b[36m<form\u001b[39m\n                \u001b[33mclass\u001b[39m=\u001b[32m\"MuiStack-root css-10kbc59-MuiStack-root\"\u001b[39m\n                \u001b[33mnovalidate\u001b[39m=\u001b[32m\"\"\u001b[39m\n              \u001b[36m>\u001b[39m\n                \u001b[36m<div\u001b[39m\n                  \u001b[33mclass\u001b[39m=\u001b[32m\"MuiBox-root css-1drbkg9\"\u001b[39m\n                \u001b[36m>\u001b[39m\n                  \u001b[36m<span\u001b[39m\n                    \u001b[33mclass\u001b[39m=\u001b[32m\"MuiTypography-root MuiTypography-overline css-avrdyc-MuiTypography-root\"\u001b[39m\n                  \u001b[36m>\u001b[39m\n                    \u001b[0mS-ERP\u001b[0m\n                  \u001b[36m</span>\u001b[39m\n                  \u001b[36m<h4\u001b[39m\n                    \u001b[33mclass\u001b[39m=\u001b[32m\"MuiTypography-root MuiTypography-h4 css-1s5ghct-MuiTypography-root\"\u001b[39m\n                  \u001b[36m>\u001b[39m\n                    \u001b[0m통합 ERP 시스템 로그인\u001b[0m\n                  \u001b[36m</h4>\u001b[39m\n                  \u001b[36m<p\u001b[39m\n                    \u001b[33mclass\u001b[39m=\u001b[32m\"MuiTypography-root MuiTypography-body2 css-16ukyej-MuiTypography-root\"\u001b[39m\n                  \u001b[36m>\u001b[39m\n                    \u001b[0m기업 운영 정보를 안전하게 관리하기 위한 로그인 페이지입니다.\u001b[0m\n                  \u001b[36m</p>\u001b[39m\n                \u001b[36m</div>\u001b[39m\n                \u001b[36m<div\u001b[39m\n                  \u001b[33maria-invalid\u001b[39m=\u001b[32m\"false\"\u001b[39m\n                  \u001b[33mclass\u001b[39m=\u001b[32m\"MuiFormControl-root MuiFormControl-marginNormal MuiFormControl-fullWidth MuiTextField-root css-275m1p-MuiFormControl-root-MuiTextField-root\"\u001b[39m\n                \u001b[36m>\u001b[39m\n                  \u001b[36m<label\u001b[39m\n                    \u001b[33mclass\u001b[39m=\u001b[32m\"MuiFormLabel-root MuiInputLabel-root MuiInputLabel-formControl MuiInputLabel-animated MuiInputLabel-outlined MuiFormLabel-colorPrimary MuiInputLabel-root MuiInputLabel-formControl MuiInputLabel-animated MuiInputLabel-outlined css-uhhuw1-MuiFormLabel-root-MuiInputLabel-root\"\u001b[39m\n                    \u001b[33mdata-shrink\u001b[39m=\u001b[32m\"false\"\u001b[39m\n                    \u001b[33mfor\u001b[39m=\u001b[32m\"_r_9_\"\u001b[39m\n                    \u001b[33mid\u001b[39m=\u001b[32m\"_r_9_-label\"\u001b[39m\n                  \u001b[36m>\u001b[39m\n                    \u001b[0m업체코드\u001b[0m\n                  \u001b[36m</label>\u001b[39m\n                  \u001b[36m<div\u001b[39m\n                    \u001b[33mclass\u001b[39m=\u001b[32m\"MuiInputBase-root MuiOutlinedInput-root MuiInputBase-colorPrimary MuiInputBase-fullWidth MuiInputBase-formControl css-1c4cpu4-MuiInputBase-root-MuiOutlinedInput-root\"\u001b[39m\n                  \u001b[36m>\u001b[39m\n                    \u001b[36m<input\u001b[39m\n                      \u001b[33maria-describedby\u001b[39m=\u001b[32m\"_r_9_-helper-text\"\u001b[39m\n                      \u001b[33maria-invalid\u001b[39m=\u001b[32m\"false\"\u001b[39m\n                      \u001b[33mautocomplete\u001b[39m=\u001b[32m\"organization\"\u001b[39m\n                      \u001b[33mclass\u001b[39m=\u001b[32m\"MuiInputBase-input MuiOutlinedInput-input css-16wblaj-MuiInputBase-input-MuiOutlinedInput-input\"\u001b[39m\n                      \u001b[33mid\u001b[39m=\u001b[32m\"_r_9_\"\u001b[39m\n                      \u001b[33mplaceholder\u001b[39m=\u001b[32m\"예: A001\"\u001b[39m\n                      \u001b[33mtype\u001b[39m=\u001b[32m\"text\"\u001b[39m\n                      \u001b[33mvalue\u001b[39m=\u001b[32m\"\"\u001b[39m\n                    \u001b[36m/>\u001b[39m\n                    \u001b[36m<fieldset\u001b[39m\n                      \u001b[33maria-hidden\u001b[39m=\u001b[32m\"true\"\u001b[39m\n                      \u001b[33mclass\u001b[39m=\u001b[32m\"MuiOutlinedInput-notchedOutline css-18p5xg2-MuiNotchedOutlined-root-MuiOutlinedInput-notchedOutline\"\u001b[39m\n                    \u001b[36m>\u001b[39m\n                      \u001b[36m<legend\u001b[39m\n                        \u001b[33mclass\u001b[39m=\u001b[32m\"css-1n64csd-MuiNotchedOutlined-root\"\u001b[39m\n                      \u001b[36m>\u001b[39m\n                        \u001b[36m<span>\u001b[39m\n                          \u001b[0m업체코드\u001b[0m\n                        \u001b[36m</span>\u001b[39m\n                      \u001b[36m</legend>\u001b[39m\n                    \u001b[36m</fieldset>\u001b[39m\n                  \u001b[36m</div>\u001b[39m\n                  \u001b[36m<p\u001b[39m\n                    \u001b[33mclass\u001b[39m=\u001b[32m\"MuiFormHelperText-root MuiFormHelperText-sizeMedium MuiFormHelperText-contained css-6g9sn0-MuiFormHelperText-root\"\u001b[39m\n                    \u001b[33mid\u001b[39m=\u001b[32m\"_r_9_-helper-text\"\u001b[39m\n                  \u001b[36m>\u001b[39m\n                    \u001b[36m<span\u001b[39m\n                      \u001b[33maria-hidden\u001b[39m=\u001b[32m\"true\"\u001b[39m\n                      \u001b[33mclass\u001b[39m=\u001b[32m\"notranslate\"\u001b[39m\n                    \u001b[36m>\u001b[39m\n                      \u001b[0m​\u001b[0m\n                    \u001b[36m</span>\u001b[39m\n                  \u001b[36m</p>\u001b[39m\n                \u001b[36m</div>\u001b[39m\n                \u001b[36m<div\u001b[39m\n                  \u001b[33maria-invalid\u001b[39m=\u001b[32m\"false\"\u001b[39m\n                  \u001b[33mclass\u001b[39m=\u001b[32m\"MuiFormControl-root MuiFormControl-marginNormal MuiFormControl-fullWidth MuiTextField-root css-275m1p-MuiFormControl-root-MuiTextField-root\"\u001b[39m\n                \u001b[36m>\u001b[39m\n                  \u001b[36m<label\u001b[39m\n                    \u001b[33mclass\u001b[39m=\u001b[32m\"MuiFormLabel-root MuiInputLabel-root MuiInputLabel-formControl MuiInputLabel-animated MuiInputLabel-outlined MuiFormLabel-colorPrimary MuiInputLabel-root MuiInputLabel-formControl MuiInputLabel-animated MuiInputLabel-outlined css-uhhuw1-MuiFormLabel-root-MuiInputLabel-root\"\u001b[39m\n                    \u001b[33mdata-shrink\u001b[39m=\u001b[32m\"false\"\u001b[39m\n                    \u001b[33mfor\u001b[39m=\u001b[32m\"_r_a_\"\u001b[39m\n                    \u001b[33mid\u001b[39m=\u001b[32m\"_r_a_-label\"\u001b[39m\n                  \u001b[36m>\u001b[39m\n                    \u001b[0m사용자 ID\u001b[0m\n                  \u001b[36m</label>\u001b[39m\n                  \u001b[36m<div\u001b[39m\n                    \u001b[33mclass\u001b[39m=\u001b[32m\"MuiInputBase-root MuiOutlinedInput-root MuiInputBase-colorPrimary MuiInputBase-fullWidth MuiInputBase-formControl css-1c4cpu4-MuiInputBase-root-MuiOutlinedInput-root\"\u001b[39m\n                  \u001b[36m>\u001b[39m\n                    \u001b[36m<input\u001b[39m\n                      \u001b[33maria-describedby\u001b[39m=\u001b[32m\"_r_a_-helper-text\"\u001b[39m\n                      \u001b[33maria-invalid\u001b[39m=\u001b[32m\"false\"\u001b[39m\n                      \u001b[33mautocomplete\u001b[39m=\u001b[32m\"username\"\u001b[39m\n                      \u001b[33mclass\u001b[39m=\u001b[32m\"MuiInputBase-input MuiOutlinedInput-input css-16wblaj-MuiInputBase-input-MuiOutlinedInput-input\"\u001b[39m\n                      \u001b[33mid\u001b[39m=\u001b[32m\"_r_a_\"\u001b[39m\n                      \u001b[33mplaceholder\u001b[39m=\u001b[32m\"사용자 ID를 입력하세요\"\u001b[39m\n                      \u001b[33mtype\u001b[39m=\u001b[32m\"text\"\u001b[39m\n                      \u001b[33mvalue\u001b[39m=\u001b[32m\"\"\u001b[39m\n                    \u001b[36m/>\u001b[39m\n                    \u001b[36m<fieldset\u001b[39m\n                      \u001b[33maria-hidden\u001b[39m=\u001b[32m\"true\"\u001b[39m\n                      \u001b[33mclass\u001b[39m=\u001b[32m\"MuiOutlinedInput-notchedOutline css-18p5xg2-MuiNotchedOutlined-root-MuiOutlinedInput-notchedOutline\"\u001b[39m\n                    \u001b[36m>\u001b[39m\n                      \u001b[36m<legend\u001b[39m\n                        \u001b[33mclass\u001b[39m=\u001b[32m\"css-1n64csd-MuiNotchedOutlined-root\"\u001b[39m\n                      \u001b[36m>\u001b[39m\n                        \u001b[36m<span>\u001b[39m\n                          \u001b[0m사용자 ID\u001b[0m\n                        \u001b[36m</span>\u001b[39m\n                      \u001b[36m</legend>\u001b[39m\n                    \u001b[36m</fieldset>\u001b[39m\n                  \u001b[36m</div>\u001b[39m\n                  \u001b[36m<p\u001b[39m\n                    \u001b[33mclass\u001b[39m=\u001b[32m\"MuiFormHelperText-root MuiFormHelperText-sizeMedium MuiFormHelperText-contained css-6g9sn0-MuiFormHelperText-root\"\u001b[39m\n                    \u001b[33mid\u001b[39m=\u001b[32m\"_r_a_-helper-text\"\u001b[39m\n                  \u001b[36m>\u001b[39m\n                    \u001b[36m<span\u001b[39m\n                      \u001b[33maria-hidden\u001b[39m=\u001b[32m\"true\"\u001b[39m\n                      \u001b[33mclass\u001b[39m=\u001b[32m\"notranslate\"\u001b[39m\n                    \u001b[36m>\u001b[39m\n                      \u001b[0m​\u001b[0m\n                    \u001b[36m</span>\u001b[39m\n                  \u001b[36m</p>\u001b[39m\n                \u001b[36m</div>\u001b[39m\n                \u001b[36m<div\u001b[39m\n                  \u001b[33maria-invalid\u001b[39m=\u001b[32m\"false\"\u001b[39m\n                  \u001b[33mclass\u001b[39m=\u001b[32m\"MuiFormControl-root MuiFormControl-marginNormal MuiFormControl-fullWidth MuiTextField-root css-275m1p-MuiFormControl-root-MuiTextField-root\"\u001b[39m\n                \u001b[36m>\u001b[39m\n                  \u001b[36m<label\u001b[39m\n                    \u001b[33mclass\u001b[39m=\u001b[32m\"MuiFormLabel-root MuiInputLabel-root MuiInputLabel-formControl MuiInputLabel-animated MuiInputLabel-outlined MuiFormLabel-colorPrimary MuiInputLabel-root MuiInputLabel-formControl MuiInputLabel-animated MuiInputLabel-outlined css-uhhuw1-MuiFormLabel-root-MuiInputLabel-root\"\u001b[39m\n                    \u001b[33mdata-shrink\u001b[39m=\u001b[32m\"false\"\u001b[39m\n                    \u001b[33mfor\u001b[39m=\u001b[32m\"_r_b_\"\u001b[39m\n                    \u001b[33mid\u001b[39m=\u001b[32m\"_r_b_-label\"\u001b[39m\n                  \u001b[36m>\u001b[39m\n                    \u001b[0m비밀번호\u001b[0m\n                  \u001b[36m</label>\u001b[39m\n                  \u001b[36m<div\u001b[39m\n                    \u001b[33mclass\u001b[39m=\u001b[32m\"MuiInputBase-root MuiOutlinedInput-root MuiInputBase-colorPrimary MuiInputBase-fullWidth MuiInputBase-formControl MuiInputBase-adornedEnd css-1k80mgu-MuiInputBase-root-MuiOutlinedInput-root\"\u001b[39m\n                  \u001b[36m>\u001b[39m\n                    \u001b[36m<input\u001b[39m\n                      \u001b[33maria-describedby\u001b[39m=\u001b[32m\"_r_b_-helper-text\"\u001b[39m\n                      \u001b[33maria-invalid\u001b[39m=\u001b[32m\"false\"\u001b[39m\n                      \u001b[33mautocomplete\u001b[39m=\u001b[32m\"current-password\"\u001b[39m\n                      \u001b[33mclass\u001b[39m=\u001b[32m\"MuiInputBase-input MuiOutlinedInput-input css-1dune0f-MuiInputBase-input-MuiOutlinedInput-input\"\u001b[39m\n                      \u001b[33mid\u001b[39m=\u001b[32m\"_r_b_\"\u001b[39m\n                      \u001b[33mplaceholder\u001b[39m=\u001b[32m\"비밀번호를 입력하세요\"\u001b[39m\n                      \u001b[33mtype\u001b[39m=\u001b[32m\"password\"\u001b[39m\n                      \u001b[33mvalue\u001b[39m=\u001b[32m\"\"\u001b[39m\n                    \u001b[36m/>\u001b[39m\n                    \u001b[36m<div\u001b[39m\n                      \u001b[33mclass\u001b[39m=\u001b[32m\"MuiInputAdornment-root MuiInputAdornment-positionEnd MuiInputAdornment-outlined MuiInputAdornment-sizeMedium css-elo8k2-MuiInputAdornment-root\"\u001b[39m\n                    \u001b[36m>\u001b[39m\n                      \u001b[36m<button\u001b[39m\n                        \u001b[33maria-label\u001b[39m=\u001b[32m\"toggle password visibility\"\u001b[39m\n                        \u001b[33mclass\u001b[39m=\u001b[32m\"MuiButtonBase-root MuiIconButton-root MuiIconButton-edgeEnd MuiIconButton-sizeMedium css-koqkhd-MuiButtonBase-root-MuiIconButton-root\"\u001b[39m\n                        \u001b[33mtabindex\u001b[39m=\u001b[32m\"0\"\u001b[39m\n                        \u001b[33mtype\u001b[39m=\u001b[32m\"button\"\u001b[39m\n                      \u001b[36m>\u001b[39m\n                        \u001b[36m<svg\u001b[39m\n                          \u001b[33maria-hidden\u001b[39m=\u001b[32m\"true\"\u001b[39m\n                          \u001b[33mclass\u001b[39m=\u001b[32m\"MuiSvgIcon-root MuiSvgIcon-fontSizeMedium css-1umw9bq-MuiSvgIcon-root\"\u001b[39m\n                          \u001b[33mdata-testid\u001b[39m=\u001b[32m\"VisibilityIcon\"\u001b[39m\n                          \u001b[33mfocusable\u001b[39m=\u001b[32m\"false\"\u001b[39m\n                          \u001b[33mviewBox\u001b[39m=\u001b[32m\"0 0 24 24\"\u001b[39m\n                        \u001b[36m>\u001b[39m\n                          \u001b[36m<path\u001b[39m\n                            \u001b[33md\u001b[39m=\u001b[32m\"M12 4.5C7 4.5 2.73 7.61 1 12c1.73 4.39 6 7.5 11 7.5s9.27-3.11 11-7.5c-1.73-4.39-6-7.5-11-7.5M12 17c-2.76 0-5-2.24-5-5s2.24-5 5-5 5 2.24 5 5-2.24 5-5 5m0-8c-1.66 0-3 1.34-3 3s1.34 3 3 3 3-1.34 3-3-1.34-3-3-3\"\u001b[39m\n                          \u001b[36m/>\u001b[39m\n                        \u001b[36m</svg>\u001b[39m\n                      \u001b[36m</button>\u001b[39m\n                    \u001b[36m</div>\u001b[39m\n                    \u001b[36m<fieldset\u001b[39m\n                      \u001b[33maria-hidden\u001b[39m=\u001b[32m\"true\"\u001b[39m\n                      \u001b[33mclass\u001b[39m=\u001b[32m\"MuiOutlinedInput-notchedOutline css-18p5xg2-MuiNotchedOutlined-root-MuiOutlinedInput-notchedOutline\"\u001b[39m\n                    \u001b[36m>\u001b[39m\n                      \u001b[36m<legend\u001b[39m\n                        \u001b[33mclass\u001b[39m=\u001b[32m\"css-1n64csd-MuiNotchedOutlined-root\"\u001b[39m\n                      \u001b[36m>\u001b[39m\n                        \u001b[36m<span>\u001b[39m\n                          \u001b[0m비밀번호\u001b[0m\n                        \u001b[36m</span>\u001b[39m\n                      \u001b[36m</legend>\u001b[39m\n                    \u001b[36m</fieldset>\u001b[39m\n                  \u001b[36m</div>\u001b[39m\n                  \u001b[36m<p\u001b[39m\n                    \u001b[33mclass\u001b[39m=\u001b[32m\"MuiFormHelperText-root MuiFormHelperText-sizeMedium MuiFormHelperText-contained css-6g9sn0-MuiFormHelperText-root\"\u001b[39m\n                    \u001b[33mid\u001b[39m=\u001b[32m\"_r_b_-helper-text\"\u001b[39m\n                  \u001b[36m>\u001b[39m\n                    \u001b[36m<span\u001b[39m\n                      \u001b[33maria-hidden\u001b[39m=\u001b[32m\"true\"\u001b[39m\n                      \u001b[33mclass\u001b[39m=\u001b[32m\"notranslate\"\u001b[39m\n                    \u001b[36m>\u001b[39m\n                      \u001b[0m​\u001b[0m\n                    \u001b[36m</span>\u001b[39m\n                  \u001b[36m</p>\u001b[39m\n                \u001b[36m</div>\u001b[39m\n                \u001b[36m<button\u001b[39m\n                  \u001b[33mclass\u001b[39m=\u001b[32m\"MuiButtonBase-root MuiButton-root MuiButton-contained MuiButton-sizeLarge MuiButton-colorPrimary MuiButton-disableElevation css-1pbvkw4-MuiButtonBase-root-MuiButton-root\"\u001b[39m\n                  \u001b[33mtabindex\u001b[39m=\u001b[32m\"0\"\u001b[39m\n                  \u001b[33mtype\u001b[39m=\u001b[32m\"submit\"\u001b[39m\n                \u001b[36m>\u001b[39m\n                  \u001b[0m로그인\u001b[0m\n                \u001b[36m</button>\u001b[39m\n                \u001b[36m<div\u001b[39m\n                  \u001b[33mclass\u001b[39m=\u001b[32m\"MuiBox-root css-i7okjg\"\u001b[39m\n                \u001b[36m>\u001b[39m\n                  \u001b[36m<p\u001b[39m\n                    \u001b[33mclass\u001b[39m=\u001b[32m\"MuiTypography-root MuiTypography-body2 css-wdcw3q-MuiTypography-root\"\u001b[39m\n                  \u001b[36m>\u001b[39m\n                    \u001b[0m개발용 테스트 계정입니다.\u001b[0m\n                  \u001b[36m</p>\u001b[39m\n                  \u001b[36m<p\u001b[39m\n                    \u001b[33mclass\u001b[39m=\u001b[32m\"MuiTypography-root MuiTypography-body2 css-1lin3nw-MuiTypography-root\"\u001b[39m\n                  \u001b[36m>\u001b[39m\n                    \u001b[0m(업체코드: T1358606250 / 아이디: admin / 비밀번호: f1soft@611)\u001b[0m\n                  \u001b[36m</p>\u001b[39m\n                \u001b[36m</div>\u001b[39m\n                \u001b[36m<span\u001b[39m\n                  \u001b[33mclass\u001b[39m=\u001b[32m\"MuiTypography-root MuiTypography-caption css-1f5cm2b-MuiTypography-root\"\u001b[39m\n                \u001b[36m>\u001b[39m\n                  \u001b[0m© F1soft Inc.\u001b[0m\n                \u001b[36m</span>\u001b[39m\n              \u001b[36m</form>\u001b[39m\n            \u001b[36m</div>\u001b[39m\n          \u001b[36m</div>\u001b[39m\n        \u001b[36m</div>\u001b[39m\n      \u001b[36m</div>\u001b[39m\n    \u001b[36m</div>\u001b[39m\n  \u001b[36m</div>\u001b[39m\n\u001b[36m</body>\u001b[39m\n    at waitForWrapper (D:\\f1soft\\dev\\react\\S-ERP\\frontend\\node_modules\\@testing-library\\dom\\dist\\wait-for.js:163:27)\n    at D:\\f1soft\\dev\\react\\S-ERP\\frontend\\node_modules\\@testing-library\\dom\\dist\\query-helpers.js:86:33\n    at D:/f1soft/dev/react/S-ERP/frontend/tests/app-router-not-found.test.tsx:179:20\n    at file:///D:/f1soft/dev/react/S-ERP/frontend/node_modules/@vitest/runner/dist/chunk-artifact.js:302:11\n    at file:///D:/f1soft/dev/react/S-ERP/frontend/node_modules/@vitest/runner/dist/chunk-artifact.js:1903:26\n    at file:///D:/f1soft/dev/react/S-ERP/frontend/node_modules/@vitest/runner/dist/chunk-artifact.js:2326:20\n    at new Promise (<anonymous>)\n    at runWithCancel (file:///D:/f1soft/dev/react/S-ERP/frontend/node_modules/@vitest/runner/dist/chunk-artifact.js:2323:10)\n    at file:///D:/f1soft/dev/react/S-ERP/frontend/node_modules/@vitest/runner/dist/chunk-artifact.js:2305:20\n    at new Promise (<anonymous>)"],"meta":{},"tags":[]}],"startTime":1789098651153,"endTime":1789098653593.4832,"status":"failed","message":"","name":"D:/f1soft/dev/react/S-ERP/frontend/tests/app-router-not-found.test.tsx"}]}