{"numTotalTestSuites":21,"numPassedTestSuites":19,"numFailedTestSuites":2,"numPendingTestSuites":0,"numTotalTests":107,"numPassedTests":0,"numFailedTests":1,"numPendingTests":106,"numTodoTests":0,"snapshot":{"added":0,"failure":false,"filesAdded":0,"filesRemoved":0,"filesRemovedList":[],"filesUnmatched":0,"filesUpdated":0,"matched":0,"total":0,"unchecked":0,"uncheckedKeysByFile":[],"unmatched":0,"updated":0,"didUpdate":false},"startTime":1788408291237,"success":false,"testResults":[{"assertionResults":[{"ancestorTitles":["F1-GRID editor behavior"],"fullName":"F1-GRID editor behavior selects the current value when the editor receives focus by default","status":"skipped","title":"selects the current value when the editor receives focus by default","failureMessages":[],"meta":{},"tags":[]},{"ancestorTitles":["F1-GRID editor behavior"],"fullName":"F1-GRID editor behavior selects the current value for number editors when focused","status":"skipped","title":"selects the current value for number editors when focused","failureMessages":[],"meta":{},"tags":[]},{"ancestorTitles":["F1-GRID number formatting"],"fullName":"F1-GRID number formatting formats numeric values with a custom decimal precision","status":"skipped","title":"formats numeric values with a custom decimal precision","failureMessages":[],"meta":{},"tags":[]},{"ancestorTitles":["F1-GRID number formatting"],"fullName":"F1-GRID number formatting formats currency values when a custom number format is specified","status":"skipped","title":"formats currency values when a custom number format is specified","failureMessages":[],"meta":{},"tags":[]},{"ancestorTitles":["F1-GRID editor plugins"],"fullName":"F1-GRID editor plugins does not start editing by default unless an editor plugin is registered","status":"skipped","title":"does not start editing by default unless an editor plugin is registered","failureMessages":[],"meta":{},"tags":[]},{"ancestorTitles":["F1-GRID editor plugins"],"fullName":"F1-GRID editor plugins invokes before/after edit hooks only when an editor plugin allows editing","status":"skipped","title":"invokes before/after edit hooks only when an editor plugin allows editing","failureMessages":[],"meta":{},"tags":[]},{"ancestorTitles":["F1-GRID editor plugins"],"fullName":"F1-GRID editor plugins does not enable editing from a plugin when the column is not explicitly editable","status":"skipped","title":"does not enable editing from a plugin when the column is not explicitly editable","failureMessages":[],"meta":{},"tags":[]},{"ancestorTitles":["F1-GRID clipboard"],"fullName":"F1-GRID clipboard serializes rows to tab-separated values in column order","status":"skipped","title":"serializes rows to tab-separated values in column order","failureMessages":[],"meta":{},"tags":[]},{"ancestorTitles":["F1-GRID clipboard"],"fullName":"F1-GRID clipboard parses TSV and coerces numeric and checkbox column values","status":"skipped","title":"parses TSV and coerces numeric and checkbox column values","failureMessages":[],"meta":{},"tags":[]},{"ancestorTitles":["F1-GRID column management"],"fullName":"F1-GRID column management creates proportional grid tracks for flex columns","status":"skipped","title":"creates proportional grid tracks for flex columns","failureMessages":[],"meta":{},"tags":[]},{"ancestorTitles":["F1-GRID column management"],"fullName":"F1-GRID column management uses the configured width for a pinned flex column","status":"skipped","title":"uses the configured width for a pinned flex column","failureMessages":[],"meta":{},"tags":[]},{"ancestorTitles":["F1-GRID column management"],"fullName":"F1-GRID column management resolves flex columns into shared pixel tracks for the header and body","status":"skipped","title":"resolves flex columns into shared pixel tracks for the header and body","failureMessages":[],"meta":{},"tags":[]},{"ancestorTitles":["F1-GRID column management"],"fullName":"F1-GRID column management filters hidden columns while preserving the configured order","status":"skipped","title":"filters hidden columns while preserving the configured order","failureMessages":[],"meta":{},"tags":[]},{"ancestorTitles":["F1-GRID column management"],"fullName":"F1-GRID column management prevents hiding the last visible column","status":"skipped","title":"prevents hiding the last visible column","failureMessages":[],"meta":{},"tags":[]},{"ancestorTitles":["F1-GRID column management"],"fullName":"F1-GRID column management reorders columns according to the given field order, keeping unknown fields at the end","status":"skipped","title":"reorders columns according to the given field order, keeping unknown fields at the end","failureMessages":[],"meta":{},"tags":[]},{"ancestorTitles":["F1-GRID column management"],"fullName":"F1-GRID column management moves a field before the target field position","status":"skipped","title":"moves a field before the target field position","failureMessages":[],"meta":{},"tags":[]},{"ancestorTitles":["F1-GRID column management"],"fullName":"F1-GRID column management hides and restores a column through the header column list menu","status":"skipped","title":"hides and restores a column through the header column list menu","failureMessages":[],"meta":{},"tags":[]},{"ancestorTitles":["F1-GRID cell range selection"],"fullName":"F1-GRID cell range selection keeps the drag overlay within the selected cell bounds","status":"skipped","title":"keeps the drag overlay within the selected cell bounds","failureMessages":[],"meta":{},"tags":[]},{"ancestorTitles":["F1-GRID validation"],"fullName":"F1-GRID validation returns field errors for required, bounds, and custom validation","status":"skipped","title":"returns field errors for required, bounds, and custom validation","failureMessages":[],"meta":{},"tags":[]},{"ancestorTitles":["F1-GRID validation"],"fullName":"F1-GRID validation renders an empty-state message when there are no rows","status":"skipped","title":"renders an empty-state message when there are no rows","failureMessages":[],"meta":{},"tags":[]},{"ancestorTitles":["F1-GRID extended editors"],"fullName":"F1-GRID extended editors normalizes supported date input shortcuts from the current date","status":"skipped","title":"normalizes supported date input shortcuts from the current date","failureMessages":[],"meta":{},"tags":[]},{"ancestorTitles":["F1-GRID extended editors"],"fullName":"F1-GRID extended editors formats currency values for display","status":"skipped","title":"formats currency values for display","failureMessages":[],"meta":{},"tags":[]},{"ancestorTitles":["F1-GRID extended editors"],"fullName":"F1-GRID extended editors applies a code picker patch to related row fields","status":"skipped","title":"applies a code picker patch to related row fields","failureMessages":[],"meta":{},"tags":[]},{"ancestorTitles":["F1-GRID extended editors"],"fullName":"F1-GRID extended editors stores autocomplete, decimal, datetime, and time editor values","status":"skipped","title":"stores autocomplete, decimal, datetime, and time editor values","failureMessages":[],"meta":{},"tags":[]},{"ancestorTitles":["F1-GRID extended editors"],"fullName":"F1-GRID extended editors stores the option value when an autocomplete edit is committed via Tab","status":"skipped","title":"stores the option value when an autocomplete edit is committed via Tab","failureMessages":[],"meta":{},"tags":[]},{"ancestorTitles":["F1-GRID extended editors"],"fullName":"F1-GRID extended editors opens the time picker when the time editor button is clicked","status":"skipped","title":"opens the time picker when the time editor button is clicked","failureMessages":[],"meta":{},"tags":[]},{"ancestorTitles":["F1-GRID clipboard, validation, and keyboard commands"],"fullName":"F1-GRID clipboard, validation, and keyboard commands pastes TSV from the focused cell and adds overflow rows as inserted","status":"skipped","title":"pastes TSV from the focused cell and adds overflow rows as inserted","failureMessages":[],"meta":{},"tags":[]},{"ancestorTitles":["F1-GRID clipboard, validation, and keyboard commands"],"fullName":"F1-GRID clipboard, validation, and keyboard commands copies selected rows as tab-separated clipboard text","status":"skipped","title":"copies selected rows as tab-separated clipboard text","failureMessages":[],"meta":{},"tags":[]},{"ancestorTitles":["F1-GRID clipboard, validation, and keyboard commands"],"fullName":"F1-GRID clipboard, validation, and keyboard commands returns false and marks invalid cells through validate()","status":"skipped","title":"returns false and marks invalid cells through validate()","failureMessages":[],"meta":{},"tags":[]},{"ancestorTitles":["F1-GRID clipboard, validation, and keyboard commands"],"fullName":"F1-GRID clipboard, validation, and keyboard commands uses Home, End, Insert, and Ctrl+D while leaving Backspace to the editor","status":"skipped","title":"uses Home, End, Insert, and Ctrl+D while leaving Backspace to the editor","failureMessages":[],"meta":{},"tags":[]},{"ancestorTitles":["F1-GRID row state"],"fullName":"F1-GRID row state rejects a duplicate row ID before adding a row","status":"skipped","title":"rejects a duplicate row ID before adding a row","failureMessages":[],"meta":{},"tags":[]},{"ancestorTitles":["F1-GRID row state"],"fullName":"F1-GRID row state keeps inserted rows inserted after edits and returns them as changes","status":"skipped","title":"keeps inserted rows inserted after edits and returns them as changes","failureMessages":[],"meta":{},"tags":[]},{"ancestorTitles":["F1-GRID row state"],"fullName":"F1-GRID row state marks edited original rows as updated","status":"skipped","title":"marks edited original rows as updated","failureMessages":[],"meta":{},"tags":[]},{"ancestorTitles":["F1-GRID row state"],"fullName":"F1-GRID row state keeps deleted rows in the change set and restores their prior states","status":"skipped","title":"keeps deleted rows in the change set and restores their prior states","failureMessages":[],"meta":{},"tags":[]},{"ancestorTitles":["F1-GRID row state"],"fullName":"F1-GRID row state duplicates selected rows as inserted rows with consumer-provided IDs","status":"skipped","title":"duplicates selected rows as inserted rows with consumer-provided IDs","failureMessages":[],"meta":{},"tags":[]},{"ancestorTitles":["F1-GRID row merge"],"fullName":"F1-GRID row merge merges only contiguous equal values and exposes each group span","status":"skipped","title":"merges only contiguous equal values and exposes each group span","failureMessages":[],"meta":{},"tags":[]},{"ancestorTitles":["F1-GRID row height"],"fullName":"F1-GRID row height clamps row heights and applies keyboard resize steps","status":"skipped","title":"clamps row heights and applies keyboard resize steps","failureMessages":[],"meta":{},"tags":[]},{"ancestorTitles":["F1-GRID row height"],"fullName":"F1-GRID row height resizes only the active row with keyboard and pointer input","status":"skipped","title":"resizes only the active row with keyboard and pointer input","failureMessages":[],"meta":{},"tags":[]},{"ancestorTitles":["F1-GRID row height"],"fullName":"F1-GRID row height uses ellipsis by default and wraps configured cells after resizing","status":"skipped","title":"uses ellipsis by default and wraps configured cells after resizing","failureMessages":[],"meta":{},"tags":[]},{"ancestorTitles":["F1-GRID row height"],"fullName":"F1-GRID row height scales default row height by the AppSettings display scale","status":"skipped","title":"scales default row height by the AppSettings display scale","failureMessages":[],"meta":{},"tags":[]},{"ancestorTitles":["F1-GRID row height"],"fullName":"F1-GRID row height defaults to an unscaled row height without an AppSettingsProvider","status":"skipped","title":"defaults to an unscaled row height without an AppSettingsProvider","failureMessages":[],"meta":{},"tags":[]},{"ancestorTitles":["F1-GRID interaction"],"fullName":"F1-GRID interaction keeps horizontal overflow within a shrinkable grid root","status":"skipped","title":"keeps horizontal overflow within a shrinkable grid root","failureMessages":[],"meta":{},"tags":[]},{"ancestorTitles":["F1-GRID interaction"],"fullName":"F1-GRID interaction renders grouped headers as a two-row header and respects grouped headers","status":"skipped","title":"renders grouped headers as a two-row header and respects grouped headers","failureMessages":[],"meta":{},"tags":[]},{"ancestorTitles":["F1-GRID interaction"],"fullName":"F1-GRID interaction keeps the default cursor outside edit mode and switches to a text cursor while editing","status":"skipped","title":"keeps the default cursor outside edit mode and switches to a text cursor while editing","failureMessages":[],"meta":{},"tags":[]},{"ancestorTitles":["F1-GRID interaction"],"fullName":"F1-GRID interaction keeps the edit focus border visible without clipping at the bottom edge","status":"skipped","title":"keeps the edit focus border visible without clipping at the bottom edge","failureMessages":[],"meta":{},"tags":[]},{"ancestorTitles":["F1-GRID interaction"],"fullName":"F1-GRID interaction sizes a text editor to the full height of its compact grid cell","status":"skipped","title":"sizes a text editor to the full height of its compact grid cell","failureMessages":[],"meta":{},"tags":[]},{"ancestorTitles":["F1-GRID interaction"],"fullName":"F1-GRID interaction sizes number editors to the full height of their compact grid cells","status":"skipped","title":"sizes number editors to the full height of their compact grid cells","failureMessages":[],"meta":{},"tags":[]},{"ancestorTitles":["F1-GRID interaction"],"fullName":"F1-GRID interaction supports cell-range drag selection across adjacent cells","status":"skipped","title":"supports cell-range drag selection across adjacent cells","failureMessages":[],"meta":{},"tags":[]},{"ancestorTitles":["F1-GRID interaction"],"fullName":"F1-GRID interaction keeps the top border visible when a multi-cell selection starts on the first row","status":"skipped","title":"keeps the top border visible when a multi-cell selection starts on the first row","failureMessages":[],"meta":{},"tags":[]},{"ancestorTitles":["F1-GRID interaction"],"fullName":"F1-GRID interaction keeps drag selection plain and only draws a single outer rectangle around the copied range, then clears on Escape","status":"skipped","title":"keeps drag selection plain and only draws a single outer rectangle around the copied range, then clears on Escape","failureMessages":[],"meta":{},"tags":[]},{"ancestorTitles":["F1-GRID interaction"],"fullName":"F1-GRID interaction rebases external rows when the grid has no pending changes","status":"skipped","title":"rebases external rows when the grid has no pending changes","failureMessages":[],"meta":{},"tags":[]},{"ancestorTitles":["F1-GRID interaction"],"fullName":"F1-GRID interaction moves DOM focus to the next editable cell with Tab","status":"skipped","title":"moves DOM focus to the next editable cell with Tab","failureMessages":[],"meta":{},"tags":[]},{"ancestorTitles":["F1-GRID interaction"],"fullName":"F1-GRID interaction calculates Ctrl and Shift selection from visible row indexes","status":"skipped","title":"calculates Ctrl and Shift selection from visible row indexes","failureMessages":[],"meta":{},"tags":[]},{"ancestorTitles":["F1-GRID interaction"],"fullName":"F1-GRID interaction finds the next editable cell across a row boundary","status":"skipped","title":"finds the next editable cell across a row boundary","failureMessages":[],"meta":{},"tags":[]},{"ancestorTitles":["F1-GRID interaction"],"fullName":"F1-GRID interaction renders vertical column lines once between columns when columnLine is enabled","status":"skipped","title":"renders vertical column lines once between columns when columnLine is enabled","failureMessages":[],"meta":{},"tags":[]},{"ancestorTitles":["F1-GRID interaction"],"fullName":"F1-GRID interaction displays select labels and stores the selected option value","status":"skipped","title":"displays select labels and stores the selected option value","failureMessages":[],"meta":{},"tags":[]},{"ancestorTitles":["F1-GRID interaction"],"fullName":"F1-GRID interaction edits dates as YYYY-MM-DD values","status":"skipped","title":"edits dates as YYYY-MM-DD values","failureMessages":[],"meta":{},"tags":[]},{"ancestorTitles":["F1-GRID interaction"],"fullName":"F1-GRID interaction accepts a compact month-day value in a date cell","status":"skipped","title":"accepts a compact month-day value in a date cell","failureMessages":[],"meta":{},"tags":[]},{"ancestorTitles":["F1-GRID interaction"],"fullName":"F1-GRID interaction keeps compact date text while the date cell is still being edited","status":"skipped","title":"keeps compact date text while the date cell is still being edited","failureMessages":[],"meta":{},"tags":[]},{"ancestorTitles":["F1-GRID interaction"],"fullName":"F1-GRID interaction keeps the active edit border visible for date and time editors","status":"skipped","title":"keeps the active edit border visible for date and time editors","failureMessages":[],"meta":{},"tags":[]},{"ancestorTitles":["F1-GRID interaction"],"fullName":"F1-GRID interaction does not apply the theme default TextField margin to date/time editors","status":"skipped","title":"does not apply the theme default TextField margin to date/time editors","failureMessages":[],"meta":{},"tags":[]},{"ancestorTitles":["F1-GRID interaction"],"fullName":"F1-GRID interaction keeps cell padding while editing so the editor is not flush with the cell edge","status":"skipped","title":"keeps cell padding while editing so the editor is not flush with the cell edge","failureMessages":[],"meta":{},"tags":[]},{"ancestorTitles":["F1-GRID interaction"],"fullName":"F1-GRID interaction keeps predicate-disabled rows read-only","status":"skipped","title":"keeps predicate-disabled rows read-only","failureMessages":[],"meta":{},"tags":[]},{"ancestorTitles":["F1-GRID interaction"],"fullName":"F1-GRID interaction applies headerAlign independently from cell alignment","status":"skipped","title":"applies headerAlign independently from cell alignment","failureMessages":[],"meta":{},"tags":[]},{"ancestorTitles":["F1-GRID interaction"],"fullName":"F1-GRID interaction centers cell content when align is set to center","status":"skipped","title":"centers cell content when align is set to center","failureMessages":[],"meta":{},"tags":[]},{"ancestorTitles":["F1-GRID interaction"],"fullName":"F1-GRID interaction only renders the select-all checkbox in the header when headerCheckbox is set","status":"skipped","title":"only renders the select-all checkbox in the header when headerCheckbox is set","failureMessages":[],"meta":{},"tags":[]},{"ancestorTitles":["F1-GRID interaction"],"fullName":"F1-GRID interaction selects rows through row checkboxes and exposes their IDs through the ref","status":"skipped","title":"selects rows through row checkboxes and exposes their IDs through the ref","failureMessages":[],"meta":{},"tags":[]},{"ancestorTitles":["F1-GRID interaction"],"fullName":"F1-GRID interaction commits an inline text edit on Enter and returns the updated row","status":"skipped","title":"commits an inline text edit on Enter and returns the updated row","failureMessages":[],"meta":{},"tags":[]},{"ancestorTitles":["F1-GRID interaction"],"fullName":"F1-GRID interaction keeps the editor focused while typing multiple characters","status":"skipped","title":"keeps the editor focused while typing multiple characters","failureMessages":[],"meta":{},"tags":[]},{"ancestorTitles":["F1-GRID interaction"],"fullName":"F1-GRID interaction keeps a merged value editable for a non-leading row","status":"skipped","title":"keeps a merged value editable for a non-leading row","failureMessages":[],"meta":{},"tags":[]},{"ancestorTitles":["F1-GRID interaction"],"fullName":"F1-GRID interaction only unmerges the group containing the edited cell","status":"skipped","title":"only unmerges the group containing the edited cell","failureMessages":[],"meta":{},"tags":[]},{"ancestorTitles":["F1-GRID interaction"],"fullName":"F1-GRID interaction keeps merged values working on pinned left columns","status":"failed","title":"keeps merged values working on pinned left columns","duration":1011.043099999999,"failureMessages":["TestingLibraryElementError: Unable to find an accessible element with the role \"columnheader\" and name \"상태\"\n\nHere are the accessible roles:\n\n  grid:\n\n  Name \"F1-GRID\":\n  \u001b[36m<div\u001b[39m\n    \u001b[33maria-label\u001b[39m=\u001b[32m\"F1-GRID\"\u001b[39m\n    \u001b[33mclass\u001b[39m=\u001b[32m\"MuiBox-root css-ua9wza\"\u001b[39m\n    \u001b[33mrole\u001b[39m=\u001b[32m\"grid\"\u001b[39m\n  \u001b[36m/>\u001b[39m\n\n  --------------------------------------------------\n  row:\n\n  Name \"전체 행 선택 상태 상태 컬럼 너비 조절 코드 코드 컬럼 너비 조절\":\n  \u001b[36m<div\u001b[39m\n    \u001b[33mclass\u001b[39m=\u001b[32m\"MuiBox-root css-19usb4p\"\u001b[39m\n    \u001b[33mrole\u001b[39m=\u001b[32m\"row\"\u001b[39m\n  \u001b[36m/>\u001b[39m\n\n  Name \"dashboard 행 선택 draft DASH\":\n  \u001b[36m<div\u001b[39m\n    \u001b[33maria-selected\u001b[39m=\u001b[32m\"false\"\u001b[39m\n    \u001b[33mclass\u001b[39m=\u001b[32m\"MuiBox-root css-1obf64m\"\u001b[39m\n    \u001b[33mrole\u001b[39m=\u001b[32m\"row\"\u001b[39m\n  \u001b[36m/>\u001b[39m\n\n  Name \"reports 행 선택 REPORTS\":\n  \u001b[36m<div\u001b[39m\n    \u001b[33maria-selected\u001b[39m=\u001b[32m\"false\"\u001b[39m\n    \u001b[33mclass\u001b[39m=\u001b[32m\"MuiBox-root css-1obf64m\"\u001b[39m\n    \u001b[33mrole\u001b[39m=\u001b[32m\"row\"\u001b[39m\n  \u001b[36m/>\u001b[39m\n\n  --------------------------------------------------\n  columnheader:\n\n  Name \"전체 행 선택\":\n  \u001b[36m<div\u001b[39m\n    \u001b[33mclass\u001b[39m=\u001b[32m\"MuiBox-root css-1jva9f\"\u001b[39m\n    \u001b[33mrole\u001b[39m=\u001b[32m\"columnheader\"\u001b[39m\n  \u001b[36m/>\u001b[39m\n\n  Name \"상태 상태 컬럼 너비 조절\":\n  \u001b[36m<div\u001b[39m\n    \u001b[33mclass\u001b[39m=\u001b[32m\"MuiBox-root css-8vdgt\"\u001b[39m\n    \u001b[33mdraggable\u001b[39m=\u001b[32m\"false\"\u001b[39m\n    \u001b[33mrole\u001b[39m=\u001b[32m\"columnheader\"\u001b[39m\n  \u001b[36m/>\u001b[39m\n\n  Name \"코드 코드 컬럼 너비 조절\":\n  \u001b[36m<div\u001b[39m\n    \u001b[33mclass\u001b[39m=\u001b[32m\"MuiBox-root css-19xqr5\"\u001b[39m\n    \u001b[33mdraggable\u001b[39m=\u001b[32m\"true\"\u001b[39m\n    \u001b[33mrole\u001b[39m=\u001b[32m\"columnheader\"\u001b[39m\n  \u001b[36m/>\u001b[39m\n\n  --------------------------------------------------\n  checkbox:\n\n  Name \"\":\n  \u001b[36m<input\u001b[39m\n    \u001b[33mclass\u001b[39m=\u001b[32m\"PrivateSwitchBase-input css-12xagqm-MuiSwitchBase-root\"\u001b[39m\n    \u001b[33mdata-indeterminate\u001b[39m=\u001b[32m\"false\"\u001b[39m\n    \u001b[33mtype\u001b[39m=\u001b[32m\"checkbox\"\u001b[39m\n  \u001b[36m/>\u001b[39m\n\n  Name \"\":\n  \u001b[36m<input\u001b[39m\n    \u001b[33mclass\u001b[39m=\u001b[32m\"PrivateSwitchBase-input css-12xagqm-MuiSwitchBase-root\"\u001b[39m\n    \u001b[33mdata-indeterminate\u001b[39m=\u001b[32m\"false\"\u001b[39m\n    \u001b[33mtype\u001b[39m=\u001b[32m\"checkbox\"\u001b[39m\n  \u001b[36m/>\u001b[39m\n\n  Name \"\":\n  \u001b[36m<input\u001b[39m\n    \u001b[33mclass\u001b[39m=\u001b[32m\"PrivateSwitchBase-input css-12xagqm-MuiSwitchBase-root\"\u001b[39m\n    \u001b[33mdata-indeterminate\u001b[39m=\u001b[32m\"false\"\u001b[39m\n    \u001b[33mtype\u001b[39m=\u001b[32m\"checkbox\"\u001b[39m\n  \u001b[36m/>\u001b[39m\n\n  --------------------------------------------------\n  button:\n\n  Name \"상태 컬럼 메뉴\":\n  \u001b[36m<button\u001b[39m\n    \u001b[33maria-label\u001b[39m=\u001b[32m\"상태 컬럼 메뉴\"\u001b[39m\n    \u001b[33mclass\u001b[39m=\u001b[32m\"MuiButtonBase-root MuiIconButton-root MuiIconButton-sizeSmall f1-grid-col-menu-btn css-155wbr6-MuiButtonBase-root-MuiIconButton-root\"\u001b[39m\n    \u001b[33mtabindex\u001b[39m=\u001b[32m\"0\"\u001b[39m\n    \u001b[33mtype\u001b[39m=\u001b[32m\"button\"\u001b[39m\n  \u001b[36m/>\u001b[39m\n\n  Name \"코드 컬럼 메뉴\":\n  \u001b[36m<button\u001b[39m\n    \u001b[33maria-label\u001b[39m=\u001b[32m\"코드 컬럼 메뉴\"\u001b[39m\n    \u001b[33mclass\u001b[39m=\u001b[32m\"MuiButtonBase-root MuiIconButton-root MuiIconButton-sizeSmall f1-grid-col-menu-btn css-155wbr6-MuiButtonBase-root-MuiIconButton-root\"\u001b[39m\n    \u001b[33mtabindex\u001b[39m=\u001b[32m\"0\"\u001b[39m\n    \u001b[33mtype\u001b[39m=\u001b[32m\"button\"\u001b[39m\n  \u001b[36m/>\u001b[39m\n\n  Name \"dashboard 행 높이 조절\":\n  \u001b[36m<button\u001b[39m\n    \u001b[33maria-label\u001b[39m=\u001b[32m\"dashboard 행 높이 조절\"\u001b[39m\n    \u001b[33maria-valuemax\u001b[39m=\u001b[32m\"300\"\u001b[39m\n    \u001b[33maria-valuemin\u001b[39m=\u001b[32m\"32\"\u001b[39m\n    \u001b[33maria-valuenow\u001b[39m=\u001b[32m\"32\"\u001b[39m\n    \u001b[33mclass\u001b[39m=\u001b[32m\"MuiBox-root css-1nnbvej\"\u001b[39m\n    \u001b[33mrole\u001b[39m=\u001b[32m\"button\"\u001b[39m\n    \u001b[33mtype\u001b[39m=\u001b[32m\"button\"\u001b[39m\n  \u001b[36m/>\u001b[39m\n\n  Name \"reports 행 높이 조절\":\n  \u001b[36m<button\u001b[39m\n    \u001b[33maria-label\u001b[39m=\u001b[32m\"reports 행 높이 조절\"\u001b[39m\n    \u001b[33maria-valuemax\u001b[39m=\u001b[32m\"300\"\u001b[39m\n    \u001b[33maria-valuemin\u001b[39m=\u001b[32m\"32\"\u001b[39m\n    \u001b[33maria-valuenow\u001b[39m=\u001b[32m\"32\"\u001b[39m\n    \u001b[33mclass\u001b[39m=\u001b[32m\"MuiBox-root css-1hl18yr\"\u001b[39m\n    \u001b[33mrole\u001b[39m=\u001b[32m\"button\"\u001b[39m\n    \u001b[33mtype\u001b[39m=\u001b[32m\"button\"\u001b[39m\n  \u001b[36m/>\u001b[39m\n\n  --------------------------------------------------\n  separator:\n\n  Name \"상태 컬럼 너비 조절\":\n  \u001b[36m<div\u001b[39m\n    \u001b[33maria-label\u001b[39m=\u001b[32m\"상태 컬럼 너비 조절\"\u001b[39m\n    \u001b[33mclass\u001b[39m=\u001b[32m\"MuiBox-root css-1r7lhgj\"\u001b[39m\n    \u001b[33mrole\u001b[39m=\u001b[32m\"separator\"\u001b[39m\n  \u001b[36m/>\u001b[39m\n\n  Name \"코드 컬럼 너비 조절\":\n  \u001b[36m<div\u001b[39m\n    \u001b[33maria-label\u001b[39m=\u001b[32m\"코드 컬럼 너비 조절\"\u001b[39m\n    \u001b[33mclass\u001b[39m=\u001b[32m\"MuiBox-root css-1r7lhgj\"\u001b[39m\n    \u001b[33mrole\u001b[39m=\u001b[32m\"separator\"\u001b[39m\n  \u001b[36m/>\u001b[39m\n\n  --------------------------------------------------\n  gridcell:\n\n  Name \"draft\":\n  \u001b[36m<div\u001b[39m\n    \u001b[33mclass\u001b[39m=\u001b[32m\"MuiBox-root css-18p8p8d\"\u001b[39m\n    \u001b[33mdata-dirty-cell\u001b[39m=\u001b[32m\"false\"\u001b[39m\n    \u001b[33mdata-grid-selected\u001b[39m=\u001b[32m\"false\"\u001b[39m\n    \u001b[33mrole\u001b[39m=\u001b[32m\"gridcell\"\u001b[39m\n    \u001b[33mtabindex\u001b[39m=\u001b[32m\"-1\"\u001b[39m\n  \u001b[36m/>\u001b[39m\n\n  Name \"DASH\":\n  \u001b[36m<div\u001b[39m\n    \u001b[33mclass\u001b[39m=\u001b[32m\"MuiBox-root css-1hdu1ok\"\u001b[39m\n    \u001b[33mdata-dirty-cell\u001b[39m=\u001b[32m\"false\"\u001b[39m\n    \u001b[33mdata-grid-selected\u001b[39m=\u001b[32m\"false\"\u001b[39m\n    \u001b[33mrole\u001b[39m=\u001b[32m\"gridcell\"\u001b[39m\n    \u001b[33mtabindex\u001b[39m=\u001b[32m\"-1\"\u001b[39m\n  \u001b[36m/>\u001b[39m\n\n  Name \"REPORTS\":\n  \u001b[36m<div\u001b[39m\n    \u001b[33mclass\u001b[39m=\u001b[32m\"MuiBox-root css-1ff4qau\"\u001b[39m\n    \u001b[33mdata-dirty-cell\u001b[39m=\u001b[32m\"false\"\u001b[39m\n    \u001b[33mdata-grid-selected\u001b[39m=\u001b[32m\"false\"\u001b[39m\n    \u001b[33mrole\u001b[39m=\u001b[32m\"gridcell\"\u001b[39m\n    \u001b[33mtabindex\u001b[39m=\u001b[32m\"-1\"\u001b[39m\n  \u001b[36m/>\u001b[39m\n\n  --------------------------------------------------\n\nIgnored nodes: comments, script, style\n\u001b[36m<body>\u001b[39m\n  \u001b[36m<div>\u001b[39m\n    \u001b[36m<div\u001b[39m\n      \u001b[33maria-label\u001b[39m=\u001b[32m\"F1-GRID\"\u001b[39m\n      \u001b[33mclass\u001b[39m=\u001b[32m\"MuiBox-root css-ua9wza\"\u001b[39m\n      \u001b[33mrole\u001b[39m=\u001b[32m\"grid\"\u001b[39m\n    \u001b[36m>\u001b[39m\n      \u001b[36m<div\u001b[39m\n        \u001b[33mclass\u001b[39m=\u001b[32m\"MuiBox-root css-pumzvq\"\u001b[39m\n      \u001b[36m>\u001b[39m\n        \u001b[36m<div\u001b[39m\n          \u001b[33mclass\u001b[39m=\u001b[32m\"MuiBox-root css-19usb4p\"\u001b[39m\n          \u001b[33mrole\u001b[39m=\u001b[32m\"row\"\u001b[39m\n        \u001b[36m>\u001b[39m\n          \u001b[36m<div\u001b[39m\n            \u001b[33mclass\u001b[39m=\u001b[32m\"MuiBox-root css-1jva9f\"\u001b[39m\n            \u001b[33mrole\u001b[39m=\u001b[32m\"columnheader\"\u001b[39m\n          \u001b[36m>\u001b[39m\n            \u001b[36m<span\u001b[39m\n              \u001b[33maria-label\u001b[39m=\u001b[32m\"전체 행 선택\"\u001b[39m\n              \u001b[33mclass\u001b[39m=\u001b[32m\"MuiButtonBase-root MuiCheckbox-root MuiCheckbox-colorPrimary MuiCheckbox-sizeSmall PrivateSwitchBase-root MuiCheckbox-root MuiCheckbox-colorPrimary MuiCheckbox-sizeSmall MuiCheckbox-root MuiCheckbox-colorPrimary MuiCheckbox-sizeSmall css-vuhw6e-MuiButtonBase-root-MuiSwitchBase-root-MuiCheckbox-root\"\u001b[39m\n            \u001b[36m>\u001b[39m\n              \u001b[36m<input\u001b[39m\n                \u001b[33mclass\u001b[39m=\u001b[32m\"PrivateSwitchBase-input css-12xagqm-MuiSwitchBase-root\"\u001b[39m\n                \u001b[33mdata-indeterminate\u001b[39m=\u001b[32m\"false\"\u001b[39m\n                \u001b[33mtype\u001b[39m=\u001b[32m\"checkbox\"\u001b[39m\n              \u001b[36m/>\u001b[39m\n              \u001b[36m<svg\u001b[39m\n                \u001b[33maria-hidden\u001b[39m=\u001b[32m\"true\"\u001b[39m\n                \u001b[33mclass\u001b[39m=\u001b[32m\"MuiSvgIcon-root MuiSvgIcon-fontSizeSmall css-120dh41-MuiSvgIcon-root\"\u001b[39m\n                \u001b[33mdata-testid\u001b[39m=\u001b[32m\"CheckBoxOutlineBlankIcon\"\u001b[39m\n                \u001b[33mfocusable\u001b[39m=\u001b[32m\"false\"\u001b[39m\n                \u001b[33mviewBox\u001b[39m=\u001b[32m\"0 0 24 24\"\u001b[39m\n              \u001b[36m>\u001b[39m\n                \u001b[36m<path\u001b[39m\n                  \u001b[33md\u001b[39m=\u001b[32m\"M19 5v14H5V5h14m0-2H5c-1.1 0-2 .9-2 2v14c0 1.1.9 2 2 2h14c1.1 0 2-.9 2-2V5c0-1.1-.9-2-2-2z\"\u001b[39m\n                \u001b[36m/>\u001b[39m\n              \u001b[36m</svg>\u001b[39m\n            \u001b[36m</span>\u001b[39m\n          \u001b[36m</div>\u001b[39m\n          \u001b[36m<div\u001b[39m\n            \u001b[33mclass\u001b[39m=\u001b[32m\"MuiBox-root css-8vdgt\"\u001b[39m\n            \u001b[33mdraggable\u001b[39m=\u001b[32m\"false\"\u001b[39m\n            \u001b[33mrole\u001b[39m=\u001b[32m\"columnheader\"\u001b[39m\n          \u001b[36m>\u001b[39m\n            \u001b[36m<div\u001b[39m\n              \u001b[33mclass\u001b[39m=\u001b[32m\"f1-grid-header-content MuiBox-root css-1yg0g7k\"\u001b[39m\n            \u001b[36m>\u001b[39m\n              \u001b[0m상태\u001b[0m\n            \u001b[36m</div>\u001b[39m\n            \u001b[36m<button\u001b[39m\n              \u001b[33maria-label\u001b[39m=\u001b[32m\"상태 컬럼 메뉴\"\u001b[39m\n              \u001b[33mclass\u001b[39m=\u001b[32m\"MuiButtonBase-root MuiIconButton-root MuiIconButton-sizeSmall f1-grid-col-menu-btn css-155wbr6-MuiButtonBase-root-MuiIconButton-root\"\u001b[39m\n              \u001b[33mtabindex\u001b[39m=\u001b[32m\"0\"\u001b[39m\n              \u001b[33mtype\u001b[39m=\u001b[32m\"button\"\u001b[39m\n            \u001b[36m>\u001b[39m\n              \u001b[36m<svg\u001b[39m\n                \u001b[33maria-hidden\u001b[39m=\u001b[32m\"true\"\u001b[39m\n                \u001b[33mclass\u001b[39m=\u001b[32m\"MuiSvgIcon-root MuiSvgIcon-fontSizeSmall css-120dh41-MuiSvgIcon-root\"\u001b[39m\n                \u001b[33mdata-testid\u001b[39m=\u001b[32m\"MoreVertIcon\"\u001b[39m\n                \u001b[33mfocusable\u001b[39m=\u001b[32m\"false\"\u001b[39m\n                \u001b[33mviewBox\u001b[39m=\u001b[32m\"0 0 24 24\"\u001b[39m\n              \u001b[36m>\u001b[39m\n                \u001b[36m<path\u001b[39m\n                  \u001b[33md\u001b[39m=\u001b[32m\"M12 8c1.1 0 2-.9 2-2s-.9-2-2-2-2 .9-2 2 .9 2 2 2m0 2c-1.1 0-2 .9-2 2s.9 2 2 2 2-.9 2-2-.9-2-2-2m0 6c-1.1 0-2 .9-2 2s.9 2 2 2 2-.9 2-2-.9-2-2-2\"\u001b[39m\n                \u001b[36m/>\u001b[39m\n              \u001b[36m</svg>\u001b[39m\n            \u001b[36m</button>\u001b[39m\n            \u001b[36m<div\u001b[39m\n              \u001b[33maria-label\u001b[39m=\u001b[32m\"상태 컬럼 너비 조절\"\u001b[39m\n              \u001b[33mclass\u001b[39m=\u001b[32m\"MuiBox-root css-1r7lhgj\"\u001b[39m\n              \u001b[33mrole\u001b[39m=\u001b[32m\"separator\"\u001b[39m\n            \u001b[36m/>\u001b[39m\n          \u001b[36m</div>\u001b[39m\n          \u001b[36m<div\u001b[39m\n            \u001b[33mclass\u001b[39m=\u001b[32m\"MuiBox-root css-19xqr5\"\u001b[39m\n            \u001b[33mdraggable\u001b[39m=\u001b[32m\"true\"\u001b[39m\n            \u001b[33mrole\u001b[39m=\u001b[32m\"columnheader\"\u001b[39m\n          \u001b[36m>\u001b[39m\n            \u001b[36m<div\u001b[39m\n              \u001b[33mclass\u001b[39m=\u001b[32m\"f1-grid-header-content MuiBox-root css-1yg0g7k\"\u001b[39m\n            \u001b[36m>\u001b[39m\n              \u001b[0m코드\u001b[0m\n            \u001b[36m</div>\u001b[39m\n            \u001b[36m<button\u001b[39m\n              \u001b[33maria-label\u001b[39m=\u001b[32m\"코드 컬럼 메뉴\"\u001b[39m\n              \u001b[33mclass\u001b[39m=\u001b[32m\"MuiButtonBase-root MuiIconButton-root MuiIconButton-sizeSmall f1-grid-col-menu-btn css-155wbr6-MuiButtonBase-root-MuiIconButton-root\"\u001b[39m\n              \u001b[33mtabindex\u001b[39m=\u001b[32m\"0\"\u001b[39m\n              \u001b[33mtype\u001b[39m=\u001b[32m\"button\"\u001b[39m\n            \u001b[36m>\u001b[39m\n              \u001b[36m<svg\u001b[39m\n                \u001b[33maria-hidden\u001b[39m=\u001b[32m\"true\"\u001b[39m\n                \u001b[33mclass\u001b[39m=\u001b[32m\"MuiSvgIcon-root MuiSvgIcon-fontSizeSmall css-120dh41-MuiSvgIcon-root\"\u001b[39m\n                \u001b[33mdata-testid\u001b[39m=\u001b[32m\"MoreVertIcon\"\u001b[39m\n                \u001b[33mfocusable\u001b[39m=\u001b[32m\"false\"\u001b[39m\n                \u001b[33mviewBox\u001b[39m=\u001b[32m\"0 0 24 24\"\u001b[39m\n              \u001b[36m>\u001b[39m\n                \u001b[36m<path\u001b[39m\n                  \u001b[33md\u001b[39m=\u001b[32m\"M12 8c1.1 0 2-.9 2-2s-.9-2-2-2-2 .9-2 2 .9 2 2 2m0 2c-1.1 0-2 .9-2 2s.9 2 2 2 2-.9 2-2-.9-2-2-2m0 6c-1.1 0-2 .9-2 2s.9 2 2 2 2-.9 2-2-.9-2-2-2\"\u001b[39m\n                \u001b[36m/>\u001b[39m\n              \u001b[36m</svg>\u001b[39m\n            \u001b[36m</button>\u001b[39m\n            \u001b[36m<div\u001b[39m\n              \u001b[33maria-label\u001b[39m=\u001b[32m\"코드 컬럼 너비 조절\"\u001b[39m\n              \u001b[33mclass\u001b[39m=\u001b[32m\"MuiBox-root css-1r7lhgj\"\u001b[39m\n              \u001b[33mrole\u001b[39m=\u001b[32m\"separator\"\u001b[39m\n            \u001b[36m/>\u001b[39m\n          \u001b[36m</div>\u001b[39m\n        \u001b[36m</div>\u001b[39m\n      \u001b[36m</div>\u001b[39m\n      \u001b[36m<div\u001b[39m\n        \u001b[33mclass\u001b[39m=\u001b[32m\"MuiBox-root css-4hud9z\"\u001b[39m\n      \u001b[36m>\u001b[39m\n        \u001b[36m<div\u001b[39m\n          \u001b[33mclass\u001b[39m=\u001b[32m\"MuiBox-root css-elmqt4\"\u001b[39m\n        \u001b[36m>\u001b[39m\n          \u001b[36m<div\u001b[39m\n            \u001b[33maria-selected\u001b[39m=\u001b[32m\"false\"\u001b[39m\n            \u001b[33mclass\u001b[39m=\u001b[32m\"MuiBox-root css-1obf64m\"\u001b[39m\n            \u001b[33mrole\u001b[39m=\u001b[32m\"row\"\u001b[39m\n          \u001b[36m>\u001b[39m\n            \u001b[36m<div\u001b[39m\n              \u001b[33mclass\u001b[39m=\u001b[32m\"MuiBox-root css-1trw35j\"\u001b[39m\n            \u001b[36m>\u001b[39m\n              \u001b[36m<span\u001b[39m\n                \u001b[33maria-label\u001b[39m=\u001b[32m\"dashboard 행 선택\"\u001b[39m\n                \u001b[33mclass\u001b[39m=\u001b[32m\"MuiButtonBase-root MuiCheckbox-root MuiCheckbox-colorPrimary MuiCheckbox-sizeSmall PrivateSwitchBase-root MuiCheckbox-root MuiCheckbox-colorPrimary MuiCheckbox-sizeSmall MuiCheckbox-root MuiCheckbox-colorPrimary MuiCheckbox-sizeSmall css-vuhw6e-MuiButtonBase-root-MuiSwitchBase-root-MuiCheckbox-root\"\u001b[39m\n              \u001b[36m>\u001b[39m\n                \u001b[36m<input\u001b[39m\n                  \u001b[33mclass\u001b[39m=\u001b[32m\"PrivateSwitchBase-input css-12xagqm-MuiSwitchBase-root\"\u001b[39m\n                  \u001b[33mdata-indeterminate\u001b[39m=\u001b[32m\"false\"\u001b[39m\n                  \u001b[33mtype\u001b[39m=\u001b[32m\"checkbox\"\u001b[39m\n                \u001b[36m/>\u001b[39m\n                \u001b[36m<svg\u001b[39m\n                  \u001b[33maria-hidden\u001b[39m=\u001b[32m\"true\"\u001b[39m\n                  \u001b[33mclass\u001b[39m=\u001b[32m\"MuiSvgIcon-root MuiSvgIcon-fontSizeSmall css-120dh41-MuiSvgIcon-root\"\u001b[39m\n                  \u001b[33mdata-testid\u001b[39m=\u001b[32m\"CheckBoxOutlineBlankIcon\"\u001b[39m\n                  \u001b[33mfocusable\u001b[39m=\u001b[32m\"false\"\u001b[39m\n                  \u001b[33mviewBox\u001b[39m=\u001b[32m\"0 0 24 24\"\u001b[39m\n                \u001b[36m>\u001b[39m\n                  \u001b[36m<path\u001b[39m\n                    \u001b[33md\u001b[39m=\u001b[32m\"M19 5v14H5V5h14m0-2H5c-1.1 0-2 .9-2 2v14c0 1.1.9 2 2 2h14c1.1 0 2-.9 2-2V5c0-1.1-.9-2-2-2z\"\u001b[39m\n                  \u001b[36m/>\u001b[39m\n                \u001b[36m</svg>\u001b[39m\n              \u001b[36m</span>\u001b[39m\n            \u001b[36m</div>\u001b[39m\n            \u001b[36m<div\u001b[39m\n              \u001b[33mclass\u001b[39m=\u001b[32m\"MuiBox-root css-18p8p8d\"\u001b[39m\n              \u001b[33mdata-dirty-cell\u001b[39m=\u001b[32m\"false\"\u001b[39m\n              \u001b[33mdata-grid-selected\u001b[39m=\u001b[32m\"false\"\u001b[39m\n              \u001b[33mrole\u001b[39m=\u001b[32m\"gridcell\"\u001b[39m\n              \u001b[33mtabindex\u001b[39m=\u001b[32m\"-1\"\u001b[39m\n            \u001b[36m>\u001b[39m\n              \u001b[36m<span\u001b[39m\n                \u001b[33mclass\u001b[39m=\u001b[32m\"MuiBox-root css-iczrbc\"\u001b[39m\n                \u001b[33mtitle\u001b[39m=\u001b[32m\"draft\"\u001b[39m\n              \u001b[36m>\u001b[39m\n                \u001b[0mdraft\u001b[0m\n              \u001b[36m</span>\u001b[39m\n            \u001b[36m</div>\u001b[39m\n            \u001b[36m<div\u001b[39m\n              \u001b[33mclass\u001b[39m=\u001b[32m\"MuiBox-root css-1hdu1ok\"\u001b[39m\n              \u001b[33mdata-dirty-cell\u001b[39m=\u001b[32m\"false\"\u001b[39m\n              \u001b[33mdata-grid-selected\u001b[39m=\u001b[32m\"false\"\u001b[39m\n              \u001b[33mrole\u001b[39m=\u001b[32m\"gridcell\"\u001b[39m\n              \u001b[33mtabindex\u001b[39m=\u001b[32m\"-1\"\u001b[39m\n            \u001b[36m>\u001b[39m\n              \u001b[36m<span\u001b[39m\n                \u001b[33mclass\u001b[39m=\u001b[32m\"MuiBox-root css-iczrbc\"\u001b[39m\n                \u001b[33mtitle\u001b[39m=\u001b[32m\"DASH\"\u001b[39m\n              \u001b[36m>\u001b[39m\n                \u001b[0mDASH\u001b[0m\n              \u001b[36m</span>\u001b[39m\n            \u001b[36m</div>\u001b[39m\n            \u001b[36m<button\u001b[39m\n              \u001b[33maria-label\u001b[39m=\u001b[32m\"dashboard 행 높이 조절\"\u001b[39m\n              \u001b[33maria-valuemax\u001b[39m=\u001b[32m\"300\"\u001b[39m\n              \u001b[33maria-valuemin\u001b[39m=\u001b[32m\"32\"\u001b[39m\n              \u001b[33maria-valuenow\u001b[39m=\u001b[32m\"32\"\u001b[39m\n              \u001b[33mclass\u001b[39m=\u001b[32m\"MuiBox-root css-1nnbvej\"\u001b[39m\n              \u001b[33mrole\u001b[39m=\u001b[32m\"button\"\u001b[39m\n              \u001b[33mtype\u001b[39m=\u001b[32m\"button\"\u001b[39m\n            \u001b[36m/>\u001b[39m\n          \u001b[36m</div>\u001b[39m\n          \u001b[36m<div\u001b[39m\n            \u001b[33maria-selected\u001b[39m=\u001b[32m\"false\"\u001b[39m\n            \u001b[33mclass\u001b[39m=\u001b[32m\"MuiBox-root css-1obf64m\"\u001b[39m\n            \u001b[33mrole\u001b[39m=\u001b[32m\"row\"\u001b[39m\n          \u001b[36m>\u001b[39m\n            \u001b[36m<div\u001b[39m\n              \u001b[33mclass\u001b[39m=\u001b[32m\"MuiBox-root css-1y8p9w\"\u001b[39m\n            \u001b[36m>\u001b[39m\n              \u001b[36m<span\u001b[39m\n                \u001b[33maria-label\u001b[39m=\u001b[32m\"reports 행 선택\"\u001b[39m\n                \u001b[33mclass\u001b[39m=\u001b[32m\"MuiButtonBase-root MuiCheckbox-root MuiCheckbox-colorPrimary MuiCheckbox-sizeSmall PrivateSwitchBase-root MuiCheckbox-root MuiCheckbox-colorPrimary MuiCheckbox-sizeSmall MuiCheckbox-root MuiCheckbox-colorPrimary MuiCheckbox-sizeSmall css-vuhw6e-MuiButtonBase-root-MuiSwitchBase-root-MuiCheckbox-root\"\u001b[39m\n              \u001b[36m>\u001b[39m\n                \u001b[36m<input\u001b[39m\n                  \u001b[33mclass\u001b[39m=\u001b[32m\"PrivateSwitchBase-input css-12xagqm-MuiSwitchBase-root\"\u001b[39m\n                  \u001b[33mdata-indeterminate\u001b[39m=\u001b[32m\"false\"\u001b[39m\n                  \u001b[33mtype\u001b[39m=\u001b[32m\"checkbox\"\u001b[39m\n                \u001b[36m/>\u001b[39m\n                \u001b[36m<svg\u001b[39m\n                  \u001b[33maria-hidden\u001b[39m=\u001b[32m\"true\"\u001b[39m\n                  \u001b[33mclass\u001b[39m=\u001b[32m\"MuiSvgIcon-root MuiSvgIcon-fontSizeSmall css-120dh41-MuiSvgIcon-root\"\u001b[39m\n                  \u001b[33mdata-testid\u001b[39m=\u001b[32m\"CheckBoxOutlineBlankIcon\"\u001b[39m\n                  \u001b[33mfocusable\u001b[39m=\u001b[32m\"false\"\u001b[39m\n                  \u001b[33mviewBox\u001b[39m=\u001b[32m\"0 0 24 24\"\u001b[39m\n                \u001b[36m>\u001b[39m\n                  \u001b[36m<path\u001b[39m\n                    \u001b[33md\u001b[39m=\u001b[32m\"M19 5v14H5V5h14m0-2H5c-1.1 0-2 .9-2 2v14c0 1.1.9 2 2 2h14c1.1 0 2-.9 2-2V5c0-1.1-.9-2-2-2z\"\u001b[39m\n                  \u001b[36m/>\u001b[39m\n                \u001b[36m</svg>\u001b[39m\n              \u001b[36m</span>\u001b[39m\n            \u001b[36m</div>\u001b[39m\n            \u001b[36m<div\u001b[39m\n              \u001b[33mclass\u001b[39m=\u001b[32m\"MuiBox-root css-1hx8to4\"\u001b[39m\n              \u001b[33mdata-dirty-cell\u001b[39m=\u001b[32m\"false\"\u001b[39m\n              \u001b[33mdata-grid-selected\u001b[39m=\u001b[32m\"false\"\u001b[39m\n              \u001b[33mrole\u001b[39m=\u001b[32m\"gridcell\"\u001b[39m\n              \u001b[33mtabindex\u001b[39m=\u001b[32m\"-1\"\u001b[39m\n            \u001b[36m/>\u001b[39m\n            \u001b[36m<div\u001b[39m\n              \u001b[33mclass\u001b[39m=\u001b[32m\"MuiBox-root css-1ff4qau\"\u001b[39m\n              \u001b[33mdata-dirty-cell\u001b[39m=\u001b[32m\"false\"\u001b[39m\n              \u001b[33mdata-grid-selected\u001b[39m=\u001b[32m\"false\"\u001b[39m\n              \u001b[33mrole\u001b[39m=\u001b[32m\"gridcell\"\u001b[39m\n              \u001b[33mtabindex\u001b[39m=\u001b[32m\"-1\"\u001b[39m\n            \u001b[36m>\u001b[39m\n              \u001b[36m<span\u001b[39m\n                \u001b[33mclass\u001b[39m=\u001b[32m\"MuiBox-root css-iczrbc\"\u001b[39m\n                \u001b[33mtitle\u001b[39m=\u001b[32m\"REPORTS\"\u001b[39m\n              \u001b[36m>\u001b[39m\n                \u001b[0mREPORTS\u001b[0m\n              \u001b[36m</span>\u001b[39m\n            \u001b[36m</div>\u001b[39m\n            \u001b[36m<button\u001b[39m\n              \u001b[33maria-label\u001b[39m=\u001b[32m\"reports 행 높이 조절\"\u001b[39m\n              \u001b[33maria-valuemax\u001b[39m=\u001b[32m\"300\"\u001b[39m\n              \u001b[33maria-valuemin\u001b[39m=\u001b[32m\"32\"\u001b[39m\n              \u001b[33maria-valuenow\u001b[39m=\u001b[32m\"32\"\u001b[39m\n              \u001b[33mclass\u001b[39m=\u001b[32m\"MuiBox-root css-1hl18yr\"\u001b[39m\n              \u001b[33mrole\u001b[39m=\u001b[32m\"button\"\u001b[39m\n              \u001b[33mtype\u001b[39m=\u001b[32m\"button\"\u001b[39m\n            \u001b[36m/>\u001b[39m\n          \u001b[36m</div>\u001b[39m\n        \u001b[36m</div>\u001b[39m\n      \u001b[36m</div>\u001b[39m\n    \u001b[36m</div>\u001b[39m\n  \u001b[36m</div>\u001b[39m\n\u001b[36m</body>\u001b[39m\n    at Object.getElementError (D:\\f1soft\\dev\\react\\S-ERP\\frontend\\node_modules\\@testing-library\\dom\\dist\\config.js:37:19)\n    at D:\\f1soft\\dev\\react\\S-ERP\\frontend\\node_modules\\@testing-library\\dom\\dist\\query-helpers.js:76:38\n    at D:\\f1soft\\dev\\react\\S-ERP\\frontend\\node_modules\\@testing-library\\dom\\dist\\query-helpers.js:52:17\n    at D:\\f1soft\\dev\\react\\S-ERP\\frontend\\node_modules\\@testing-library\\dom\\dist\\query-helpers.js:95:19\n    at D:/f1soft/dev/react/S-ERP/frontend/tests/f1-grid.test.tsx:1725:36\n    at file:///D:/f1soft/dev/react/S-ERP/frontend/node_modules/@vitest/runner/dist/chunk-artifact.js:302:11\n    at file:///D:/f1soft/dev/react/S-ERP/frontend/node_modules/@vitest/runner/dist/chunk-artifact.js:1903:26\n    at file:///D:/f1soft/dev/react/S-ERP/frontend/node_modules/@vitest/runner/dist/chunk-artifact.js:2326:20\n    at new Promise (<anonymous>)\n    at runWithCancel (file:///D:/f1soft/dev/react/S-ERP/frontend/node_modules/@vitest/runner/dist/chunk-artifact.js:2323:10)"],"meta":{},"tags":[]},{"ancestorTitles":["F1-GRID interaction"],"fullName":"F1-GRID interaction does not create an updated row when an edit is committed without a value change","status":"skipped","title":"does not create an updated row when an edit is committed without a value change","failureMessages":[],"meta":{},"tags":[]},{"ancestorTitles":["F1-GRID interaction"],"fullName":"F1-GRID interaction commits and exits edit mode when clicking outside the editing cell","status":"skipped","title":"commits and exits edit mode when clicking outside the editing cell","failureMessages":[],"meta":{},"tags":[]},{"ancestorTitles":["F1-GRID interaction"],"fullName":"F1-GRID interaction toggles all editable checkbox cells through the column header checkbox","status":"skipped","title":"toggles all editable checkbox cells through the column header checkbox","failureMessages":[],"meta":{},"tags":[]},{"ancestorTitles":["F1-GRID interaction"],"fullName":"F1-GRID interaction moves the focused cell with ArrowRight and starts editing with F2","status":"skipped","title":"moves the focused cell with ArrowRight and starts editing with F2","failureMessages":[],"meta":{},"tags":[]},{"ancestorTitles":["F1-GRID header divider"],"fullName":"F1-GRID header divider always renders a vertical divider on header cells regardless of columnLine","status":"skipped","title":"always renders a vertical divider on header cells regardless of columnLine","failureMessages":[],"meta":{},"tags":[]},{"ancestorTitles":["F1-GRID sorting"],"fullName":"F1-GRID sorting adds, updates, and toggles off multi-column sort entries","status":"skipped","title":"adds, updates, and toggles off multi-column sort entries","failureMessages":[],"meta":{},"tags":[]},{"ancestorTitles":["F1-GRID sorting"],"fullName":"F1-GRID sorting sorts rows by multiple columns, treating null/undefined as last","status":"skipped","title":"sorts rows by multiple columns, treating null/undefined as last","failureMessages":[],"meta":{},"tags":[]},{"ancestorTitles":["F1-GRID sorting"],"fullName":"F1-GRID sorting reports the sort direction and multi-column order for a field","status":"skipped","title":"reports the sort direction and multi-column order for a field","failureMessages":[],"meta":{},"tags":[]},{"ancestorTitles":["F1-GRID sorting"],"fullName":"F1-GRID sorting sorts a column ascending and descending through the header menu","status":"skipped","title":"sorts a column ascending and descending through the header menu","failureMessages":[],"meta":{},"tags":[]},{"ancestorTitles":["F1-GRID filtering"],"fullName":"F1-GRID filtering returns operator sets by column type","status":"skipped","title":"returns operator sets by column type","failureMessages":[],"meta":{},"tags":[]},{"ancestorTitles":["F1-GRID filtering"],"fullName":"F1-GRID filtering matches rows using contains, range, and empty operators","status":"skipped","title":"matches rows using contains, range, and empty operators","failureMessages":[],"meta":{},"tags":[]},{"ancestorTitles":["F1-GRID filtering"],"fullName":"F1-GRID filtering applies multiple filters with AND semantics","status":"skipped","title":"applies multiple filters with AND semantics","failureMessages":[],"meta":{},"tags":[]},{"ancestorTitles":["F1-GRID filtering"],"fullName":"F1-GRID filtering filters visible rows through the header filter popover","status":"skipped","title":"filters visible rows through the header filter popover","failureMessages":[],"meta":{},"tags":[]},{"ancestorTitles":["F1-GRID column pin"],"fullName":"F1-GRID column pin initially pins columns declared with the column pinned option","status":"skipped","title":"initially pins columns declared with the column pinned option","failureMessages":[],"meta":{},"tags":[]},{"ancestorTitles":["F1-GRID column pin"],"fullName":"F1-GRID column pin reorders columns into left-pinned, unpinned, and right-pinned groups","status":"skipped","title":"reorders columns into left-pinned, unpinned, and right-pinned groups","failureMessages":[],"meta":{},"tags":[]},{"ancestorTitles":["F1-GRID column pin"],"fullName":"F1-GRID column pin accumulates left and right pin offsets from the checkbox column width","status":"skipped","title":"accumulates left and right pin offsets from the checkbox column width","failureMessages":[],"meta":{},"tags":[]},{"ancestorTitles":["F1-GRID column pin"],"fullName":"F1-GRID column pin pins a column to the left and unpins it through the header menu","status":"skipped","title":"pins a column to the left and unpins it through the header menu","failureMessages":[],"meta":{},"tags":[]},{"ancestorTitles":["F1-GRID column pin"],"fullName":"F1-GRID column pin keeps pinned header and body cells visually above scrolling cells","status":"skipped","title":"keeps pinned header and body cells visually above scrolling cells","failureMessages":[],"meta":{},"tags":[]},{"ancestorTitles":["F1-GRID column pin"],"fullName":"F1-GRID column pin keeps the row-selection header above a pinned column header","status":"skipped","title":"keeps the row-selection header above a pinned column header","failureMessages":[],"meta":{},"tags":[]},{"ancestorTitles":["F1-GRID column pin"],"fullName":"F1-GRID column pin keeps row-selection cells above pinned body cells","status":"skipped","title":"keeps row-selection cells above pinned body cells","failureMessages":[],"meta":{},"tags":[]},{"ancestorTitles":["F1-GRID column pin"],"fullName":"F1-GRID column pin keeps selected row-selection cells opaque above scrolling cells","status":"skipped","title":"keeps selected row-selection cells opaque above scrolling cells","failureMessages":[],"meta":{},"tags":[]},{"ancestorTitles":["F1-GRID column pin"],"fullName":"F1-GRID column pin uses a dark opaque background for pinned headers in dark mode","status":"skipped","title":"uses a dark opaque background for pinned headers in dark mode","failureMessages":[],"meta":{},"tags":[]},{"ancestorTitles":["F1-GRID column resize"],"fullName":"F1-GRID column resize resizes column width on mouse drag and clamps to minColumnWidth","status":"skipped","title":"resizes column width on mouse drag and clamps to minColumnWidth","failureMessages":[],"meta":{},"tags":[]},{"ancestorTitles":["F1-GRID column resize"],"fullName":"F1-GRID column resize computes an auto-fit width clamped by minWidth and column maxWidth","status":"skipped","title":"computes an auto-fit width clamped by minWidth and column maxWidth","failureMessages":[],"meta":{},"tags":[]},{"ancestorTitles":["F1-GRID column resize"],"fullName":"F1-GRID column resize auto-fits column width to content on resize handle double-click","status":"skipped","title":"auto-fits column width to content on resize handle double-click","failureMessages":[],"meta":{},"tags":[]},{"ancestorTitles":["F1-GRID rownumber column"],"fullName":"F1-GRID rownumber column renders the current display position instead of the underlying field value","status":"skipped","title":"renders the current display position instead of the underlying field value","failureMessages":[],"meta":{},"tags":[]},{"ancestorTitles":["F1-GRID rownumber column"],"fullName":"F1-GRID rownumber column renumbers rows after sorting instead of keeping the original data order","status":"skipped","title":"renumbers rows after sorting instead of keeping the original data order","failureMessages":[],"meta":{},"tags":[]},{"ancestorTitles":["F1-GRID rownumber column"],"fullName":"F1-GRID rownumber column does not enter edit mode when a rownumber cell is double-clicked","status":"skipped","title":"does not enter edit mode when a rownumber cell is double-clicked","failureMessages":[],"meta":{},"tags":[]},{"ancestorTitles":["F1-GRID column drag reorder"],"fullName":"F1-GRID column drag reorder reorders columns when a header is dragged and dropped on another header","status":"skipped","title":"reorders columns when a header is dragged and dropped on another header","failureMessages":[],"meta":{},"tags":[]},{"ancestorTitles":["F1-GRID column drag reorder"],"fullName":"F1-GRID column drag reorder marks the drop target header while dragging a column","status":"skipped","title":"marks the drop target header while dragging a column","failureMessages":[],"meta":{},"tags":[]},{"ancestorTitles":["F1-GRID column drag reorder"],"fullName":"F1-GRID column drag reorder excludes pinned columns from drag reorder targets","status":"skipped","title":"excludes pinned columns from drag reorder targets","failureMessages":[],"meta":{},"tags":[]},{"ancestorTitles":["F1-GRID column drag reorder"],"fullName":"F1-GRID column drag reorder persists column order to localStorage when storageKey is provided","status":"skipped","title":"persists column order to localStorage when storageKey is provided","failureMessages":[],"meta":{},"tags":[]},{"ancestorTitles":["F1-GRID column drag reorder"],"fullName":"F1-GRID column drag reorder persists column width to localStorage and restores it on remount","status":"skipped","title":"persists column width to localStorage and restores it on remount","failureMessages":[],"meta":{},"tags":[]},{"ancestorTitles":["F1-GRID column drag reorder"],"fullName":"F1-GRID column drag reorder persists hidden column list to localStorage and restores it on remount","status":"skipped","title":"persists hidden column list to localStorage and restores it on remount","failureMessages":[],"meta":{},"tags":[]},{"ancestorTitles":["F1-GRID column drag reorder"],"fullName":"F1-GRID column drag reorder persists pinned column state to localStorage and restores it on remount","status":"skipped","title":"persists pinned column state to localStorage and restores it on remount","failureMessages":[],"meta":{},"tags":[]}],"startTime":1788408302896,"endTime":1788408303907.0432,"status":"failed","message":"","name":"D:/f1soft/dev/react/S-ERP/frontend/tests/f1-grid.test.tsx"}]}