{"numTotalTestSuites":2,"numPassedTestSuites":0,"numFailedTestSuites":2,"numPendingTestSuites":0,"numTotalTests":8,"numPassedTests":0,"numFailedTests":8,"numPendingTests":0,"numTodoTests":0,"snapshot":{"added":0,"failure":false,"filesAdded":0,"filesRemoved":0,"filesRemovedList":[],"filesUnmatched":0,"filesUpdated":0,"matched":0,"total":0,"unchecked":0,"uncheckedKeysByFile":[],"unmatched":0,"updated":0,"didUpdate":false},"startTime":1788848656501,"success":false,"testResults":[{"assertionResults":[{"ancestorTitles":["Dashboard sidebar"],"fullName":"Dashboard sidebar shows only the groupware and settings modules with their menus","status":"failed","title":"shows only the groupware and settings modules with their menus","duration":1938.5054,"failureMessages":["Error: Unable to find role=\"heading\" and name `/^종합현황$/i`\n\nIgnored nodes: comments, script, style\n\u001b[36m<body\u001b[39m\n  \u001b[33mstyle\u001b[39m=\u001b[32m\"background-color: rgb(244, 247, 251); color: rgb(15, 23, 42);\"\u001b[39m\n\u001b[36m>\u001b[39m\n  \u001b[36m<div>\u001b[39m\n    \u001b[36m<div\u001b[39m\n      \u001b[33mclass\u001b[39m=\u001b[32m\"MuiBox-root css-190fjqd\"\u001b[39m\n    \u001b[36m>\u001b[39m\n      \u001b[36m<div\u001b[39m\n        \u001b[33mclass\u001b[39m=\u001b[32m\"MuiBox-root css-1nm7jcr\"\u001b[39m\n      \u001b[36m>\u001b[39m\n        \u001b[36m<div\u001b[39m\n          \u001b[33mclass\u001b[39m=\u001b[32m\"MuiBox-root css-4xjgmj\"\u001b[39m\n        \u001b[36m>\u001b[39m\n          \u001b[36m<div\u001b[39m\n            \u001b[33mclass\u001b[39m=\u001b[32m\"MuiBox-root css-x2dw3h\"\u001b[39m\n          \u001b[36m>\u001b[39m\n            \u001b[36m<span\u001b[39m\n              \u001b[33mclass\u001b[39m=\u001b[32m\"MuiTypography-root MuiTypography-caption css-c84xd4-MuiTypography-root\"\u001b[39m\n            \u001b[36m>\u001b[39m\n              \u001b[0mS-ERP\u001b[0m\n            \u001b[36m</span>\u001b[39m\n            \u001b[36m<div\u001b[39m\n              \u001b[33mclass\u001b[39m=\u001b[32m\"MuiStack-root css-1nf2sby-MuiStack-root\"\u001b[39m\n            \u001b[36m/>\u001b[39m\n          \u001b[36m</div>\u001b[39m\n          \u001b[36m<div\u001b[39m\n            \u001b[33mclass\u001b[39m=\u001b[32m\"MuiDrawer-root MuiDrawer-anchorLeft MuiDrawer-docked css-o7cp3o-MuiDrawer-docked\"\u001b[39m\n          \u001b[36m>\u001b[39m\n            \u001b[36m<div\u001b[39m\n              \u001b[33mclass\u001b[39m=\u001b[32m\"MuiPaper-root MuiPaper-elevation MuiPaper-elevation0 MuiDrawer-paper css-clstz6-MuiPaper-root-MuiDrawer-paper\"\u001b[39m\n              \u001b[33mstyle\u001b[39m=\u001b[32m\"--Paper-shadow: none;\"\u001b[39m\n            \u001b[36m>\u001b[39m\n              \u001b[36m<div\u001b[39m\n                \u001b[33mclass\u001b[39m=\u001b[32m\"MuiBox-root css-1b48rka\"\u001b[39m\n              \u001b[36m>\u001b[39m\n                \u001b[36m<div\u001b[39m\n                  \u001b[33mclass\u001b[39m=\u001b[32m\"MuiBox-root css-30wvun\"\u001b[39m\n                \u001b[36m>\u001b[39m\n                  \u001b[36m<h2\u001b[39m\n                    \u001b[33mclass\u001b[39m=\u001b[32m\"MuiTypography-root MuiTypography-subtitle2 css-ojewxx-MuiTypography-root\"\u001b[39m\n                  \u001b[36m>\u001b[39m\n                    \u001b[0m모듈 선택\u001b[0m\n                  \u001b[36m</h2>\u001b[39m\n                  \u001b[36m<div\u001b[39m\n                    \u001b[33mclass\u001b[39m=\u001b[32m\"MuiBox-root css-171onha\"\u001b[39m\n                  \u001b[36m>\u001b[39m\n                    \u001b[36m<h3\u001b[39m\n                      \u001b[33mclass\u001b[39m=\u001b[32m\"MuiTypography-root MuiTypography-caption css-58gmx2-MuiTypography-root\"\u001b[39m\n                    \u001b[36m>\u001b[39m\n                      \u001b[0m접근 가능한 메뉴 없음\u001b[0m\n                    \u001b[36m</h3>\u001b[39m\n                    \u001b[36m<button\u001b[39m\n                      \u001b[33maria-label\u001b[39m=\u001b[32m\"메뉴 닫기\"\u001b[39m\n                      \u001b[33mclass\u001b[39m=\u001b[32m\"MuiButtonBase-root MuiIconButton-root MuiIconButton-sizeSmall css-m3y1u5-MuiButtonBase-root-MuiIconButton-root\"\u001b[39m\n                      \u001b[33mtabindex\u001b[39m=\u001b[32m\"0\"\u001b[39m\n                      \u001b[33mtype\u001b[39m=\u001b[32m\"button\"\u001b[39m\n                    \u001b[36m>\u001b[39m\n                      \u001b[36m<svg\u001b[39m\n                        \u001b[33maria-hidden\u001b[39m=\u001b[32m\"true\"\u001b[39m\n                        \u001b[33mclass\u001b[39m=\u001b[32m\"MuiSvgIcon-root MuiSvgIcon-fontSizeSmall css-120dh41-MuiSvgIcon-root\"\u001b[39m\n                        \u001b[33mdata-testid\u001b[39m=\u001b[32m\"CloseOutlinedIcon\"\u001b[39m\n                        \u001b[33mfocusable\u001b[39m=\u001b[32m\"false\"\u001b[39m\n                        \u001b[33mviewBox\u001b[39m=\u001b[32m\"0 0 24 24\"\u001b[39m\n                      \u001b[36m>\u001b[39m\n                        \u001b[36m<path\u001b[39m\n                          \u001b[33md\u001b[39m=\u001b[32m\"M19 6.41 17.59 5 12 10.59 6.41 5 5 6.41 10.59 12 5 17.59 6.41 19 12 13.41 17.59 19 19 17.59 13.41 12z\"\u001b[39m\n                        \u001b[36m/>\u001b[39m\n                      \u001b[36m</svg>\u001b[39m\n                    \u001b[36m</button>\u001b[39m\n                  \u001b[36m</div>\u001b[39m\n                \u001b[36m</div>\u001b[39m\n                \u001b[36m<div\u001b[39m\n                  \u001b[33mclass\u001b[39m=\u001b[32m\"MuiBox-root css-rjaeav\"\u001b[39m\n                \u001b[36m>\u001b[39m\n                  \u001b[36m<ul\u001b[39m\n                    \u001b[33maria-multiselectable\u001b[39m=\u001b[32m\"false\"\u001b[39m\n                    \u001b[33mclass\u001b[39m=\u001b[32m\"MuiSimpleTreeView-root css-xky4ds-MuiSimpleTreeView-root\"\u001b[39m\n                    \u001b[33mid\u001b[39m=\u001b[32m\"mui-tree-view-1\"\u001b[39m\n                    \u001b[33mrole\u001b[39m=\u001b[32m\"tree\"\u001b[39m\n                    \u001b[33mstyle\u001b[39m=\u001b[32m\"--TreeView-itemChildrenIndentation: 12px;\"\u001b[39m\n                  \u001b[36m/>\u001b[39m\n                \u001b[36m</div>\u001b[39m\n                \u001b[36m<div\u001b[39m\n                  \u001b[33mclass\u001b[39m=\u001b[32m\"MuiBox-root css-g0ql4o\"\u001b[39m\n                \u001b[36m>\u001b[39m\n                  \u001b[36m<div\u001b[39m\n                    \u001b[33mclass\u001b[39m=\u001b[32m\"MuiPaper-root MuiPaper-elevation MuiPaper-rounded MuiPaper-elevation1 MuiCard-root css-1q4hrd9-MuiPaper-root-MuiCard-root\"\u001b[39m\n                    \u001b[33mstyle\u001b[39m=\u001b[32m\"--Paper-shadow: 0px 2px 1px -1px rgba(0,0,0,0.2),0px 1px 1px 0px rgba(0,0,0,0.14),0px 1px 3px 0px rgba(0,0,0,0.12);\"\u001b[39m\n                  \u001b[36m>\u001b[39m\n                    \u001b[36m<div\u001b[39m\n                      \u001b[33mclass\u001b[39m=\u001b[32m\"MuiCardContent-root css-r6rfnr-MuiCardContent-root\"\u001b[39m\n                    \u001b[36m>\u001b[39m\n                      \u001b[36m<div\u001b[39m\n                        \u001b[33mclass\u001b[39m=\u001b[32m\"MuiBox-root css-120nera\"\u001b[39m\n                      \u001b[36m>\u001b[39m\n                        \u001b[36m<div\u001b[39m\n                          \u001b[33mclass\u001b[39m=\u001b[32m\"MuiAvatar-root MuiAvatar-circular MuiAvatar-colorDefault css-axd85q-MuiAvatar-root\"\u001b[39m\n                        \u001b[36m>\u001b[39m\n                          \u001b[0mA\u001b[0m\n                        \u001b[36m</div>\u001b[39m\n                        \u001b[36m<div\u001b[39m\n                          \u001b[33mclass\u001b[39m=\u001b[32m\"MuiBox-root css-0\"\u001b[39m\n                        \u001b[36m>\u001b[39m\n                          \u001b[36m<h6\u001b[39m\n                            \u001b[33mclass\u001b[39m=\u001b[32m\"MuiTypography-root MuiTypography-subtitle2 css-v1p2rx-MuiTypography-root\"\u001b[39m\n                          \u001b[36m>\u001b[39m\n                            \u001b[0m관리자\u001b[0m\n                          \u001b[36m</h6>\u001b[39m\n                          \u001b[36m<span\u001b[39m\n                            \u001b[33mclass\u001b[39m=\u001b[32m\"MuiTypography-root MuiTypography-caption css-ldfv8v-MuiTypography-root\"\u001b[39m\n                          \u001b[36m>\u001b[39m\n                            \u001b[0madmin@f1soft.com\u001b[0m\n                          \u001b[36m</span>\u001b[39m\n                        \u001b[36m</div>\u001b[39m\n                      \u001b[36m</div>\u001b[39m\n                    \u001b[36m</div>\u001b[39m\n                  \u001b[36m</div>\u001b[39m\n                \u001b[36m</div>\u001b[39m\n              \u001b[36m</div>\u001b[39m\n            \u001b[36m</div>\u001b[39m\n          \u001b[36m</div>\u001b[39m\n        \u001b[36m</div>\u001b[39m\n        \u001b[36m<div\u001b[39m\n          \u001b[33mclass\u001b[39m=\u001b[32m\"MuiBox-root css-1z11rtz\"\u001b[39m\n        \u001b[36m>\u001b[39m\n          \u001b[36m<div\u001b[39m\n            \u001b[33mclass\u001b[39m=\u001b[32m\"MuiBox-root css-l4aa1k\"\u001b[39m\n          \u001b[36m>\u001b[39m\n            \u001b[36m<h6\u001b[39m\n              \u001b[33mclass\u001b[39m=\u001b[32m\"MuiTypography-root MuiTypography-h6 css-ly9nj5-MuiTypography-root\"\u001b[39m\n            \u001b[36m>\u001b[39m\n              \u001b[0m접근 가능한 메뉴가 없습니다.\u001b[0m\n            \u001b[36m</h6>\u001b[39m\n          \u001b[36m</div>\u001b[39m\n        \u001b[36m</div>\u001b[39m\n      \u001b[36m</div>\u001b[39m\n    \u001b[36m</div>\u001b[39m\n  \u001b[36m</div>\u001b[39m\n\u001b[36m</body>\u001b[39m\n    at waitForWrapper (D:\\f1soft\\dev\\react\\S-ERP\\frontend\\node_modules\\@testing-library\\dom\\dist\\wait-for.js:163:27)\n    at D:\\f1soft\\dev\\react\\S-ERP\\frontend\\node_modules\\@testing-library\\dom\\dist\\query-helpers.js:86:33\n    at loginAsAdmin (D:/f1soft/dev/react/S-ERP/frontend/tests/dashboard-sidebar.test.tsx:18:16)\n    at D:/f1soft/dev/react/S-ERP/frontend/tests/dashboard-sidebar.test.tsx:24:11\n    at file:///D:/f1soft/dev/react/S-ERP/frontend/node_modules/@vitest/runner/dist/chunk-artifact.js:302:11\n    at file:///D:/f1soft/dev/react/S-ERP/frontend/node_modules/@vitest/runner/dist/chunk-artifact.js:1903:26\n    at file:///D:/f1soft/dev/react/S-ERP/frontend/node_modules/@vitest/runner/dist/chunk-artifact.js:2326:20\n    at new Promise (<anonymous>)\n    at runWithCancel (file:///D:/f1soft/dev/react/S-ERP/frontend/node_modules/@vitest/runner/dist/chunk-artifact.js:2323:10)\n    at file:///D:/f1soft/dev/react/S-ERP/frontend/node_modules/@vitest/runner/dist/chunk-artifact.js:2305:20"],"meta":{},"tags":[]},{"ancestorTitles":["Dashboard sidebar"],"fullName":"Dashboard sidebar switches menus when another module is selected","status":"failed","title":"switches menus when another module is selected","duration":1219.7079000000012,"failureMessages":["Error: Unable to find role=\"heading\" and name `/^종합현황$/i`\n\nIgnored nodes: comments, script, style\n\u001b[36m<body\u001b[39m\n  \u001b[33mstyle\u001b[39m=\u001b[32m\"background-color: rgb(244, 247, 251); color: rgb(15, 23, 42);\"\u001b[39m\n\u001b[36m>\u001b[39m\n  \u001b[36m<div>\u001b[39m\n    \u001b[36m<div\u001b[39m\n      \u001b[33mclass\u001b[39m=\u001b[32m\"MuiBox-root css-190fjqd\"\u001b[39m\n    \u001b[36m>\u001b[39m\n      \u001b[36m<div\u001b[39m\n        \u001b[33mclass\u001b[39m=\u001b[32m\"MuiBox-root css-1nm7jcr\"\u001b[39m\n      \u001b[36m>\u001b[39m\n        \u001b[36m<div\u001b[39m\n          \u001b[33mclass\u001b[39m=\u001b[32m\"MuiBox-root css-4xjgmj\"\u001b[39m\n        \u001b[36m>\u001b[39m\n          \u001b[36m<div\u001b[39m\n            \u001b[33mclass\u001b[39m=\u001b[32m\"MuiBox-root css-x2dw3h\"\u001b[39m\n          \u001b[36m>\u001b[39m\n            \u001b[36m<span\u001b[39m\n              \u001b[33mclass\u001b[39m=\u001b[32m\"MuiTypography-root MuiTypography-caption css-c84xd4-MuiTypography-root\"\u001b[39m\n            \u001b[36m>\u001b[39m\n              \u001b[0mS-ERP\u001b[0m\n            \u001b[36m</span>\u001b[39m\n            \u001b[36m<div\u001b[39m\n              \u001b[33mclass\u001b[39m=\u001b[32m\"MuiStack-root css-1nf2sby-MuiStack-root\"\u001b[39m\n            \u001b[36m/>\u001b[39m\n          \u001b[36m</div>\u001b[39m\n          \u001b[36m<div\u001b[39m\n            \u001b[33mclass\u001b[39m=\u001b[32m\"MuiDrawer-root MuiDrawer-anchorLeft MuiDrawer-docked css-o7cp3o-MuiDrawer-docked\"\u001b[39m\n          \u001b[36m>\u001b[39m\n            \u001b[36m<div\u001b[39m\n              \u001b[33mclass\u001b[39m=\u001b[32m\"MuiPaper-root MuiPaper-elevation MuiPaper-elevation0 MuiDrawer-paper css-clstz6-MuiPaper-root-MuiDrawer-paper\"\u001b[39m\n              \u001b[33mstyle\u001b[39m=\u001b[32m\"--Paper-shadow: none;\"\u001b[39m\n            \u001b[36m>\u001b[39m\n              \u001b[36m<div\u001b[39m\n                \u001b[33mclass\u001b[39m=\u001b[32m\"MuiBox-root css-1b48rka\"\u001b[39m\n              \u001b[36m>\u001b[39m\n                \u001b[36m<div\u001b[39m\n                  \u001b[33mclass\u001b[39m=\u001b[32m\"MuiBox-root css-30wvun\"\u001b[39m\n                \u001b[36m>\u001b[39m\n                  \u001b[36m<h2\u001b[39m\n                    \u001b[33mclass\u001b[39m=\u001b[32m\"MuiTypography-root MuiTypography-subtitle2 css-ojewxx-MuiTypography-root\"\u001b[39m\n                  \u001b[36m>\u001b[39m\n                    \u001b[0m모듈 선택\u001b[0m\n                  \u001b[36m</h2>\u001b[39m\n                  \u001b[36m<div\u001b[39m\n                    \u001b[33mclass\u001b[39m=\u001b[32m\"MuiBox-root css-171onha\"\u001b[39m\n                  \u001b[36m>\u001b[39m\n                    \u001b[36m<h3\u001b[39m\n                      \u001b[33mclass\u001b[39m=\u001b[32m\"MuiTypography-root MuiTypography-caption css-58gmx2-MuiTypography-root\"\u001b[39m\n                    \u001b[36m>\u001b[39m\n                      \u001b[0m접근 가능한 메뉴 없음\u001b[0m\n                    \u001b[36m</h3>\u001b[39m\n                    \u001b[36m<button\u001b[39m\n                      \u001b[33maria-label\u001b[39m=\u001b[32m\"메뉴 닫기\"\u001b[39m\n                      \u001b[33mclass\u001b[39m=\u001b[32m\"MuiButtonBase-root MuiIconButton-root MuiIconButton-sizeSmall css-m3y1u5-MuiButtonBase-root-MuiIconButton-root\"\u001b[39m\n                      \u001b[33mtabindex\u001b[39m=\u001b[32m\"0\"\u001b[39m\n                      \u001b[33mtype\u001b[39m=\u001b[32m\"button\"\u001b[39m\n                    \u001b[36m>\u001b[39m\n                      \u001b[36m<svg\u001b[39m\n                        \u001b[33maria-hidden\u001b[39m=\u001b[32m\"true\"\u001b[39m\n                        \u001b[33mclass\u001b[39m=\u001b[32m\"MuiSvgIcon-root MuiSvgIcon-fontSizeSmall css-120dh41-MuiSvgIcon-root\"\u001b[39m\n                        \u001b[33mdata-testid\u001b[39m=\u001b[32m\"CloseOutlinedIcon\"\u001b[39m\n                        \u001b[33mfocusable\u001b[39m=\u001b[32m\"false\"\u001b[39m\n                        \u001b[33mviewBox\u001b[39m=\u001b[32m\"0 0 24 24\"\u001b[39m\n                      \u001b[36m>\u001b[39m\n                        \u001b[36m<path\u001b[39m\n                          \u001b[33md\u001b[39m=\u001b[32m\"M19 6.41 17.59 5 12 10.59 6.41 5 5 6.41 10.59 12 5 17.59 6.41 19 12 13.41 17.59 19 19 17.59 13.41 12z\"\u001b[39m\n                        \u001b[36m/>\u001b[39m\n                      \u001b[36m</svg>\u001b[39m\n                    \u001b[36m</button>\u001b[39m\n                  \u001b[36m</div>\u001b[39m\n                \u001b[36m</div>\u001b[39m\n                \u001b[36m<div\u001b[39m\n                  \u001b[33mclass\u001b[39m=\u001b[32m\"MuiBox-root css-rjaeav\"\u001b[39m\n                \u001b[36m>\u001b[39m\n                  \u001b[36m<ul\u001b[39m\n                    \u001b[33maria-multiselectable\u001b[39m=\u001b[32m\"false\"\u001b[39m\n                    \u001b[33mclass\u001b[39m=\u001b[32m\"MuiSimpleTreeView-root css-xky4ds-MuiSimpleTreeView-root\"\u001b[39m\n                    \u001b[33mid\u001b[39m=\u001b[32m\"mui-tree-view-2\"\u001b[39m\n                    \u001b[33mrole\u001b[39m=\u001b[32m\"tree\"\u001b[39m\n                    \u001b[33mstyle\u001b[39m=\u001b[32m\"--TreeView-itemChildrenIndentation: 12px;\"\u001b[39m\n                  \u001b[36m/>\u001b[39m\n                \u001b[36m</div>\u001b[39m\n                \u001b[36m<div\u001b[39m\n                  \u001b[33mclass\u001b[39m=\u001b[32m\"MuiBox-root css-g0ql4o\"\u001b[39m\n                \u001b[36m>\u001b[39m\n                  \u001b[36m<div\u001b[39m\n                    \u001b[33mclass\u001b[39m=\u001b[32m\"MuiPaper-root MuiPaper-elevation MuiPaper-rounded MuiPaper-elevation1 MuiCard-root css-1q4hrd9-MuiPaper-root-MuiCard-root\"\u001b[39m\n                    \u001b[33mstyle\u001b[39m=\u001b[32m\"--Paper-shadow: 0px 2px 1px -1px rgba(0,0,0,0.2),0px 1px 1px 0px rgba(0,0,0,0.14),0px 1px 3px 0px rgba(0,0,0,0.12);\"\u001b[39m\n                  \u001b[36m>\u001b[39m\n                    \u001b[36m<div\u001b[39m\n                      \u001b[33mclass\u001b[39m=\u001b[32m\"MuiCardContent-root css-r6rfnr-MuiCardContent-root\"\u001b[39m\n                    \u001b[36m>\u001b[39m\n                      \u001b[36m<div\u001b[39m\n                        \u001b[33mclass\u001b[39m=\u001b[32m\"MuiBox-root css-120nera\"\u001b[39m\n                      \u001b[36m>\u001b[39m\n                        \u001b[36m<div\u001b[39m\n                          \u001b[33mclass\u001b[39m=\u001b[32m\"MuiAvatar-root MuiAvatar-circular MuiAvatar-colorDefault css-axd85q-MuiAvatar-root\"\u001b[39m\n                        \u001b[36m>\u001b[39m\n                          \u001b[0mA\u001b[0m\n                        \u001b[36m</div>\u001b[39m\n                        \u001b[36m<div\u001b[39m\n                          \u001b[33mclass\u001b[39m=\u001b[32m\"MuiBox-root css-0\"\u001b[39m\n                        \u001b[36m>\u001b[39m\n                          \u001b[36m<h6\u001b[39m\n                            \u001b[33mclass\u001b[39m=\u001b[32m\"MuiTypography-root MuiTypography-subtitle2 css-v1p2rx-MuiTypography-root\"\u001b[39m\n                          \u001b[36m>\u001b[39m\n                            \u001b[0m관리자\u001b[0m\n                          \u001b[36m</h6>\u001b[39m\n                          \u001b[36m<span\u001b[39m\n                            \u001b[33mclass\u001b[39m=\u001b[32m\"MuiTypography-root MuiTypography-caption css-ldfv8v-MuiTypography-root\"\u001b[39m\n                          \u001b[36m>\u001b[39m\n                            \u001b[0madmin@f1soft.com\u001b[0m\n                          \u001b[36m</span>\u001b[39m\n                        \u001b[36m</div>\u001b[39m\n                      \u001b[36m</div>\u001b[39m\n                    \u001b[36m</div>\u001b[39m\n                  \u001b[36m</div>\u001b[39m\n                \u001b[36m</div>\u001b[39m\n              \u001b[36m</div>\u001b[39m\n            \u001b[36m</div>\u001b[39m\n          \u001b[36m</div>\u001b[39m\n        \u001b[36m</div>\u001b[39m\n        \u001b[36m<div\u001b[39m\n          \u001b[33mclass\u001b[39m=\u001b[32m\"MuiBox-root css-1z11rtz\"\u001b[39m\n        \u001b[36m>\u001b[39m\n          \u001b[36m<div\u001b[39m\n            \u001b[33mclass\u001b[39m=\u001b[32m\"MuiBox-root css-l4aa1k\"\u001b[39m\n          \u001b[36m>\u001b[39m\n            \u001b[36m<h6\u001b[39m\n              \u001b[33mclass\u001b[39m=\u001b[32m\"MuiTypography-root MuiTypography-h6 css-ly9nj5-MuiTypography-root\"\u001b[39m\n            \u001b[36m>\u001b[39m\n              \u001b[0m접근 가능한 메뉴가 없습니다.\u001b[0m\n            \u001b[36m</h6>\u001b[39m\n          \u001b[36m</div>\u001b[39m\n        \u001b[36m</div>\u001b[39m\n      \u001b[36m</div>\u001b[39m\n    \u001b[36m</div>\u001b[39m\n  \u001b[36m</div>\u001b[39m\n\u001b[36m</body>\u001b[39m\n    at waitForWrapper (D:\\f1soft\\dev\\react\\S-ERP\\frontend\\node_modules\\@testing-library\\dom\\dist\\wait-for.js:163:27)\n    at D:\\f1soft\\dev\\react\\S-ERP\\frontend\\node_modules\\@testing-library\\dom\\dist\\query-helpers.js:86:33\n    at loginAsAdmin (D:/f1soft/dev/react/S-ERP/frontend/tests/dashboard-sidebar.test.tsx:18:16)\n    at D:/f1soft/dev/react/S-ERP/frontend/tests/dashboard-sidebar.test.tsx:57:11\n    at file:///D:/f1soft/dev/react/S-ERP/frontend/node_modules/@vitest/runner/dist/chunk-artifact.js:302:11\n    at file:///D:/f1soft/dev/react/S-ERP/frontend/node_modules/@vitest/runner/dist/chunk-artifact.js:1903:26\n    at file:///D:/f1soft/dev/react/S-ERP/frontend/node_modules/@vitest/runner/dist/chunk-artifact.js:2326:20\n    at new Promise (<anonymous>)\n    at runWithCancel (file:///D:/f1soft/dev/react/S-ERP/frontend/node_modules/@vitest/runner/dist/chunk-artifact.js:2323:10)\n    at file:///D:/f1soft/dev/react/S-ERP/frontend/node_modules/@vitest/runner/dist/chunk-artifact.js:2305:20"],"meta":{},"tags":[]},{"ancestorTitles":["Dashboard sidebar"],"fullName":"Dashboard sidebar collapses only the menu panel while keeping module selection visible","status":"failed","title":"collapses only the menu panel while keeping module selection visible","duration":1277.2441,"failureMessages":["Error: Unable to find role=\"heading\" and name `/^종합현황$/i`\n\nIgnored nodes: comments, script, style\n\u001b[36m<body\u001b[39m\n  \u001b[33mstyle\u001b[39m=\u001b[32m\"background-color: rgb(244, 247, 251); color: rgb(15, 23, 42);\"\u001b[39m\n\u001b[36m>\u001b[39m\n  \u001b[36m<div>\u001b[39m\n    \u001b[36m<div\u001b[39m\n      \u001b[33mclass\u001b[39m=\u001b[32m\"MuiBox-root css-190fjqd\"\u001b[39m\n    \u001b[36m>\u001b[39m\n      \u001b[36m<div\u001b[39m\n        \u001b[33mclass\u001b[39m=\u001b[32m\"MuiBox-root css-1nm7jcr\"\u001b[39m\n      \u001b[36m>\u001b[39m\n        \u001b[36m<div\u001b[39m\n          \u001b[33mclass\u001b[39m=\u001b[32m\"MuiBox-root css-4xjgmj\"\u001b[39m\n        \u001b[36m>\u001b[39m\n          \u001b[36m<div\u001b[39m\n            \u001b[33mclass\u001b[39m=\u001b[32m\"MuiBox-root css-x2dw3h\"\u001b[39m\n          \u001b[36m>\u001b[39m\n            \u001b[36m<span\u001b[39m\n              \u001b[33mclass\u001b[39m=\u001b[32m\"MuiTypography-root MuiTypography-caption css-c84xd4-MuiTypography-root\"\u001b[39m\n            \u001b[36m>\u001b[39m\n              \u001b[0mS-ERP\u001b[0m\n            \u001b[36m</span>\u001b[39m\n            \u001b[36m<div\u001b[39m\n              \u001b[33mclass\u001b[39m=\u001b[32m\"MuiStack-root css-1nf2sby-MuiStack-root\"\u001b[39m\n            \u001b[36m/>\u001b[39m\n          \u001b[36m</div>\u001b[39m\n          \u001b[36m<div\u001b[39m\n            \u001b[33mclass\u001b[39m=\u001b[32m\"MuiDrawer-root MuiDrawer-anchorLeft MuiDrawer-docked css-o7cp3o-MuiDrawer-docked\"\u001b[39m\n          \u001b[36m>\u001b[39m\n            \u001b[36m<div\u001b[39m\n              \u001b[33mclass\u001b[39m=\u001b[32m\"MuiPaper-root MuiPaper-elevation MuiPaper-elevation0 MuiDrawer-paper css-clstz6-MuiPaper-root-MuiDrawer-paper\"\u001b[39m\n              \u001b[33mstyle\u001b[39m=\u001b[32m\"--Paper-shadow: none;\"\u001b[39m\n            \u001b[36m>\u001b[39m\n              \u001b[36m<div\u001b[39m\n                \u001b[33mclass\u001b[39m=\u001b[32m\"MuiBox-root css-1b48rka\"\u001b[39m\n              \u001b[36m>\u001b[39m\n                \u001b[36m<div\u001b[39m\n                  \u001b[33mclass\u001b[39m=\u001b[32m\"MuiBox-root css-30wvun\"\u001b[39m\n                \u001b[36m>\u001b[39m\n                  \u001b[36m<h2\u001b[39m\n                    \u001b[33mclass\u001b[39m=\u001b[32m\"MuiTypography-root MuiTypography-subtitle2 css-ojewxx-MuiTypography-root\"\u001b[39m\n                  \u001b[36m>\u001b[39m\n                    \u001b[0m모듈 선택\u001b[0m\n                  \u001b[36m</h2>\u001b[39m\n                  \u001b[36m<div\u001b[39m\n                    \u001b[33mclass\u001b[39m=\u001b[32m\"MuiBox-root css-171onha\"\u001b[39m\n                  \u001b[36m>\u001b[39m\n                    \u001b[36m<h3\u001b[39m\n                      \u001b[33mclass\u001b[39m=\u001b[32m\"MuiTypography-root MuiTypography-caption css-58gmx2-MuiTypography-root\"\u001b[39m\n                    \u001b[36m>\u001b[39m\n                      \u001b[0m접근 가능한 메뉴 없음\u001b[0m\n                    \u001b[36m</h3>\u001b[39m\n                    \u001b[36m<button\u001b[39m\n                      \u001b[33maria-label\u001b[39m=\u001b[32m\"메뉴 닫기\"\u001b[39m\n                      \u001b[33mclass\u001b[39m=\u001b[32m\"MuiButtonBase-root MuiIconButton-root MuiIconButton-sizeSmall css-m3y1u5-MuiButtonBase-root-MuiIconButton-root\"\u001b[39m\n                      \u001b[33mtabindex\u001b[39m=\u001b[32m\"0\"\u001b[39m\n                      \u001b[33mtype\u001b[39m=\u001b[32m\"button\"\u001b[39m\n                    \u001b[36m>\u001b[39m\n                      \u001b[36m<svg\u001b[39m\n                        \u001b[33maria-hidden\u001b[39m=\u001b[32m\"true\"\u001b[39m\n                        \u001b[33mclass\u001b[39m=\u001b[32m\"MuiSvgIcon-root MuiSvgIcon-fontSizeSmall css-120dh41-MuiSvgIcon-root\"\u001b[39m\n                        \u001b[33mdata-testid\u001b[39m=\u001b[32m\"CloseOutlinedIcon\"\u001b[39m\n                        \u001b[33mfocusable\u001b[39m=\u001b[32m\"false\"\u001b[39m\n                        \u001b[33mviewBox\u001b[39m=\u001b[32m\"0 0 24 24\"\u001b[39m\n                      \u001b[36m>\u001b[39m\n                        \u001b[36m<path\u001b[39m\n                          \u001b[33md\u001b[39m=\u001b[32m\"M19 6.41 17.59 5 12 10.59 6.41 5 5 6.41 10.59 12 5 17.59 6.41 19 12 13.41 17.59 19 19 17.59 13.41 12z\"\u001b[39m\n                        \u001b[36m/>\u001b[39m\n                      \u001b[36m</svg>\u001b[39m\n                    \u001b[36m</button>\u001b[39m\n                  \u001b[36m</div>\u001b[39m\n                \u001b[36m</div>\u001b[39m\n                \u001b[36m<div\u001b[39m\n                  \u001b[33mclass\u001b[39m=\u001b[32m\"MuiBox-root css-rjaeav\"\u001b[39m\n                \u001b[36m>\u001b[39m\n                  \u001b[36m<ul\u001b[39m\n                    \u001b[33maria-multiselectable\u001b[39m=\u001b[32m\"false\"\u001b[39m\n                    \u001b[33mclass\u001b[39m=\u001b[32m\"MuiSimpleTreeView-root css-xky4ds-MuiSimpleTreeView-root\"\u001b[39m\n                    \u001b[33mid\u001b[39m=\u001b[32m\"mui-tree-view-3\"\u001b[39m\n                    \u001b[33mrole\u001b[39m=\u001b[32m\"tree\"\u001b[39m\n                    \u001b[33mstyle\u001b[39m=\u001b[32m\"--TreeView-itemChildrenIndentation: 12px;\"\u001b[39m\n                  \u001b[36m/>\u001b[39m\n                \u001b[36m</div>\u001b[39m\n                \u001b[36m<div\u001b[39m\n                  \u001b[33mclass\u001b[39m=\u001b[32m\"MuiBox-root css-g0ql4o\"\u001b[39m\n                \u001b[36m>\u001b[39m\n                  \u001b[36m<div\u001b[39m\n                    \u001b[33mclass\u001b[39m=\u001b[32m\"MuiPaper-root MuiPaper-elevation MuiPaper-rounded MuiPaper-elevation1 MuiCard-root css-1q4hrd9-MuiPaper-root-MuiCard-root\"\u001b[39m\n                    \u001b[33mstyle\u001b[39m=\u001b[32m\"--Paper-shadow: 0px 2px 1px -1px rgba(0,0,0,0.2),0px 1px 1px 0px rgba(0,0,0,0.14),0px 1px 3px 0px rgba(0,0,0,0.12);\"\u001b[39m\n                  \u001b[36m>\u001b[39m\n                    \u001b[36m<div\u001b[39m\n                      \u001b[33mclass\u001b[39m=\u001b[32m\"MuiCardContent-root css-r6rfnr-MuiCardContent-root\"\u001b[39m\n                    \u001b[36m>\u001b[39m\n                      \u001b[36m<div\u001b[39m\n                        \u001b[33mclass\u001b[39m=\u001b[32m\"MuiBox-root css-120nera\"\u001b[39m\n                      \u001b[36m>\u001b[39m\n                        \u001b[36m<div\u001b[39m\n                          \u001b[33mclass\u001b[39m=\u001b[32m\"MuiAvatar-root MuiAvatar-circular MuiAvatar-colorDefault css-axd85q-MuiAvatar-root\"\u001b[39m\n                        \u001b[36m>\u001b[39m\n                          \u001b[0mA\u001b[0m\n                        \u001b[36m</div>\u001b[39m\n                        \u001b[36m<div\u001b[39m\n                          \u001b[33mclass\u001b[39m=\u001b[32m\"MuiBox-root css-0\"\u001b[39m\n                        \u001b[36m>\u001b[39m\n                          \u001b[36m<h6\u001b[39m\n                            \u001b[33mclass\u001b[39m=\u001b[32m\"MuiTypography-root MuiTypography-subtitle2 css-v1p2rx-MuiTypography-root\"\u001b[39m\n                          \u001b[36m>\u001b[39m\n                            \u001b[0m관리자\u001b[0m\n                          \u001b[36m</h6>\u001b[39m\n                          \u001b[36m<span\u001b[39m\n                            \u001b[33mclass\u001b[39m=\u001b[32m\"MuiTypography-root MuiTypography-caption css-ldfv8v-MuiTypography-root\"\u001b[39m\n                          \u001b[36m>\u001b[39m\n                            \u001b[0madmin@f1soft.com\u001b[0m\n                          \u001b[36m</span>\u001b[39m\n                        \u001b[36m</div>\u001b[39m\n                      \u001b[36m</div>\u001b[39m\n                    \u001b[36m</div>\u001b[39m\n                  \u001b[36m</div>\u001b[39m\n                \u001b[36m</div>\u001b[39m\n              \u001b[36m</div>\u001b[39m\n            \u001b[36m</div>\u001b[39m\n          \u001b[36m</div>\u001b[39m\n        \u001b[36m</div>\u001b[39m\n        \u001b[36m<div\u001b[39m\n          \u001b[33mclass\u001b[39m=\u001b[32m\"MuiBox-root css-1z11rtz\"\u001b[39m\n        \u001b[36m>\u001b[39m\n          \u001b[36m<div\u001b[39m\n            \u001b[33mclass\u001b[39m=\u001b[32m\"MuiBox-root css-l4aa1k\"\u001b[39m\n          \u001b[36m>\u001b[39m\n            \u001b[36m<h6\u001b[39m\n              \u001b[33mclass\u001b[39m=\u001b[32m\"MuiTypography-root MuiTypography-h6 css-ly9nj5-MuiTypography-root\"\u001b[39m\n            \u001b[36m>\u001b[39m\n              \u001b[0m접근 가능한 메뉴가 없습니다.\u001b[0m\n            \u001b[36m</h6>\u001b[39m\n          \u001b[36m</div>\u001b[39m\n        \u001b[36m</div>\u001b[39m\n      \u001b[36m</div>\u001b[39m\n    \u001b[36m</div>\u001b[39m\n  \u001b[36m</div>\u001b[39m\n\u001b[36m</body>\u001b[39m\n    at waitForWrapper (D:\\f1soft\\dev\\react\\S-ERP\\frontend\\node_modules\\@testing-library\\dom\\dist\\wait-for.js:163:27)\n    at D:\\f1soft\\dev\\react\\S-ERP\\frontend\\node_modules\\@testing-library\\dom\\dist\\query-helpers.js:86:33\n    at loginAsAdmin (D:/f1soft/dev/react/S-ERP/frontend/tests/dashboard-sidebar.test.tsx:18:16)\n    at D:/f1soft/dev/react/S-ERP/frontend/tests/dashboard-sidebar.test.tsx:80:11\n    at file:///D:/f1soft/dev/react/S-ERP/frontend/node_modules/@vitest/runner/dist/chunk-artifact.js:302:11\n    at file:///D:/f1soft/dev/react/S-ERP/frontend/node_modules/@vitest/runner/dist/chunk-artifact.js:1903:26\n    at file:///D:/f1soft/dev/react/S-ERP/frontend/node_modules/@vitest/runner/dist/chunk-artifact.js:2326:20\n    at new Promise (<anonymous>)\n    at runWithCancel (file:///D:/f1soft/dev/react/S-ERP/frontend/node_modules/@vitest/runner/dist/chunk-artifact.js:2323:10)\n    at file:///D:/f1soft/dev/react/S-ERP/frontend/node_modules/@vitest/runner/dist/chunk-artifact.js:2305:20"],"meta":{},"tags":[]},{"ancestorTitles":["Dashboard sidebar"],"fullName":"Dashboard sidebar opens and closes only the menu panel on mobile","status":"failed","title":"opens and closes only the menu panel on mobile","duration":1294.1704000000009,"failureMessages":["Error: Unable to find role=\"heading\" and name `/^종합현황$/i`\n\nIgnored nodes: comments, script, style\n\u001b[36m<body\u001b[39m\n  \u001b[33mstyle\u001b[39m=\u001b[32m\"background-color: rgb(244, 247, 251); color: rgb(15, 23, 42);\"\u001b[39m\n\u001b[36m>\u001b[39m\n  \u001b[36m<div>\u001b[39m\n    \u001b[36m<div\u001b[39m\n      \u001b[33mclass\u001b[39m=\u001b[32m\"MuiBox-root css-190fjqd\"\u001b[39m\n    \u001b[36m>\u001b[39m\n      \u001b[36m<div\u001b[39m\n        \u001b[33mclass\u001b[39m=\u001b[32m\"MuiBox-root css-1nm7jcr\"\u001b[39m\n      \u001b[36m>\u001b[39m\n        \u001b[36m<div\u001b[39m\n          \u001b[33mclass\u001b[39m=\u001b[32m\"MuiBox-root css-4xjgmj\"\u001b[39m\n        \u001b[36m>\u001b[39m\n          \u001b[36m<div\u001b[39m\n            \u001b[33mclass\u001b[39m=\u001b[32m\"MuiBox-root css-x2dw3h\"\u001b[39m\n          \u001b[36m>\u001b[39m\n            \u001b[36m<span\u001b[39m\n              \u001b[33mclass\u001b[39m=\u001b[32m\"MuiTypography-root MuiTypography-caption css-c84xd4-MuiTypography-root\"\u001b[39m\n            \u001b[36m>\u001b[39m\n              \u001b[0mS-ERP\u001b[0m\n            \u001b[36m</span>\u001b[39m\n            \u001b[36m<div\u001b[39m\n              \u001b[33mclass\u001b[39m=\u001b[32m\"MuiStack-root css-1nf2sby-MuiStack-root\"\u001b[39m\n            \u001b[36m/>\u001b[39m\n          \u001b[36m</div>\u001b[39m\n        \u001b[36m</div>\u001b[39m\n        \u001b[36m<div\u001b[39m\n          \u001b[33mclass\u001b[39m=\u001b[32m\"MuiBox-root css-1z11rtz\"\u001b[39m\n        \u001b[36m>\u001b[39m\n          \u001b[36m<div\u001b[39m\n            \u001b[33mclass\u001b[39m=\u001b[32m\"MuiBox-root css-l4aa1k\"\u001b[39m\n          \u001b[36m>\u001b[39m\n            \u001b[36m<h6\u001b[39m\n              \u001b[33mclass\u001b[39m=\u001b[32m\"MuiTypography-root MuiTypography-h6 css-ly9nj5-MuiTypography-root\"\u001b[39m\n            \u001b[36m>\u001b[39m\n              \u001b[0m접근 가능한 메뉴가 없습니다.\u001b[0m\n            \u001b[36m</h6>\u001b[39m\n          \u001b[36m</div>\u001b[39m\n        \u001b[36m</div>\u001b[39m\n      \u001b[36m</div>\u001b[39m\n    \u001b[36m</div>\u001b[39m\n  \u001b[36m</div>\u001b[39m\n\u001b[36m</body>\u001b[39m\n    at waitForWrapper (D:\\f1soft\\dev\\react\\S-ERP\\frontend\\node_modules\\@testing-library\\dom\\dist\\wait-for.js:163:27)\n    at D:\\f1soft\\dev\\react\\S-ERP\\frontend\\node_modules\\@testing-library\\dom\\dist\\query-helpers.js:86:33\n    at loginAsAdmin (D:/f1soft/dev/react/S-ERP/frontend/tests/dashboard-sidebar.test.tsx:18:16)\n    at D:/f1soft/dev/react/S-ERP/frontend/tests/dashboard-sidebar.test.tsx:122:13\n    at file:///D:/f1soft/dev/react/S-ERP/frontend/node_modules/@vitest/runner/dist/chunk-artifact.js:302:11\n    at file:///D:/f1soft/dev/react/S-ERP/frontend/node_modules/@vitest/runner/dist/chunk-artifact.js:1903:26\n    at file:///D:/f1soft/dev/react/S-ERP/frontend/node_modules/@vitest/runner/dist/chunk-artifact.js:2326:20\n    at new Promise (<anonymous>)\n    at runWithCancel (file:///D:/f1soft/dev/react/S-ERP/frontend/node_modules/@vitest/runner/dist/chunk-artifact.js:2323:10)\n    at file:///D:/f1soft/dev/react/S-ERP/frontend/node_modules/@vitest/runner/dist/chunk-artifact.js:2305:20"],"meta":{},"tags":[]},{"ancestorTitles":["Dashboard sidebar"],"fullName":"Dashboard sidebar selects the routed leaf menu on direct dashboard navigation","status":"failed","title":"selects the routed leaf menu on direct dashboard navigation","duration":1037.4184999999998,"failureMessages":["Error: Unable to find role=\"heading\" and name `/^문서관리$/i`\n\nIgnored nodes: comments, script, style\n\u001b[36m<body\u001b[39m\n  \u001b[33mstyle\u001b[39m=\u001b[32m\"background-color: rgb(244, 247, 251); color: rgb(15, 23, 42);\"\u001b[39m\n\u001b[36m>\u001b[39m\n  \u001b[36m<div>\u001b[39m\n    \u001b[36m<div\u001b[39m\n      \u001b[33mclass\u001b[39m=\u001b[32m\"MuiBox-root css-190fjqd\"\u001b[39m\n    \u001b[36m>\u001b[39m\n      \u001b[36m<div\u001b[39m\n        \u001b[33mclass\u001b[39m=\u001b[32m\"MuiBox-root css-3m6ds3\"\u001b[39m\n      \u001b[36m>\u001b[39m\n        \u001b[36m<div\u001b[39m\n          \u001b[33mclass\u001b[39m=\u001b[32m\"MuiBox-root css-ne0b2v\"\u001b[39m\n        \u001b[36m>\u001b[39m\n          \u001b[36m<h6\u001b[39m\n            \u001b[33mclass\u001b[39m=\u001b[32m\"MuiTypography-root MuiTypography-h6 css-1u9u2h1-MuiTypography-root\"\u001b[39m\n          \u001b[36m>\u001b[39m\n            \u001b[0m요청하신 페이지를 찾을 수 없습니다\u001b[0m\n          \u001b[36m</h6>\u001b[39m\n          \u001b[36m<p\u001b[39m\n            \u001b[33mclass\u001b[39m=\u001b[32m\"MuiTypography-root MuiTypography-body2 css-rh22pv-MuiTypography-root\"\u001b[39m\n          \u001b[36m>\u001b[39m\n            \u001b[0m주소가 변경되었거나 페이지가 삭제되었을 수 있습니다.\u001b[0m\n          \u001b[36m</p>\u001b[39m\n          \u001b[36m<button\u001b[39m\n            \u001b[33mclass\u001b[39m=\u001b[32m\"MuiButtonBase-root MuiButton-root MuiButton-contained MuiButton-sizeMedium MuiButton-colorPrimary MuiButton-disableElevation css-wdcp8c-MuiButtonBase-root-MuiButton-root\"\u001b[39m\n            \u001b[33mtabindex\u001b[39m=\u001b[32m\"0\"\u001b[39m\n            \u001b[33mtype\u001b[39m=\u001b[32m\"button\"\u001b[39m\n          \u001b[36m>\u001b[39m\n            \u001b[0m돌아가기\u001b[0m\n          \u001b[36m</button>\u001b[39m\n        \u001b[36m</div>\u001b[39m\n        \u001b[36m<span\u001b[39m\n          \u001b[33mclass\u001b[39m=\u001b[32m\"MuiTypography-root MuiTypography-caption css-1y5zgg0-MuiTypography-root\"\u001b[39m\n        \u001b[36m>\u001b[39m\n          \u001b[0m© 2026 S-ERP · F1soft\u001b[0m\n        \u001b[36m</span>\u001b[39m\n      \u001b[36m</div>\u001b[39m\n    \u001b[36m</div>\u001b[39m\n  \u001b[36m</div>\u001b[39m\n\u001b[36m</body>\u001b[39m\n    at waitForWrapper (D:\\f1soft\\dev\\react\\S-ERP\\frontend\\node_modules\\@testing-library\\dom\\dist\\wait-for.js:163:27)\n    at D:\\f1soft\\dev\\react\\S-ERP\\frontend\\node_modules\\@testing-library\\dom\\dist\\query-helpers.js:86:33\n    at D:/f1soft/dev/react/S-ERP/frontend/tests/dashboard-sidebar.test.tsx:157:20\n    at file:///D:/f1soft/dev/react/S-ERP/frontend/node_modules/@vitest/runner/dist/chunk-artifact.js:302:11\n    at file:///D:/f1soft/dev/react/S-ERP/frontend/node_modules/@vitest/runner/dist/chunk-artifact.js:1903:26\n    at file:///D:/f1soft/dev/react/S-ERP/frontend/node_modules/@vitest/runner/dist/chunk-artifact.js:2326:20\n    at new Promise (<anonymous>)\n    at runWithCancel (file:///D:/f1soft/dev/react/S-ERP/frontend/node_modules/@vitest/runner/dist/chunk-artifact.js:2323:10)\n    at file:///D:/f1soft/dev/react/S-ERP/frontend/node_modules/@vitest/runner/dist/chunk-artifact.js:2305:20\n    at new Promise (<anonymous>)"],"meta":{},"tags":[]},{"ancestorTitles":["Dashboard sidebar"],"fullName":"Dashboard sidebar shows the active menu title in the fixed header without duplicate page titles","status":"failed","title":"shows the active menu title in the fixed header without duplicate page titles","duration":1332.5784999999996,"failureMessages":["Error: Unable to find role=\"heading\" and name `/^종합현황$/i`\n\nIgnored nodes: comments, script, style\n\u001b[36m<body\u001b[39m\n  \u001b[33mstyle\u001b[39m=\u001b[32m\"background-color: rgb(244, 247, 251); color: rgb(15, 23, 42);\"\u001b[39m\n\u001b[36m>\u001b[39m\n  \u001b[36m<div>\u001b[39m\n    \u001b[36m<div\u001b[39m\n      \u001b[33mclass\u001b[39m=\u001b[32m\"MuiBox-root css-190fjqd\"\u001b[39m\n    \u001b[36m>\u001b[39m\n      \u001b[36m<div\u001b[39m\n        \u001b[33mclass\u001b[39m=\u001b[32m\"MuiBox-root css-1nm7jcr\"\u001b[39m\n      \u001b[36m>\u001b[39m\n        \u001b[36m<div\u001b[39m\n          \u001b[33mclass\u001b[39m=\u001b[32m\"MuiBox-root css-4xjgmj\"\u001b[39m\n        \u001b[36m>\u001b[39m\n          \u001b[36m<div\u001b[39m\n            \u001b[33mclass\u001b[39m=\u001b[32m\"MuiBox-root css-x2dw3h\"\u001b[39m\n          \u001b[36m>\u001b[39m\n            \u001b[36m<span\u001b[39m\n              \u001b[33mclass\u001b[39m=\u001b[32m\"MuiTypography-root MuiTypography-caption css-c84xd4-MuiTypography-root\"\u001b[39m\n            \u001b[36m>\u001b[39m\n              \u001b[0mS-ERP\u001b[0m\n            \u001b[36m</span>\u001b[39m\n            \u001b[36m<div\u001b[39m\n              \u001b[33mclass\u001b[39m=\u001b[32m\"MuiStack-root css-1nf2sby-MuiStack-root\"\u001b[39m\n            \u001b[36m/>\u001b[39m\n          \u001b[36m</div>\u001b[39m\n          \u001b[36m<div\u001b[39m\n            \u001b[33mclass\u001b[39m=\u001b[32m\"MuiDrawer-root MuiDrawer-anchorLeft MuiDrawer-docked css-o7cp3o-MuiDrawer-docked\"\u001b[39m\n          \u001b[36m>\u001b[39m\n            \u001b[36m<div\u001b[39m\n              \u001b[33mclass\u001b[39m=\u001b[32m\"MuiPaper-root MuiPaper-elevation MuiPaper-elevation0 MuiDrawer-paper css-clstz6-MuiPaper-root-MuiDrawer-paper\"\u001b[39m\n              \u001b[33mstyle\u001b[39m=\u001b[32m\"--Paper-shadow: none;\"\u001b[39m\n            \u001b[36m>\u001b[39m\n              \u001b[36m<div\u001b[39m\n                \u001b[33mclass\u001b[39m=\u001b[32m\"MuiBox-root css-1b48rka\"\u001b[39m\n              \u001b[36m>\u001b[39m\n                \u001b[36m<div\u001b[39m\n                  \u001b[33mclass\u001b[39m=\u001b[32m\"MuiBox-root css-30wvun\"\u001b[39m\n                \u001b[36m>\u001b[39m\n                  \u001b[36m<h2\u001b[39m\n                    \u001b[33mclass\u001b[39m=\u001b[32m\"MuiTypography-root MuiTypography-subtitle2 css-ojewxx-MuiTypography-root\"\u001b[39m\n                  \u001b[36m>\u001b[39m\n                    \u001b[0m모듈 선택\u001b[0m\n                  \u001b[36m</h2>\u001b[39m\n                  \u001b[36m<div\u001b[39m\n                    \u001b[33mclass\u001b[39m=\u001b[32m\"MuiBox-root css-171onha\"\u001b[39m\n                  \u001b[36m>\u001b[39m\n                    \u001b[36m<h3\u001b[39m\n                      \u001b[33mclass\u001b[39m=\u001b[32m\"MuiTypography-root MuiTypography-caption css-58gmx2-MuiTypography-root\"\u001b[39m\n                    \u001b[36m>\u001b[39m\n                      \u001b[0m접근 가능한 메뉴 없음\u001b[0m\n                    \u001b[36m</h3>\u001b[39m\n                    \u001b[36m<button\u001b[39m\n                      \u001b[33maria-label\u001b[39m=\u001b[32m\"메뉴 닫기\"\u001b[39m\n                      \u001b[33mclass\u001b[39m=\u001b[32m\"MuiButtonBase-root MuiIconButton-root MuiIconButton-sizeSmall css-m3y1u5-MuiButtonBase-root-MuiIconButton-root\"\u001b[39m\n                      \u001b[33mtabindex\u001b[39m=\u001b[32m\"0\"\u001b[39m\n                      \u001b[33mtype\u001b[39m=\u001b[32m\"button\"\u001b[39m\n                    \u001b[36m>\u001b[39m\n                      \u001b[36m<svg\u001b[39m\n                        \u001b[33maria-hidden\u001b[39m=\u001b[32m\"true\"\u001b[39m\n                        \u001b[33mclass\u001b[39m=\u001b[32m\"MuiSvgIcon-root MuiSvgIcon-fontSizeSmall css-120dh41-MuiSvgIcon-root\"\u001b[39m\n                        \u001b[33mdata-testid\u001b[39m=\u001b[32m\"CloseOutlinedIcon\"\u001b[39m\n                        \u001b[33mfocusable\u001b[39m=\u001b[32m\"false\"\u001b[39m\n                        \u001b[33mviewBox\u001b[39m=\u001b[32m\"0 0 24 24\"\u001b[39m\n                      \u001b[36m>\u001b[39m\n                        \u001b[36m<path\u001b[39m\n                          \u001b[33md\u001b[39m=\u001b[32m\"M19 6.41 17.59 5 12 10.59 6.41 5 5 6.41 10.59 12 5 17.59 6.41 19 12 13.41 17.59 19 19 17.59 13.41 12z\"\u001b[39m\n                        \u001b[36m/>\u001b[39m\n                      \u001b[36m</svg>\u001b[39m\n                    \u001b[36m</button>\u001b[39m\n                  \u001b[36m</div>\u001b[39m\n                \u001b[36m</div>\u001b[39m\n                \u001b[36m<div\u001b[39m\n                  \u001b[33mclass\u001b[39m=\u001b[32m\"MuiBox-root css-rjaeav\"\u001b[39m\n                \u001b[36m>\u001b[39m\n                  \u001b[36m<ul\u001b[39m\n                    \u001b[33maria-multiselectable\u001b[39m=\u001b[32m\"false\"\u001b[39m\n                    \u001b[33mclass\u001b[39m=\u001b[32m\"MuiSimpleTreeView-root css-xky4ds-MuiSimpleTreeView-root\"\u001b[39m\n                    \u001b[33mid\u001b[39m=\u001b[32m\"mui-tree-view-4\"\u001b[39m\n                    \u001b[33mrole\u001b[39m=\u001b[32m\"tree\"\u001b[39m\n                    \u001b[33mstyle\u001b[39m=\u001b[32m\"--TreeView-itemChildrenIndentation: 12px;\"\u001b[39m\n                  \u001b[36m/>\u001b[39m\n                \u001b[36m</div>\u001b[39m\n                \u001b[36m<div\u001b[39m\n                  \u001b[33mclass\u001b[39m=\u001b[32m\"MuiBox-root css-g0ql4o\"\u001b[39m\n                \u001b[36m>\u001b[39m\n                  \u001b[36m<div\u001b[39m\n                    \u001b[33mclass\u001b[39m=\u001b[32m\"MuiPaper-root MuiPaper-elevation MuiPaper-rounded MuiPaper-elevation1 MuiCard-root css-1q4hrd9-MuiPaper-root-MuiCard-root\"\u001b[39m\n                    \u001b[33mstyle\u001b[39m=\u001b[32m\"--Paper-shadow: 0px 2px 1px -1px rgba(0,0,0,0.2),0px 1px 1px 0px rgba(0,0,0,0.14),0px 1px 3px 0px rgba(0,0,0,0.12);\"\u001b[39m\n                  \u001b[36m>\u001b[39m\n                    \u001b[36m<div\u001b[39m\n                      \u001b[33mclass\u001b[39m=\u001b[32m\"MuiCardContent-root css-r6rfnr-MuiCardContent-root\"\u001b[39m\n                    \u001b[36m>\u001b[39m\n                      \u001b[36m<div\u001b[39m\n                        \u001b[33mclass\u001b[39m=\u001b[32m\"MuiBox-root css-120nera\"\u001b[39m\n                      \u001b[36m>\u001b[39m\n                        \u001b[36m<div\u001b[39m\n                          \u001b[33mclass\u001b[39m=\u001b[32m\"MuiAvatar-root MuiAvatar-circular MuiAvatar-colorDefault css-axd85q-MuiAvatar-root\"\u001b[39m\n                        \u001b[36m>\u001b[39m\n                          \u001b[0mA\u001b[0m\n                        \u001b[36m</div>\u001b[39m\n                        \u001b[36m<div\u001b[39m\n                          \u001b[33mclass\u001b[39m=\u001b[32m\"MuiBox-root css-0\"\u001b[39m\n                        \u001b[36m>\u001b[39m\n                          \u001b[36m<h6\u001b[39m\n                            \u001b[33mclass\u001b[39m=\u001b[32m\"MuiTypography-root MuiTypography-subtitle2 css-v1p2rx-MuiTypography-root\"\u001b[39m\n                          \u001b[36m>\u001b[39m\n                            \u001b[0m관리자\u001b[0m\n                          \u001b[36m</h6>\u001b[39m\n                          \u001b[36m<span\u001b[39m\n                            \u001b[33mclass\u001b[39m=\u001b[32m\"MuiTypography-root MuiTypography-caption css-ldfv8v-MuiTypography-root\"\u001b[39m\n                          \u001b[36m>\u001b[39m\n                            \u001b[0madmin@f1soft.com\u001b[0m\n                          \u001b[36m</span>\u001b[39m\n                        \u001b[36m</div>\u001b[39m\n                      \u001b[36m</div>\u001b[39m\n                    \u001b[36m</div>\u001b[39m\n                  \u001b[36m</div>\u001b[39m\n                \u001b[36m</div>\u001b[39m\n              \u001b[36m</div>\u001b[39m\n            \u001b[36m</div>\u001b[39m\n          \u001b[36m</div>\u001b[39m\n        \u001b[36m</div>\u001b[39m\n        \u001b[36m<div\u001b[39m\n          \u001b[33mclass\u001b[39m=\u001b[32m\"MuiBox-root css-1z11rtz\"\u001b[39m\n        \u001b[36m>\u001b[39m\n          \u001b[36m<div\u001b[39m\n            \u001b[33mclass\u001b[39m=\u001b[32m\"MuiBox-root css-l4aa1k\"\u001b[39m\n          \u001b[36m>\u001b[39m\n            \u001b[36m<h6\u001b[39m\n              \u001b[33mclass\u001b[39m=\u001b[32m\"MuiTypography-root MuiTypography-h6 css-ly9nj5-MuiTypography-root\"\u001b[39m\n            \u001b[36m>\u001b[39m\n              \u001b[0m접근 가능한 메뉴가 없습니다.\u001b[0m\n            \u001b[36m</h6>\u001b[39m\n          \u001b[36m</div>\u001b[39m\n        \u001b[36m</div>\u001b[39m\n      \u001b[36m</div>\u001b[39m\n    \u001b[36m</div>\u001b[39m\n  \u001b[36m</div>\u001b[39m\n\u001b[36m</body>\u001b[39m\n    at waitForWrapper (D:\\f1soft\\dev\\react\\S-ERP\\frontend\\node_modules\\@testing-library\\dom\\dist\\wait-for.js:163:27)\n    at D:\\f1soft\\dev\\react\\S-ERP\\frontend\\node_modules\\@testing-library\\dom\\dist\\query-helpers.js:86:33\n    at loginAsAdmin (D:/f1soft/dev/react/S-ERP/frontend/tests/dashboard-sidebar.test.tsx:18:16)\n    at D:/f1soft/dev/react/S-ERP/frontend/tests/dashboard-sidebar.test.tsx:166:11\n    at file:///D:/f1soft/dev/react/S-ERP/frontend/node_modules/@vitest/runner/dist/chunk-artifact.js:302:11\n    at file:///D:/f1soft/dev/react/S-ERP/frontend/node_modules/@vitest/runner/dist/chunk-artifact.js:1903:26\n    at file:///D:/f1soft/dev/react/S-ERP/frontend/node_modules/@vitest/runner/dist/chunk-artifact.js:2326:20\n    at new Promise (<anonymous>)\n    at runWithCancel (file:///D:/f1soft/dev/react/S-ERP/frontend/node_modules/@vitest/runner/dist/chunk-artifact.js:2323:10)\n    at file:///D:/f1soft/dev/react/S-ERP/frontend/node_modules/@vitest/runner/dist/chunk-artifact.js:2305:20"],"meta":{},"tags":[]},{"ancestorTitles":["Dashboard sidebar"],"fullName":"Dashboard sidebar renders a coming soon state when a menu exists but the page is not implemented yet","status":"failed","title":"renders a coming soon state when a menu exists but the page is not implemented yet","duration":30.45499999999811,"failureMessages":["TestingLibraryElementError: Unable to find an element with the text: /요청하신 메뉴는 현재 준비 중입니다/i. This could be because the text is broken up by multiple elements. In this case, you can provide a function for your text matcher to make your matcher more flexible.\n\nIgnored nodes: comments, script, style\n\u001b[36m<body\u001b[39m\n  \u001b[33mstyle\u001b[39m=\u001b[32m\"\"\u001b[39m\n\u001b[36m>\u001b[39m\n  \u001b[36m<div>\u001b[39m\n    \u001b[36m<div\u001b[39m\n      \u001b[33mclass\u001b[39m=\u001b[32m\"MuiBox-root css-k0sogd\"\u001b[39m\n    \u001b[36m>\u001b[39m\n      \u001b[36m<div\u001b[39m\n        \u001b[33mclass\u001b[39m=\u001b[32m\"MuiBox-root css-gaw9z5\"\u001b[39m\n      \u001b[36m>\u001b[39m\n        \u001b[36m<div\u001b[39m\n          \u001b[33mclass\u001b[39m=\u001b[32m\"MuiBox-root css-1dqpodj\"\u001b[39m\n        \u001b[36m>\u001b[39m\n          \u001b[36m<span\u001b[39m\n            \u001b[33mclass\u001b[39m=\u001b[32m\"MuiTypography-root MuiTypography-overline css-12crpts-MuiTypography-root\"\u001b[39m\n          \u001b[36m>\u001b[39m\n            \u001b[36m<span\u001b[39m\n              \u001b[33maria-hidden\u001b[39m=\u001b[32m\"true\"\u001b[39m\n              \u001b[33mclass\u001b[39m=\u001b[32m\"MuiBox-root css-1sp7evn\"\u001b[39m\n            \u001b[36m>\u001b[39m\n              \u001b[0m영업관리 &gt; 수주 관리\u001b[0m\n            \u001b[36m</span>\u001b[39m\n            \u001b[36m<span\u001b[39m\n              \u001b[33mclass\u001b[39m=\u001b[32m\"MuiBox-root css-p9qzma\"\u001b[39m\n            \u001b[36m>\u001b[39m\n              \u001b[0m영업관리\u001b[0m\n            \u001b[36m</span>\u001b[39m\n            \u001b[36m<span\u001b[39m\n              \u001b[33mclass\u001b[39m=\u001b[32m\"MuiBox-root css-b9fwsy\"\u001b[39m\n            \u001b[36m>\u001b[39m\n              \u001b[0m &gt; \u001b[0m\n              \u001b[0m수주 관리\u001b[0m\n            \u001b[36m</span>\u001b[39m\n          \u001b[36m</span>\u001b[39m\n          \u001b[36m<p\u001b[39m\n            \u001b[33mclass\u001b[39m=\u001b[32m\"MuiTypography-root MuiTypography-body2 css-849rhd-MuiTypography-root\"\u001b[39m\n          \u001b[36m>\u001b[39m\n            \u001b[0m수주 관리 화면입니다.\u001b[0m\n          \u001b[36m</p>\u001b[39m\n        \u001b[36m</div>\u001b[39m\n      \u001b[36m</div>\u001b[39m\n      \u001b[36m<div\u001b[39m\n        \u001b[33mclass\u001b[39m=\u001b[32m\"MuiContainer-root MuiContainer-maxWidthXl css-12chgqh-MuiContainer-root\"\u001b[39m\n      \u001b[36m>\u001b[39m\n        \u001b[36m<div\u001b[39m\n          \u001b[33mclass\u001b[39m=\u001b[32m\"MuiBox-root css-ne7hn7\"\u001b[39m\n        \u001b[36m>\u001b[39m\n          \u001b[36m<div\u001b[39m\n            \u001b[33mclass\u001b[39m=\u001b[32m\"MuiBox-root css-0\"\u001b[39m\n          \u001b[36m>\u001b[39m\n            \u001b[36m<h6\u001b[39m\n              \u001b[33mclass\u001b[39m=\u001b[32m\"MuiTypography-root MuiTypography-h6 css-tqcf31-MuiTypography-root\"\u001b[39m\n            \u001b[36m>\u001b[39m\n              \u001b[0m준비 중입니다\u001b[0m\n            \u001b[36m</h6>\u001b[39m\n            \u001b[36m<p\u001b[39m\n              \u001b[33mclass\u001b[39m=\u001b[32m\"MuiTypography-root MuiTypography-body2 css-1di8ade-MuiTypography-root\"\u001b[39m\n            \u001b[36m>\u001b[39m\n              \u001b[0m수주 관리 화면입니다.\u001b[0m\n            \u001b[36m</p>\u001b[39m\n            \u001b[36m<span\u001b[39m\n              \u001b[33mclass\u001b[39m=\u001b[32m\"MuiTypography-root MuiTypography-caption css-97k72z-MuiTypography-root\"\u001b[39m\n            \u001b[36m>\u001b[39m\n              \u001b[0m수주 관리 메뉴는 추후 제공될 예정입니다.\u001b[0m\n            \u001b[36m</span>\u001b[39m\n          \u001b[36m</div>\u001b[39m\n        \u001b[36m</div>\u001b[39m\n      \u001b[36m</div>\u001b[39m\n    \u001b[36m</div>\u001b[39m\n  \u001b[36m</div>\u001b[39m\n\u001b[36m</body>\u001b[39m\n    at Object.getElementError (D:\\f1soft\\dev\\react\\S-ERP\\frontend\\node_modules\\@testing-library\\dom\\dist\\config.js:37:19)\n    at D:\\f1soft\\dev\\react\\S-ERP\\frontend\\node_modules\\@testing-library\\dom\\dist\\query-helpers.js:76:38\n    at D:\\f1soft\\dev\\react\\S-ERP\\frontend\\node_modules\\@testing-library\\dom\\dist\\query-helpers.js:52:17\n    at D:\\f1soft\\dev\\react\\S-ERP\\frontend\\node_modules\\@testing-library\\dom\\dist\\query-helpers.js:95:19\n    at D:/f1soft/dev/react/S-ERP/frontend/tests/dashboard-sidebar.test.tsx:207:14\n    at file:///D:/f1soft/dev/react/S-ERP/frontend/node_modules/@vitest/runner/dist/chunk-artifact.js:302:11\n    at file:///D:/f1soft/dev/react/S-ERP/frontend/node_modules/@vitest/runner/dist/chunk-artifact.js:1903:26\n    at file:///D:/f1soft/dev/react/S-ERP/frontend/node_modules/@vitest/runner/dist/chunk-artifact.js:2326:20\n    at new Promise (<anonymous>)\n    at runWithCancel (file:///D:/f1soft/dev/react/S-ERP/frontend/node_modules/@vitest/runner/dist/chunk-artifact.js:2323:10)"],"meta":{},"tags":[]},{"ancestorTitles":["Dashboard sidebar"],"fullName":"Dashboard sidebar renders the ERP-style role and menu management screens","status":"failed","title":"renders the ERP-style role and menu management screens","duration":1255.5625,"failureMessages":["Error: Unable to find role=\"heading\" and name `/^종합현황$/i`\n\nIgnored nodes: comments, script, style\n\u001b[36m<body\u001b[39m\n  \u001b[33mstyle\u001b[39m=\u001b[32m\"background-color: rgb(244, 247, 251); color: rgb(15, 23, 42);\"\u001b[39m\n\u001b[36m>\u001b[39m\n  \u001b[36m<div>\u001b[39m\n    \u001b[36m<div\u001b[39m\n      \u001b[33mclass\u001b[39m=\u001b[32m\"MuiBox-root css-190fjqd\"\u001b[39m\n    \u001b[36m>\u001b[39m\n      \u001b[36m<div\u001b[39m\n        \u001b[33mclass\u001b[39m=\u001b[32m\"MuiBox-root css-1nm7jcr\"\u001b[39m\n      \u001b[36m>\u001b[39m\n        \u001b[36m<div\u001b[39m\n          \u001b[33mclass\u001b[39m=\u001b[32m\"MuiBox-root css-4xjgmj\"\u001b[39m\n        \u001b[36m>\u001b[39m\n          \u001b[36m<div\u001b[39m\n            \u001b[33mclass\u001b[39m=\u001b[32m\"MuiBox-root css-x2dw3h\"\u001b[39m\n          \u001b[36m>\u001b[39m\n            \u001b[36m<span\u001b[39m\n              \u001b[33mclass\u001b[39m=\u001b[32m\"MuiTypography-root MuiTypography-caption css-c84xd4-MuiTypography-root\"\u001b[39m\n            \u001b[36m>\u001b[39m\n              \u001b[0mS-ERP\u001b[0m\n            \u001b[36m</span>\u001b[39m\n            \u001b[36m<div\u001b[39m\n              \u001b[33mclass\u001b[39m=\u001b[32m\"MuiStack-root css-1nf2sby-MuiStack-root\"\u001b[39m\n            \u001b[36m/>\u001b[39m\n          \u001b[36m</div>\u001b[39m\n          \u001b[36m<div\u001b[39m\n            \u001b[33mclass\u001b[39m=\u001b[32m\"MuiDrawer-root MuiDrawer-anchorLeft MuiDrawer-docked css-o7cp3o-MuiDrawer-docked\"\u001b[39m\n          \u001b[36m>\u001b[39m\n            \u001b[36m<div\u001b[39m\n              \u001b[33mclass\u001b[39m=\u001b[32m\"MuiPaper-root MuiPaper-elevation MuiPaper-elevation0 MuiDrawer-paper css-clstz6-MuiPaper-root-MuiDrawer-paper\"\u001b[39m\n              \u001b[33mstyle\u001b[39m=\u001b[32m\"--Paper-shadow: none;\"\u001b[39m\n            \u001b[36m>\u001b[39m\n              \u001b[36m<div\u001b[39m\n                \u001b[33mclass\u001b[39m=\u001b[32m\"MuiBox-root css-1b48rka\"\u001b[39m\n              \u001b[36m>\u001b[39m\n                \u001b[36m<div\u001b[39m\n                  \u001b[33mclass\u001b[39m=\u001b[32m\"MuiBox-root css-30wvun\"\u001b[39m\n                \u001b[36m>\u001b[39m\n                  \u001b[36m<h2\u001b[39m\n                    \u001b[33mclass\u001b[39m=\u001b[32m\"MuiTypography-root MuiTypography-subtitle2 css-ojewxx-MuiTypography-root\"\u001b[39m\n                  \u001b[36m>\u001b[39m\n                    \u001b[0m모듈 선택\u001b[0m\n                  \u001b[36m</h2>\u001b[39m\n                  \u001b[36m<div\u001b[39m\n                    \u001b[33mclass\u001b[39m=\u001b[32m\"MuiBox-root css-171onha\"\u001b[39m\n                  \u001b[36m>\u001b[39m\n                    \u001b[36m<h3\u001b[39m\n                      \u001b[33mclass\u001b[39m=\u001b[32m\"MuiTypography-root MuiTypography-caption css-58gmx2-MuiTypography-root\"\u001b[39m\n                    \u001b[36m>\u001b[39m\n                      \u001b[0m접근 가능한 메뉴 없음\u001b[0m\n                    \u001b[36m</h3>\u001b[39m\n                    \u001b[36m<button\u001b[39m\n                      \u001b[33maria-label\u001b[39m=\u001b[32m\"메뉴 닫기\"\u001b[39m\n                      \u001b[33mclass\u001b[39m=\u001b[32m\"MuiButtonBase-root MuiIconButton-root MuiIconButton-sizeSmall css-m3y1u5-MuiButtonBase-root-MuiIconButton-root\"\u001b[39m\n                      \u001b[33mtabindex\u001b[39m=\u001b[32m\"0\"\u001b[39m\n                      \u001b[33mtype\u001b[39m=\u001b[32m\"button\"\u001b[39m\n                    \u001b[36m>\u001b[39m\n                      \u001b[36m<svg\u001b[39m\n                        \u001b[33maria-hidden\u001b[39m=\u001b[32m\"true\"\u001b[39m\n                        \u001b[33mclass\u001b[39m=\u001b[32m\"MuiSvgIcon-root MuiSvgIcon-fontSizeSmall css-120dh41-MuiSvgIcon-root\"\u001b[39m\n                        \u001b[33mdata-testid\u001b[39m=\u001b[32m\"CloseOutlinedIcon\"\u001b[39m\n                        \u001b[33mfocusable\u001b[39m=\u001b[32m\"false\"\u001b[39m\n                        \u001b[33mviewBox\u001b[39m=\u001b[32m\"0 0 24 24\"\u001b[39m\n                      \u001b[36m>\u001b[39m\n                        \u001b[36m<path\u001b[39m\n                          \u001b[33md\u001b[39m=\u001b[32m\"M19 6.41 17.59 5 12 10.59 6.41 5 5 6.41 10.59 12 5 17.59 6.41 19 12 13.41 17.59 19 19 17.59 13.41 12z\"\u001b[39m\n                        \u001b[36m/>\u001b[39m\n                      \u001b[36m</svg>\u001b[39m\n                    \u001b[36m</button>\u001b[39m\n                  \u001b[36m</div>\u001b[39m\n                \u001b[36m</div>\u001b[39m\n                \u001b[36m<div\u001b[39m\n                  \u001b[33mclass\u001b[39m=\u001b[32m\"MuiBox-root css-rjaeav\"\u001b[39m\n                \u001b[36m>\u001b[39m\n                  \u001b[36m<ul\u001b[39m\n                    \u001b[33maria-multiselectable\u001b[39m=\u001b[32m\"false\"\u001b[39m\n                    \u001b[33mclass\u001b[39m=\u001b[32m\"MuiSimpleTreeView-root css-xky4ds-MuiSimpleTreeView-root\"\u001b[39m\n                    \u001b[33mid\u001b[39m=\u001b[32m\"mui-tree-view-5\"\u001b[39m\n                    \u001b[33mrole\u001b[39m=\u001b[32m\"tree\"\u001b[39m\n                    \u001b[33mstyle\u001b[39m=\u001b[32m\"--TreeView-itemChildrenIndentation: 12px;\"\u001b[39m\n                  \u001b[36m/>\u001b[39m\n                \u001b[36m</div>\u001b[39m\n                \u001b[36m<div\u001b[39m\n                  \u001b[33mclass\u001b[39m=\u001b[32m\"MuiBox-root css-g0ql4o\"\u001b[39m\n                \u001b[36m>\u001b[39m\n                  \u001b[36m<div\u001b[39m\n                    \u001b[33mclass\u001b[39m=\u001b[32m\"MuiPaper-root MuiPaper-elevation MuiPaper-rounded MuiPaper-elevation1 MuiCard-root css-1q4hrd9-MuiPaper-root-MuiCard-root\"\u001b[39m\n                    \u001b[33mstyle\u001b[39m=\u001b[32m\"--Paper-shadow: 0px 2px 1px -1px rgba(0,0,0,0.2),0px 1px 1px 0px rgba(0,0,0,0.14),0px 1px 3px 0px rgba(0,0,0,0.12);\"\u001b[39m\n                  \u001b[36m>\u001b[39m\n                    \u001b[36m<div\u001b[39m\n                      \u001b[33mclass\u001b[39m=\u001b[32m\"MuiCardContent-root css-r6rfnr-MuiCardContent-root\"\u001b[39m\n                    \u001b[36m>\u001b[39m\n                      \u001b[36m<div\u001b[39m\n                        \u001b[33mclass\u001b[39m=\u001b[32m\"MuiBox-root css-120nera\"\u001b[39m\n                      \u001b[36m>\u001b[39m\n                        \u001b[36m<div\u001b[39m\n                          \u001b[33mclass\u001b[39m=\u001b[32m\"MuiAvatar-root MuiAvatar-circular MuiAvatar-colorDefault css-axd85q-MuiAvatar-root\"\u001b[39m\n                        \u001b[36m>\u001b[39m\n                          \u001b[0mA\u001b[0m\n                        \u001b[36m</div>\u001b[39m\n                        \u001b[36m<div\u001b[39m\n                          \u001b[33mclass\u001b[39m=\u001b[32m\"MuiBox-root css-0\"\u001b[39m\n                        \u001b[36m>\u001b[39m\n                          \u001b[36m<h6\u001b[39m\n                            \u001b[33mclass\u001b[39m=\u001b[32m\"MuiTypography-root MuiTypography-subtitle2 css-v1p2rx-MuiTypography-root\"\u001b[39m\n                          \u001b[36m>\u001b[39m\n                            \u001b[0m관리자\u001b[0m\n                          \u001b[36m</h6>\u001b[39m\n                          \u001b[36m<span\u001b[39m\n                            \u001b[33mclass\u001b[39m=\u001b[32m\"MuiTypography-root MuiTypography-caption css-ldfv8v-MuiTypography-root\"\u001b[39m\n                          \u001b[36m>\u001b[39m\n                            \u001b[0madmin@f1soft.com\u001b[0m\n                          \u001b[36m</span>\u001b[39m\n                        \u001b[36m</div>\u001b[39m\n                      \u001b[36m</div>\u001b[39m\n                    \u001b[36m</div>\u001b[39m\n                  \u001b[36m</div>\u001b[39m\n                \u001b[36m</div>\u001b[39m\n              \u001b[36m</div>\u001b[39m\n            \u001b[36m</div>\u001b[39m\n          \u001b[36m</div>\u001b[39m\n        \u001b[36m</div>\u001b[39m\n        \u001b[36m<div\u001b[39m\n          \u001b[33mclass\u001b[39m=\u001b[32m\"MuiBox-root css-1z11rtz\"\u001b[39m\n        \u001b[36m>\u001b[39m\n          \u001b[36m<div\u001b[39m\n            \u001b[33mclass\u001b[39m=\u001b[32m\"MuiBox-root css-l4aa1k\"\u001b[39m\n          \u001b[36m>\u001b[39m\n            \u001b[36m<h6\u001b[39m\n              \u001b[33mclass\u001b[39m=\u001b[32m\"MuiTypography-root MuiTypography-h6 css-ly9nj5-MuiTypography-root\"\u001b[39m\n            \u001b[36m>\u001b[39m\n              \u001b[0m접근 가능한 메뉴가 없습니다.\u001b[0m\n            \u001b[36m</h6>\u001b[39m\n          \u001b[36m</div>\u001b[39m\n        \u001b[36m</div>\u001b[39m\n      \u001b[36m</div>\u001b[39m\n    \u001b[36m</div>\u001b[39m\n  \u001b[36m</div>\u001b[39m\n\u001b[36m</body>\u001b[39m\n    at waitForWrapper (D:\\f1soft\\dev\\react\\S-ERP\\frontend\\node_modules\\@testing-library\\dom\\dist\\wait-for.js:163:27)\n    at D:\\f1soft\\dev\\react\\S-ERP\\frontend\\node_modules\\@testing-library\\dom\\dist\\query-helpers.js:86:33\n    at loginAsAdmin (D:/f1soft/dev/react/S-ERP/frontend/tests/dashboard-sidebar.test.tsx:18:16)\n    at D:/f1soft/dev/react/S-ERP/frontend/tests/dashboard-sidebar.test.tsx:213:11\n    at file:///D:/f1soft/dev/react/S-ERP/frontend/node_modules/@vitest/runner/dist/chunk-artifact.js:302:11\n    at file:///D:/f1soft/dev/react/S-ERP/frontend/node_modules/@vitest/runner/dist/chunk-artifact.js:1903:26\n    at file:///D:/f1soft/dev/react/S-ERP/frontend/node_modules/@vitest/runner/dist/chunk-artifact.js:2326:20\n    at new Promise (<anonymous>)\n    at runWithCancel (file:///D:/f1soft/dev/react/S-ERP/frontend/node_modules/@vitest/runner/dist/chunk-artifact.js:2323:10)\n    at file:///D:/f1soft/dev/react/S-ERP/frontend/node_modules/@vitest/runner/dist/chunk-artifact.js:2305:20"],"meta":{},"tags":[]}],"startTime":1788848668210,"endTime":1788848677596.5625,"status":"failed","message":"","name":"D:/f1soft/dev/react/S-ERP/frontend/tests/dashboard-sidebar.test.tsx"}]}