{"numTotalTestSuites":2,"numPassedTestSuites":0,"numFailedTestSuites":2,"numPendingTestSuites":0,"numTotalTests":3,"numPassedTests":2,"numFailedTests":1,"numPendingTests":0,"numTodoTests":0,"snapshot":{"added":0,"failure":false,"filesAdded":0,"filesRemoved":0,"filesRemovedList":[],"filesUnmatched":0,"filesUpdated":0,"matched":0,"total":0,"unchecked":0,"uncheckedKeysByFile":[],"unmatched":0,"updated":0,"didUpdate":false},"startTime":1787810985254,"success":false,"testResults":[{"assertionResults":[{"ancestorTitles":["Login page"],"fullName":"Login page renders the enterprise login fields","status":"passed","title":"renders the enterprise login fields","duration":551.2335000000003,"failureMessages":[],"meta":{},"tags":[]},{"ancestorTitles":["Login page"],"fullName":"Login page shows validation errors when required values are missing","status":"passed","title":"shows validation errors when required values are missing","duration":139.51589999999942,"failureMessages":[],"meta":{},"tags":[]},{"ancestorTitles":["Login page"],"fullName":"Login page navigates to the dashboard after successful login","status":"failed","title":"navigates to the dashboard after successful login","duration":4231.0355,"failureMessages":["Error: Unable to find role=\"heading\" and name `/대시보드/i`\n\nIgnored nodes: comments, script, style\n\u001b[36m<body\u001b[39m\n  \u001b[33mstyle\u001b[39m=\u001b[32m\"background-color: rgb(244, 247, 251); color: rgb(15, 23, 42);\"\u001b[39m\n\u001b[36m>\u001b[39m\n  \u001b[36m<div>\u001b[39m\n    \u001b[36m<div\u001b[39m\n      \u001b[33mclass\u001b[39m=\u001b[32m\"MuiBox-root css-190fjqd\"\u001b[39m\n    \u001b[36m/>\u001b[39m\n  \u001b[36m</div>\u001b[39m\n\u001b[36m</body>\u001b[39m\n    at waitForWrapper (D:\\f1soft\\dev\\react\\S-ERP\\frontend\\node_modules\\@testing-library\\dom\\dist\\wait-for.js:163:27)\n    at D:\\f1soft\\dev\\react\\S-ERP\\frontend\\node_modules\\@testing-library\\dom\\dist\\query-helpers.js:86:33\n    at D:/f1soft/dev/react/S-ERP/frontend/tests/login.test.tsx:41:20\n    at file:///D:/f1soft/dev/react/S-ERP/frontend/node_modules/@vitest/runner/dist/chunk-artifact.js:302:11\n    at file:///D:/f1soft/dev/react/S-ERP/frontend/node_modules/@vitest/runner/dist/chunk-artifact.js:1903:26\n    at file:///D:/f1soft/dev/react/S-ERP/frontend/node_modules/@vitest/runner/dist/chunk-artifact.js:2326:20\n    at new Promise (<anonymous>)\n    at runWithCancel (file:///D:/f1soft/dev/react/S-ERP/frontend/node_modules/@vitest/runner/dist/chunk-artifact.js:2323:10)\n    at file:///D:/f1soft/dev/react/S-ERP/frontend/node_modules/@vitest/runner/dist/chunk-artifact.js:2305:20\n    at new Promise (<anonymous>)"],"meta":{},"tags":[]}],"startTime":1787810990948,"endTime":1787810995870.0354,"status":"failed","message":"","name":"D:/f1soft/dev/react/S-ERP/frontend/tests/login.test.tsx"}]}