{"numTotalTestSuites":5,"numPassedTestSuites":1,"numFailedTestSuites":4,"numPendingTestSuites":0,"numTotalTests":28,"numPassedTests":9,"numFailedTests":19,"numPendingTests":0,"numTodoTests":0,"snapshot":{"added":0,"failure":false,"filesAdded":0,"filesRemoved":0,"filesRemovedList":[],"filesUnmatched":0,"filesUpdated":0,"matched":0,"total":0,"unchecked":0,"uncheckedKeysByFile":[],"unmatched":0,"updated":0,"didUpdate":false},"startTime":1788233909692,"success":false,"testResults":[{"assertionResults":[{"ancestorTitles":["MenuManagementPanel F1Tree integration"],"fullName":"MenuManagementPanel F1Tree integration renders the existing menu rows through F1Tree with tree commands","status":"failed","title":"renders the existing menu rows through F1Tree with tree commands","duration":2912.542800000001,"failureMessages":["TestingLibraryElementError: Unable to find an accessible element with the role \"button\" and name \"삭제\"\n\nHere are the accessible roles:\n\n  heading:\n\n  Name \"메뉴 관리\":\n  \u001b[36m<h6\u001b[39m\n    \u001b[33mclass\u001b[39m=\u001b[32m\"MuiTypography-root MuiTypography-h6 css-h9fkkg-MuiTypography-root\"\u001b[39m\n  \u001b[36m/>\u001b[39m\n\n  --------------------------------------------------\n  toolbar:\n\n  Name \"메뉴 업무 액션\":\n  \u001b[36m<div\u001b[39m\n    \u001b[33maria-label\u001b[39m=\u001b[32m\"메뉴 업무 액션\"\u001b[39m\n    \u001b[33mclass\u001b[39m=\u001b[32m\"MuiBox-root css-1aheubh\"\u001b[39m\n    \u001b[33mrole\u001b[39m=\u001b[32m\"toolbar\"\u001b[39m\n  \u001b[36m/>\u001b[39m\n\n  Name \"메뉴 그리드 제어\":\n  \u001b[36m<div\u001b[39m\n    \u001b[33maria-label\u001b[39m=\u001b[32m\"메뉴 그리드 제어\"\u001b[39m\n    \u001b[33mclass\u001b[39m=\u001b[32m\"MuiBox-root css-rj8thk\"\u001b[39m\n    \u001b[33mrole\u001b[39m=\u001b[32m\"toolbar\"\u001b[39m\n  \u001b[36m/>\u001b[39m\n\n  --------------------------------------------------\n  button:\n\n  Name \"루트 메뉴 추가\":\n  \u001b[36m<button\u001b[39m\n    \u001b[33mclass\u001b[39m=\u001b[32m\"MuiButtonBase-root MuiButton-root MuiButton-text MuiButton-sizeSmall MuiButton-colorPrimary css-1ccsd5i-MuiButtonBase-root-MuiButton-root\"\u001b[39m\n    \u001b[33mtabindex\u001b[39m=\u001b[32m\"0\"\u001b[39m\n    \u001b[33mtype\u001b[39m=\u001b[32m\"button\"\u001b[39m\n  \u001b[36m/>\u001b[39m\n\n  Name \"하위 메뉴 추가\":\n  \u001b[36m<button\u001b[39m\n    \u001b[33mclass\u001b[39m=\u001b[32m\"MuiButtonBase-root Mui-disabled MuiButton-root MuiButton-text MuiButton-sizeSmall MuiButton-colorPrimary css-1ccsd5i-MuiButtonBase-root-MuiButton-root\"\u001b[39m\n    \u001b[33mdisabled\u001b[39m=\u001b[32m\"\"\u001b[39m\n    \u001b[33mtabindex\u001b[39m=\u001b[32m\"-1\"\u001b[39m\n    \u001b[33mtype\u001b[39m=\u001b[32m\"button\"\u001b[39m\n  \u001b[36m/>\u001b[39m\n\n  Name \"전체 펼치기\":\n  \u001b[36m<button\u001b[39m\n    \u001b[33maria-label\u001b[39m=\u001b[32m\"전체 펼치기\"\u001b[39m\n    \u001b[33mclass\u001b[39m=\u001b[32m\"MuiButtonBase-root MuiIconButton-root MuiIconButton-sizeSmall css-155wbr6-MuiButtonBase-root-MuiIconButton-root\"\u001b[39m\n    \u001b[33mtabindex\u001b[39m=\u001b[32m\"0\"\u001b[39m\n    \u001b[33mtype\u001b[39m=\u001b[32m\"button\"\u001b[39m\n  \u001b[36m/>\u001b[39m\n\n  Name \"전체 접기\":\n  \u001b[36m<button\u001b[39m\n    \u001b[33maria-label\u001b[39m=\u001b[32m\"전체 접기\"\u001b[39m\n    \u001b[33mclass\u001b[39m=\u001b[32m\"MuiButtonBase-root MuiIconButton-root MuiIconButton-sizeSmall css-155wbr6-MuiButtonBase-root-MuiIconButton-root\"\u001b[39m\n    \u001b[33mtabindex\u001b[39m=\u001b[32m\"0\"\u001b[39m\n    \u001b[33mtype\u001b[39m=\u001b[32m\"button\"\u001b[39m\n  \u001b[36m/>\u001b[39m\n\n  Name \"메뉴명 컬럼 메뉴\":\n  \u001b[36m<button\u001b[39m\n    \u001b[33maria-label\u001b[39m=\u001b[32m\"메뉴명 컬럼 메뉴\"\u001b[39m\n    \u001b[33mclass\u001b[39m=\u001b[32m\"MuiButtonBase-root MuiIconButton-root MuiIconButton-sizeSmall f1-grid-col-menu-btn css-155wbr6-MuiButtonBase-root-MuiIconButton-root\"\u001b[39m\n    \u001b[33mtabindex\u001b[39m=\u001b[32m\"0\"\u001b[39m\n    \u001b[33mtype\u001b[39m=\u001b[32m\"button\"\u001b[39m\n  \u001b[36m/>\u001b[39m\n\n  Name \"코드 컬럼 메뉴\":\n  \u001b[36m<button\u001b[39m\n    \u001b[33maria-label\u001b[39m=\u001b[32m\"코드 컬럼 메뉴\"\u001b[39m\n    \u001b[33mclass\u001b[39m=\u001b[32m\"MuiButtonBase-root MuiIconButton-root MuiIconButton-sizeSmall f1-grid-col-menu-btn css-155wbr6-MuiButtonBase-root-MuiIconButton-root\"\u001b[39m\n    \u001b[33mtabindex\u001b[39m=\u001b[32m\"0\"\u001b[39m\n    \u001b[33mtype\u001b[39m=\u001b[32m\"button\"\u001b[39m\n  \u001b[36m/>\u001b[39m\n\n  Name \"경로 컬럼 메뉴\":\n  \u001b[36m<button\u001b[39m\n    \u001b[33maria-label\u001b[39m=\u001b[32m\"경로 컬럼 메뉴\"\u001b[39m\n    \u001b[33mclass\u001b[39m=\u001b[32m\"MuiButtonBase-root MuiIconButton-root MuiIconButton-sizeSmall f1-grid-col-menu-btn css-155wbr6-MuiButtonBase-root-MuiIconButton-root\"\u001b[39m\n    \u001b[33mtabindex\u001b[39m=\u001b[32m\"0\"\u001b[39m\n    \u001b[33mtype\u001b[39m=\u001b[32m\"button\"\u001b[39m\n  \u001b[36m/>\u001b[39m\n\n  Name \"정렬 컬럼 메뉴\":\n  \u001b[36m<button\u001b[39m\n    \u001b[33maria-label\u001b[39m=\u001b[32m\"정렬 컬럼 메뉴\"\u001b[39m\n    \u001b[33mclass\u001b[39m=\u001b[32m\"MuiButtonBase-root MuiIconButton-root MuiIconButton-sizeSmall f1-grid-col-menu-btn css-155wbr6-MuiButtonBase-root-MuiIconButton-root\"\u001b[39m\n    \u001b[33mtabindex\u001b[39m=\u001b[32m\"0\"\u001b[39m\n    \u001b[33mtype\u001b[39m=\u001b[32m\"button\"\u001b[39m\n  \u001b[36m/>\u001b[39m\n\n  Name \"사용 여부 컬럼 메뉴\":\n  \u001b[36m<button\u001b[39m\n    \u001b[33maria-label\u001b[39m=\u001b[32m\"사용 여부 컬럼 메뉴\"\u001b[39m\n    \u001b[33mclass\u001b[39m=\u001b[32m\"MuiButtonBase-root MuiIconButton-root MuiIconButton-sizeSmall f1-grid-col-menu-btn css-155wbr6-MuiButtonBase-root-MuiIconButton-root\"\u001b[39m\n    \u001b[33mtabindex\u001b[39m=\u001b[32m\"0\"\u001b[39m\n    \u001b[33mtype\u001b[39m=\u001b[32m\"button\"\u001b[39m\n  \u001b[36m/>\u001b[39m\n\n  Name \"조회 컬럼 메뉴\":\n  \u001b[36m<button\u001b[39m\n    \u001b[33maria-label\u001b[39m=\u001b[32m\"조회 컬럼 메뉴\"\u001b[39m\n    \u001b[33mclass\u001b[39m=\u001b[32m\"MuiButtonBase-root MuiIconButton-root MuiIconButton-sizeSmall f1-grid-col-menu-btn css-155wbr6-MuiButtonBase-root-MuiIconButton-root\"\u001b[39m\n    \u001b[33mtabindex\u001b[39m=\u001b[32m\"0\"\u001b[39m\n    \u001b[33mtype\u001b[39m=\u001b[32m\"button\"\u001b[39m\n  \u001b[36m/>\u001b[39m\n\n  Name \"등록 컬럼 메뉴\":\n  \u001b[36m<button\u001b[39m\n    \u001b[33maria-label\u001b[39m=\u001b[32m\"등록 컬럼 메뉴\"\u001b[39m\n    \u001b[33mclass\u001b[39m=\u001b[32m\"MuiButtonBase-root MuiIconButton-root MuiIconButton-sizeSmall f1-grid-col-menu-btn css-155wbr6-MuiButtonBase-root-MuiIconButton-root\"\u001b[39m\n    \u001b[33mtabindex\u001b[39m=\u001b[32m\"0\"\u001b[39m\n    \u001b[33mtype\u001b[39m=\u001b[32m\"button\"\u001b[39m\n  \u001b[36m/>\u001b[39m\n\n  Name \"수정 컬럼 메뉴\":\n  \u001b[36m<button\u001b[39m\n    \u001b[33maria-label\u001b[39m=\u001b[32m\"수정 컬럼 메뉴\"\u001b[39m\n    \u001b[33mclass\u001b[39m=\u001b[32m\"MuiButtonBase-root MuiIconButton-root MuiIconButton-sizeSmall f1-grid-col-menu-btn css-155wbr6-MuiButtonBase-root-MuiIconButton-root\"\u001b[39m\n    \u001b[33mtabindex\u001b[39m=\u001b[32m\"0\"\u001b[39m\n    \u001b[33mtype\u001b[39m=\u001b[32m\"button\"\u001b[39m\n  \u001b[36m/>\u001b[39m\n\n  Name \"엑셀 컬럼 메뉴\":\n  \u001b[36m<button\u001b[39m\n    \u001b[33maria-label\u001b[39m=\u001b[32m\"엑셀 컬럼 메뉴\"\u001b[39m\n    \u001b[33mclass\u001b[39m=\u001b[32m\"MuiButtonBase-root MuiIconButton-root MuiIconButton-sizeSmall f1-grid-col-menu-btn css-155wbr6-MuiButtonBase-root-MuiIconButton-root\"\u001b[39m\n    \u001b[33mtabindex\u001b[39m=\u001b[32m\"0\"\u001b[39m\n    \u001b[33mtype\u001b[39m=\u001b[32m\"button\"\u001b[39m\n  \u001b[36m/>\u001b[39m\n\n  Name \"dashboard 행 높이 조절\":\n  \u001b[36m<button\u001b[39m\n    \u001b[33maria-label\u001b[39m=\u001b[32m\"dashboard 행 높이 조절\"\u001b[39m\n    \u001b[33maria-valuemax\u001b[39m=\u001b[32m\"300\"\u001b[39m\n    \u001b[33maria-valuemin\u001b[39m=\u001b[32m\"40\"\u001b[39m\n    \u001b[33maria-valuenow\u001b[39m=\u001b[32m\"40\"\u001b[39m\n    \u001b[33mclass\u001b[39m=\u001b[32m\"MuiBox-root css-1nnbvej\"\u001b[39m\n    \u001b[33mrole\u001b[39m=\u001b[32m\"button\"\u001b[39m\n    \u001b[33mtype\u001b[39m=\u001b[32m\"button\"\u001b[39m\n  \u001b[36m/>\u001b[39m\n\n  Name \"환경설정 접기\":\n  \u001b[36m<button\u001b[39m\n    \u001b[33maria-label\u001b[39m=\u001b[32m\"환경설정 접기\"\u001b[39m\n    \u001b[33mclass\u001b[39m=\u001b[32m\"MuiButtonBase-root MuiIconButton-root MuiIconButton-sizeSmall css-155wbr6-MuiButtonBase-root-MuiIconButton-root\"\u001b[39m\n    \u001b[33mtabindex\u001b[39m=\u001b[32m\"0\"\u001b[39m\n    \u001b[33mtype\u001b[39m=\u001b[32m\"button\"\u001b[39m\n  \u001b[36m/>\u001b[39m\n\n  Name \"settings 행 높이 조절\":\n  \u001b[36m<button\u001b[39m\n    \u001b[33maria-label\u001b[39m=\u001b[32m\"settings 행 높이 조절\"\u001b[39m\n    \u001b[33maria-valuemax\u001b[39m=\u001b[32m\"300\"\u001b[39m\n    \u001b[33maria-valuemin\u001b[39m=\u001b[32m\"40\"\u001b[39m\n    \u001b[33maria-valuenow\u001b[39m=\u001b[32m\"40\"\u001b[39m\n    \u001b[33mclass\u001b[39m=\u001b[32m\"MuiBox-root css-1hl18yr\"\u001b[39m\n    \u001b[33mrole\u001b[39m=\u001b[32m\"button\"\u001b[39m\n    \u001b[33mtype\u001b[39m=\u001b[32m\"button\"\u001b[39m\n  \u001b[36m/>\u001b[39m\n\n  Name \"시스템 관리 접기\":\n  \u001b[36m<button\u001b[39m\n    \u001b[33maria-label\u001b[39m=\u001b[32m\"시스템 관리 접기\"\u001b[39m\n    \u001b[33mclass\u001b[39m=\u001b[32m\"MuiButtonBase-root MuiIconButton-root MuiIconButton-sizeSmall css-155wbr6-MuiButtonBase-root-MuiIconButton-root\"\u001b[39m\n    \u001b[33mtabindex\u001b[39m=\u001b[32m\"0\"\u001b[39m\n    \u001b[33mtype\u001b[39m=\u001b[32m\"button\"\u001b[39m\n  \u001b[36m/>\u001b[39m\n\n  Name \"system 행 높이 조절\":\n  \u001b[36m<button\u001b[39m\n    \u001b[33maria-label\u001b[39m=\u001b[32m\"system 행 높이 조절\"\u001b[39m\n    \u001b[33maria-valuemax\u001b[39m=\u001b[32m\"300\"\u001b[39m\n    \u001b[33maria-valuemin\u001b[39m=\u001b[32m\"40\"\u001b[39m\n    \u001b[33maria-valuenow\u001b[39m=\u001b[32m\"40\"\u001b[39m\n    \u001b[33mclass\u001b[39m=\u001b[32m\"MuiBox-root css-nxzxm0\"\u001b[39m\n    \u001b[33mrole\u001b[39m=\u001b[32m\"button\"\u001b[39m\n    \u001b[33mtype\u001b[39m=\u001b[32m\"button\"\u001b[39m\n  \u001b[36m/>\u001b[39m\n\n  Name \"roles 행 높이 조절\":\n  \u001b[36m<button\u001b[39m\n    \u001b[33maria-label\u001b[39m=\u001b[32m\"roles 행 높이 조절\"\u001b[39m\n    \u001b[33maria-valuemax\u001b[39m=\u001b[32m\"300\"\u001b[39m\n    \u001b[33maria-valuemin\u001b[39m=\u001b[32m\"40\"\u001b[39m\n    \u001b[33maria-valuenow\u001b[39m=\u001b[32m\"40\"\u001b[39m\n    \u001b[33mclass\u001b[39m=\u001b[32m\"MuiBox-root css-wh0uy7\"\u001b[39m\n    \u001b[33mrole\u001b[39m=\u001b[32m\"button\"\u001b[39m\n    \u001b[33mtype\u001b[39m=\u001b[32m\"button\"\u001b[39m\n  \u001b[36m/>\u001b[39m\n\n  Name \"menus 행 높이 조절\":\n  \u001b[36m<button\u001b[39m\n    \u001b[33maria-label\u001b[39m=\u001b[32m\"menus 행 높이 조절\"\u001b[39m\n    \u001b[33maria-valuemax\u001b[39m=\u001b[32m\"300\"\u001b[39m\n    \u001b[33maria-valuemin\u001b[39m=\u001b[32m\"40\"\u001b[39m\n    \u001b[33maria-valuenow\u001b[39m=\u001b[32m\"40\"\u001b[39m\n    \u001b[33mclass\u001b[39m=\u001b[32m\"MuiBox-root css-1brbi1p\"\u001b[39m\n    \u001b[33mrole\u001b[39m=\u001b[32m\"button\"\u001b[39m\n    \u001b[33mtype\u001b[39m=\u001b[32m\"button\"\u001b[39m\n  \u001b[36m/>\u001b[39m\n\n  --------------------------------------------------\n  grid:\n\n  Name \"F1-TREE 메뉴 관리\":\n  \u001b[36m<div\u001b[39m\n    \u001b[33maria-label\u001b[39m=\u001b[32m\"F1-TREE 메뉴 관리\"\u001b[39m\n    \u001b[33mclass\u001b[39m=\u001b[32m\"MuiBox-root css-1y0kn0r\"\u001b[39m\n    \u001b[33mrole\u001b[39m=\u001b[32m\"grid\"\u001b[39m\n  \u001b[36m/>\u001b[39m\n\n  --------------------------------------------------\n  row:\n\n  Name \"전체 행 선택 메뉴명 메뉴명 컬럼 너비 조절 코드 코드 컬럼 너비 조절 경로 경로 컬럼 너비 조절 정렬 정렬 컬럼 너비 조절 사용 여부 전체 선택 사용 여부 사용 여부 컬럼 너비 조절 조회 조회 컬럼 너비 조절 등록 등록 컬럼 너비 조절 수정 수정 컬럼 너비 조절 엑셀 엑셀 컬럼 너비 조절\":\n  \u001b[36m<div\u001b[39m\n    \u001b[33mclass\u001b[39m=\u001b[32m\"MuiBox-root css-13srijd\"\u001b[39m\n    \u001b[33mrole\u001b[39m=\u001b[32m\"row\"\u001b[39m\n  \u001b[36m/>\u001b[39m\n\n  Name \"dashboard 행 선택 대시보드 DASH /dashboard 1 사용 여부 dashboard 조회 dashboard 등록 dashboard 수정 dashboard 엑셀 dashboard\":\n  \u001b[36m<div\u001b[39m\n    \u001b[33maria-selected\u001b[39m=\u001b[32m\"false\"\u001b[39m\n    \u001b[33mclass\u001b[39m=\u001b[32m\"MuiBox-root css-1obf64m\"\u001b[39m\n    \u001b[33mrole\u001b[39m=\u001b[32m\"row\"\u001b[39m\n  \u001b[36m/>\u001b[39m\n\n  Name \"settings 행 선택 환경설정 SET /settings 2 사용 여부 settings 조회 settings 등록 settings 수정 settings 엑셀 settings\":\n  \u001b[36m<div\u001b[39m\n    \u001b[33maria-selected\u001b[39m=\u001b[32m\"false\"\u001b[39m\n    \u001b[33mclass\u001b[39m=\u001b[32m\"MuiBox-root css-1obf64m\"\u001b[39m\n    \u001b[33mrole\u001b[39m=\u001b[32m\"row\"\u001b[39m\n  \u001b[36m/>\u001b[39m\n\n  Name \"system 행 선택 시스템 관리 SYS /settings/system 1 사용 여부 system 조회 system 등록 system 수정 system 엑셀 system\":\n  \u001b[36m<div\u001b[39m\n    \u001b[33maria-selected\u001b[39m=\u001b[32m\"false\"\u001b[39m\n    \u001b[33mclass\u001b[39m=\u001b[32m\"MuiBox-root css-1obf64m\"\u001b[39m\n    \u001b[33mrole\u001b[39m=\u001b[32m\"row\"\u001b[39m\n  \u001b[36m/>\u001b[39m\n\n  Name \"roles 행 선택 권한관리 ROLE /settings/system/roles 1 사용 여부 roles 조회 roles 등록 roles 수정 roles 엑셀 roles\":\n  \u001b[36m<div\u001b[39m\n    \u001b[33maria-selected\u001b[39m=\u001b[32m\"false\"\u001b[39m\n    \u001b[33mclass\u001b[39m=\u001b[32m\"MuiBox-root css-1obf64m\"\u001b[39m\n    \u001b[33mrole\u001b[39m=\u001b[32m\"row\"\u001b[39m\n  \u001b[36m/>\u001b[39m\n\n  Name \"menus 행 선택 메뉴관리 MENU /settings/system/menus 2 사용 여부 menus 조회 menus 등록 menus 수정 menus 엑셀 menus\":\n  \u001b[36m<div\u001b[39m\n    \u001b[33maria-selected\u001b[39m=\u001b[32m\"false\"\u001b[39m\n    \u001b[33mclass\u001b[39m=\u001b[32m\"MuiBox-root css-1obf64m\"\u001b[39m\n    \u001b[33mrole\u001b[39m=\u001b[32m\"row\"\u001b[39m\n  \u001b[36m/>\u001b[39m\n\n  --------------------------------------------------\n  columnheader:\n\n  Name \"전체 행 선택\":\n  \u001b[36m<div\u001b[39m\n    \u001b[33mclass\u001b[39m=\u001b[32m\"MuiBox-root css-15jhrft\"\u001b[39m\n    \u001b[33mrole\u001b[39m=\u001b[32m\"columnheader\"\u001b[39m\n  \u001b[36m/>\u001b[39m\n\n  Name \"메뉴명 메뉴명 컬럼 너비 조절\":\n  \u001b[36m<div\u001b[39m\n    \u001b[33mclass\u001b[39m=\u001b[32m\"MuiBox-root css-1k3a3ft\"\u001b[39m\n    \u001b[33mrole\u001b[39m=\u001b[32m\"columnheader\"\u001b[39m\n  \u001b[36m/>\u001b[39m\n\n  Name \"코드 코드 컬럼 너비 조절\":\n  \u001b[36m<div\u001b[39m\n    \u001b[33mclass\u001b[39m=\u001b[32m\"MuiBox-root css-1fn3aj9\"\u001b[39m\n    \u001b[33mrole\u001b[39m=\u001b[32m\"columnheader\"\u001b[39m\n  \u001b[36m/>\u001b[39m\n\n  Name \"경로 경로 컬럼 너비 조절\":\n  \u001b[36m<div\u001b[39m\n    \u001b[33mclass\u001b[39m=\u001b[32m\"MuiBox-root css-1fn3aj9\"\u001b[39m\n    \u001b[33mrole\u001b[39m=\u001b[32m\"columnheader\"\u001b[39m\n  \u001b[36m/>\u001b[39m\n\n  Name \"정렬 정렬 컬럼 너비 조절\":\n  \u001b[36m<div\u001b[39m\n    \u001b[33mclass\u001b[39m=\u001b[32m\"MuiBox-root css-6ue6hx\"\u001b[39m\n    \u001b[33mrole\u001b[39m=\u001b[32m\"columnheader\"\u001b[39m\n  \u001b[36m/>\u001b[39m\n\n  Name \"사용 여부 전체 선택 사용 여부 사용 여부 컬럼 너비 조절\":\n  \u001b[36m<div\u001b[39m\n    \u001b[33mclass\u001b[39m=\u001b[32m\"MuiBox-root css-6ue6hx\"\u001b[39m\n    \u001b[33mrole\u001b[39m=\u001b[32m\"columnheader\"\u001b[39m\n  \u001b[36m/>\u001b[39m\n\n  Name \"조회 조회 컬럼 너비 조절\":\n  \u001b[36m<div\u001b[39m\n    \u001b[33mclass\u001b[39m=\u001b[32m\"MuiBox-root css-6ue6hx\"\u001b[39m\n    \u001b[33mrole\u001b[39m=\u001b[32m\"columnheader\"\u001b[39m\n  \u001b[36m/>\u001b[39m\n\n  Name \"등록 등록 컬럼 너비 조절\":\n  \u001b[36m<div\u001b[39m\n    \u001b[33mclass\u001b[39m=\u001b[32m\"MuiBox-root css-6ue6hx\"\u001b[39m\n    \u001b[33mrole\u001b[39m=\u001b[32m\"columnheader\"\u001b[39m\n  \u001b[36m/>\u001b[39m\n\n  Name \"수정 수정 컬럼 너비 조절\":\n  \u001b[36m<div\u001b[39m\n    \u001b[33mclass\u001b[39m=\u001b[32m\"MuiBox-root css-6ue6hx\"\u001b[39m\n    \u001b[33mrole\u001b[39m=\u001b[32m\"columnheader\"\u001b[39m\n  \u001b[36m/>\u001b[39m\n\n  Name \"엑셀 엑셀 컬럼 너비 조절\":\n  \u001b[36m<div\u001b[39m\n    \u001b[33mclass\u001b[39m=\u001b[32m\"MuiBox-root css-6ue6hx\"\u001b[39m\n    \u001b[33mrole\u001b[39m=\u001b[32m\"columnheader\"\u001b[39m\n  \u001b[36m/>\u001b[39m\n\n  --------------------------------------------------\n  checkbox:\n\n  Name \"\":\n  \u001b[36m<input\u001b[39m\n    \u001b[33mclass\u001b[39m=\u001b[32m\"PrivateSwitchBase-input css-12xagqm-MuiSwitchBase-root\"\u001b[39m\n    \u001b[33mdata-indeterminate\u001b[39m=\u001b[32m\"false\"\u001b[39m\n    \u001b[33mtype\u001b[39m=\u001b[32m\"checkbox\"\u001b[39m\n  \u001b[36m/>\u001b[39m\n\n  Name \"사용 여부 전체 선택\":\n  \u001b[36m<input\u001b[39m\n    \u001b[33maria-label\u001b[39m=\u001b[32m\"사용 여부 전체 선택\"\u001b[39m\n    \u001b[33mchecked\u001b[39m=\u001b[32m\"\"\u001b[39m\n    \u001b[33mclass\u001b[39m=\u001b[32m\"PrivateSwitchBase-input css-12xagqm-MuiSwitchBase-root\"\u001b[39m\n    \u001b[33mdata-indeterminate\u001b[39m=\u001b[32m\"false\"\u001b[39m\n    \u001b[33mtype\u001b[39m=\u001b[32m\"checkbox\"\u001b[39m\n  \u001b[36m/>\u001b[39m\n\n  Name \"\":\n  \u001b[36m<input\u001b[39m\n    \u001b[33mclass\u001b[39m=\u001b[32m\"PrivateSwitchBase-input css-12xagqm-MuiSwitchBase-root\"\u001b[39m\n    \u001b[33mdata-indeterminate\u001b[39m=\u001b[32m\"false\"\u001b[39m\n    \u001b[33mtype\u001b[39m=\u001b[32m\"checkbox\"\u001b[39m\n  \u001b[36m/>\u001b[39m\n\n  Name \"대시보드 트리 선택\":\n  \u001b[36m<input\u001b[39m\n    \u001b[33maria-label\u001b[39m=\u001b[32m\"대시보드 트리 선택\"\u001b[39m\n    \u001b[33mclass\u001b[39m=\u001b[32m\"PrivateSwitchBase-input css-12xagqm-MuiSwitchBase-root\"\u001b[39m\n    \u001b[33mdata-indeterminate\u001b[39m=\u001b[32m\"false\"\u001b[39m\n    \u001b[33mtype\u001b[39m=\u001b[32m\"checkbox\"\u001b[39m\n  \u001b[36m/>\u001b[39m\n\n  Name \"사용 여부 dashboard\":\n  \u001b[36m<input\u001b[39m\n    \u001b[33maria-label\u001b[39m=\u001b[32m\"사용 여부 dashboard\"\u001b[39m\n    \u001b[33mchecked\u001b[39m=\u001b[32m\"\"\u001b[39m\n    \u001b[33mclass\u001b[39m=\u001b[32m\"PrivateSwitchBase-input css-12xagqm-MuiSwitchBase-root\"\u001b[39m\n    \u001b[33mdata-indeterminate\u001b[39m=\u001b[32m\"false\"\u001b[39m\n    \u001b[33mtype\u001b[39m=\u001b[32m\"checkbox\"\u001b[39m\n  \u001b[36m/>\u001b[39m\n\n  Name \"조회 dashboard\":\n  \u001b[36m<input\u001b[39m\n    \u001b[33maria-label\u001b[39m=\u001b[32m\"조회 dashboard\"\u001b[39m\n    \u001b[33mchecked\u001b[39m=\u001b[32m\"\"\u001b[39m\n    \u001b[33mclass\u001b[39m=\u001b[32m\"PrivateSwitchBase-input css-12xagqm-MuiSwitchBase-root\"\u001b[39m\n    \u001b[33mdata-indeterminate\u001b[39m=\u001b[32m\"false\"\u001b[39m\n    \u001b[33mtype\u001b[39m=\u001b[32m\"checkbox\"\u001b[39m\n  \u001b[36m/>\u001b[39m\n\n  Name \"등록 dashboard\":\n  \u001b[36m<input\u001b[39m\n    \u001b[33maria-label\u001b[39m=\u001b[32m\"등록 dashboard\"\u001b[39m\n    \u001b[33mclass\u001b[39m=\u001b[32m\"PrivateSwitchBase-input css-12xagqm-MuiSwitchBase-root\"\u001b[39m\n    \u001b[33mdata-indeterminate\u001b[39m=\u001b[32m\"false\"\u001b[39m\n    \u001b[33mtype\u001b[39m=\u001b[32m\"checkbox\"\u001b[39m\n  \u001b[36m/>\u001b[39m\n\n  Name \"수정 dashboard\":\n  \u001b[36m<input\u001b[39m\n    \u001b[33maria-label\u001b[39m=\u001b[32m\"수정 dashboard\"\u001b[39m\n    \u001b[33mclass\u001b[39m=\u001b[32m\"PrivateSwitchBase-input css-12xagqm-MuiSwitchBase-root\"\u001b[39m\n    \u001b[33mdata-indeterminate\u001b[39m=\u001b[32m\"false\"\u001b[39m\n    \u001b[33mtype\u001b[39m=\u001b[32m\"checkbox\"\u001b[39m\n  \u001b[36m/>\u001b[39m\n\n  Name \"엑셀 dashboard\":\n  \u001b[36m<input\u001b[39m\n    \u001b[33maria-label\u001b[39m=\u001b[32m\"엑셀 dashboard\"\u001b[39m\n    \u001b[33mclass\u001b[39m=\u001b[32m\"PrivateSwitchBase-input css-12xagqm-MuiSwitchBase-root\"\u001b[39m\n    \u001b[33mdata-indeterminate\u001b[39m=\u001b[32m\"false\"\u001b[39m\n    \u001b[33mtype\u001b[39m=\u001b[32m\"checkbox\"\u001b[39m\n  \u001b[36m/>\u001b[39m\n\n  Name \"\":\n  \u001b[36m<input\u001b[39m\n    \u001b[33mclass\u001b[39m=\u001b[32m\"PrivateSwitchBase-input css-12xagqm-MuiSwitchBase-root\"\u001b[39m\n    \u001b[33mdata-indeterminate\u001b[39m=\u001b[32m\"false\"\u001b[39m\n    \u001b[33mtype\u001b[39m=\u001b[32m\"checkbox\"\u001b[39m\n  \u001b[36m/>\u001b[39m\n\n  Name \"환경설정 트리 선택\":\n  \u001b[36m<input\u001b[39m\n    \u001b[33maria-label\u001b[39m=\u001b[32m\"환경설정 트리 선택\"\u001b[39m\n    \u001b[33mclass\u001b[39m=\u001b[32m\"PrivateSwitchBase-input css-12xagqm-MuiSwitchBase-root\"\u001b[39m\n    \u001b[33mdata-indeterminate\u001b[39m=\u001b[32m\"false\"\u001b[39m\n    \u001b[33mtype\u001b[39m=\u001b[32m\"checkbox\"\u001b[39m\n  \u001b[36m/>\u001b[39m\n\n  Name \"사용 여부 settings\":\n  \u001b[36m<input\u001b[39m\n    \u001b[33maria-label\u001b[39m=\u001b[32m\"사용 여부 settings\"\u001b[39m\n    \u001b[33mchecked\u001b[39m=\u001b[32m\"\"\u001b[39m\n    \u001b[33mclass\u001b[39m=\u001b[32m\"PrivateSwitchBase-input css-12xagqm-MuiSwitchBase-root\"\u001b[39m\n    \u001b[33mdata-indeterminate\u001b[39m=\u001b[32m\"false\"\u001b[39m\n    \u001b[33mtype\u001b[39m=\u001b[32m\"checkbox\"\u001b[39m\n  \u001b[36m/>\u001b[39m\n\n  Name \"조회 settings\":\n  \u001b[36m<input\u001b[39m\n    \u001b[33maria-label\u001b[39m=\u001b[32m\"조회 settings\"\u001b[39m\n    \u001b[33mclass\u001b[39m=\u001b[32m\"PrivateSwitchBase-input css-12xagqm-MuiSwitchBase-root\"\u001b[39m\n    \u001b[33mdata-indeterminate\u001b[39m=\u001b[32m\"false\"\u001b[39m\n    \u001b[33mdisabled\u001b[39m=\u001b[32m\"\"\u001b[39m\n    \u001b[33mtype\u001b[39m=\u001b[32m\"checkbox\"\u001b[39m\n  \u001b[36m/>\u001b[39m\n\n  Name \"등록 settings\":\n  \u001b[36m<input\u001b[39m\n    \u001b[33maria-label\u001b[39m=\u001b[32m\"등록 settings\"\u001b[39m\n    \u001b[33mclass\u001b[39m=\u001b[32m\"PrivateSwitchBase-input css-12xagqm-MuiSwitchBase-root\"\u001b[39m\n    \u001b[33mdata-indeterminate\u001b[39m=\u001b[32m\"false\"\u001b[39m\n    \u001b[33mdisabled\u001b[39m=\u001b[32m\"\"\u001b[39m\n    \u001b[33mtype\u001b[39m=\u001b[32m\"checkbox\"\u001b[39m\n  \u001b[36m/>\u001b[39m\n\n  Name \"수정 settings\":\n  \u001b[36m<input\u001b[39m\n    \u001b[33maria-label\u001b[39m=\u001b[32m\"수정 settings\"\u001b[39m\n    \u001b[33mclass\u001b[39m=\u001b[32m\"PrivateSwitchBase-input css-12xagqm-MuiSwitchBase-root\"\u001b[39m\n    \u001b[33mdata-indeterminate\u001b[39m=\u001b[32m\"false\"\u001b[39m\n    \u001b[33mdisabled\u001b[39m=\u001b[32m\"\"\u001b[39m\n    \u001b[33mtype\u001b[39m=\u001b[32m\"checkbox\"\u001b[39m\n  \u001b[36m/>\u001b[39m\n\n  Name \"엑셀 settings\":\n  \u001b[36m<input\u001b[39m\n    \u001b[33maria-label\u001b[39m=\u001b[32m\"엑셀 settings\"\u001b[39m\n    \u001b[33mclass\u001b[39m=\u001b[32m\"PrivateSwitchBase-input css-12xagqm-MuiSwitchBase-root\"\u001b[39m\n    \u001b[33mdata-indeterminate\u001b[39m=\u001b[32m\"false\"\u001b[39m\n    \u001b[33mdisabled\u001b[39m=\u001b[32m\"\"\u001b[39m\n    \u001b[33mtype\u001b[39m=\u001b[32m\"checkbox\"\u001b[39m\n  \u001b[36m/>\u001b[39m\n\n  Name \"\":\n  \u001b[36m<input\u001b[39m\n    \u001b[33mclass\u001b[39m=\u001b[32m\"PrivateSwitchBase-input css-12xagqm-MuiSwitchBase-root\"\u001b[39m\n    \u001b[33mdata-indeterminate\u001b[39m=\u001b[32m\"false\"\u001b[39m\n    \u001b[33mtype\u001b[39m=\u001b[32m\"checkbox\"\u001b[39m\n  \u001b[36m/>\u001b[39m\n\n  Name \"시스템 관리 트리 선택\":\n  \u001b[36m<input\u001b[39m\n    \u001b[33maria-label\u001b[39m=\u001b[32m\"시스템 관리 트리 선택\"\u001b[39m\n    \u001b[33mclass\u001b[39m=\u001b[32m\"PrivateSwitchBase-input css-12xagqm-MuiSwitchBase-root\"\u001b[39m\n    \u001b[33mdata-indeterminate\u001b[39m=\u001b[32m\"false\"\u001b[39m\n    \u001b[33mtype\u001b[39m=\u001b[32m\"checkbox\"\u001b[39m\n  \u001b[36m/>\u001b[39m\n\n  Name \"사용 여부 system\":\n  \u001b[36m<input\u001b[39m\n    \u001b[33maria-label\u001b[39m=\u001b[32m\"사용 여부 system\"\u001b[39m\n    \u001b[33mchecked\u001b[39m=\u001b[32m\"\"\u001b[39m\n    \u001b[33mclass\u001b[39m=\u001b[32m\"PrivateSwitchBase-input css-12xagqm-MuiSwitchBase-root\"\u001b[39m\n    \u001b[33mdata-indeterminate\u001b[39m=\u001b[32m\"false\"\u001b[39m\n    \u001b[33mtype\u001b[39m=\u001b[32m\"checkbox\"\u001b[39m\n  \u001b[36m/>\u001b[39m\n\n  Name \"조회 system\":\n  \u001b[36m<input\u001b[39m\n    \u001b[33maria-label\u001b[39m=\u001b[32m\"조회 system\"\u001b[39m\n    \u001b[33mclass\u001b[39m=\u001b[32m\"PrivateSwitchBase-input css-12xagqm-MuiSwitchBase-root\"\u001b[39m\n    \u001b[33mdata-indeterminate\u001b[39m=\u001b[32m\"false\"\u001b[39m\n    \u001b[33mdisabled\u001b[39m=\u001b[32m\"\"\u001b[39m\n    \u001b[33mtype\u001b[39m=\u001b[32m\"checkbox\"\u001b[39m\n  \u001b[36m/>\u001b[39m\n\n  Name \"등록 system\":\n  \u001b[36m<input\u001b[39m\n    \u001b[33maria-label\u001b[39m=\u001b[32m\"등록 system\"\u001b[39m\n    \u001b[33mclass\u001b[39m=\u001b[32m\"PrivateSwitchBase-input css-12xagqm-MuiSwitchBase-root\"\u001b[39m\n    \u001b[33mdata-indeterminate\u001b[39m=\u001b[32m\"false\"\u001b[39m\n    \u001b[33mdisabled\u001b[39m=\u001b[32m\"\"\u001b[39m\n    \u001b[33mtype\u001b[39m=\u001b[32m\"checkbox\"\u001b[39m\n  \u001b[36m/>\u001b[39m\n\n  Name \"수정 system\":\n  \u001b[36m<input\u001b[39m\n    \u001b[33maria-label\u001b[39m=\u001b[32m\"수정 system\"\u001b[39m\n    \u001b[33mclass\u001b[39m=\u001b[32m\"PrivateSwitchBase-input css-12xagqm-MuiSwitchBase-root\"\u001b[39m\n    \u001b[33mdata-indeterminate\u001b[39m=\u001b[32m\"false\"\u001b[39m\n    \u001b[33mdisabled\u001b[39m=\u001b[32m\"\"\u001b[39m\n    \u001b[33mtype\u001b[39m=\u001b[32m\"checkbox\"\u001b[39m\n  \u001b[36m/>\u001b[39m\n\n  Name \"엑셀 system\":\n  \u001b[36m<input\u001b[39m\n    \u001b[33maria-label\u001b[39m=\u001b[32m\"엑셀 system\"\u001b[39m\n    \u001b[33mclass\u001b[39m=\u001b[32m\"PrivateSwitchBase-input css-12xagqm-MuiSwitchBase-root\"\u001b[39m\n    \u001b[33mdata-indeterminate\u001b[39m=\u001b[32m\"false\"\u001b[39m\n    \u001b[33mdisabled\u001b[39m=\u001b[32m\"\"\u001b[39m\n    \u001b[33mtype\u001b[39m=\u001b[32m\"checkbox\"\u001b[39m\n  \u001b[36m/>\u001b[39m\n\n  Name \"\":\n  \u001b[36m<input\u001b[39m\n    \u001b[33mclass\u001b[39m=\u001b[32m\"PrivateSwitchBase-input css-12xagqm-MuiSwitchBase-root\"\u001b[39m\n    \u001b[33mdata-indeterminate\u001b[39m=\u001b[32m\"false\"\u001b[39m\n    \u001b[33mtype\u001b[39m=\u001b[32m\"checkbox\"\u001b[39m\n  \u001b[36m/>\u001b[39m\n\n  Name \"권한관리 트리 선택\":\n  \u001b[36m<input\u001b[39m\n    \u001b[33maria-label\u001b[39m=\u001b[32m\"권한관리 트리 선택\"\u001b[39m\n    \u001b[33mclass\u001b[39m=\u001b[32m\"PrivateSwitchBase-input css-12xagqm-MuiSwitchBase-root\"\u001b[39m\n    \u001b[33mdata-indeterminate\u001b[39m=\u001b[32m\"false\"\u001b[39m\n    \u001b[33mtype\u001b[39m=\u001b[32m\"checkbox\"\u001b[39m\n  \u001b[36m/>\u001b[39m\n\n  Name \"사용 여부 roles\":\n  \u001b[36m<input\u001b[39m\n    \u001b[33maria-label\u001b[39m=\u001b[32m\"사용 여부 roles\"\u001b[39m\n    \u001b[33mchecked\u001b[39m=\u001b[32m\"\"\u001b[39m\n    \u001b[33mclass\u001b[39m=\u001b[32m\"PrivateSwitchBase-input css-12xagqm-MuiSwitchBase-root\"\u001b[39m\n    \u001b[33mdata-indeterminate\u001b[39m=\u001b[32m\"false\"\u001b[39m\n    \u001b[33mtype\u001b[39m=\u001b[32m\"checkbox\"\u001b[39m\n  \u001b[36m/>\u001b[39m\n\n  Name \"조회 roles\":\n  \u001b[36m<input\u001b[39m\n    \u001b[33maria-label\u001b[39m=\u001b[32m\"조회 roles\"\u001b[39m\n    \u001b[33mchecked\u001b[39m=\u001b[32m\"\"\u001b[39m\n    \u001b[33mclass\u001b[39m=\u001b[32m\"PrivateSwitchBase-input css-12xagqm-MuiSwitchBase-root\"\u001b[39m\n    \u001b[33mdata-indeterminate\u001b[39m=\u001b[32m\"false\"\u001b[39m\n    \u001b[33mtype\u001b[39m=\u001b[32m\"checkbox\"\u001b[39m\n  \u001b[36m/>\u001b[39m\n\n  Name \"등록 roles\":\n  \u001b[36m<input\u001b[39m\n    \u001b[33maria-label\u001b[39m=\u001b[32m\"등록 roles\"\u001b[39m\n    \u001b[33mchecked\u001b[39m=\u001b[32m\"\"\u001b[39m\n    \u001b[33mclass\u001b[39m=\u001b[32m\"PrivateSwitchBase-input css-12xagqm-MuiSwitchBase-root\"\u001b[39m\n    \u001b[33mdata-indeterminate\u001b[39m=\u001b[32m\"false\"\u001b[39m\n    \u001b[33mtype\u001b[39m=\u001b[32m\"checkbox\"\u001b[39m\n  \u001b[36m/>\u001b[39m\n\n  Name \"수정 roles\":\n  \u001b[36m<input\u001b[39m\n    \u001b[33maria-label\u001b[39m=\u001b[32m\"수정 roles\"\u001b[39m\n    \u001b[33mchecked\u001b[39m=\u001b[32m\"\"\u001b[39m\n    \u001b[33mclass\u001b[39m=\u001b[32m\"PrivateSwitchBase-input css-12xagqm-MuiSwitchBase-root\"\u001b[39m\n    \u001b[33mdata-indeterminate\u001b[39m=\u001b[32m\"false\"\u001b[39m\n    \u001b[33mtype\u001b[39m=\u001b[32m\"checkbox\"\u001b[39m\n  \u001b[36m/>\u001b[39m\n\n  Name \"엑셀 roles\":\n  \u001b[36m<input\u001b[39m\n    \u001b[33maria-label\u001b[39m=\u001b[32m\"엑셀 roles\"\u001b[39m\n    \u001b[33mclass\u001b[39m=\u001b[32m\"PrivateSwitchBase-input css-12xagqm-MuiSwitchBase-root\"\u001b[39m\n    \u001b[33mdata-indeterminate\u001b[39m=\u001b[32m\"false\"\u001b[39m\n    \u001b[33mtype\u001b[39m=\u001b[32m\"checkbox\"\u001b[39m\n  \u001b[36m/>\u001b[39m\n\n  Name \"\":\n  \u001b[36m<input\u001b[39m\n    \u001b[33mclass\u001b[39m=\u001b[32m\"PrivateSwitchBase-input css-12xagqm-MuiSwitchBase-root\"\u001b[39m\n    \u001b[33mdata-indeterminate\u001b[39m=\u001b[32m\"false\"\u001b[39m\n    \u001b[33mtype\u001b[39m=\u001b[32m\"checkbox\"\u001b[39m\n  \u001b[36m/>\u001b[39m\n\n  Name \"메뉴관리 트리 선택\":\n  \u001b[36m<input\u001b[39m\n    \u001b[33maria-label\u001b[39m=\u001b[32m\"메뉴관리 트리 선택\"\u001b[39m\n    \u001b[33mclass\u001b[39m=\u001b[32m\"PrivateSwitchBase-input css-12xagqm-MuiSwitchBase-root\"\u001b[39m\n    \u001b[33mdata-indeterminate\u001b[39m=\u001b[32m\"false\"\u001b[39m\n    \u001b[33mtype\u001b[39m=\u001b[32m\"checkbox\"\u001b[39m\n  \u001b[36m/>\u001b[39m\n\n  Name \"사용 여부 menus\":\n  \u001b[36m<input\u001b[39m\n    \u001b[33maria-label\u001b[39m=\u001b[32m\"사용 여부 menus\"\u001b[39m\n    \u001b[33mchecked\u001b[39m=\u001b[32m\"\"\u001b[39m\n    \u001b[33mclass\u001b[39m=\u001b[32m\"PrivateSwitchBase-input css-12xagqm-MuiSwitchBase-root\"\u001b[39m\n    \u001b[33mdata-indeterminate\u001b[39m=\u001b[32m\"false\"\u001b[39m\n    \u001b[33mtype\u001b[39m=\u001b[32m\"checkbox\"\u001b[39m\n  \u001b[36m/>\u001b[39m\n\n  Name \"조회 menus\":\n  \u001b[36m<input\u001b[39m\n    \u001b[33maria-label\u001b[39m=\u001b[32m\"조회 menus\"\u001b[39m\n    \u001b[33mchecked\u001b[39m=\u001b[32m\"\"\u001b[39m\n    \u001b[33mclass\u001b[39m=\u001b[32m\"PrivateSwitchBase-input css-12xagqm-MuiSwitchBase-root\"\u001b[39m\n    \u001b[33mdata-indeterminate\u001b[39m=\u001b[32m\"false\"\u001b[39m\n    \u001b[33mtype\u001b[39m=\u001b[32m\"checkbox\"\u001b[39m\n  \u001b[36m/>\u001b[39m\n\n  Name \"등록 menus\":\n  \u001b[36m<input\u001b[39m\n    \u001b[33maria-label\u001b[39m=\u001b[32m\"등록 menus\"\u001b[39m\n    \u001b[33mclass\u001b[39m=\u001b[32m\"PrivateSwitchBase-input css-12xagqm-MuiSwitchBase-root\"\u001b[39m\n    \u001b[33mdata-indeterminate\u001b[39m=\u001b[32m\"false\"\u001b[39m\n    \u001b[33mtype\u001b[39m=\u001b[32m\"checkbox\"\u001b[39m\n  \u001b[36m/>\u001b[39m\n\n  Name \"수정 menus\":\n  \u001b[36m<input\u001b[39m\n    \u001b[33maria-label\u001b[39m=\u001b[32m\"수정 menus\"\u001b[39m\n    \u001b[33mchecked\u001b[39m=\u001b[32m\"\"\u001b[39m\n    \u001b[33mclass\u001b[39m=\u001b[32m\"PrivateSwitchBase-input css-12xagqm-MuiSwitchBase-root\"\u001b[39m\n    \u001b[33mdata-indeterminate\u001b[39m=\u001b[32m\"false\"\u001b[39m\n    \u001b[33mtype\u001b[39m=\u001b[32m\"checkbox\"\u001b[39m\n  \u001b[36m/>\u001b[39m\n\n  Name \"엑셀 menus\":\n  \u001b[36m<input\u001b[39m\n    \u001b[33maria-label\u001b[39m=\u001b[32m\"엑셀 menus\"\u001b[39m\n    \u001b[33mclass\u001b[39m=\u001b[32m\"PrivateSwitchBase-input css-12xagqm-MuiSwitchBase-root\"\u001b[39m\n    \u001b[33mdata-indeterminate\u001b[39m=\u001b[32m\"false\"\u001b[39m\n    \u001b[33mtype\u001b[39m=\u001b[32m\"checkbox\"\u001b[39m\n  \u001b[36m/>\u001b[39m\n\n  --------------------------------------------------\n  separator:\n\n  Name \"메뉴명 컬럼 너비 조절\":\n  \u001b[36m<div\u001b[39m\n    \u001b[33maria-label\u001b[39m=\u001b[32m\"메뉴명 컬럼 너비 조절\"\u001b[39m\n    \u001b[33mclass\u001b[39m=\u001b[32m\"MuiBox-root css-1r7lhgj\"\u001b[39m\n    \u001b[33mrole\u001b[39m=\u001b[32m\"separator\"\u001b[39m\n  \u001b[36m/>\u001b[39m\n\n  Name \"코드 컬럼 너비 조절\":\n  \u001b[36m<div\u001b[39m\n    \u001b[33maria-label\u001b[39m=\u001b[32m\"코드 컬럼 너비 조절\"\u001b[39m\n    \u001b[33mclass\u001b[39m=\u001b[32m\"MuiBox-root css-1r7lhgj\"\u001b[39m\n    \u001b[33mrole\u001b[39m=\u001b[32m\"separator\"\u001b[39m\n  \u001b[36m/>\u001b[39m\n\n  Name \"경로 컬럼 너비 조절\":\n  \u001b[36m<div\u001b[39m\n    \u001b[33maria-label\u001b[39m=\u001b[32m\"경로 컬럼 너비 조절\"\u001b[39m\n    \u001b[33mclass\u001b[39m=\u001b[32m\"MuiBox-root css-1r7lhgj\"\u001b[39m\n    \u001b[33mrole\u001b[39m=\u001b[32m\"separator\"\u001b[39m\n  \u001b[36m/>\u001b[39m\n\n  Name \"정렬 컬럼 너비 조절\":\n  \u001b[36m<div\u001b[39m\n    \u001b[33maria-label\u001b[39m=\u001b[32m\"정렬 컬럼 너비 조절\"\u001b[39m\n    \u001b[33mclass\u001b[39m=\u001b[32m\"MuiBox-root css-1r7lhgj\"\u001b[39m\n    \u001b[33mrole\u001b[39m=\u001b[32m\"separator\"\u001b[39m\n  \u001b[36m/>\u001b[39m\n\n  Name \"사용 여부 컬럼 너비 조절\":\n  \u001b[36m<div\u001b[39m\n    \u001b[33maria-label\u001b[39m=\u001b[32m\"사용 여부 컬럼 너비 조절\"\u001b[39m\n    \u001b[33mclass\u001b[39m=\u001b[32m\"MuiBox-root css-1r7lhgj\"\u001b[39m\n    \u001b[33mrole\u001b[39m=\u001b[32m\"separator\"\u001b[39m\n  \u001b[36m/>\u001b[39m\n\n  Name \"조회 컬럼 너비 조절\":\n  \u001b[36m<div\u001b[39m\n    \u001b[33maria-label\u001b[39m=\u001b[32m\"조회 컬럼 너비 조절\"\u001b[39m\n    \u001b[33mclass\u001b[39m=\u001b[32m\"MuiBox-root css-1r7lhgj\"\u001b[39m\n    \u001b[33mrole\u001b[39m=\u001b[32m\"separator\"\u001b[39m\n  \u001b[36m/>\u001b[39m\n\n  Name \"등록 컬럼 너비 조절\":\n  \u001b[36m<div\u001b[39m\n    \u001b[33maria-label\u001b[39m=\u001b[32m\"등록 컬럼 너비 조절\"\u001b[39m\n    \u001b[33mclass\u001b[39m=\u001b[32m\"MuiBox-root css-1r7lhgj\"\u001b[39m\n    \u001b[33mrole\u001b[39m=\u001b[32m\"separator\"\u001b[39m\n  \u001b[36m/>\u001b[39m\n\n  Name \"수정 컬럼 너비 조절\":\n  \u001b[36m<div\u001b[39m\n    \u001b[33maria-label\u001b[39m=\u001b[32m\"수정 컬럼 너비 조절\"\u001b[39m\n    \u001b[33mclass\u001b[39m=\u001b[32m\"MuiBox-root css-1r7lhgj\"\u001b[39m\n    \u001b[33mrole\u001b[39m=\u001b[32m\"separator\"\u001b[39m\n  \u001b[36m/>\u001b[39m\n\n  Name \"엑셀 컬럼 너비 조절\":\n  \u001b[36m<div\u001b[39m\n    \u001b[33maria-label\u001b[39m=\u001b[32m\"엑셀 컬럼 너비 조절\"\u001b[39m\n    \u001b[33mclass\u001b[39m=\u001b[32m\"MuiBox-root css-1r7lhgj\"\u001b[39m\n    \u001b[33mrole\u001b[39m=\u001b[32m\"separator\"\u001b[39m\n  \u001b[36m/>\u001b[39m\n\n  --------------------------------------------------\n  gridcell:\n\n  Name \"대시보드\":\n  \u001b[36m<div\u001b[39m\n    \u001b[33maria-label\u001b[39m=\u001b[32m\"대시보드\"\u001b[39m\n    \u001b[33mclass\u001b[39m=\u001b[32m\"MuiBox-root css-c49hbi\"\u001b[39m\n    \u001b[33mrole\u001b[39m=\u001b[32m\"gridcell\"\u001b[39m\n    \u001b[33mtabindex\u001b[39m=\u001b[32m\"-1\"\u001b[39m\n  \u001b[36m/>\u001b[39m\n\n  Name \"DASH\":\n  \u001b[36m<div\u001b[39m\n    \u001b[33mclass\u001b[39m=\u001b[32m\"MuiBox-root css-11zgly5\"\u001b[39m\n    \u001b[33mrole\u001b[39m=\u001b[32m\"gridcell\"\u001b[39m\n    \u001b[33mtabindex\u001b[39m=\u001b[32m\"-1\"\u001b[39m\n  \u001b[36m/>\u001b[39m\n\n  Name \"/dashboard\":\n  \u001b[36m<div\u001b[39m\n    \u001b[33mclass\u001b[39m=\u001b[32m\"MuiBox-root css-18544u0\"\u001b[39m\n    \u001b[33mrole\u001b[39m=\u001b[32m\"gridcell\"\u001b[39m\n    \u001b[33mtabindex\u001b[39m=\u001b[32m\"-1\"\u001b[39m\n  \u001b[36m/>\u001b[39m\n\n  Name \"1\":\n  \u001b[36m<div\u001b[39m\n    \u001b[33mclass\u001b[39m=\u001b[32m\"MuiBox-root css-1u4d3a0\"\u001b[39m\n    \u001b[33mrole\u001b[39m=\u001b[32m\"gridcell\"\u001b[39m\n    \u001b[33mtabindex\u001b[39m=\u001b[32m\"-1\"\u001b[39m\n  \u001b[36m/>\u001b[39m\n\n  Name \"사용 여부 dashboard\":\n  \u001b[36m<div\u001b[39m\n    \u001b[33mclass\u001b[39m=\u001b[32m\"MuiBox-root css-f1fy32\"\u001b[39m\n    \u001b[33mrole\u001b[39m=\u001b[32m\"gridcell\"\u001b[39m\n    \u001b[33mtabindex\u001b[39m=\u001b[32m\"-1\"\u001b[39m\n  \u001b[36m/>\u001b[39m\n\n  Name \"조회 dashboard\":\n  \u001b[36m<div\u001b[39m\n    \u001b[33mclass\u001b[39m=\u001b[32m\"MuiBox-root css-xu3sky\"\u001b[39m\n    \u001b[33mrole\u001b[39m=\u001b[32m\"gridcell\"\u001b[39m\n    \u001b[33mtabindex\u001b[39m=\u001b[32m\"-1\"\u001b[39m\n  \u001b[36m/>\u001b[39m\n\n  Name \"등록 dashboard\":\n  \u001b[36m<div\u001b[39m\n    \u001b[33mclass\u001b[39m=\u001b[32m\"MuiBox-root css-d2wmbl\"\u001b[39m\n    \u001b[33mrole\u001b[39m=\u001b[32m\"gridcell\"\u001b[39m\n    \u001b[33mtabindex\u001b[39m=\u001b[32m\"-1\"\u001b[39m\n  \u001b[36m/>\u001b[39m\n\n  Name \"수정 dashboard\":\n  \u001b[36m<div\u001b[39m\n    \u001b[33mclass\u001b[39m=\u001b[32m\"MuiBox-root css-wlhgfn\"\u001b[39m\n    \u001b[33mrole\u001b[39m=\u001b[32m\"gridcell\"\u001b[39m\n    \u001b[33mtabindex\u001b[39m=\u001b[32m\"-1\"\u001b[39m\n  \u001b[36m/>\u001b[39m\n\n  Name \"엑셀 dashboard\":\n  \u001b[36m<div\u001b[39m\n    \u001b[33mclass\u001b[39m=\u001b[32m\"MuiBox-root css-modw66\"\u001b[39m\n    \u001b[33mrole\u001b[39m=\u001b[32m\"gridcell\"\u001b[39m\n    \u001b[33mtabindex\u001b[39m=\u001b[32m\"-1\"\u001b[39m\n  \u001b[36m/>\u001b[39m\n\n  Name \"환경설정\":\n  \u001b[36m<div\u001b[39m\n    \u001b[33maria-label\u001b[39m=\u001b[32m\"환경설정\"\u001b[39m\n    \u001b[33mclass\u001b[39m=\u001b[32m\"MuiBox-root css-mi43o1\"\u001b[39m\n    \u001b[33mrole\u001b[39m=\u001b[32m\"gridcell\"\u001b[39m\n    \u001b[33mtabindex\u001b[39m=\u001b[32m\"-1\"\u001b[39m\n  \u001b[36m/>\u001b[39m\n\n  Name \"SET\":\n  \u001b[36m<div\u001b[39m\n    \u001b[33mclass\u001b[39m=\u001b[32m\"MuiBox-root css-1fc3xh0\"\u001b[39m\n    \u001b[33mrole\u001b[39m=\u001b[32m\"gridcell\"\u001b[39m\n    \u001b[33mtabindex\u001b[39m=\u001b[32m\"-1\"\u001b[39m\n  \u001b[36m/>\u001b[39m\n\n  Name \"/settings\":\n  \u001b[36m<div\u001b[39m\n    \u001b[33mclass\u001b[39m=\u001b[32m\"MuiBox-root css-1iz6mbl\"\u001b[39m\n    \u001b[33mrole\u001b[39m=\u001b[32m\"gridcell\"\u001b[39m\n    \u001b[33mtabindex\u001b[39m=\u001b[32m\"-1\"\u001b[39m\n  \u001b[36m/>\u001b[39m\n\n  Name \"2\":\n  \u001b[36m<div\u001b[39m\n    \u001b[33mclass\u001b[39m=\u001b[32m\"MuiBox-root css-p9rdms\"\u001b[39m\n    \u001b[33mrole\u001b[39m=\u001b[32m\"gridcell\"\u001b[39m\n    \u001b[33mtabindex\u001b[39m=\u001b[32m\"-1\"\u001b[39m\n  \u001b[36m/>\u001b[39m\n\n  Name \"사용 여부 settings\":\n  \u001b[36m<div\u001b[39m\n    \u001b[33mclass\u001b[39m=\u001b[32m\"MuiBox-root css-15he0r3\"\u001b[39m\n    \u001b[33mrole\u001b[39m=\u001b[32m\"gridcell\"\u001b[39m\n    \u001b[33mtabindex\u001b[39m=\u001b[32m\"-1\"\u001b[39m\n  \u001b[36m/>\u001b[39m\n\n  Name \"조회 settings\":\n  \u001b[36m<div\u001b[39m\n    \u001b[33mclass\u001b[39m=\u001b[32m\"MuiBox-root css-ugv4po\"\u001b[39m\n    \u001b[33mrole\u001b[39m=\u001b[32m\"gridcell\"\u001b[39m\n    \u001b[33mtabindex\u001b[39m=\u001b[32m\"-1\"\u001b[39m\n  \u001b[36m/>\u001b[39m\n\n  Name \"등록 settings\":\n  \u001b[36m<div\u001b[39m\n    \u001b[33mclass\u001b[39m=\u001b[32m\"MuiBox-root css-1jbsek\"\u001b[39m\n    \u001b[33mrole\u001b[39m=\u001b[32m\"gridcell\"\u001b[39m\n    \u001b[33mtabindex\u001b[39m=\u001b[32m\"-1\"\u001b[39m\n  \u001b[36m/>\u001b[39m\n\n  Name \"수정 settings\":\n  \u001b[36m<div\u001b[39m\n    \u001b[33mclass\u001b[39m=\u001b[32m\"MuiBox-root css-1wk4to4\"\u001b[39m\n    \u001b[33mrole\u001b[39m=\u001b[32m\"gridcell\"\u001b[39m\n    \u001b[33mtabindex\u001b[39m=\u001b[32m\"-1\"\u001b[39m\n  \u001b[36m/>\u001b[39m\n\n  Name \"엑셀 settings\":\n  \u001b[36m<div\u001b[39m\n    \u001b[33mclass\u001b[39m=\u001b[32m\"MuiBox-root css-5wjy5b\"\u001b[39m\n    \u001b[33mrole\u001b[39m=\u001b[32m\"gridcell\"\u001b[39m\n    \u001b[33mtabindex\u001b[39m=\u001b[32m\"-1\"\u001b[39m\n  \u001b[36m/>\u001b[39m\n\n  Name \"시스템 관리\":\n  \u001b[36m<div\u001b[39m\n    \u001b[33maria-label\u001b[39m=\u001b[32m\"시스템 관리\"\u001b[39m\n    \u001b[33mclass\u001b[39m=\u001b[32m\"MuiBox-root css-hlwkl9\"\u001b[39m\n    \u001b[33mrole\u001b[39m=\u001b[32m\"gridcell\"\u001b[39m\n    \u001b[33mtabindex\u001b[39m=\u001b[32m\"-1\"\u001b[39m\n  \u001b[36m/>\u001b[39m\n\n  Name \"SYS\":\n  \u001b[36m<div\u001b[39m\n    \u001b[33mclass\u001b[39m=\u001b[32m\"MuiBox-root css-159xjn9\"\u001b[39m\n    \u001b[33mrole\u001b[39m=\u001b[32m\"gridcell\"\u001b[39m\n    \u001b[33mtabindex\u001b[39m=\u001b[32m\"-1\"\u001b[39m\n  \u001b[36m/>\u001b[39m\n\n  Name \"/settings/system\":\n  \u001b[36m<div\u001b[39m\n    \u001b[33mclass\u001b[39m=\u001b[32m\"MuiBox-root css-dojh1a\"\u001b[39m\n    \u001b[33mrole\u001b[39m=\u001b[32m\"gridcell\"\u001b[39m\n    \u001b[33mtabindex\u001b[39m=\u001b[32m\"-1\"\u001b[39m\n  \u001b[36m/>\u001b[39m\n\n  Name \"1\":\n  \u001b[36m<div\u001b[39m\n    \u001b[33mclass\u001b[39m=\u001b[32m\"MuiBox-root css-1vhwuws\"\u001b[39m\n    \u001b[33mrole\u001b[39m=\u001b[32m\"gridcell\"\u001b[39m\n    \u001b[33mtabindex\u001b[39m=\u001b[32m\"-1\"\u001b[39m\n  \u001b[36m/>\u001b[39m\n\n  Name \"사용 여부 system\":\n  \u001b[36m<div\u001b[39m\n    \u001b[33mclass\u001b[39m=\u001b[32m\"MuiBox-root css-b1nwib\"\u001b[39m\n    \u001b[33mrole\u001b[39m=\u001b[32m\"gridcell\"\u001b[39m\n    \u001b[33mtabindex\u001b[39m=\u001b[32m\"-1\"\u001b[39m\n  \u001b[36m/>\u001b[39m\n\n  Name \"조회 system\":\n  \u001b[36m<div\u001b[39m\n    \u001b[33mclass\u001b[39m=\u001b[32m\"MuiBox-root css-1b21t6u\"\u001b[39m\n    \u001b[33mrole\u001b[39m=\u001b[32m\"gridcell\"\u001b[39m\n    \u001b[33mtabindex\u001b[39m=\u001b[32m\"-1\"\u001b[39m\n  \u001b[36m/>\u001b[39m\n\n  Name \"등록 system\":\n  \u001b[36m<div\u001b[39m\n    \u001b[33mclass\u001b[39m=\u001b[32m\"MuiBox-root css-1nowba8\"\u001b[39m\n    \u001b[33mrole\u001b[39m=\u001b[32m\"gridcell\"\u001b[39m\n    \u001b[33mtabindex\u001b[39m=\u001b[32m\"-1\"\u001b[39m\n  \u001b[36m/>\u001b[39m\n\n  Name \"수정 system\":\n  \u001b[36m<div\u001b[39m\n    \u001b[33mclass\u001b[39m=\u001b[32m\"MuiBox-root css-i5g9as\"\u001b[39m\n    \u001b[33mrole\u001b[39m=\u001b[32m\"gridcell\"\u001b[39m\n    \u001b[33mtabindex\u001b[39m=\u001b[32m\"-1\"\u001b[39m\n  \u001b[36m/>\u001b[39m\n\n  Name \"엑셀 system\":\n  \u001b[36m<div\u001b[39m\n    \u001b[33mclass\u001b[39m=\u001b[32m\"MuiBox-root css-eithw\"\u001b[39m\n    \u001b[33mrole\u001b[39m=\u001b[32m\"gridcell\"\u001b[39m\n    \u001b[33mtabindex\u001b[39m=\u001b[32m\"-1\"\u001b[39m\n  \u001b[36m/>\u001b[39m\n\n  Name \"권한관리\":\n  \u001b[36m<div\u001b[39m\n    \u001b[33maria-label\u001b[39m=\u001b[32m\"권한관리\"\u001b[39m\n    \u001b[33mclass\u001b[39m=\u001b[32m\"MuiBox-root css-3grlh5\"\u001b[39m\n    \u001b[33mrole\u001b[39m=\u001b[32m\"gridcell\"\u001b[39m\n    \u001b[33mtabindex\u001b[39m=\u001b[32m\"-1\"\u001b[39m\n  \u001b[36m/>\u001b[39m\n\n  Name \"ROLE\":\n  \u001b[36m<div\u001b[39m\n    \u001b[33mclass\u001b[39m=\u001b[32m\"MuiBox-root css-1lw276\"\u001b[39m\n    \u001b[33mrole\u001b[39m=\u001b[32m\"gridcell\"\u001b[39m\n    \u001b[33mtabindex\u001b[39m=\u001b[32m\"-1\"\u001b[39m\n  \u001b[36m/>\u001b[39m\n\n  Name \"/settings/system/roles\":\n  \u001b[36m<div\u001b[39m\n    \u001b[33mclass\u001b[39m=\u001b[32m\"MuiBox-root css-66d297\"\u001b[39m\n    \u001b[33mrole\u001b[39m=\u001b[32m\"gridcell\"\u001b[39m\n    \u001b[33mtabindex\u001b[39m=\u001b[32m\"-1\"\u001b[39m\n  \u001b[36m/>\u001b[39m\n\n  Name \"1\":\n  \u001b[36m<div\u001b[39m\n    \u001b[33mclass\u001b[39m=\u001b[32m\"MuiBox-root css-49ckh1\"\u001b[39m\n    \u001b[33mrole\u001b[39m=\u001b[32m\"gridcell\"\u001b[39m\n    \u001b[33mtabindex\u001b[39m=\u001b[32m\"-1\"\u001b[39m\n  \u001b[36m/>\u001b[39m\n\n  Name \"사용 여부 roles\":\n  \u001b[36m<div\u001b[39m\n    \u001b[33mclass\u001b[39m=\u001b[32m\"MuiBox-root css-q6qnkc\"\u001b[39m\n    \u001b[33mrole\u001b[39m=\u001b[32m\"gridcell\"\u001b[39m\n    \u001b[33mtabindex\u001b[39m=\u001b[32m\"-1\"\u001b[39m\n  \u001b[36m/>\u001b[39m\n\n  Name \"조회 roles\":\n  \u001b[36m<div\u001b[39m\n    \u001b[33mclass\u001b[39m=\u001b[32m\"MuiBox-root css-cew3ed\"\u001b[39m\n    \u001b[33mrole\u001b[39m=\u001b[32m\"gridcell\"\u001b[39m\n    \u001b[33mtabindex\u001b[39m=\u001b[32m\"-1\"\u001b[39m\n  \u001b[36m/>\u001b[39m\n\n  Name \"등록 roles\":\n  \u001b[36m<div\u001b[39m\n    \u001b[33mclass\u001b[39m=\u001b[32m\"MuiBox-root css-1dyei8l\"\u001b[39m\n    \u001b[33mrole\u001b[39m=\u001b[32m\"gridcell\"\u001b[39m\n    \u001b[33mtabindex\u001b[39m=\u001b[32m\"-1\"\u001b[39m\n  \u001b[36m/>\u001b[39m\n\n  Name \"수정 roles\":\n  \u001b[36m<div\u001b[39m\n    \u001b[33mclass\u001b[39m=\u001b[32m\"MuiBox-root css-fpu8cz\"\u001b[39m\n    \u001b[33mrole\u001b[39m=\u001b[32m\"gridcell\"\u001b[39m\n    \u001b[33mtabindex\u001b[39m=\u001b[32m\"-1\"\u001b[39m\n  \u001b[36m/>\u001b[39m\n\n  Name \"엑셀 roles\":\n  \u001b[36m<div\u001b[39m\n    \u001b[33mclass\u001b[39m=\u001b[32m\"MuiBox-root css-1osihk4\"\u001b[39m\n    \u001b[33mrole\u001b[39m=\u001b[32m\"gridcell\"\u001b[39m\n    \u001b[33mtabindex\u001b[39m=\u001b[32m\"-1\"\u001b[39m\n  \u001b[36m/>\u001b[39m\n\n  Name \"메뉴관리\":\n  \u001b[36m<div\u001b[39m\n    \u001b[33maria-label\u001b[39m=\u001b[32m\"메뉴관리\"\u001b[39m\n    \u001b[33mclass\u001b[39m=\u001b[32m\"MuiBox-root css-10lpeic\"\u001b[39m\n    \u001b[33mrole\u001b[39m=\u001b[32m\"gridcell\"\u001b[39m\n    \u001b[33mtabindex\u001b[39m=\u001b[32m\"-1\"\u001b[39m\n  \u001b[36m/>\u001b[39m\n\n  Name \"MENU\":\n  \u001b[36m<div\u001b[39m\n    \u001b[33mclass\u001b[39m=\u001b[32m\"MuiBox-root css-10jbqsw\"\u001b[39m\n    \u001b[33mrole\u001b[39m=\u001b[32m\"gridcell\"\u001b[39m\n    \u001b[33mtabindex\u001b[39m=\u001b[32m\"-1\"\u001b[39m\n  \u001b[36m/>\u001b[39m\n\n  Name \"/settings/system/menus\":\n  \u001b[36m<div\u001b[39m\n    \u001b[33mclass\u001b[39m=\u001b[32m\"MuiBox-root css-5okco5\"\u001b[39m\n    \u001b[33mrole\u001b[39m=\u001b[32m\"gridcell\"\u001b[39m\n    \u001b[33mtabindex\u001b[39m=\u001b[32m\"-1\"\u001b[39m\n  \u001b[36m/>\u001b[39m\n\n  Name \"2\":\n  \u001b[36m<div\u001b[39m\n    \u001b[33mclass\u001b[39m=\u001b[32m\"MuiBox-root css-1s3gxbg\"\u001b[39m\n    \u001b[33mrole\u001b[39m=\u001b[32m\"gridcell\"\u001b[39m\n    \u001b[33mtabindex\u001b[39m=\u001b[32m\"-1\"\u001b[39m\n  \u001b[36m/>\u001b[39m\n\n  Name \"사용 여부 menus\":\n  \u001b[36m<div\u001b[39m\n    \u001b[33mclass\u001b[39m=\u001b[32m\"MuiBox-root css-y4gyj9\"\u001b[39m\n    \u001b[33mrole\u001b[39m=\u001b[32m\"gridcell\"\u001b[39m\n    \u001b[33mtabindex\u001b[39m=\u001b[32m\"-1\"\u001b[39m\n  \u001b[36m/>\u001b[39m\n\n  Name \"조회 menus\":\n  \u001b[36m<div\u001b[39m\n    \u001b[33mclass\u001b[39m=\u001b[32m\"MuiBox-root css-19cd0ua\"\u001b[39m\n    \u001b[33mrole\u001b[39m=\u001b[32m\"gridcell\"\u001b[39m\n    \u001b[33mtabindex\u001b[39m=\u001b[32m\"-1\"\u001b[39m\n  \u001b[36m/>\u001b[39m\n\n  Name \"등록 menus\":\n  \u001b[36m<div\u001b[39m\n    \u001b[33mclass\u001b[39m=\u001b[32m\"MuiBox-root css-tivqb2\"\u001b[39m\n    \u001b[33mrole\u001b[39m=\u001b[32m\"gridcell\"\u001b[39m\n    \u001b[33mtabindex\u001b[39m=\u001b[32m\"-1\"\u001b[39m\n  \u001b[36m/>\u001b[39m\n\n  Name \"수정 menus\":\n  \u001b[36m<div\u001b[39m\n    \u001b[33mclass\u001b[39m=\u001b[32m\"MuiBox-root css-1966pux\"\u001b[39m\n    \u001b[33mrole\u001b[39m=\u001b[32m\"gridcell\"\u001b[39m\n    \u001b[33mtabindex\u001b[39m=\u001b[32m\"-1\"\u001b[39m\n  \u001b[36m/>\u001b[39m\n\n  Name \"엑셀 menus\":\n  \u001b[36m<div\u001b[39m\n    \u001b[33mclass\u001b[39m=\u001b[32m\"MuiBox-root css-6xu464\"\u001b[39m\n    \u001b[33mrole\u001b[39m=\u001b[32m\"gridcell\"\u001b[39m\n    \u001b[33mtabindex\u001b[39m=\u001b[32m\"-1\"\u001b[39m\n  \u001b[36m/>\u001b[39m\n\n  --------------------------------------------------\n\nIgnored nodes: comments, script, style\n\u001b[36m<body>\u001b[39m\n  \u001b[36m<div>\u001b[39m\n    \u001b[36m<div\u001b[39m\n      \u001b[33mclass\u001b[39m=\u001b[32m\"MuiBox-root css-8iwycl\"\u001b[39m\n    \u001b[36m>\u001b[39m\n      \u001b[36m<div\u001b[39m\n        \u001b[33mclass\u001b[39m=\u001b[32m\"MuiPaper-root MuiPaper-elevation MuiPaper-rounded MuiPaper-elevation1 MuiCard-root css-1f6exgy-MuiPaper-root-MuiCard-root\"\u001b[39m\n        \u001b[33mstyle\u001b[39m=\u001b[32m\"--Paper-shadow: 0px 2px 1px -1px rgba(0,0,0,0.2),0px 1px 1px 0px rgba(0,0,0,0.14),0px 1px 3px 0px rgba(0,0,0,0.12);\"\u001b[39m\n      \u001b[36m>\u001b[39m\n        \u001b[36m<div\u001b[39m\n          \u001b[33mclass\u001b[39m=\u001b[32m\"MuiCardContent-root css-qaff20-MuiCardContent-root\"\u001b[39m\n        \u001b[36m>\u001b[39m\n          \u001b[36m<div\u001b[39m\n            \u001b[33mclass\u001b[39m=\u001b[32m\"MuiBox-root css-164prv4\"\u001b[39m\n          \u001b[36m>\u001b[39m\n            \u001b[36m<h6\u001b[39m\n              \u001b[33mclass\u001b[39m=\u001b[32m\"MuiTypography-root MuiTypography-h6 css-h9fkkg-MuiTypography-root\"\u001b[39m\n            \u001b[36m>\u001b[39m\n              \u001b[0m메뉴 관리\u001b[0m\n            \u001b[36m</h6>\u001b[39m\n            \u001b[36m<div\u001b[39m\n              \u001b[33maria-label\u001b[39m=\u001b[32m\"메뉴 업무 액션\"\u001b[39m\n              \u001b[33mclass\u001b[39m=\u001b[32m\"MuiBox-root css-1aheubh\"\u001b[39m\n              \u001b[33mrole\u001b[39m=\u001b[32m\"toolbar\"\u001b[39m\n            \u001b[36m>\u001b[39m\n              \u001b[36m<button\u001b[39m\n                \u001b[33mclass\u001b[39m=\u001b[32m\"MuiButtonBase-root MuiButton-root MuiButton-text MuiButton-sizeSmall MuiButton-colorPrimary css-1ccsd5i-MuiButtonBase-root-MuiButton-root\"\u001b[39m\n                \u001b[33mtabindex\u001b[39m=\u001b[32m\"0\"\u001b[39m\n                \u001b[33mtype\u001b[39m=\u001b[32m\"button\"\u001b[39m\n              \u001b[36m>\u001b[39m\n                \u001b[36m<span\u001b[39m\n                  \u001b[33mclass\u001b[39m=\u001b[32m\"MuiButton-icon MuiButton-startIcon css-t70kls-MuiButton-startIcon\"\u001b[39m\n                \u001b[36m>\u001b[39m\n                  \u001b[36m<svg\u001b[39m\n                    \u001b[33maria-hidden\u001b[39m=\u001b[32m\"true\"\u001b[39m\n                    \u001b[33mclass\u001b[39m=\u001b[32m\"MuiSvgIcon-root MuiSvgIcon-fontSizeSmall css-120dh41-MuiSvgIcon-root\"\u001b[39m\n                    \u001b[33mdata-testid\u001b[39m=\u001b[32m\"AddIcon\"\u001b[39m\n                    \u001b[33mfocusable\u001b[39m=\u001b[32m\"false\"\u001b[39m\n                    \u001b[33mviewBox\u001b[39m=\u001b[32m\"0 0 24 24\"\u001b[39m\n                  \u001b[36m>\u001b[39m\n                    \u001b[36m<path\u001b[39m\n                      \u001b[33md\u001b[39m=\u001b[32m\"M19 13h-6v6h-2v-6H5v-2h6V5h2v6h6z\"\u001b[39m\n                    \u001b[36m/>\u001b[39m\n                  \u001b[36m</svg>\u001b[39m\n                \u001b[36m</span>\u001b[39m\n                \u001b[0m루트 메뉴 추가\u001b[0m\n              \u001b[36m</button>\u001b[39m\n              \u001b[36m<button\u001b[39m\n                \u001b[33mclass\u001b[39m=\u001b[32m\"MuiButtonBase-root Mui-disabled MuiButton-root MuiButton-text MuiButton-sizeSmall MuiButton-colorPrimary css-1ccsd5i-MuiButtonBase-root-MuiButton-root\"\u001b[39m\n                \u001b[33mdisabled\u001b[39m=\u001b[32m\"\"\u001b[39m\n                \u001b[33mtabindex\u001b[39m=\u001b[32m\"-1\"\u001b[39m\n                \u001b[33mtype\u001b[39m=\u001b[32m\"button\"\u001b[39m\n              \u001b[36m>\u001b[39m\n                \u001b[36m<span\u001b[39m\n                  \u001b[33mclass\u001b[39m=\u001b[32m\"MuiButton-icon MuiButton-startIcon css-t70kls-MuiButton-startIcon\"\u001b[39m\n                \u001b[36m>\u001b[39m\n                  \u001b[36m<svg\u001b[39m\n                    \u001b[33maria-hidden\u001b[39m=\u001b[32m\"true\"\u001b[39m\n                    \u001b[33mclass\u001b[39m=\u001b[32m\"MuiSvgIcon-root MuiSvgIcon-fontSizeSmall css-120dh41-MuiSvgIcon-root\"\u001b[39m\n                    \u001b[33mdata-testid\u001b[39m=\u001b[32m\"PlaylistAddIcon\"\u001b[39m\n                    \u001b[33mfocusable\u001b[39m=\u001b[32m\"false\"\u001b[39m\n                    \u001b[33mviewBox\u001b[39m=\u001b[32m\"0 0 24 24\"\u001b[39m\n                  \u001b[36m>\u001b[39m\n                    \u001b[36m<path\u001b[39m\n                      \u001b[33md\u001b[39m=\u001b[32m\"M14 10H3v2h11zm0-4H3v2h11zm4 8v-4h-2v4h-4v2h4v4h2v-4h4v-2zM3 16h7v-2H3z\"\u001b[39m\n                    \u001b[36m/>\u001b[39m\n                  \u001b[36m</svg>\u001b[39m\n                \u001b[36m</span>\u001b[39m\n                \u001b[0m하위 메뉴 추가\u001b[0m\n              \u001b[36m</button>\u001b[39m\n            \u001b[36m</div>\u001b[39m\n          \u001b[36m</div>\u001b[39m\n          \u001b[36m<div\u001b[39m\n            \u001b[33maria-label\u001b[39m=\u001b[32m\"메뉴 그리드 제어\"\u001b[39m\n            \u001b[33mclass\u001b[39m=\u001b[32m\"MuiBox-root css-rj8thk\"\u001b[39m\n            \u001b[33mrole\u001b[39m=\u001b[32m\"toolbar\"\u001b[39m\n          \u001b[36m>\u001b[39m\n            \u001b[36m<button\u001b[39m\n              \u001b[33maria-label\u001b[39m=\u001b[32m\"전체 펼치기\"\u001b[39m\n              \u001b[33mclass\u001b[39m=\u001b[32m\"MuiButtonBase-root MuiIconButton-root MuiIconButton-sizeSmall css-155wbr6-MuiButtonBase-root-MuiIconButton-root\"\u001b[39m\n              \u001b[33mtabindex\u001b[39m=\u001b[32m\"0\"\u001b[39m\n              \u001b[33mtype\u001b[39m=\u001b[32m\"button\"\u001b[39m\n            \u001b[36m>\u001b[39m\n              \u001b[36m<svg\u001b[39m\n                \u001b[33maria-hidden\u001b[39m=\u001b[32m\"true\"\u001b[39m\n                \u001b[33mclass\u001b[39m=\u001b[32m\"MuiSvgIcon-root MuiSvgIcon-fontSizeSmall css-120dh41-MuiSvgIcon-root\"\u001b[39m\n                \u001b[33mdata-testid\u001b[39m=\u001b[32m\"UnfoldMoreIcon\"\u001b[39m\n                \u001b[33mfocusable\u001b[39m=\u001b[32m\"false\"\u001b[39m\n                \u001b[33mviewBox\u001b[39m=\u001b[32m\"0 0 24 24\"\u001b[39m\n              \u001b[36m>\u001b[39m\n                \u001b[36m<path\u001b[39m\n                  \u001b[33md\u001b[39m=\u001b[32m\"M12 5.83 15.17 9l1.41-1.41L12 3 7.41 7.59 8.83 9zm0 12.34L8.83 15l-1.41 1.41L12 21l4.59-4.59L15.17 15z\"\u001b[39m\n                \u001b[36m/>\u001b[39m\n              \u001b[36m</svg>\u001b[39m\n            \u001b[36m</button>\u001b[39m\n            \u001b[36m<button\u001b[39m\n              \u001b[33maria-label\u001b[39m=\u001b[32m\"전체 접기\"\u001b[39m\n              \u001b[33mclass\u001b[39m=\u001b[32m\"MuiButtonBase-root MuiIconButton-root MuiIconButton-sizeSmall css-155wbr6-MuiButtonBase-root-MuiIconButton-root\"\u001b[39m\n              \u001b[33mtabindex\u001b[39m=\u001b[32m\"0\"\u001b[39m\n              \u001b[33mtype\u001b[39m=\u001b[32m\"button\"\u001b[39m\n            \u001b[36m>\u001b[39m\n              \u001b[36m<svg\u001b[39m\n                \u001b[33maria-hidden\u001b[39m=\u001b[32m\"true\"\u001b[39m\n                \u001b[33mclass\u001b[39m=\u001b[32m\"MuiSvgIcon-root MuiSvgIcon-fontSizeSmall css-120dh41-MuiSvgIcon-root\"\u001b[39m\n                \u001b[33mdata-testid\u001b[39m=\u001b[32m\"UnfoldLessIcon\"\u001b[39m\n                \u001b[33mfocusable\u001b[39m=\u001b[32m\"false\"\u001b[39m\n                \u001b[33mviewBox\u001b[39m=\u001b[32m\"0 0 24 24\"\u001b[39m\n              \u001b[36m>\u001b[39m\n                \u001b[36m<path\u001b[39m\n                  \u001b[33md\u001b[39m=\u001b[32m\"M7.41 18.59 8.83 20 12 16.83 15.17 20l1.41-1.41L12 14zm9.18-13.18L15.17 4 12 7.17 8.83 4 7.41 5.41 12 10z\"\u001b[39m\n                \u001b[36m/>\u001b[39m\n              \u001b[36m</svg>\u001b[39m\n            \u001b[36m</button>\u001b[39m\n          \u001b[36m</div>\u001b[39m\n          \u001b[36m<div\u001b[39m\n            \u001b[33maria-label\u001b[39m=\u001b[32m\"F1-TREE 메뉴 관리\"\u001b[39m\n            \u001b[33mclass\u001b[39m=\u001b[32m\"MuiBox-root css-1y0kn0r\"\u001b[39m\n            \u001b[33mrole\u001b[39m=\u001b[32m\"grid\"\u001b[39m\n          \u001b[36m>\u001b[39m\n            \u001b[36m<div\u001b[39m\n              \u001b[33mclass\u001b[39m=\u001b[32m\"MuiBox-root css-13srijd\"\u001b[39m\n              \u001b[33mrole\u001b[39m=\u001b[32m\"row\"\u001b[39m\n            \u001b[36m>\u001b[39m\n              \u001b[36m<div\u001b[39m\n                \u001b[33mclass\u001b[39m=\u001b[32m\"MuiBox-root css-15jhrft\"\u001b[39m\n                \u001b[33mrole\u001b[39m=\u001b[32m\"columnheader\"\u001b[39m\n              \u001b[36m>\u001b[39m\n                \u001b[36m<span\u001b[39m\n                  \u001b[33maria-label\u001b[39m=\u001b[32m\"전체 행 선택\"\u001b[39m\n                  \u001b[33mclass\u001b[39m=\u001b[32m\"MuiButtonBase-root MuiCheckbox-root MuiCheckbox-colorPrimary MuiCheckbox-sizeSmall PrivateSwitchBase-root MuiCheckbox-root MuiCheckbox-colorPrimary MuiCheckbox-sizeSmall MuiCheckbox-root MuiCheckbox-colorPrimary MuiCheckbox-sizeSmall css-vuhw6e-MuiButtonBase-root-MuiSwitchBas...\n    at Object.getElementError (D:\\f1soft\\dev\\react\\S-ERP\\frontend\\node_modules\\@testing-library\\dom\\dist\\config.js:37:19)\n    at D:\\f1soft\\dev\\react\\S-ERP\\frontend\\node_modules\\@testing-library\\dom\\dist\\query-helpers.js:76:38\n    at D:\\f1soft\\dev\\react\\S-ERP\\frontend\\node_modules\\@testing-library\\dom\\dist\\query-helpers.js:52:17\n    at D:\\f1soft\\dev\\react\\S-ERP\\frontend\\node_modules\\@testing-library\\dom\\dist\\query-helpers.js:95:19\n    at D:/f1soft/dev/react/S-ERP/frontend/tests/menu-management-f1-grid.test.tsx:145:19\n    at file:///D:/f1soft/dev/react/S-ERP/frontend/node_modules/@vitest/runner/dist/chunk-artifact.js:302:11\n    at file:///D:/f1soft/dev/react/S-ERP/frontend/node_modules/@vitest/runner/dist/chunk-artifact.js:1903:26\n    at file:///D:/f1soft/dev/react/S-ERP/frontend/node_modules/@vitest/runner/dist/chunk-artifact.js:2326:20\n    at new Promise (<anonymous>)\n    at runWithCancel (file:///D:/f1soft/dev/react/S-ERP/frontend/node_modules/@vitest/runner/dist/chunk-artifact.js:2323:10)"],"meta":{},"tags":[]},{"ancestorTitles":["MenuManagementPanel F1Tree integration"],"fullName":"MenuManagementPanel F1Tree integration adds a root menu and updates the inserted count","status":"passed","title":"adds a root menu and updates the inserted count","duration":1101.7246000000014,"failureMessages":[],"meta":{},"tags":[]},{"ancestorTitles":["MenuManagementPanel F1Tree integration"],"fullName":"MenuManagementPanel F1Tree integration renders ordered permission columns, allows leaf edits, disables groups, and starts new rows unchecked","status":"failed","title":"renders ordered permission columns, allows leaf edits, disables groups, and starts new rows unchecked","duration":213.08759999999893,"failureMessages":["AssertionError: expected [ '수정', '엑셀' ] to deeply equal [ '조회', '엑셀' ]\n    at D:/f1soft/dev/react/S-ERP/frontend/tests/menu-management-f1-grid.test.tsx:180:7\n    at file:///D:/f1soft/dev/react/S-ERP/frontend/node_modules/@vitest/runner/dist/chunk-artifact.js:302:11\n    at file:///D:/f1soft/dev/react/S-ERP/frontend/node_modules/@vitest/runner/dist/chunk-artifact.js:1903:26\n    at file:///D:/f1soft/dev/react/S-ERP/frontend/node_modules/@vitest/runner/dist/chunk-artifact.js:2326:20\n    at new Promise (<anonymous>)\n    at runWithCancel (file:///D:/f1soft/dev/react/S-ERP/frontend/node_modules/@vitest/runner/dist/chunk-artifact.js:2323:10)\n    at file:///D:/f1soft/dev/react/S-ERP/frontend/node_modules/@vitest/runner/dist/chunk-artifact.js:2305:20\n    at new Promise (<anonymous>)\n    at runWithTimeout (file:///D:/f1soft/dev/react/S-ERP/frontend/node_modules/@vitest/runner/dist/chunk-artifact.js:2272:10)\n    at file:///D:/f1soft/dev/react/S-ERP/frontend/node_modules/@vitest/runner/dist/chunk-artifact.js:2956:64"],"meta":{},"tags":[]},{"ancestorTitles":["menu management API integration"],"fullName":"menu management API integration normalizes module and active permission definitions","status":"passed","title":"normalizes module and active permission definitions","duration":5.808600000000297,"failureMessages":[],"meta":{},"tags":[]},{"ancestorTitles":["menu management API integration"],"fullName":"menu management API integration maps menu identity and hierarchy fields returned by the API","status":"passed","title":"maps menu identity and hierarchy fields returned by the API","duration":4.283100000000559,"failureMessages":[],"meta":{},"tags":[]},{"ancestorTitles":["menu management API integration"],"fullName":"menu management API integration sends inserted, updated, then deleted menu changes using their API routes","status":"passed","title":"sends inserted, updated, then deleted menu changes using their API routes","duration":3.5034000000014203,"failureMessages":[],"meta":{},"tags":[]},{"ancestorTitles":["menu management API integration"],"fullName":"menu management API integration uses the server ID of an inserted parent when saving its new child","status":"passed","title":"uses the server ID of an inserted parent when saving its new child","duration":1.841999999998734,"failureMessages":[],"meta":{},"tags":[]},{"ancestorTitles":["MenuManagementPanel F1Tree workflow"],"fullName":"MenuManagementPanel F1Tree workflow notifies its page after saving menu changes","status":"failed","title":"notifies its page after saving menu changes","duration":1078.9295999999995,"failureMessages":["TestingLibraryElementError: Unable to find an accessible element with the role \"button\" and name \"저장\"\n\nHere are the accessible roles:\n\n  heading:\n\n  Name \"메뉴 관리\":\n  \u001b[36m<h6\u001b[39m\n    \u001b[33mclass\u001b[39m=\u001b[32m\"MuiTypography-root MuiTypography-h6 css-h9fkkg-MuiTypography-root\"\u001b[39m\n  \u001b[36m/>\u001b[39m\n\n  --------------------------------------------------\n  toolbar:\n\n  Name \"메뉴 업무 액션\":\n  \u001b[36m<div\u001b[39m\n    \u001b[33maria-label\u001b[39m=\u001b[32m\"메뉴 업무 액션\"\u001b[39m\n    \u001b[33mclass\u001b[39m=\u001b[32m\"MuiBox-root css-1aheubh\"\u001b[39m\n    \u001b[33mrole\u001b[39m=\u001b[32m\"toolbar\"\u001b[39m\n  \u001b[36m/>\u001b[39m\n\n  Name \"메뉴 그리드 제어\":\n  \u001b[36m<div\u001b[39m\n    \u001b[33maria-label\u001b[39m=\u001b[32m\"메뉴 그리드 제어\"\u001b[39m\n    \u001b[33mclass\u001b[39m=\u001b[32m\"MuiBox-root css-rj8thk\"\u001b[39m\n    \u001b[33mrole\u001b[39m=\u001b[32m\"toolbar\"\u001b[39m\n  \u001b[36m/>\u001b[39m\n\n  --------------------------------------------------\n  button:\n\n  Name \"루트 메뉴 추가\":\n  \u001b[36m<button\u001b[39m\n    \u001b[33mclass\u001b[39m=\u001b[32m\"MuiButtonBase-root MuiButton-root MuiButton-text MuiButton-sizeSmall MuiButton-colorPrimary css-1ccsd5i-MuiButtonBase-root-MuiButton-root\"\u001b[39m\n    \u001b[33mtabindex\u001b[39m=\u001b[32m\"0\"\u001b[39m\n    \u001b[33mtype\u001b[39m=\u001b[32m\"button\"\u001b[39m\n  \u001b[36m/>\u001b[39m\n\n  Name \"하위 메뉴 추가\":\n  \u001b[36m<button\u001b[39m\n    \u001b[33mclass\u001b[39m=\u001b[32m\"MuiButtonBase-root Mui-disabled MuiButton-root MuiButton-text MuiButton-sizeSmall MuiButton-colorPrimary css-1ccsd5i-MuiButtonBase-root-MuiButton-root\"\u001b[39m\n    \u001b[33mdisabled\u001b[39m=\u001b[32m\"\"\u001b[39m\n    \u001b[33mtabindex\u001b[39m=\u001b[32m\"-1\"\u001b[39m\n    \u001b[33mtype\u001b[39m=\u001b[32m\"button\"\u001b[39m\n  \u001b[36m/>\u001b[39m\n\n  Name \"전체 펼치기\":\n  \u001b[36m<button\u001b[39m\n    \u001b[33maria-label\u001b[39m=\u001b[32m\"전체 펼치기\"\u001b[39m\n    \u001b[33mclass\u001b[39m=\u001b[32m\"MuiButtonBase-root MuiIconButton-root MuiIconButton-sizeSmall css-155wbr6-MuiButtonBase-root-MuiIconButton-root\"\u001b[39m\n    \u001b[33mtabindex\u001b[39m=\u001b[32m\"0\"\u001b[39m\n    \u001b[33mtype\u001b[39m=\u001b[32m\"button\"\u001b[39m\n  \u001b[36m/>\u001b[39m\n\n  Name \"전체 접기\":\n  \u001b[36m<button\u001b[39m\n    \u001b[33maria-label\u001b[39m=\u001b[32m\"전체 접기\"\u001b[39m\n    \u001b[33mclass\u001b[39m=\u001b[32m\"MuiButtonBase-root MuiIconButton-root MuiIconButton-sizeSmall css-155wbr6-MuiButtonBase-root-MuiIconButton-root\"\u001b[39m\n    \u001b[33mtabindex\u001b[39m=\u001b[32m\"0\"\u001b[39m\n    \u001b[33mtype\u001b[39m=\u001b[32m\"button\"\u001b[39m\n  \u001b[36m/>\u001b[39m\n\n  Name \"메뉴명 컬럼 메뉴\":\n  \u001b[36m<button\u001b[39m\n    \u001b[33maria-label\u001b[39m=\u001b[32m\"메뉴명 컬럼 메뉴\"\u001b[39m\n    \u001b[33mclass\u001b[39m=\u001b[32m\"MuiButtonBase-root MuiIconButton-root MuiIconButton-sizeSmall f1-grid-col-menu-btn css-155wbr6-MuiButtonBase-root-MuiIconButton-root\"\u001b[39m\n    \u001b[33mtabindex\u001b[39m=\u001b[32m\"0\"\u001b[39m\n    \u001b[33mtype\u001b[39m=\u001b[32m\"button\"\u001b[39m\n  \u001b[36m/>\u001b[39m\n\n  Name \"코드 컬럼 메뉴\":\n  \u001b[36m<button\u001b[39m\n    \u001b[33maria-label\u001b[39m=\u001b[32m\"코드 컬럼 메뉴\"\u001b[39m\n    \u001b[33mclass\u001b[39m=\u001b[32m\"MuiButtonBase-root MuiIconButton-root MuiIconButton-sizeSmall f1-grid-col-menu-btn css-155wbr6-MuiButtonBase-root-MuiIconButton-root\"\u001b[39m\n    \u001b[33mtabindex\u001b[39m=\u001b[32m\"0\"\u001b[39m\n    \u001b[33mtype\u001b[39m=\u001b[32m\"button\"\u001b[39m\n  \u001b[36m/>\u001b[39m\n\n  Name \"경로 컬럼 메뉴\":\n  \u001b[36m<button\u001b[39m\n    \u001b[33maria-label\u001b[39m=\u001b[32m\"경로 컬럼 메뉴\"\u001b[39m\n    \u001b[33mclass\u001b[39m=\u001b[32m\"MuiButtonBase-root MuiIconButton-root MuiIconButton-sizeSmall f1-grid-col-menu-btn css-155wbr6-MuiButtonBase-root-MuiIconButton-root\"\u001b[39m\n    \u001b[33mtabindex\u001b[39m=\u001b[32m\"0\"\u001b[39m\n    \u001b[33mtype\u001b[39m=\u001b[32m\"button\"\u001b[39m\n  \u001b[36m/>\u001b[39m\n\n  Name \"정렬 컬럼 메뉴\":\n  \u001b[36m<button\u001b[39m\n    \u001b[33maria-label\u001b[39m=\u001b[32m\"정렬 컬럼 메뉴\"\u001b[39m\n    \u001b[33mclass\u001b[39m=\u001b[32m\"MuiButtonBase-root MuiIconButton-root MuiIconButton-sizeSmall f1-grid-col-menu-btn css-155wbr6-MuiButtonBase-root-MuiIconButton-root\"\u001b[39m\n    \u001b[33mtabindex\u001b[39m=\u001b[32m\"0\"\u001b[39m\n    \u001b[33mtype\u001b[39m=\u001b[32m\"button\"\u001b[39m\n  \u001b[36m/>\u001b[39m\n\n  Name \"사용 여부 컬럼 메뉴\":\n  \u001b[36m<button\u001b[39m\n    \u001b[33maria-label\u001b[39m=\u001b[32m\"사용 여부 컬럼 메뉴\"\u001b[39m\n    \u001b[33mclass\u001b[39m=\u001b[32m\"MuiButtonBase-root MuiIconButton-root MuiIconButton-sizeSmall f1-grid-col-menu-btn css-155wbr6-MuiButtonBase-root-MuiIconButton-root\"\u001b[39m\n    \u001b[33mtabindex\u001b[39m=\u001b[32m\"0\"\u001b[39m\n    \u001b[33mtype\u001b[39m=\u001b[32m\"button\"\u001b[39m\n  \u001b[36m/>\u001b[39m\n\n  Name \"조회 컬럼 메뉴\":\n  \u001b[36m<button\u001b[39m\n    \u001b[33maria-label\u001b[39m=\u001b[32m\"조회 컬럼 메뉴\"\u001b[39m\n    \u001b[33mclass\u001b[39m=\u001b[32m\"MuiButtonBase-root MuiIconButton-root MuiIconButton-sizeSmall f1-grid-col-menu-btn css-155wbr6-MuiButtonBase-root-MuiIconButton-root\"\u001b[39m\n    \u001b[33mtabindex\u001b[39m=\u001b[32m\"0\"\u001b[39m\n    \u001b[33mtype\u001b[39m=\u001b[32m\"button\"\u001b[39m\n  \u001b[36m/>\u001b[39m\n\n  Name \"등록 컬럼 메뉴\":\n  \u001b[36m<button\u001b[39m\n    \u001b[33maria-label\u001b[39m=\u001b[32m\"등록 컬럼 메뉴\"\u001b[39m\n    \u001b[33mclass\u001b[39m=\u001b[32m\"MuiButtonBase-root MuiIconButton-root MuiIconButton-sizeSmall f1-grid-col-menu-btn css-155wbr6-MuiButtonBase-root-MuiIconButton-root\"\u001b[39m\n    \u001b[33mtabindex\u001b[39m=\u001b[32m\"0\"\u001b[39m\n    \u001b[33mtype\u001b[39m=\u001b[32m\"button\"\u001b[39m\n  \u001b[36m/>\u001b[39m\n\n  Name \"수정 컬럼 메뉴\":\n  \u001b[36m<button\u001b[39m\n    \u001b[33maria-label\u001b[39m=\u001b[32m\"수정 컬럼 메뉴\"\u001b[39m\n    \u001b[33mclass\u001b[39m=\u001b[32m\"MuiButtonBase-root MuiIconButton-root MuiIconButton-sizeSmall f1-grid-col-menu-btn css-155wbr6-MuiButtonBase-root-MuiIconButton-root\"\u001b[39m\n    \u001b[33mtabindex\u001b[39m=\u001b[32m\"0\"\u001b[39m\n    \u001b[33mtype\u001b[39m=\u001b[32m\"button\"\u001b[39m\n  \u001b[36m/>\u001b[39m\n\n  Name \"엑셀 컬럼 메뉴\":\n  \u001b[36m<button\u001b[39m\n    \u001b[33maria-label\u001b[39m=\u001b[32m\"엑셀 컬럼 메뉴\"\u001b[39m\n    \u001b[33mclass\u001b[39m=\u001b[32m\"MuiButtonBase-root MuiIconButton-root MuiIconButton-sizeSmall f1-grid-col-menu-btn css-155wbr6-MuiButtonBase-root-MuiIconButton-root\"\u001b[39m\n    \u001b[33mtabindex\u001b[39m=\u001b[32m\"0\"\u001b[39m\n    \u001b[33mtype\u001b[39m=\u001b[32m\"button\"\u001b[39m\n  \u001b[36m/>\u001b[39m\n\n  Name \"시스템 관리 펼치기\":\n  \u001b[36m<button\u001b[39m\n    \u001b[33maria-label\u001b[39m=\u001b[32m\"시스템 관리 펼치기\"\u001b[39m\n    \u001b[33mclass\u001b[39m=\u001b[32m\"MuiButtonBase-root MuiIconButton-root MuiIconButton-sizeSmall css-155wbr6-MuiButtonBase-root-MuiIconButton-root\"\u001b[39m\n    \u001b[33mtabindex\u001b[39m=\u001b[32m\"0\"\u001b[39m\n    \u001b[33mtype\u001b[39m=\u001b[32m\"button\"\u001b[39m\n  \u001b[36m/>\u001b[39m\n\n  Name \"4 행 높이 조절\":\n  \u001b[36m<button\u001b[39m\n    \u001b[33maria-label\u001b[39m=\u001b[32m\"4 행 높이 조절\"\u001b[39m\n    \u001b[33maria-valuemax\u001b[39m=\u001b[32m\"300\"\u001b[39m\n    \u001b[33maria-valuemin\u001b[39m=\u001b[32m\"40\"\u001b[39m\n    \u001b[33maria-valuenow\u001b[39m=\u001b[32m\"40\"\u001b[39m\n    \u001b[33mclass\u001b[39m=\u001b[32m\"MuiBox-root css-1nnbvej\"\u001b[39m\n    \u001b[33mrole\u001b[39m=\u001b[32m\"button\"\u001b[39m\n    \u001b[33mtype\u001b[39m=\u001b[32m\"button\"\u001b[39m\n  \u001b[36m/>\u001b[39m\n\n  Name \"10 행 높이 조절\":\n  \u001b[36m<button\u001b[39m\n    \u001b[33maria-label\u001b[39m=\u001b[32m\"10 행 높이 조절\"\u001b[39m\n    \u001b[33maria-valuemax\u001b[39m=\u001b[32m\"300\"\u001b[39m\n    \u001b[33maria-valuemin\u001b[39m=\u001b[32m\"40\"\u001b[39m\n    \u001b[33maria-valuenow\u001b[39m=\u001b[32m\"40\"\u001b[39m\n    \u001b[33mclass\u001b[39m=\u001b[32m\"MuiBox-root css-1hl18yr\"\u001b[39m\n    \u001b[33mrole\u001b[39m=\u001b[32m\"button\"\u001b[39m\n    \u001b[33mtype\u001b[39m=\u001b[32m\"button\"\u001b[39m\n  \u001b[36m/>\u001b[39m\n\n  --------------------------------------------------\n  grid:\n\n  Name \"F1-TREE 메뉴 관리\":\n  \u001b[36m<div\u001b[39m\n    \u001b[33maria-label\u001b[39m=\u001b[32m\"F1-TREE 메뉴 관리\"\u001b[39m\n    \u001b[33mclass\u001b[39m=\u001b[32m\"MuiBox-root css-1y0kn0r\"\u001b[39m\n    \u001b[33mrole\u001b[39m=\u001b[32m\"grid\"\u001b[39m\n  \u001b[36m/>\u001b[39m\n\n  --------------------------------------------------\n  row:\n\n  Name \"전체 행 선택 메뉴명 메뉴명 컬럼 너비 조절 코드 코드 컬럼 너비 조절 경로 경로 컬럼 너비 조절 정렬 정렬 컬럼 너비 조절 사용 여부 전체 선택 사용 여부 사용 여부 컬럼 너비 조절 조회 조회 컬럼 너비 조절 등록 등록 컬럼 너비 조절 수정 수정 컬럼 너비 조절 엑셀 엑셀 컬럼 너비 조절\":\n  \u001b[36m<div\u001b[39m\n    \u001b[33mclass\u001b[39m=\u001b[32m\"MuiBox-root css-13srijd\"\u001b[39m\n    \u001b[33mrole\u001b[39m=\u001b[32m\"row\"\u001b[39m\n  \u001b[36m/>\u001b[39m\n\n  Name \"4 행 선택 시스템 관리 SET /settings 2 사용 여부 4 조회 4 등록 4 수정 4 엑셀 4\":\n  \u001b[36m<div\u001b[39m\n    \u001b[33maria-selected\u001b[39m=\u001b[32m\"false\"\u001b[39m\n    \u001b[33mclass\u001b[39m=\u001b[32m\"MuiBox-root css-1obf64m\"\u001b[39m\n    \u001b[33mrole\u001b[39m=\u001b[32m\"row\"\u001b[39m\n  \u001b[36m/>\u001b[39m\n\n  Name \"10 행 선택 메뉴관리 MENU /settings/system/menus 2 사용 여부 10 조회 10 등록 10 수정 10 엑셀 10\":\n  \u001b[36m<div\u001b[39m\n    \u001b[33maria-selected\u001b[39m=\u001b[32m\"false\"\u001b[39m\n    \u001b[33mclass\u001b[39m=\u001b[32m\"MuiBox-root css-1obf64m\"\u001b[39m\n    \u001b[33mrole\u001b[39m=\u001b[32m\"row\"\u001b[39m\n  \u001b[36m/>\u001b[39m\n\n  --------------------------------------------------\n  columnheader:\n\n  Name \"전체 행 선택\":\n  \u001b[36m<div\u001b[39m\n    \u001b[33mclass\u001b[39m=\u001b[32m\"MuiBox-root css-15jhrft\"\u001b[39m\n    \u001b[33mrole\u001b[39m=\u001b[32m\"columnheader\"\u001b[39m\n  \u001b[36m/>\u001b[39m\n\n  Name \"메뉴명 메뉴명 컬럼 너비 조절\":\n  \u001b[36m<div\u001b[39m\n    \u001b[33mclass\u001b[39m=\u001b[32m\"MuiBox-root css-1k3a3ft\"\u001b[39m\n    \u001b[33mrole\u001b[39m=\u001b[32m\"columnheader\"\u001b[39m\n  \u001b[36m/>\u001b[39m\n\n  Name \"코드 코드 컬럼 너비 조절\":\n  \u001b[36m<div\u001b[39m\n    \u001b[33mclass\u001b[39m=\u001b[32m\"MuiBox-root css-1fn3aj9\"\u001b[39m\n    \u001b[33mrole\u001b[39m=\u001b[32m\"columnheader\"\u001b[39m\n  \u001b[36m/>\u001b[39m\n\n  Name \"경로 경로 컬럼 너비 조절\":\n  \u001b[36m<div\u001b[39m\n    \u001b[33mclass\u001b[39m=\u001b[32m\"MuiBox-root css-1fn3aj9\"\u001b[39m\n    \u001b[33mrole\u001b[39m=\u001b[32m\"columnheader\"\u001b[39m\n  \u001b[36m/>\u001b[39m\n\n  Name \"정렬 정렬 컬럼 너비 조절\":\n  \u001b[36m<div\u001b[39m\n    \u001b[33mclass\u001b[39m=\u001b[32m\"MuiBox-root css-6ue6hx\"\u001b[39m\n    \u001b[33mrole\u001b[39m=\u001b[32m\"columnheader\"\u001b[39m\n  \u001b[36m/>\u001b[39m\n\n  Name \"사용 여부 전체 선택 사용 여부 사용 여부 컬럼 너비 조절\":\n  \u001b[36m<div\u001b[39m\n    \u001b[33mclass\u001b[39m=\u001b[32m\"MuiBox-root css-6ue6hx\"\u001b[39m\n    \u001b[33mrole\u001b[39m=\u001b[32m\"columnheader\"\u001b[39m\n  \u001b[36m/>\u001b[39m\n\n  Name \"조회 조회 컬럼 너비 조절\":\n  \u001b[36m<div\u001b[39m\n    \u001b[33mclass\u001b[39m=\u001b[32m\"MuiBox-root css-6ue6hx\"\u001b[39m\n    \u001b[33mrole\u001b[39m=\u001b[32m\"columnheader\"\u001b[39m\n  \u001b[36m/>\u001b[39m\n\n  Name \"등록 등록 컬럼 너비 조절\":\n  \u001b[36m<div\u001b[39m\n    \u001b[33mclass\u001b[39m=\u001b[32m\"MuiBox-root css-6ue6hx\"\u001b[39m\n    \u001b[33mrole\u001b[39m=\u001b[32m\"columnheader\"\u001b[39m\n  \u001b[36m/>\u001b[39m\n\n  Name \"수정 수정 컬럼 너비 조절\":\n  \u001b[36m<div\u001b[39m\n    \u001b[33mclass\u001b[39m=\u001b[32m\"MuiBox-root css-6ue6hx\"\u001b[39m\n    \u001b[33mrole\u001b[39m=\u001b[32m\"columnheader\"\u001b[39m\n  \u001b[36m/>\u001b[39m\n\n  Name \"엑셀 엑셀 컬럼 너비 조절\":\n  \u001b[36m<div\u001b[39m\n    \u001b[33mclass\u001b[39m=\u001b[32m\"MuiBox-root css-6ue6hx\"\u001b[39m\n    \u001b[33mrole\u001b[39m=\u001b[32m\"columnheader\"\u001b[39m\n  \u001b[36m/>\u001b[39m\n\n  --------------------------------------------------\n  checkbox:\n\n  Name \"\":\n  \u001b[36m<input\u001b[39m\n    \u001b[33mclass\u001b[39m=\u001b[32m\"PrivateSwitchBase-input css-12xagqm-MuiSwitchBase-root\"\u001b[39m\n    \u001b[33mdata-indeterminate\u001b[39m=\u001b[32m\"false\"\u001b[39m\n    \u001b[33mtype\u001b[39m=\u001b[32m\"checkbox\"\u001b[39m\n  \u001b[36m/>\u001b[39m\n\n  Name \"사용 여부 전체 선택\":\n  \u001b[36m<input\u001b[39m\n    \u001b[33maria-label\u001b[39m=\u001b[32m\"사용 여부 전체 선택\"\u001b[39m\n    \u001b[33mchecked\u001b[39m=\u001b[32m\"\"\u001b[39m\n    \u001b[33mclass\u001b[39m=\u001b[32m\"PrivateSwitchBase-input css-12xagqm-MuiSwitchBase-root\"\u001b[39m\n    \u001b[33mdata-indeterminate\u001b[39m=\u001b[32m\"false\"\u001b[39m\n    \u001b[33mtype\u001b[39m=\u001b[32m\"checkbox\"\u001b[39m\n  \u001b[36m/>\u001b[39m\n\n  Name \"\":\n  \u001b[36m<input\u001b[39m\n    \u001b[33mclass\u001b[39m=\u001b[32m\"PrivateSwitchBase-input css-12xagqm-MuiSwitchBase-root\"\u001b[39m\n    \u001b[33mdata-indeterminate\u001b[39m=\u001b[32m\"false\"\u001b[39m\n    \u001b[33mtype\u001b[39m=\u001b[32m\"checkbox\"\u001b[39m\n  \u001b[36m/>\u001b[39m\n\n  Name \"시스템 관리 트리 선택\":\n  \u001b[36m<input\u001b[39m\n    \u001b[33maria-label\u001b[39m=\u001b[32m\"시스템 관리 트리 선택\"\u001b[39m\n    \u001b[33mclass\u001b[39m=\u001b[32m\"PrivateSwitchBase-input css-12xagqm-MuiSwitchBase-root\"\u001b[39m\n    \u001b[33mdata-indeterminate\u001b[39m=\u001b[32m\"false\"\u001b[39m\n    \u001b[33mtype\u001b[39m=\u001b[32m\"checkbox\"\u001b[39m\n  \u001b[36m/>\u001b[39m\n\n  Name \"사용 여부 4\":\n  \u001b[36m<input\u001b[39m\n    \u001b[33maria-label\u001b[39m=\u001b[32m\"사용 여부 4\"\u001b[39m\n    \u001b[33mchecked\u001b[39m=\u001b[32m\"\"\u001b[39m\n    \u001b[33mclass\u001b[39m=\u001b[32m\"PrivateSwitchBase-input css-12xagqm-MuiSwitchBase-root\"\u001b[39m\n    \u001b[33mdata-indeterminate\u001b[39m=\u001b[32m\"false\"\u001b[39m\n    \u001b[33mtype\u001b[39m=\u001b[32m\"checkbox\"\u001b[39m\n  \u001b[36m/>\u001b[39m\n\n  Name \"조회 4\":\n  \u001b[36m<input\u001b[39m\n    \u001b[33maria-label\u001b[39m=\u001b[32m\"조회 4\"\u001b[39m\n    \u001b[33mclass\u001b[39m=\u001b[32m\"PrivateSwitchBase-input css-12xagqm-MuiSwitchBase-root\"\u001b[39m\n    \u001b[33mdata-indeterminate\u001b[39m=\u001b[32m\"false\"\u001b[39m\n    \u001b[33mdisabled\u001b[39m=\u001b[32m\"\"\u001b[39m\n    \u001b[33mtype\u001b[39m=\u001b[32m\"checkbox\"\u001b[39m\n  \u001b[36m/>\u001b[39m\n\n  Name \"등록 4\":\n  \u001b[36m<input\u001b[39m\n    \u001b[33maria-label\u001b[39m=\u001b[32m\"등록 4\"\u001b[39m\n    \u001b[33mclass\u001b[39m=\u001b[32m\"PrivateSwitchBase-input css-12xagqm-MuiSwitchBase-root\"\u001b[39m\n    \u001b[33mdata-indeterminate\u001b[39m=\u001b[32m\"false\"\u001b[39m\n    \u001b[33mdisabled\u001b[39m=\u001b[32m\"\"\u001b[39m\n    \u001b[33mtype\u001b[39m=\u001b[32m\"checkbox\"\u001b[39m\n  \u001b[36m/>\u001b[39m\n\n  Name \"수정 4\":\n  \u001b[36m<input\u001b[39m\n    \u001b[33maria-label\u001b[39m=\u001b[32m\"수정 4\"\u001b[39m\n    \u001b[33mclass\u001b[39m=\u001b[32m\"PrivateSwitchBase-input css-12xagqm-MuiSwitchBase-root\"\u001b[39m\n    \u001b[33mdata-indeterminate\u001b[39m=\u001b[32m\"false\"\u001b[39m\n    \u001b[33mdisabled\u001b[39m=\u001b[32m\"\"\u001b[39m\n    \u001b[33mtype\u001b[39m=\u001b[32m\"checkbox\"\u001b[39m\n  \u001b[36m/>\u001b[39m\n\n  Name \"엑셀 4\":\n  \u001b[36m<input\u001b[39m\n    \u001b[33maria-label\u001b[39m=\u001b[32m\"엑셀 4\"\u001b[39m\n    \u001b[33mclass\u001b[39m=\u001b[32m\"PrivateSwitchBase-input css-12xagqm-MuiSwitchBase-root\"\u001b[39m\n    \u001b[33mdata-indeterminate\u001b[39m=\u001b[32m\"false\"\u001b[39m\n    \u001b[33mdisabled\u001b[39m=\u001b[32m\"\"\u001b[39m\n    \u001b[33mtype\u001b[39m=\u001b[32m\"checkbox\"\u001b[39m\n  \u001b[36m/>\u001b[39m\n\n  Name \"\":\n  \u001b[36m<input\u001b[39m\n    \u001b[33mclass\u001b[39m=\u001b[32m\"PrivateSwitchBase-input css-12xagqm-MuiSwitchBase-root\"\u001b[39m\n    \u001b[33mdata-indeterminate\u001b[39m=\u001b[32m\"false\"\u001b[39m\n    \u001b[33mtype\u001b[39m=\u001b[32m\"checkbox\"\u001b[39m\n  \u001b[36m/>\u001b[39m\n\n  Name \"메뉴관리 트리 선택\":\n  \u001b[36m<input\u001b[39m\n    \u001b[33maria-label\u001b[39m=\u001b[32m\"메뉴관리 트리 선택\"\u001b[39m\n    \u001b[33mclass\u001b[39m=\u001b[32m\"PrivateSwitchBase-input css-12xagqm-MuiSwitchBase-root\"\u001b[39m\n    \u001b[33mdata-indeterminate\u001b[39m=\u001b[32m\"false\"\u001b[39m\n    \u001b[33mtype\u001b[39m=\u001b[32m\"checkbox\"\u001b[39m\n  \u001b[36m/>\u001b[39m\n\n  Name \"사용 여부 10\":\n  \u001b[36m<input\u001b[39m\n    \u001b[33maria-label\u001b[39m=\u001b[32m\"사용 여부 10\"\u001b[39m\n    \u001b[33mchecked\u001b[39m=\u001b[32m\"\"\u001b[39m\n    \u001b[33mclass\u001b[39m=\u001b[32m\"PrivateSwitchBase-input css-12xagqm-MuiSwitchBase-root\"\u001b[39m\n    \u001b[33mdata-indeterminate\u001b[39m=\u001b[32m\"false\"\u001b[39m\n    \u001b[33mtype\u001b[39m=\u001b[32m\"checkbox\"\u001b[39m\n  \u001b[36m/>\u001b[39m\n\n  Name \"조회 10\":\n  \u001b[36m<input\u001b[39m\n    \u001b[33maria-label\u001b[39m=\u001b[32m\"조회 10\"\u001b[39m\n    \u001b[33mchecked\u001b[39m=\u001b[32m\"\"\u001b[39m\n    \u001b[33mclass\u001b[39m=\u001b[32m\"PrivateSwitchBase-input css-12xagqm-MuiSwitchBase-root\"\u001b[39m\n    \u001b[33mdata-indeterminate\u001b[39m=\u001b[32m\"false\"\u001b[39m\n    \u001b[33mtype\u001b[39m=\u001b[32m\"checkbox\"\u001b[39m\n  \u001b[36m/>\u001b[39m\n\n  Name \"등록 10\":\n  \u001b[36m<input\u001b[39m\n    \u001b[33maria-label\u001b[39m=\u001b[32m\"등록 10\"\u001b[39m\n    \u001b[33mclass\u001b[39m=\u001b[32m\"PrivateSwitchBase-input css-12xagqm-MuiSwitchBase-root\"\u001b[39m\n    \u001b[33mdata-indeterminate\u001b[39m=\u001b[32m\"false\"\u001b[39m\n    \u001b[33mtype\u001b[39m=\u001b[32m\"checkbox\"\u001b[39m\n  \u001b[36m/>\u001b[39m\n\n  Name \"수정 10\":\n  \u001b[36m<input\u001b[39m\n    \u001b[33maria-label\u001b[39m=\u001b[32m\"수정 10\"\u001b[39m\n    \u001b[33mclass\u001b[39m=\u001b[32m\"PrivateSwitchBase-input css-12xagqm-MuiSwitchBase-root\"\u001b[39m\n    \u001b[33mdata-indeterminate\u001b[39m=\u001b[32m\"false\"\u001b[39m\n    \u001b[33mtype\u001b[39m=\u001b[32m\"check
[...]
nheader\"\u001b[39m\n  \u001b[36m/>\u001b[39m\n\n  Name \"조회 조회 컬럼 너비 조절\":\n  \u001b[36m<div\u001b[39m\n    \u001b[33mclass\u001b[39m=\u001b[32m\"MuiBox-root css-6ue6hx\"\u001b[39m\n    \u001b[33mrole\u001b[39m=\u001b[32m\"columnheader\"\u001b[39m\n  \u001b[36m/>\u001b[39m\n\n  Name \"등록 등록 컬럼 너비 조절\":\n  \u001b[36m<div\u001b[39m\n    \u001b[33mclass\u001b[39m=\u001b[32m\"MuiBox-root css-6ue6hx\"\u001b[39m\n    \u001b[33mrole\u001b[39m=\u001b[32m\"columnheader\"\u001b[39m\n  \u001b[36m/>\u001b[39m\n\n  Name \"수정 수정 컬럼 너비 조절\":\n  \u001b[36m<div\u001b[39m\n    \u001b[33mclass\u001b[39m=\u001b[32m\"MuiBox-root css-6ue6hx\"\u001b[39m\n    \u001b[33mrole\u001b[39m=\u001b[32m\"columnheader\"\u001b[39m\n  \u001b[36m/>\u001b[39m\n\n  Name \"엑셀 엑셀 컬럼 너비 조절\":\n  \u001b[36m<div\u001b[39m\n    \u001b[33mclass\u001b[39m=\u001b[32m\"MuiBox-root css-6ue6hx\"\u001b[39m\n    \u001b[33mrole\u001b[39m=\u001b[32m\"columnheader\"\u001b[39m\n  \u001b[36m/>\u001b[39m\n\n  --------------------------------------------------\n  checkbox:\n\n  Name \"\":\n  \u001b[36m<input\u001b[39m\n    \u001b[33mclass\u001b[39m=\u001b[32m\"PrivateSwitchBase-input css-12xagqm-MuiSwitchBase-root\"\u001b[39m\n    \u001b[33mdata-indeterminate\u001b[39m=\u001b[32m\"false\"\u001b[39m\n    \u001b[33mtype\u001b[39m=\u001b[32m\"checkbox\"\u001b[39m\n  \u001b[36m/>\u001b[39m\n\n  Name \"사용 여부 전체 선택\":\n  \u001b[36m<input\u001b[39m\n    \u001b[33maria-label\u001b[39m=\u001b[32m\"사용 여부 전체 선택\"\u001b[39m\n    \u001b[33mchecked\u001b[39m=\u001b[32m\"\"\u001b[39m\n    \u001b[33mclass\u001b[39m=\u001b[32m\"PrivateSwitchBase-input css-12xagqm-MuiSwitchBase-root\"\u001b[39m\n    \u001b[33mdata-indeterminate\u001b[39m=\u001b[32m\"false\"\u001b[39m\n    \u001b[33mtype\u001b[39m=\u001b[32m\"checkbox\"\u001b[39m\n  \u001b[36m/>\u001b[39m\n\n  Name \"\":\n  \u001b[36m<input\u001b[39m\n    \u001b[33mclass\u001b[39m=\u001b[32m\"PrivateSwitchBase-input css-12xagqm-MuiSwitchBase-root\"\u001b[39m\n    \u001b[33mdata-indeterminate\u001b[39m=\u001b[32m\"false\"\u001b[39m\n    \u001b[33mtype\u001b[39m=\u001b[32m\"checkbox\"\u001b[39m\n  \u001b[36m/>\u001b[39m\n\n  Name \"대시보드 트리 선택\":\n  \u001b[36m<input\u001b[39m\n    \u001b[33maria-label\u001b[39m=\u001b[32m\"대시보드 트리 선택\"\u001b[39m\n    \u001b[33mclass\u001b[39m=\u001b[32m\"PrivateSwitchBase-input css-12xagqm-MuiSwitchBase-root\"\u001b[39m\n    \u001b[33mdata-indeterminate\u001b[39m=\u001b[32m\"false\"\u001b[39m\n    \u001b[33mtype\u001b[39m=\u001b[32m\"checkbox\"\u001b[39m\n  \u001b[36m/>\u001b[39m\n\n  Name \"사용 여부 1\":\n  \u001b[36m<input\u001b[39m\n    \u001b[33maria-label\u001b[39m=\u001b[32m\"사용 여부 1\"\u001b[39m\n    \u001b[33mchecked\u001b[39m=\u001b[32m\"\"\u001b[39m\n    \u001b[33mclass\u001b[39m=\u001b[32m\"PrivateSwitchBase-input css-12xagqm-MuiSwitchBase-root\"\u001b[39m\n    \u001b[33mdata-indeterminate\u001b[39m=\u001b[32m\"false\"\u001b[39m\n    \u001b[33mtype\u001b[39m=\u001b[32m\"checkbox\"\u001b[39m\n  \u001b[36m/>\u001b[39m\n\n  Name \"조회 1\":\n  \u001b[36m<input\u001b[39m\n    \u001b[33maria-label\u001b[39m=\u001b[32m\"조회 1\"\u001b[39m\n    \u001b[33mchecked\u001b[39m=\u001b[32m\"\"\u001b[39m\n    \u001b[33mclass\u001b[39m=\u001b[32m\"PrivateSwitchBase-input css-12xagqm-MuiSwitchBase-root\"\u001b[39m\n    \u001b[33mdata-indeterminate\u001b[39m=\u001b[32m\"false\"\u001b[39m\n    \u001b[33mtype\u001b[39m=\u001b[32m\"checkbox\"\u001b[39m\n  \u001b[36m/>\u001b[39m\n\n  Name \"등록 1\":\n  \u001b[36m<input\u001b[39m\n    \u001b[33maria-label\u001b[39m=\u001b[32m\"등록 1\"\u001b[39m\n    \u001b[33mclass\u001b[39m=\u001b[32m\"PrivateSwitchBase-input css-12xagqm-MuiSwitchBase-root\"\u001b[39m\n    \u001b[33mdata-indeterminate\u001b[39m=\u001b[32m\"false\"\u001b[39m\n    \u001b[33mtype\u001b[39m=\u001b[32m\"checkbox\"\u001b[39m\n  \u001b[36m/>\u001b[39m\n\n  Name \"수정 1\":\n  \u001b[36m<input\u001b[39m\n    \u001b[33maria-label\u001b[39m=\u001b[32m\"수정 1\"\u001b[39m\n    \u001b[33mclass\u001b[39m=\u001b[32m\"PrivateSwitchBase-input css-12xagqm-MuiSwitchBase-root\"\u001b[39m\n    \u001b[33mdata-indeterminate\u001b[39m=\u001b[32m\"false\"\u001b[39m\n    \u001b[33mtype\u001b[39m=\u001b[32m\"checkbox\"\u001b[39m\n  \u001b[36m/>\u001b[39m\n\n  Name \"엑셀 1\":\n  \u001b[36m<input\u001b[39m\n    \u001b[33maria-label\u001b[39m=\u001b[32m\"엑셀 1\"\u001b[39m\n    \u001b[33mclass\u001b[39m=\u001b[32m\"PrivateSwitchBase-input css-12xagqm-MuiSwitchBase-root\"\u001b[39m\n    \u001b[33mdata-indeterminate\u001b[39m=\u001b[32m\"false\"\u001b[39m\n    \u001b[33mtype\u001b[39m=\u001b[32m\"checkbox\"\u001b[39m\n  \u001b[36m/>\u001b[39m\n\n  --------------------------------------------------\n  separator:\n\n  Name \"메뉴명 컬럼 너비 조절\":\n  \u001b[36m<div\u001b[39m\n    \u001b[33maria-label\u001b[39m=\u001b[32m\"메뉴명 컬럼 너비 조절\"\u001b[39m\n    \u001b[33mclass\u001b[39m=\u001b[32m\"MuiBox-root css-1r7lhgj\"\u001b[39m\n    \u001b[33mrole\u001b[39m=\u001b[32m\"separator\"\u001b[39m\n  \u001b[36m/>\u001b[39m\n\n  Name \"코드 컬럼 너비 조절\":\n  \u001b[36m<div\u001b[39m\n    \u001b[33maria-label\u001b[39m=\u001b[32m\"코드 컬럼 너비 조절\"\u001b[39m\n    \u001b[33mclass\u001b[39m=\u001b[32m\"MuiBox-root css-1r7lhgj\"\u001b[39m\n    \u001b[33mrole\u001b[39m=\u001b[32m\"separator\"\u001b[39m\n  \u001b[36m/>\u001b[39m\n\n  Name \"경로 컬럼 너비 조절\":\n  \u001b[36m<div\u001b[39m\n    \u001b[33maria-label\u001b[39m=\u001b[32m\"경로 컬럼 너비 조절\"\u001b[39m\n    \u001b[33mclass\u001b[39m=\u001b[32m\"MuiBox-root css-1r7lhgj\"\u001b[39m\n    \u001b[33mrole\u001b[39m=\u001b[32m\"separator\"\u001b[39m\n  \u001b[36m/>\u001b[39m\n\n  Name \"정렬 컬럼 너비 조절\":\n  \u001b[36m<div\u001b[39m\n    \u001b[33maria-label\u001b[39m=\u001b[32m\"정렬 컬럼 너비 조절\"\u001b[39m\n    \u001b[33mclass\u001b[39m=\u001b[32m\"MuiBox-root css-1r7lhgj\"\u001b[39m\n    \u001b[33mrole\u001b[39m=\u001b[32m\"separator\"\u001b[39m\n  \u001b[36m/>\u001b[39m\n\n  Name \"사용 여부 컬럼 너비 조절\":\n  \u001b[36m<div\u001b[39m\n    \u001b[33maria-label\u001b[39m=\u001b[32m\"사용 여부 컬럼 너비 조절\"\u001b[39m\n    \u001b[33mclass\u001b[39m=\u001b[32m\"MuiBox-root css-1r7lhgj\"\u001b[39m\n    \u001b[33mrole\u001b[39m=\u001b[32m\"separator\"\u001b[39m\n  \u001b[36m/>\u001b[39m\n\n  Name \"조회 컬럼 너비 조절\":\n  \u001b[36m<div\u001b[39m\n    \u001b[33maria-label\u001b[39m=\u001b[32m\"조회 컬럼 너비 조절\"\u001b[39m\n    \u001b[33mclass\u001b[39m=\u001b[32m\"MuiBox-root css-1r7lhgj\"\u001b[39m\n    \u001b[33mrole\u001b[39m=\u001b[32m\"separator\"\u001b[39m\n  \u001b[36m/>\u001b[39m\n\n  Name \"등록 컬럼 너비 조절\":\n  \u001b[36m<div\u001b[39m\n    \u001b[33maria-label\u001b[39m=\u001b[32m\"등록 컬럼 너비 조절\"\u001b[39m\n    \u001b[33mclass\u001b[39m=\u001b[32m\"MuiBox-root css-1r7lhgj\"\u001b[39m\n    \u001b[33mrole\u001b[39m=\u001b[32m\"separator\"\u001b[39m\n  \u001b[36m/>\u001b[39m\n\n  Name \"수정 컬럼 너비 조절\":\n  \u001b[36m<div\u001b[39m\n    \u001b[33maria-label\u001b[39m=\u001b[32m\"수정 컬럼 너비 조절\"\u001b[39m\n    \u001b[33mclass\u001b[39m=\u001b[32m\"MuiBox-root css-1r7lhgj\"\u001b[39m\n    \u001b[33mrole\u001b[39m=\u001b[32m\"separator\"\u001b[39m\n  \u001b[36m/>\u001b[39m\n\n  Name \"엑셀 컬럼 너비 조절\":\n  \u001b[36m<div\u001b[39m\n    \u001b[33maria-label\u001b[39m=\u001b[32m\"엑셀 컬럼 너비 조절\"\u001b[39m\n    \u001b[33mclass\u001b[39m=\u001b[32m\"MuiBox-root css-1r7lhgj\"\u001b[39m\n    \u001b[33mrole\u001b[39m=\u001b[32m\"separator\"\u001b[39m\n  \u001b[36m/>\u001b[39m\n\n  --------------------------------------------------\n  gridcell:\n\n  Name \"대시보드\":\n  \u001b[36m<div\u001b[39m\n    \u001b[33maria-label\u001b[39m=\u001b[32m\"대시보드\"\u001b[39m\n    \u001b[33mclass\u001b[39m=\u001b[32m\"MuiBox-root css-c49hbi\"\u001b[39m\n    \u001b[33mrole\u001b[39m=\u001b[32m\"gridcell\"\u001b[39m\n    \u001b[33mtabindex\u001b[39m=\u001b[32m\"-1\"\u001b[39m\n  \u001b[36m/>\u001b[39m\n\n  Name \"DASH\":\n  \u001b[36m<div\u001b[39m\n    \u001b[33mclass\u001b[39m=\u001b[32m\"MuiBox-root css-11zgly5\"\u001b[39m\n    \u001b[33mrole\u001b[39m=\u001b[32m\"gridcell\"\u001b[39m\n    \u001b[33mtabindex\u001b[39m=\u001b[32m\"-1\"\u001b[39m\n  \u001b[36m/>\u001b[39m\n\n  Name \"/dashboard\":\n  \u001b[36m<div\u001b[39m\n    \u001b[33mclass\u001b[39m=\u001b[32m\"MuiBox-root css-18544u0\"\u001b[39m\n    \u001b[33mrole\u001b[39m=\u001b[32m\"gridcell\"\u001b[39m\n    \u001b[33mtabindex\u001b[39m=\u001b[32m\"-1\"\u001b[39m\n  \u001b[36m/>\u001b[39m\n\n  Name \"1\":\n  \u001b[36m<div\u001b[39m\n    \u001b[33mclass\u001b[39m=\u001b[32m\"MuiBox-root css-1u4d3a0\"\u001b[39m\n    \u001b[33mrole\u001b[39m=\u001b[32m\"gridcell\"\u001b[39m\n    \u001b[33mtabindex\u001b[39m=\u001b[32m\"-1\"\u001b[39m\n  \u001b[36m/>\u001b[39m\n\n  Name \"사용 여부 1\":\n  \u001b[36m<div\u001b[39m\n    \u001b[33mclass\u001b[39m=\u001b[32m\"MuiBox-root css-f1fy32\"\u001b[39m\n    \u001b[33mrole\u001b[39m=\u001b[32m\"gridcell\"\u001b[39m\n    \u001b[33mtabindex\u001b[39m=\u001b[32m\"-1\"\u001b[39m\n  \u001b[36m/>\u001b[39m\n\n  Name \"조회 1\":\n  \u001b[36m<div\u001b[39m\n    \u001b[33mclass\u001b[39m=\u001b[32m\"MuiBox-root css-xu3sky\"\u001b[39m\n    \u001b[33mrole\u001b[39m=\u001b[32m\"gridcell\"\u001b[39m\n    \u001b[33mtabindex\u001b[39m=\u001b[32m\"-1\"\u001b[39m\n  \u001b[36m/>\u001b[39m\n\n  Name \"등록 1\":\n  \u001b[36m<div\u001b[39m\n    \u001b[33mclass\u001b[39m=\u001b[32m\"MuiBox-root css-d2wmbl\"\u001b[39m\n    \u001b[33mrole\u001b[39m=\u001b[32m\"gridcell\"\u001b[39m\n    \u001b[33mtabindex\u001b[39m=\u001b[32m\"-1\"\u001b[39m\n  \u001b[36m/>\u001b[39m\n\n  Name \"수정 1\":\n  \u001b[36m<div\u001b[39m\n    \u001b[33mclass\u001b[39m=\u001b[32m\"MuiBox-root css-wlhgfn\"\u001b[39m\n    \u001b[33mrole\u001b[39m=\u001b[32m\"gridcell\"\u001b[39m\n    \u001b[33mtabindex\u001b[39m=\u001b[32m\"-1\"\u001b[39m\n  \u001b[36m/>\u001b[39m\n\n  Name \"엑셀 1\":\n  \u001b[36m<div\u001b[39m\n    \u001b[33mclass\u001b[39m=\u001b[32m\"MuiBox-root css-modw66\"\u001b[39m\n    \u001b[33mrole\u001b[39m=\u001b[32m\"gridcell\"\u001b[39m\n    \u001b[33mtabindex\u001b[39m=\u001b[32m\"-1\"\u001b[39m\n  \u001b[36m/>\u001b[39m\n\n  --------------------------------------------------\n\nIgnored nodes: comments, script, style\n\u001b[36m<body\u001b[39m\n  \u001b[33mstyle\u001b[39m=\u001b[32m\"\"\u001b[39m\n\u001b[36m>\u001b[39m\n  \u001b[36m<div>\u001b[39m\n    \u001b[36m<div\u001b[39m\n      \u001b[33mclass\u001b[39m=\u001b[32m\"MuiBox-root css-k0sogd\"\u001b[39m\n    \u001b[36m>\u001b[39m\n      \u001b[36m<div\u001b[39m\n        \u001b[33mclass\u001b[39m=\u001b[32m\"MuiBox-root css-gaw9z5\"\u001b[39m\n      \u001b[36m>\u001b[39m\n        \u001b[36m<div\u001b[39m\n          \u001b[33mclass\u001b[39m=\u001b[32m\"MuiBox-root css-n5pv3m\"\u001b[39m\n        \u001b[36m>\u001b[39m\n          \u001b[36m<div\u001b[39m\n            \u001b[33mclass\u001b[39m=\u001b[32m\"MuiBox-root css-0\"\u001b[39m\n          \u001b[36m>\u001b[39m\n            \u001b[36m<span\u001b[39m\n              \u001b[33mclass\u001b[39m=\u001b[32m\"MuiTypography-root MuiTypography-overline css-5cy8zm-MuiTypography-root\"\u001b[39m\n            \u001b[36m>\u001b[39m\n              \u001b[0m환경설정\u001b[0m\n              \u001b[0m / \u001b[0m\n              \u001b[0m메뉴 관리\u001b[0m\n            \u001b[36m</span>\u001b[39m\n            \u001b[36m<h1\u001b[39m\n              \u001b[33mclass\u001b[39m=\u001b[32m\"MuiTypography-root MuiTypography-h4 css-1ignod1-MuiTypography-root\"\u001b[39m\n            \u001b[36m>\u001b[39m\n              \u001b[0m메뉴 관리\u001b[0m\n            \u001b[36m</h1>\u001b[39m\n            \u001b[36m<p\u001b[39m\n              \u001b[33mclass\u001b[39m=\u001b[32m\"MuiTypography-root MuiTypography-body2 css-849rhd-MuiTypography-root\"\u001b[39m\n            \u001b[36m>\u001b[39m\n              \u001b[0m메뉴를 관리합니다.\u001b[0m\n            \u001b[36m</p>\u001b[39m\n          \u001b[36m</div>\u001b[39m\n          \u001b[36m<div\u001b[39m\n            \u001b[33mclass\u001b[39m=\u001b[32m\"MuiBox-root css-1aknf8w\"\u001b[39m\n          \u001b[36m>\u001b[39m\n            \u001b[36m<button\u001b[39m\n              \u001b[33mclass\u001b[39m=\u001b[32m\"MuiButtonBase-root MuiButton-root MuiButton-text MuiButton-sizeSmall MuiButton-colorPrimary css-efysj3-MuiButtonBase-root-MuiButton-root\"\u001b[39m\n              \u001b[33mtabindex\u001b[39m=\u001b[32m\"0\"\u001b[39m\n              \u001b[33mtype\u001b[39m=\u001b[32m\"button\"\u001b[39m\n            \u001b[36m>\u001b[39m\n              \u001b[36m<span\u001b[39m\n                \u001b[33mclass\u001b[39m=\u001b[32m\"MuiButton-icon MuiButton-startIcon css-t70kls-MuiButton-startIcon\"\u001b[39m\n              \u001b[36m>\u001b[39m\n                \u001b[36m<svg\u001b[39m\n                  \u001b[33maria-hidden\u001b[39m=\u001b[32m\"true\"\u001b[39m\n                  \u001b[33mclass\u001b[39m=\u001b[32m\"MuiSvgIcon-root MuiSvgIcon-fontSizeSmall css-120dh41-MuiSvgIcon-root\"\u001b[39m\n                  \u001b[33mdata-testid\u001b[39m=\u001b[32m\"SearchIcon\"\u001b[39m\n                  \u001b[33mfocusable\u001b[39m=\u001b[32m\"false\"\u001b[39m\n                  \u001b[33mviewBox\u001b[39m=\u001b[32m\"0 0 24 24\"\u001b[39m\n                \u001b[36m>\u001b[39m\n                  \u001b[36m<path\u001b[39m\n                    \u001b[33md\u001b[39m=\u001b[32m\"M15.5 14h-.79l-.28-.27C15.41 12.59 16 11.11 16 9.5 16 5.91 13.09 3 9.5 3S3 5.91 3 9.5 5.91 16 9.5 16c1.61 0 3.09-.59 4.23-1.57l.27.28v.79l5 4.99L20.49 19zm-6 0C7.01 14 5 11.99 5 9.5S7.01 5 9.5 5 14 7.01 14 9.5 11.99 14 9.5 14\"\u001b[39m\n                  \u001b[36m/>\u001b[39m\n                \u001b[36m</svg>\u001b[39m\n              \u001b[36m</span>\u001b[39m\n              \u001b[0m조회\u001b[0m\n            \u001b[36m</button>\u001b[39m\n            \u001b[36m<button\u001b[39m\n              \u001b[33mclass\u001b[39m=\u001b[32m\"MuiButtonBase-root MuiButton-root MuiButton-text MuiButton-sizeSmall MuiButton-colorPrimary css-efysj3-MuiButtonBase-root-MuiButton-root\"\u001b[39m\n              \u001b[33mtabindex\u001b[39m=\u001b[32m\"0\"\u001b[39m\n              \u001b[33mtype\u001b[39m=\u001b[32m\"button\"\u001b[39m\n            \u001b[36m>\u001b[39m\n              \u001b[36m<span\u001b[39m\n                \u001b[33mclass\u001b[39m=\u001b[32m\"MuiButton-icon MuiButton-startIcon css-t70kls-MuiButton-startIcon\"\u001b[39m\n              \u001b[36m>\u001b[39m\n                \u001b[36m<svg\u001b[39m\n                  \u001b[33maria-hidden\u001b[39m=\u001b[32m\"true\"\u001b[39m\n                  \u001b[33mclass\u001b[39m=\u001b[32m\"MuiSvgIcon-root MuiSvgIcon-fontSizeSmall css-120dh41-MuiSvgIcon-root\"\u001b[39m\n                  \u001b[33mdata-testid\u001b[39m=\u001b[32m\"AddIcon\"\u001b[39m\n                  \u001b[33mfocusable\u001b[39m=\u001b[32m\"false\"\u001b[39m\n                  \u001b[33mviewBox\u001b[39m=\u001b[32m\"0 0 24 24\"\u001b[39m\n                \u001b[36m>\u001b[39m\n                  \u001b[36m<path\u001b[39m\n                    \u001b[33md\u001b[39m=\u001b[32m\"M19 13h-6v6h-2v-6H5v-2h6V5h2v6h6z\"\u001b[39m\n                  \u001b[36m/>\u001b[39m\n                \u001b[36m</svg>\u001b[39m\n              \u001b[36m</span>\u001b[39m\n              \u001b[0m등록\u001b[0m\n            \u001b[36m</button>\u001b[39m\n            \u001b[36m<button\u001b[39m\n              \u001b[33mclass\u001b[39m=\u001b[32m\"MuiButtonBase-root MuiButton-root MuiButton-text MuiButton-sizeSmall MuiButton-colorPrimary css-efysj3-MuiButtonBase-root-MuiButton-root\"\u001b[39m\n              \u001b[33mtabindex\u001b[39m=\u001b[32m\"0\"\u001b[39m\n              \u001b[33mtype\u001b[39m=\u001b[32m\"button\"\u001b[39m\n            \u001b[36m>\u001b[39m\n              \u001b[36m<span\u001b[39m\n                \u001b[33mclass\u001b[39m=\u001b[32m\"MuiButton-icon MuiButton-startIcon css-t70kls-MuiButton-startIcon\"\u001b[39m\n              \u001b[36m>\u001b[39m\n                \u001b[36m<svg\u001b[39m\n                  \u001b[33maria-hidden\u001b[39m=\u001b[32m\"true\"\u001b[39m\n                  \u001b[33mclass\u001b[39m=\u001b[32m\"MuiSvgIcon-root MuiSvgIcon-fontSizeSmall css-120dh41-MuiSvgIcon-root\"\u001b[39m\n                  \u001b[33mdata-testid\u001b[39m=\u001b[32m\"EditIcon\"\u001b[39m\n                  \u001b[33mfocusable\u001b[39m=\u001b[32m\"false\"\u001b[39m\n                  \u001b[33mviewBox\u001b[39m=\u001b[32m\"0 0 24 24\"\u001b[39m\n                \u001b[36m>\u001b[39m\n                  \u001b[36m<path\u001b[39m\n                    \u001b[33md\u001b[39m=\u001b[32m\"M3 17.25V21h3.75L17.81 9.94l-3.75-3.75zM20.71 7.04c.39-.39.39-1.02 0-1.41l-2.34-2.34a.996.996 0 0 0-1.41 0l-1.83 1.83 3.75 3.75z\"\u001b[39m\n                  \u001b[36m/>\u001b[39m\n                \u001b[36m</svg>\u001b[39m\n              \u001b[36m</span>\u001b[39m\n              \u001b[0m수정\u001b[0m\n            \u001b[36m</button>\u001b[39m\n          \u001b[36m</div>\u001b[39m\n        \u001b[36m</div>\u001b[39m\n        \u001b[36m<div\u001b[39m\n          \u001b[33mclass\u001b[39m=\u001b[32m\"MuiBox-root css-j9x7ry\"\u001b[39m\n        \u001b[36m>\u001b[39m\n          \u001b[36m<div\u001b[39m\n            \u001b[33mclass\u001b[39m=\u001b[32m\"MuiFormControl-root css-so5ug1-MuiFormControl-root\"\u001b[39m\n          \u001b[36m>\u001b[39m\n            \u001b[36m<label\u001b[39m\n              \u001b[33mclass\u001b[39m=\u001b[32m\"MuiFormLabel-root MuiInputLabel-root MuiInputLabel-formControl MuiInputLabel-animated MuiInputLabel-shrink MuiInputLabel-sizeSmall MuiInputLabel-outlined MuiFormLabel-colorPrimary MuiFormLabel-filled MuiInputLabel-root MuiInputLabel-formControl MuiInputLabel-animated MuiInputLabel-shrink MuiInputLabel-sizeSmall MuiInputLabel-outlined css-hvjq6j-MuiFormLabel-root-MuiInputLabel-root\"\u001b[39m\n              \u001b[33mdata-shrink\u001b[39m=\u001b[32m\"true\"\u001b[39m\n              \u001b[33mid\u001b[39m=\u001b[32m\"menu-module-label\"\u001b[39m\n            \u001b[36m>\u001b[39m\n              \u001b[0m모듈 선택\u001b[0m\n            \u001b[36m</label>\u001b[39m\n            \u001b[36m<div\u001b[39m\n              \u001b[33mclass\u001b[39m=\u001b[32m\"MuiInputBase-root MuiOutlinedInput-root MuiInputBase-colorPrimary MuiInputBase-formControl MuiInputBase-sizeSmall MuiSelect-root css-sc8y68-MuiInputBase-root-MuiOutlinedInput-root-MuiSelect-root\"\u001b[39m\n            \u001b[36m>\u001b[39m\n              \u001b[36m<div\u001b[39m\n                \u001b[33maria-expanded\u001b[39m=\u001b[32m\"false\"\u001b[39m\n                \u001b[33maria-haspopup\u001b[39m=\u001b[32m\"listbox\"\u001b[39m\n                \u001b[33maria-labelledby\u001b[39m=\u001b[32m\"menu-module-label\"\u001b[39m\n                \u001b[33mclass\u001b[39m=\u001b[32m\"MuiSelect-select MuiSelect-outlined MuiInputBase-input MuiOutlinedInput-input css-18x85q0-MuiNativeSelect-root-MuiSelect-select-MuiInputBase-input-MuiOutlinedInput-input\"\u001b[39m\n                \u001b[33mrole\u001b[39m=\u001b[32m\"combobox\"\u001b[39m\n                \u001b[33mtabindex\u001b[39m=\u001b[32m\"0\"\u001b[39m\n              \u001b[36m>\u001b[39m\n                \u001b[0m기본\u001b[0m\n              \u001b[36m</div>\u001b[39m\n              \u001b[36m<input\u001b[39m\n            ...\n    at Object.getElementError (D:\\f1soft\\dev\\react\\S-ERP\\frontend\\node_modules\\@testing-library\\dom\\dist\\config.js:37:19)\n    at D:\\f1soft\\dev\\react\\S-ERP\\frontend\\node_modules\\@testing-library\\dom\\dist\\query-helpers.js:76:38\n    at D:\\f1soft\\dev\\react\\S-ERP\\frontend\\node_modules\\@testing-library\\dom\\dist\\query-helpers.js:52:17\n    at D:\\f1soft\\dev\\react\\S-ERP\\frontend\\node_modules\\@testing-library\\dom\\dist\\query-helpers.js:95:19\n    at D:/f1soft/dev/react/S-ERP/frontend/tests/menu-management-f1-grid.test.tsx:1057:28\n    at file:///D:/f1soft/dev/react/S-ERP/frontend/node_modules/@vitest/runner/dist/chunk-artifact.js:1903:20"],"meta":{},"tags":[]}],"startTime":1788233919248,"endTime":1788233951079.0771,"status":"failed","message":"","name":"D:/f1soft/dev/react/S-ERP/frontend/tests/menu-management-f1-grid.test.tsx"}]}