{"numTotalTestSuites":5,"numPassedTestSuites":2,"numFailedTestSuites":3,"numPendingTestSuites":0,"numTotalTests":40,"numPassedTests":38,"numFailedTests":2,"numPendingTests":0,"numTodoTests":0,"snapshot":{"added":0,"failure":false,"filesAdded":0,"filesRemoved":0,"filesRemovedList":[],"filesUnmatched":0,"filesUpdated":0,"matched":0,"total":0,"unchecked":0,"uncheckedKeysByFile":[],"unmatched":0,"updated":0,"didUpdate":false},"startTime":1788408257274,"success":false,"testResults":[{"assertionResults":[{"ancestorTitles":["MenuManagementPanel F1Tree integration"],"fullName":"MenuManagementPanel F1Tree integration blocks editing of persisted menu codes through the beforeEdit hook","status":"passed","title":"blocks editing of persisted menu codes through the beforeEdit hook","duration":706.5398999999998,"failureMessages":[],"meta":{},"tags":[]},{"ancestorTitles":["MenuManagementPanel F1Tree integration"],"fullName":"MenuManagementPanel F1Tree integration allows editing of newly created menu codes while keeping saved rows read-only","status":"passed","title":"allows editing of newly created menu codes while keeping saved rows read-only","duration":1226.0253000000012,"failureMessages":[],"meta":{},"tags":[]},{"ancestorTitles":["MenuManagementPanel F1Tree integration"],"fullName":"MenuManagementPanel F1Tree integration filters visible menu rows by the entered search text","status":"passed","title":"filters visible menu rows by the entered search text","duration":1235.6226000000006,"failureMessages":[],"meta":{},"tags":[]},{"ancestorTitles":["MenuManagementPanel F1Tree integration"],"fullName":"MenuManagementPanel F1Tree integration shows a red marker on changed cells after an edit","status":"passed","title":"shows a red marker on changed cells after an edit","duration":671.6846000000005,"failureMessages":[],"meta":{},"tags":[]},{"ancestorTitles":["MenuManagementPanel F1Tree integration"],"fullName":"MenuManagementPanel F1Tree integration resets dirty cell state and removes unsaved rows when the module is reloaded","status":"failed","title":"resets dirty cell state and removes unsaved rows when the module is reloaded","duration":2309.9421999999995,"failureMessages":["AssertionError: expected <div …(6)>…(3)</div> to be null\n\nIgnored nodes: comments, script, style\n\u001b[36m<html>\u001b[39m\n  \u001b[36m<head>\u001b[39m\n    \u001b[36m<meta\u001b[39m\n      \u001b[33mcontent\u001b[39m=\u001b[32m\"\"\u001b[39m\n      \u001b[33mname\u001b[39m=\u001b[32m\"emotion-insertion-point\"\u001b[39m\n    \u001b[36m/>\u001b[39m\n  \u001b[36m</head>\u001b[39m\n  \u001b[36m<body\u001b[39m\n    \u001b[33mstyle\u001b[39m=\u001b[32m\"padding-right: 1024px; overflow: hidden;\"\u001b[39m\n  \u001b[36m>\u001b[39m\n    \u001b[36m<div\u001b[39m\n      \u001b[33maria-hidden\u001b[39m=\u001b[32m\"true\"\u001b[39m\n    \u001b[36m>\u001b[39m\n      \u001b[36m<div\u001b[39m\n        \u001b[33mclass\u001b[39m=\u001b[32m\"MuiBox-root css-1l7e9f7\"\u001b[39m\n      \u001b[36m>\u001b[39m\n        \u001b[36m<div\u001b[39m\n          \u001b[33mclass\u001b[39m=\u001b[32m\"MuiBox-root css-gaw9z5\"\u001b[39m\n        \u001b[36m>\u001b[39m\n          \u001b[36m<div\u001b[39m\n            \u001b[33mclass\u001b[39m=\u001b[32m\"MuiBox-root css-n5pv3m\"\u001b[39m\n          \u001b[36m>\u001b[39m\n            \u001b[36m<div\u001b[39m\n              \u001b[33mclass\u001b[39m=\u001b[32m\"MuiBox-root css-1dqpodj\"\u001b[39m\n            \u001b[36m>\u001b[39m\n              \u001b[36m<span\u001b[39m\n                \u001b[33mclass\u001b[39m=\u001b[32m\"MuiTypography-root MuiTypography-overline css-12crpts-MuiTypography-root\"\u001b[39m\n              \u001b[36m>\u001b[39m\n                \u001b[36m<span\u001b[39m\n                  \u001b[33maria-hidden\u001b[39m=\u001b[32m\"true\"\u001b[39m\n                  \u001b[33mclass\u001b[39m=\u001b[32m\"MuiBox-root css-1sp7evn\"\u001b[39m\n                \u001b[36m>\u001b[39m\n                  \u001b[0m환경설정 &gt; 시스템관리 &gt; 메뉴관리\u001b[0m\n                \u001b[36m</span>\u001b[39m\n                \u001b[36m<span\u001b[39m\n                  \u001b[33mclass\u001b[39m=\u001b[32m\"MuiBox-root css-p9qzma\"\u001b[39m\n                \u001b[36m>\u001b[39m\n                  \u001b[0m환경설정\u001b[0m\n                \u001b[36m</span>\u001b[39m\n                \u001b[36m<span\u001b[39m\n                  \u001b[33mclass\u001b[39m=\u001b[32m\"MuiBox-root css-p9qzma\"\u001b[39m\n                \u001b[36m>\u001b[39m\n                  \u001b[0m &gt; \u001b[0m\n                  \u001b[0m시스템관리\u001b[0m\n                \u001b[36m</span>\u001b[39m\n                \u001b[36m<span\u001b[39m\n                  \u001b[33mclass\u001b[39m=\u001b[32m\"MuiBox-root css-b9fwsy\"\u001b[39m\n                \u001b[36m>\u001b[39m\n                  \u001b[0m &gt; \u001b[0m\n                  \u001b[0m메뉴관리\u001b[0m\n                \u001b[36m</span>\u001b[39m\n              \u001b[36m</span>\u001b[39m\n              \u001b[36m<p\u001b[39m\n                \u001b[33mclass\u001b[39m=\u001b[32m\"MuiTypography-root MuiTypography-body2 css-849rhd-MuiTypography-root\"\u001b[39m\n              \u001b[36m>\u001b[39m\n                \u001b[0m메뉴를 관리합니다.\u001b[0m\n              \u001b[36m</p>\u001b[39m\n            \u001b[36m</div>\u001b[39m\n            \u001b[36m<div\u001b[39m\n              \u001b[33mclass\u001b[39m=\u001b[32m\"MuiBox-root css-1aknf8w\"\u001b[39m\n            \u001b[36m>\u001b[39m\n              \u001b[36m<button\u001b[39m\n                \u001b[33mclass\u001b[39m=\u001b[32m\"MuiButtonBase-root MuiButton-root MuiButton-contained MuiButton-sizeSmall MuiButton-colorPrimary css-dyinow-MuiButtonBase-root-MuiButton-root\"\u001b[39m\n                \u001b[33mtabindex\u001b[39m=\u001b[32m\"0\"\u001b[39m\n                \u001b[33mtype\u001b[39m=\u001b[32m\"button\"\u001b[39m\n              \u001b[36m>\u001b[39m\n                \u001b[36m<span\u001b[39m\n                  \u001b[33mclass\u001b[39m=\u001b[32m\"MuiButton-icon MuiButton-startIcon css-t70kls-MuiButton-startIcon\"\u001b[39m\n                \u001b[36m>\u001b[39m\n                  \u001b[36m<svg\u001b[39m\n                    \u001b[33maria-hidden\u001b[39m=\u001b[32m\"true\"\u001b[39m\n                    \u001b[33mclass\u001b[39m=\u001b[32m\"MuiSvgIcon-root MuiSvgIcon-fontSizeSmall css-120dh41-MuiSvgIcon-root\"\u001b[39m\n                    \u001b[33mdata-testid\u001b[39m=\u001b[32m\"SearchIcon\"\u001b[39m\n                    \u001b[33mfocusable\u001b[39m=\u001b[32m\"false\"\u001b[39m\n                    \u001b[33mviewBox\u001b[39m=\u001b[32m\"0 0 24 24\"\u001b[39m\n                  \u001b[36m>\u001b[39m\n                    \u001b[36m<path\u001b[39m\n                      \u001b[33md\u001b[39m=\u001b[32m\"M15.5 14h-.79l-.28-.27C15.41 12.59 16 11.11 16 9.5 16 5.91 13.09 3 9.5 3S3 5.91 3 9.5 5.91 16 9.5 16c1.61 0 3.09-.59 4.23-1.57l.27.28v.79l5 4.99L20.49 19zm-6 0C7.01 14 5 11.99 5 9.5S7.01 5 9.5 5 14 7.01 14 9.5 11.99 14 9.5 14\"\u001b[39m\n                    \u001b[36m/>\u001b[39m\n                  \u001b[36m</svg>\u001b[39m\n                \u001b[36m</span>\u001b[39m\n                \u001b[0m조회\u001b[0m\n              \u001b[36m</button>\u001b[39m\n              \u001b[36m<button\u001b[39m\n                \u001b[33mclass\u001b[39m=\u001b[32m\"MuiButtonBase-root MuiButton-root MuiButton-contained MuiButton-sizeSmall MuiButton-colorPrimary css-dyinow-MuiButtonBase-root-MuiButton-root\"\u001b[39m\n                \u001b[33mtabindex\u001b[39m=\u001b[32m\"0\"\u001b[39m\n                \u001b[33mtype\u001b[39m=\u001b[32m\"button\"\u001b[39m\n              \u001b[36m>\u001b[39m\n                \u001b[36m<span\u001b[39m\n                  \u001b[33mclass\u001b[39m=\u001b[32m\"MuiButton-icon MuiButton-startIcon css-t70kls-MuiButton-startIcon\"\u001b[39m\n                \u001b[36m>\u001b[39m\n                  \u001b[36m<svg\u001b[39m\n                    \u001b[33maria-hidden\u001b[39m=\u001b[32m\"true\"\u001b[39m\n                    \u001b[33mclass\u001b[39m=\u001b[32m\"MuiSvgIcon-root MuiSvgIcon-fontSizeSmall css-120dh41-MuiSvgIcon-root\"\u001b[39m\n                    \u001b[33mdata-testid\u001b[39m=\u001b[32m\"SaveIcon\"\u001b[39m\n                    \u001b[33mfocusable\u001b[39m=\u001b[32m\"false\"\u001b[39m\n                    \u001b[33mviewBox\u001b[39m=\u001b[32m\"0 0 24 24\"\u001b[39m\n                  \u001b[36m>\u001b[39m\n                    \u001b[36m<path\u001b[39m\n                      \u001b[33md\u001b[39m=\u001b[32m\"M17 3H5c-1.11 0-2 .9-2 2v14c0 1.1.89 2 2 2h14c1.1 0 2-.9 2-2V7zm-5 16c-1.66 0-3-1.34-3-3s1.34-3 3-3 3 1.34 3 3-1.34 3-3 3m3-10H5V5h10z\"\u001b[39m\n                    \u001b[36m/>\u001b[39m\n                  \u001b[36m</svg>\u001b[39m\n                \u001b[36m</span>\u001b[39m\n                \u001b[0m저장\u001b[0m\n              \u001b[36m</button>\u001b[39m\n              \u001b[36m<button\u001b[39m\n                \u001b[33mclass\u001b[39m=\u001b[32m\"MuiButtonBase-root MuiButton-root MuiButton-contained MuiButton-sizeSmall MuiButton-colorPrimary css-dyinow-MuiButtonBase-root-MuiButton-root\"\u001b[39m\n                \u001b[33mtabindex\u001b[39m=\u001b[32m\"0\"\u001b[39m\n                \u001b[33mtype\u001b[39m=\u001b[32m\"button\"\u001b[39m\n              \u001b[36m>\u001b[39m\n                \u001b[36m<span\u001b[39m\n                  \u001b[33mclass\u001b[39m=\u001b[32m\"MuiButton-icon MuiButton-startIcon css-t70kls-MuiButton-startIcon\"\u001b[39m\n                \u001b[36m>\u001b[39m\n                  \u001b[36m<svg\u001b[39m\n                    \u001b[33maria-hidden\u001b[39m=\u001b[32m\"true\"\u001b[39m\n                    \u001b[33mclass\u001b[39m=\u001b[32m\"MuiSvgIcon-root MuiSvgIcon-fontSizeSmall css-120dh41-MuiSvgIcon-root\"\u001b[39m\n                    \u001b[33mdata-testid\u001b[39m=\u001b[32m\"DeleteIcon\"\u001b[39m\n                    \u001b[33mfocusable\u001b[39m=\u001b[32m\"false\"\u001b[39m\n                    \u001b[33mviewBox\u001b[39m=\u001b[32m\"0 0 24 24\"\u001b[39m\n                  \u001b[36m>\u001b[39m\n                    \u001b[36m<path\u001b[39m\n                      \u001b[33md\u001b[39m=\u001b[32m\"M6 19c0 1.1.9 2 2 2h8c1.1 0 2-.9 2-2V7H6zM19 4h-3.5l-1-1h-5l-1 1H5v2h14z\"\u001b[39m\n                    \u001b[36m/>\u001b[39m\n                  \u001b[36m</svg>\u001b[39m\n                \u001b[36m</span>\u001b[39m\n                \u001b[0m삭제\u001b[0m\n              \u001b[36m</button>\u001b[39m\n            \u001b[36m</div>\u001b[39m\n          \u001b[36m</div>\u001b[39m\n        \u001b[36m</div>\u001b[39m\n        \u001b[36m<div\u001b[39m\n          \u001b[33mclass\u001b[39m=\u001b[32m\"MuiBox-root css-18cuear\"\u001b[39m\n        \u001b[36m>\u001b[39m\n          \u001b[36m<div\u001b[39m\n            \u001b[33mclass\u001b[39m=\u001b[32m\"MuiBox-root css-r9kom3\"\u001b[39m\n          \u001b[36m>\u001b[39m\n            \u001b[36m<div\u001b[39m\n              \u001b[33mclass\u001b[39m=\u001b[32m\"MuiBox-root css-axw7ok\"\u001b[39m\n            \u001b[36m>\u001b[39m\n              \u001b[36m<div\u001b[39m\n                \u001b[33mclass\u001b[39m=\u001b[32m\"MuiBox-root css-6c04tw\"\u001b[39m\n              \u001b[36m>\u001b[39m\n                \u001b[36m<svg\u001b[39m\n                  \u001b[33maria-hidden\u001b[39m=\u001b[32m\"true\"\u001b[39m\n                  \u001b[33mclass\u001b[39m=\u001b[32m\"MuiSvgIcon-root MuiSvgIcon-fontSizeSmall css-120dh41-Mu...\n    at D:/f1soft/dev/react/S-ERP/frontend/tests/menu-management-f1-grid.test.tsx:348:66\n    at runWithExpensiveErrorDiagnosticsDisabled (D:\\f1soft\\dev\\react\\S-ERP\\frontend\\node_modules\\@testing-library\\dom\\dist\\config.js:47:12)\n    at checkCallback (D:\\f1soft\\dev\\react\\S-ERP\\frontend\\node_modules\\@testing-library\\dom\\dist\\wait-for.js:124:77)\n    at Timeout.checkRealTimersCallback (D:\\f1soft\\dev\\react\\S-ERP\\frontend\\node_modules\\@testing-library\\dom\\dist\\wait-for.js:118:16)\n    at listOnTimeout (node:internal/timers:588:17)\n    at processTimers (node:internal/timers:523:7)"],"meta":{},"tags":[]},{"ancestorTitles":["MenuManagementPanel F1Tree integration"],"fullName":"MenuManagementPanel F1Tree integration allows the shared grid to fill its container height and scroll rows vertically","status":"passed","title":"allows the shared grid to fill its container height and scroll rows vertically","duration":738.1129000000001,"failureMessages":[],"meta":{},"tags":[]},{"ancestorTitles":["MenuManagementPanel F1Tree integration"],"fullName":"MenuManagementPanel F1Tree integration uses dark-theme surfaces for the menu search controls","status":"passed","title":"uses dark-theme surfaces for the menu search controls","duration":512.9903000000013,"failureMessages":[],"meta":{},"tags":[]},{"ancestorTitles":["MenuManagementPanel F1Tree integration"],"fullName":"MenuManagementPanel F1Tree integration shows the menu description returned by the API as an editable column","status":"passed","title":"shows the menu description returned by the API as an editable column","duration":591.8063999999977,"failureMessages":[],"meta":{},"tags":[]},{"ancestorTitles":["MenuManagementPanel F1Tree integration"],"fullName":"MenuManagementPanel F1Tree integration renders the existing menu rows through F1Tree with tree commands","status":"passed","title":"renders the existing menu rows through F1Tree with tree commands","duration":1523.8822,"failureMessages":[],"meta":{},"tags":[]},{"ancestorTitles":["MenuManagementPanel F1Tree integration"],"fullName":"MenuManagementPanel F1Tree integration adds a root menu and updates the inserted count","status":"passed","title":"adds a root menu and updates the inserted count","duration":1638.5926,"failureMessages":[],"meta":{},"tags":[]},{"ancestorTitles":["MenuManagementPanel F1Tree integration"],"fullName":"MenuManagementPanel F1Tree integration renders grouped read/write/delete/excel permission columns, allows leaf edits, and persists grouped permission codes","status":"passed","title":"renders grouped read/write/delete/excel permission columns, allows leaf edits, and persists grouped permission codes","duration":1320.0989999999983,"failureMessages":[],"meta":{},"tags":[]},{"ancestorTitles":["menu management API integration"],"fullName":"menu management API integration normalizes module and active permission definitions","status":"passed","title":"normalizes module and active permission definitions","duration":8.139500000001135,"failureMessages":[],"meta":{},"tags":[]},{"ancestorTitles":["menu management API integration"],"fullName":"menu management API integration maps menu identity and hierarchy fields returned by the API","status":"passed","title":"maps menu identity and hierarchy fields returned by the API","duration":5.417099999998754,"failureMessages":[],"meta":{},"tags":[]},{"ancestorTitles":["menu management API integration"],"fullName":"menu management API integration sends inserted, updated, then deleted menu changes using their API routes","status":"passed","title":"sends inserted, updated, then deleted menu changes using their API routes","duration":5.072299999999814,"failureMessages":[],"meta":{},"tags":[]},{"ancestorTitles":["menu management API integration"],"fullName":"menu management API integration uses the server ID of an inserted parent when saving its new child","status":"passed","title":"uses the server ID of an inserted parent when saving its new child","duration":4.0512000000017,"failureMessages":[],"meta":{},"tags":[]},{"ancestorTitles":["MenuManagementPanel F1Tree workflow"],"fullName":"MenuManagementPanel F1Tree workflow notifies its page after saving menu changes","status":"passed","title":"notifies its page after saving menu changes","duration":802.8289999999979,"failureMessages":[],"meta":{},"tags":[]},{"ancestorTitles":["MenuManagementPanel F1Tree workflow"],"fullName":"MenuManagementPanel F1Tree workflow saves permissions for an edited leaf after its ancestor is collapsed","status":"passed","title":"saves permissions for an edited leaf after its ancestor is collapsed","duration":1004.0540000000001,"failureMessages":[],"meta":{},"tags":[]},{"ancestorTitles":["MenuManagementPanel F1Tree workflow"],"fullName":"MenuManagementPanel F1Tree workflow does not repeat a completed menu creation when permission save is retried","status":"passed","title":"does not repeat a completed menu creation when permission save is retried","duration":1688.378099999998,"failureMessages":[],"meta":{},"tags":[]},{"ancestorTitles":["MenuManagementPanel F1Tree workflow"],"fullName":"MenuManagementPanel F1Tree workflow does not repeat completed menu or permission requests when automatic refresh is retried","status":"passed","title":"does not repeat completed menu or permission requests when automatic refresh is retried","duration":1559.746900000002,"failureMessages":[],"meta":{},"tags":[]},{"ancestorTitles":["MenuManagementPanel F1Tree workflow"],"fullName":"MenuManagementPanel F1Tree workflow adds a child, blocks parent deletion, and refreshes after saving changes","status":"passed","title":"adds a child, blocks parent deletion, and refreshes after saving changes","duration":3098.1188,"failureMessages":[],"meta":{},"tags":[]},{"ancestorTitles":["MenuManagementPanel F1Tree workflow"],"fullName":"MenuManagementPanel F1Tree workflow saves a new leaf menu before its permissions and then refreshes the selected module","status":"passed","title":"saves a new leaf menu before its permissions and then refreshes the selected module","duration":1213.2547000000013,"failureMessages":[],"meta":{},"tags":[]},{"ancestorTitles":["MenuManagementPanel F1Tree workflow"],"fullName":"MenuManagementPanel F1Tree workflow replaces permissions for an updated existing leaf","status":"passed","title":"replaces permissions for an updated existing leaf","duration":842.6971999999987,"failureMessages":[],"meta":{},"tags":[]},{"ancestorTitles":["MenuManagementPanel F1Tree workflow"],"fullName":"MenuManagementPanel F1Tree workflow keeps changed permissions visible and does not refresh when permission save fails","status":"passed","title":"keeps changed permissions visible and does not refresh when permission save fails","duration":873.2718000000023,"failureMessages":[],"meta":{},"tags":[]},{"ancestorTitles":["MenuManagementPanel F1Tree workflow"],"fullName":"MenuManagementPanel F1Tree workflow keeps local changes when the automatic refresh fails after menu and permission saves","status":"passed","title":"keeps local changes when the automatic refresh fails after menu and permission saves","duration":793.2947000000058,"failureMessages":[],"meta":{},"tags":[]},{"ancestorTitles":["MenuManagementPanel F1Tree workflow"],"fullName":"MenuManagementPanel F1Tree workflow does not replace permissions for a deleted menu","status":"passed","title":"does not replace permissions for a deleted menu","duration":1272.5529999999999,"failureMessages":[],"meta":{},"tags":[]},{"ancestorTitles":["MenuManagementPage module selection"],"fullName":"MenuManagementPage module selection shows the full saved menu hierarchy in the page breadcrumb","status":"passed","title":"shows the full saved menu hierarchy in the page breadcrumb","duration":417.67519999999786,"failureMessages":[],"meta":{},"tags":[]},{"ancestorTitles":["MenuManagementPage module selection"],"fullName":"MenuManagementPage module selection shows only query, save, and delete for read, write, and delete permissions","status":"passed","title":"shows only query, save, and delete for read, write, and delete permissions","duration":1547.590599999996,"failureMessages":[],"meta":{},"tags":[]},{"ancestorTitles":["MenuManagementPage module selection"],"fullName":"MenuManagementPage module selection aligns the module selector and search field on the same baseline","status":"passed","title":"aligns the module selector and search field on the same baseline","duration":527.9522999999972,"failureMessages":[],"meta":{},"tags":[]},{"ancestorTitles":["MenuManagementPage module selection"],"fullName":"MenuManagementPage module selection handles search input change, enter key search, and clear button","status":"passed","title":"handles search input change, enter key search, and clear button","duration":1403.6565999999948,"failureMessages":[],"meta":{},"tags":[]},{"ancestorTitles":["MenuManagementPage module selection"],"fullName":"MenuManagementPage module selection shows only permission-gated page actions at the top-right and keeps the grid toolbar to tree controls","status":"passed","title":"shows only permission-gated page actions at the top-right and keeps the grid toolbar to tree controls","duration":1194.309000000001,"failureMessages":[],"meta":{},"tags":[]},{"ancestorTitles":["MenuManagementPage module selection"],"fullName":"MenuManagementPage module selection keeps the completed creation checkpoint after a confirmed same-module refresh","status":"passed","title":"keeps the completed creation checkpoint after a confirmed same-module refresh","duration":3512.102200000001,"failureMessages":[],"meta":{},"tags":[]},{"ancestorTitles":["MenuManagementPage module selection"],"fullName":"MenuManagementPage module selection fetches and switches the menu tree for the selected module","status":"passed","title":"fetches and switches the menu tree for the selected module","duration":1780.1598999999987,"failureMessages":[],"meta":{},"tags":[]},{"ancestorTitles":["MenuManagementPage module selection"],"fullName":"MenuManagementPage module selection hides previous module rows while the next module menu request is pending","status":"passed","title":"hides previous module rows while the next module menu request is pending","duration":1254.3453999999983,"failureMessages":[],"meta":{},"tags":[]},{"ancestorTitles":["MenuManagementPage module selection"],"fullName":"MenuManagementPage module selection disables module selection during a deferred save and prevents stale module requests","status":"passed","title":"disables module selection during a deferred save and prevents stale module requests","duration":1527.7649999999994,"failureMessages":[],"meta":{},"tags":[]},{"ancestorTitles":["MenuManagementPage module selection"],"fullName":"MenuManagementPage module selection disables module selection while a clean refresh is loading","status":"passed","title":"disables module selection while a clean refresh is loading","duration":833.9834000000046,"failureMessages":[],"meta":{},"tags":[]},{"ancestorTitles":["MenuManagementPage module selection"],"fullName":"MenuManagementPage module selection keeps the active module and local menu when a dirty module switch is cancelled, then reloads the confirmed module","status":"passed","title":"keeps the active module and local menu when a dirty module switch is cancelled, then reloads the confirmed module","duration":3518.1942000000054,"failureMessages":[],"meta":{},"tags":[]},{"ancestorTitles":["MenuManagementPage module selection"],"fullName":"MenuManagementPage module selection reloads active permissions after confirming a dirty module switch while keeping common permission columns","status":"passed","title":"reloads active permissions after confirming a dirty module switch while keeping common permission columns","duration":2803.649399999995,"failureMessages":[],"meta":{},"tags":[]},{"ancestorTitles":["MenuManagementPage module selection"],"fullName":"MenuManagementPage module selection keeps local changes when a dirty refresh is cancelled and reloads after confirmation","status":"passed","title":"keeps local changes when a dirty refresh is cancelled and reloads after confirmation","duration":2867.7548000000024,"failureMessages":[],"meta":{},"tags":[]},{"ancestorTitles":["MenuManagementPage module selection"],"fullName":"MenuManagementPage module selection shows a menu reload error while retaining local visible changes","status":"failed","title":"shows a menu reload error while retaining local visible changes","duration":3048.2983999999997,"failureMessages":["TestingLibraryElementError: Unable to find an accessible element with the role \"gridcell\" and name \"NEW1\"\n\nHere are the accessible roles:\n\n  paragraph:\n\n  Name \"\":\n  \u001b[36m<p\u001b[39m\n    \u001b[33mclass\u001b[39m=\u001b[32m\"MuiTypography-root MuiTypography-body2 css-849rhd-MuiTypography-root\"\u001b[39m\n  \u001b[36m/>\u001b[39m\n\n  --------------------------------------------------\n  button:\n\n  Name \"조회\":\n  \u001b[36m<button\u001b[39m\n    \u001b[33mclass\u001b[39m=\u001b[32m\"MuiButtonBase-root MuiButton-root MuiButton-contained MuiButton-sizeSmall MuiButton-colorPrimary css-dyinow-MuiButtonBase-root-MuiButton-root\"\u001b[39m\n    \u001b[33mtabindex\u001b[39m=\u001b[32m\"0\"\u001b[39m\n    \u001b[33mtype\u001b[39m=\u001b[32m\"button\"\u001b[39m\n  \u001b[36m/>\u001b[39m\n\n  Name \"저장\":\n  \u001b[36m<button\u001b[39m\n    \u001b[33mclass\u001b[39m=\u001b[32m\"MuiButtonBase-root Mui-disabled MuiButton-root MuiButton-contained MuiButton-sizeSmall MuiButton-colorPrimary css-dyinow-MuiButtonBase-root-MuiButton-root\"\u001b[39m\n    \u001b[33mdisabled\u001b[39m=\u001b[32m\"\"\u001b[39m\n    \u001b[33mtabindex\u001b[39m=\u001b[32m\"-1\"\u001b[39m\n    \u001b[33mtype\u001b[39m=\u001b[32m\"button\"\u001b[39m\n  \u001b[36m/>\u001b[39m\n\n  Name \"삭제\":\n  \u001b[36m<button\u001b[39m\n    \u001b[33mclass\u001b[39m=\u001b[32m\"MuiButtonBase-root MuiButton-root MuiButton-contained MuiButton-sizeSmall MuiButton-colorPrimary css-dyinow-MuiButtonBase-root-MuiButton-root\"\u001b[39m\n    \u001b[33mtabindex\u001b[39m=\u001b[32m\"0\"\u001b[39m\n    \u001b[33mtype\u001b[39m=\u001b[32m\"button\"\u001b[39m\n  \u001b[36m/>\u001b[39m\n\n  Name \"검색 조건 접기\":\n  \u001b[36m<button\u001b[39m\n    \u001b[33maria-expanded\u001b[39m=\u001b[32m\"true\"\u001b[39m\n    \u001b[33maria-label\u001b[39m=\u001b[32m\"검색 조건 접기\"\u001b[39m\n    \u001b[33mclass\u001b[39m=\u001b[32m\"MuiButtonBase-root MuiIconButton-root MuiIconButton-sizeSmall css-xy0xkb-MuiButtonBase-root-MuiIconButton-root\"\u001b[39m\n    \u001b[33mtabindex\u001b[39m=\u001b[32m\"0\"\u001b[39m\n    \u001b[33mtype\u001b[39m=\u001b[32m\"button\"\u001b[39m\n  \u001b[36m/>\u001b[39m\n\n  Name \"Close\":\n  \u001b[36m<button\u001b[39m\n    \u001b[33maria-label\u001b[39m=\u001b[32m\"Close\"\u001b[39m\n    \u001b[33mclass\u001b[39m=\u001b[32m\"MuiButtonBase-root MuiIconButton-root MuiIconButton-colorInherit MuiIconButton-sizeSmall css-38cjb0-MuiButtonBase-root-MuiIconButton-root\"\u001b[39m\n    \u001b[33mtabindex\u001b[39m=\u001b[32m\"0\"\u001b[39m\n    \u001b[33mtitle\u001b[39m=\u001b[32m\"Close\"\u001b[39m\n    \u001b[33mtype\u001b[39m=\u001b[32m\"button\"\u001b[39m\n  \u001b[36m/>\u001b[39m\n\n  Name \"루트 메뉴 추가\":\n  \u001b[36m<button\u001b[39m\n    \u001b[33mclass\u001b[39m=\u001b[32m\"MuiButtonBase-root MuiButton-root MuiButton-text MuiButton-sizeSmall MuiButton-colorPrimary css-1ccsd5i-MuiButtonBase-root-MuiButton-root\"\u001b[39m\n    \u001b[33mtabindex\u001b[39m=\u001b[32m\"0\"\u001b[39m\n    \u001b[33mtype\u001b[39m=\u001b[32m\"button\"\u001b[39m\n  \u001b[36m/>\u001b[39m\n\n  Name \"하위 메뉴 추가\":\n  \u001b[36m<button\u001b[39m\n    \u001b[33mclass\u001b[39m=\u001b[32m\"MuiButtonBase-root Mui-disabled MuiButton-root MuiButton-text MuiButton-sizeSmall MuiButton-colorPrimary css-1ccsd5i-MuiButtonBase-root-MuiButton-root\"\u001b[39m\n    \u001b[33mdisabled\u001b[39m=\u001b[32m\"\"\u001b[39m\n    \u001b[33mtabindex\u001b[39m=\u001b[32m\"-1\"\u001b[39m\n    \u001b[33mtype\u001b[39m=\u001b[32m\"button\"\u001b[39m\n  \u001b[36m/>\u001b[39m\n\n  Name \"전체 펼치기\":\n  \u001b[36m<button\u001b[39m\n    \u001b[33maria-label\u001b[39m=\u001b[32m\"전체 펼치기\"\u001b[39m\n    \u001b[33mclass\u001b[39m=\u001b[32m\"MuiButtonBase-root MuiIconButton-root MuiIconButton-sizeSmall css-155wbr6-MuiButtonBase-root-MuiIconButton-root\"\u001b[39m\n    \u001b[33mtabindex\u001b[39m=\u001b[32m\"0\"\u001b[39m\n    \u001b[33mtype\u001b[39m=\u001b[32m\"button\"\u001b[39m\n  \u001b[36m/>\u001b[39m\n\n  Name \"전체 접기\":\n  \u001b[36m<button\u001b[39m\n    \u001b[33maria-label\u001b[39m=\u001b[32m\"전체 접기\"\u001b[39m\n    \u001b[33mclass\u001b[39m=\u001b[32m\"MuiButtonBase-root MuiIconButton-root MuiIconButton-sizeSmall css-155wbr6-MuiButtonBase-root-MuiIconButton-root\"\u001b[39m\n    \u001b[33mtabindex\u001b[39m=\u001b[32m\"0\"\u001b[39m\n    \u001b[33mtype\u001b[39m=\u001b[32m\"button\"\u001b[39m\n  \u001b[36m/>\u001b[39m\n\n  Name \"순번 컬럼 메뉴\":\n  \u001b[36m<button\u001b[39m\n    \u001b[33maria-label\u001b[39m=\u001b[32m\"순번 컬럼 메뉴\"\u001b[39m\n    \u001b[33mclass\u001b[39m=\u001b[32m\"MuiButtonBase-root MuiIconButton-root MuiIconButton-sizeSmall f1-grid-col-menu-btn css-155wbr6-MuiButtonBase-root-MuiIconButton-root\"\u001b[39m\n    \u001b[33mtabindex\u001b[39m=\u001b[32m\"0\"\u001b[39m\n    \u001b[33mtype\u001b[39m=\u001b[32m\"button\"\u001b[39m\n  \u001b[36m/>\u001b[39m\n\n  Name \"메뉴명 컬럼 메뉴\":\n  \u001b[36m<button\u001b[39m\n    \u001b[33maria-label\u001b[39m=\u001b[32m\"메뉴명 컬럼 메뉴\"\u001b[39m\n    \u001b[33mclass\u001b[39m=\u001b[32m\"MuiButtonBase-root MuiIconButton-root MuiIconButton-sizeSmall f1-grid-col-menu-btn css-155wbr6-MuiButtonBase-root-MuiIconButton-root\"\u001b[39m\n    \u001b[33mtabindex\u001b[39m=\u001b[32m\"0\"\u001b[39m\n    \u001b[33mtype\u001b[39m=\u001b[32m\"button\"\u001b[39m\n  \u001b[36m/>\u001b[39m\n\n  Name \"메뉴코드 컬럼 메뉴\":\n  \u001b[36m<button\u001b[39m\n    \u001b[33maria-label\u001b[39m=\u001b[32m\"메뉴코드 컬럼 메뉴\"\u001b[39m\n    \u001b[33mclass\u001b[39m=\u001b[32m\"MuiButtonBase-root MuiIconButton-root MuiIconButton-sizeSmall f1-grid-col-menu-btn css-155wbr6-MuiButtonBase-root-MuiIconButton-root\"\u001b[39m\n    \u001b[33mtabindex\u001b[39m=\u001b[32m\"0\"\u001b[39m\n    \u001b[33mtype\u001b[39m=\u001b[32m\"button\"\u001b[39m\n  \u001b[36m/>\u001b[39m\n\n  Name \"경로 컬럼 메뉴\":\n  \u001b[36m<button\u001b[39m\n    \u001b[33maria-label\u001b[39m=\u001b[32m\"경로 컬럼 메뉴\"\u001b[39m\n    \u001b[33mclass\u001b[39m=\u001b[32m\"MuiButtonBase-root MuiIconButton-root MuiIconButton-sizeSmall f1-grid-col-menu-btn css-155wbr6-MuiButtonBase-root-MuiIconButton-root\"\u001b[39m\n    \u001b[33mtabindex\u001b[39m=\u001b[32m\"0\"\u001b[39m\n    \u001b[33mtype\u001b[39m=\u001b[32m\"button\"\u001b[39m\n  \u001b[36m/>\u001b[39m\n\n  Name \"메뉴설명 컬럼 메뉴\":\n  \u001b[36m<button\u001b[39m\n    \u001b[33maria-label\u001b[39m=\u001b[32m\"메뉴설명 컬럼 메뉴\"\u001b[39m\n    \u001b[33mclass\u001b[39m=\u001b[32m\"MuiButtonBase-root MuiIconButton-root MuiIconButton-sizeSmall f1-grid-col-menu-btn css-155wbr6-MuiButtonBase-root-MuiIconButton-root\"\u001b[39m\n    \u001b[33mtabindex\u001b[39m=\u001b[32m\"0\"\u001b[39m\n    \u001b[33mtype\u001b[39m=\u001b[32m\"button\"\u001b[39m\n  \u001b[36m/>\u001b[39m\n\n  Name \"정렬 컬럼 메뉴\":\n  \u001b[36m<button\u001b[39m\n    \u001b[33maria-label\u001b[39m=\u001b[32m\"정렬 컬럼 메뉴\"\u001b[39m\n    \u001b[33mclass\u001b[39m=\u001b[32m\"MuiButtonBase-root MuiIconButton-root MuiIconButton-sizeSmall f1-grid-col-menu-btn css-155wbr6-MuiButtonBase-root-MuiIconButton-root\"\u001b[39m\n    \u001b[33mtabindex\u001b[39m=\u001b[32m\"0\"\u001b[39m\n    \u001b[33mtype\u001b[39m=\u001b[32m\"button\"\u001b[39m\n  \u001b[36m/>\u001b[39m\n\n  Name \"사용 여부 컬럼 메뉴\":\n  \u001b[36m<button\u001b[39m\n    \u001b[33maria-label\u001b[39m=\u001b[32m\"사용 여부 컬럼 메뉴\"\u001b[39m\n    \u001b[33mclass\u001b[39m=\u001b[32m\"MuiButtonBase-root MuiIconButton-root MuiIconButton-sizeSmall f1-grid-col-menu-btn css-155wbr6-MuiButtonBase-root-MuiIconButton-root\"\u001b[39m\n    \u001b[33mtabindex\u001b[39m=\u001b[32m\"0\"\u001b[39m\n    \u001b[33mtype\u001b[39m=\u001b[32m\"button\"\u001b[39m\n  \u001b[36m/>\u001b[39m\n\n  Name \"읽기 컬럼 메뉴\":\n  \u001b[36m<button\u001b[39m\n    \u001b[33maria-label\u001b[39m=\u001b[32m\"읽기 컬럼 메뉴\"\u001b[39m\n    \u001b[33mclass\u001b[39m=\u001b[32m\"MuiButtonBase-root MuiIconButton-root MuiIconButton-sizeSmall f1-grid-col-menu-btn css-155wbr6-MuiButtonBase-root-MuiIconButton-root\"\u001b[39m\n    \u001b[33mtabindex\u001b[39m=\u001b[32m\"0\"\u001b[39m\n    \u001b[33mtype\u001b[39m=\u001b[32m\"button\"\u001b[39m\n  \u001b[36m/>\u001b[39m\n\n  Name \"쓰기 컬럼 메뉴\":\n  \u001b[36m<button\u001b[39m\n    \u001b[33maria-label\u001b[39m=\u001b[32m\"쓰기 컬럼 메뉴\"\u001b[39m\n    \u001b[33mclass\u001b[39m=\u001b[32m\"MuiButtonBase-root MuiIconButton-root MuiIconButton-sizeSmall f1-grid-col-menu-btn css-155wbr6-MuiButtonBase-root-MuiIconButton-root\"\u001b[39m\n    \u001b[33mtabindex\u001b[39m=\u001b[32m\"0\"\u001b[39m\n    \u001b[33mtype\u001b[39m=\u001b[32m\"button\"\u001b[39m\n  \u001b[36m/>\u001b[39m\n\n  Name \"삭제 컬럼 메뉴\":\n  \u001b[36m<button\u001b[39m\n    \u001b[33maria-label\u001b[39m=\u001b[32m\"삭제 컬럼 메뉴\"\u001b[39m\n    \u001b[33mclass\u001b[39m=\u001b[32m\"MuiButtonBase-root MuiIconButton-root MuiIconButton-sizeSmall f1-grid-col-menu-btn css-155wbr6-MuiButtonBase-root-MuiIconButton-root\"\u001b[39m\n    \u001b[33mtabindex\u001b[39m=\u001b[32m\"0\"\u001b[39m\n    \u001b[33mtype\u001b[39m=\u001b[32m\"button\"\u001b[39m\n  \u001b[36m/>\u001b[39m\n\n  Name \"엑셀 컬럼 메뉴\":\n  \u001b[36m<button\u001b[39m\n    \u001b[33maria-label\u001b[39m=\u001b[32m\"엑셀 컬럼 메뉴\"\u001b[39m\n    \u001b[33mclass\u001b[39m=\u001b[32m\"MuiButtonBase-root MuiIconButton-root MuiIconButton-sizeSmall f1-grid-col-menu-btn css-155wbr6-MuiButtonBase-root-MuiIconButton-root\"\u001b[39m\n    \u001b[33mtabindex\u001b[39m=\u001b[32m\"0\"\u001b[39m\n    \u001b[33mtype\u001b[39m=\u001b[32m\"button\"\u001b[39m\n  \u001b[36m/>\u001b[39m\n\n  Name \"1 행 높이 조절\":\n  \u001b[36m<button\u001b[39m\n    \u001b[33maria-label\u001b[39m=\u001b[32m\"1 행 높이 조절\"\u001b[39m\n    \u001b[33maria-valuemax\u001b[39m=\u001b[32m\"300\"\u001b[39m\n    \u001b[33maria-valuemin\u001b[39m=\u001b[32m\"32\"\u001b[39m\n    \u001b[33maria-valuenow\u001b[39m=\u001b[32m\"32\"\u001b[39m\n    \u001b[33mclass\u001b[39m=\u001b[32m\"MuiBox-root css-1nnbvej\"\u001b[39m\n    \u001b[33mrole\u001b[39m=\u001b[32m\"button\"\u001b[39m\n    \u001b[33mtype\u001b[39m=\u001b[32m\"button\"\u001b[39m\n  \u001b[36m/>\u001b[39m\n\n  --------------------------------------------------\n  heading:\n\n  Name \"검색 조건\":\n  \u001b[36m<h6\u001b[39m\n    \u001b[33mclass\u001b[39m=\u001b[32m\"MuiTypography-root MuiTypography-subtitle2 css-1uthcfe-MuiTypography-root\"\u001b[39m\n  \u001b[36m/>\u001b[39m\n\n  Name \"메뉴 관리\":\n  \u001b[36m<h6\u001b[39m\n    \u001b[33mclass\u001b[39m=\u001b[32m\"MuiTypography-root MuiTypography-h6 css-h9fkkg-MuiTypography-root\"\u001b[39m\n  \u001b[36m/>\u001b[39m\n\n  --------------------------------------------------\n  combobox:\n\n  Name \"모듈 선택\":\n  \u001b[36m<div\u001b[39m\n    \u001b[33maria-expanded\u001b[39m=\u001b[32m\"false\"\u001b[39m\n    \u001b[33maria-haspopup\u001b[39m=\u001b[32m\"listbox\"\u001b[39m\n    \u001b[33maria-label\u001b[39m=\u001b[32m\"모듈 선택\"\u001b[39m\n    \u001b[33mclass\u001b[39m=\u001b[32m\"MuiSelect-select MuiSelect-outlined MuiInputBase-input MuiOutlinedInput-input css-18x85q0-MuiNativeSelect-root-MuiSelect-select-MuiInputBase-input-MuiOutlinedInput-input\"\u001b[39m\n    \u001b[33mrole\u001b[39m=\u001b[32m\"combobox\"\u001b[39m\n    \u001b[33mtabindex\u001b[39m=\u001b[32m\"0\"\u001b[39m\n  \u001b[36m/>\u001b[39m\n\n  --------------------------------------------------\n  textbox:\n\n  Name \"메뉴 검색\":\n  \u001b[36m<input\u001b[39m\n    \u001b[33maria-invalid\u001b[39m=\u001b[32m\"false\"\u001b[39m\n    \u001b[33maria-label\u001b[39m=\u001b[32m\"메뉴 검색\"\u001b[39m\n    \u001b[33mclass\u001b[39m=\u001b[32m\"MuiInputBase-input MuiOutlinedInput-input css-1q55ijt-MuiInputBase-input-MuiOutlinedInput-input\"\u001b[39m\n    \u001b[33mid\u001b[39m=\u001b[32m\"_r_134_\"\u001b[39m\n    \u001b[33mplaceholder\u001b[39m=\u001b[32m\"메뉴명/코드 검색\"\u001b[39m\n    \u001b[33mtype\u001b[39m=\u001b[32m\"text\"\u001b[39m\n    \u001b[33mvalue\u001b[39m=\u001b[32m\"\"\u001b[39m\n  \u001b[36m/>\u001b[39m\n\n  --------------------------------------------------\n  alert:\n\n  Name \"\":\n  \u001b[36m<div\u001b[39m\n    \u001b[33mclass\u001b[39m=\u001b[32m\"MuiPaper-root MuiPaper-elevation MuiPaper-rounded MuiPaper-elevation0 MuiAlert-root MuiAlert-colorError MuiAlert-standard css-6nxmb5-MuiPaper-root-MuiAlert-root\"\u001b[39m\n    \u001b[33mrole\u001b[39m=\u001b[32m\"alert\"\u001b[39m\n    \u001b[33mstyle\u001b[39m=\u001b[32m\"--Paper-shadow: none;\"\u001b[39m\n  \u001b[36m/>\u001b[39m\n\n  --------------------------------------------------\n  toolbar:\n\n  Name \"메뉴 업무 액션\":\n  \u001b[36m<div\u001b[39m\n    \u001b[33maria-label\u001b[39m=\u001b[32m\"메뉴 업무 액션\"\u001b[39m\n    \u001b[33mclass\u001b[39m=\u001b[32m\"MuiBox-root css-1aheubh\"\u001b[39m\n    \u001b[33mrole\u001b[39m=\u001b[32m\"toolbar\"\u001b[39m\n  \u001b[36m/>\u001b[39m\n\n  Name \"메뉴 그리드 제어\":\n  \u001b[36m<div\u001b[39m\n    \u001b[33maria-label\u001b[39m=\u001b[32m\"메뉴 그리드 제어\"\u001b[39m\n    \u001b[33mclass\u001b[39m=\u001b[32m\"MuiBox-root css-rj8thk\"\u001b[39m\n    \u001b[33mrole\u001b[39m=\u001b[32m\"toolbar\"\u001b[39m\n  \u001b[36m/>\u001b[39m\n\n  --------------------------------------------------\n  grid:\n\n  Name \"F1-TREE 메뉴 관리\":\n  \u001b[36m<div\u001b[39m\n    \u001b[33maria-label\u001b[39m=\u001b[32m\"F1-TREE 메뉴 관리\"\u001b[39m\n    \u001b[33mclass\u001b[39m=\u001b[32m\"MuiBox-root css-1ub9qth\"\u001b[39m\n    \u001b[33mrole\u001b[39m=\u001b[32m\"grid\"\u001b[39m\n  \u001b[36m/>\u001b[39m\n\n  --------------------------------------------------\n  row:\n\n  Name \"기본기능 순번 순번 컬럼 너비 조절 메뉴명 메뉴명 컬럼 너비 조절 메뉴코드 메뉴코드 컬럼 너비 조절 경로 경로 컬럼 너비 조절 메뉴설명 메뉴설명 컬럼 너비 조절 정렬 정렬 컬럼 너비 조절 사용 여부 전체 선택 사용 여부 사용 여부 컬럼 너비 조절 읽기 읽기 컬럼 너비 조절 쓰기 쓰기 컬럼 너비 조절 삭제 삭제 컬럼 너비 조절 엑셀 엑셀 컬럼 너비 조절\":\n  \u001b[36m<div\u001b[39m\n    \u001b[33mclass\u001b[39m=\u001b[32m\"MuiBox-root css-3q2cmu\"\u001b[39m\n    \u001b[33mrole\u001b[39m=\u001b[32m\"row\"\u001b[39m\n  \u001b[36m/>\u001b[39m\n\n  Name \"1 대시보드 DASH /dashboard 1 사용 여부 1 읽기 1 쓰기 1 삭제 1 엑셀 1\":\n  \u001b[36m<div\u001b[39m\n    \u001b[33maria-selected\u001b[39m=\u001b[32m\"false\"\u001b[39m\n    \u001b[33mclass\u001b[39m=\u001b[32m\"MuiBox-root css-1obf64m\"\u001b[39m\n    \u001b[33mrole\u001b[39m=\u001b[32m\"row\"\u001b[39m\n  \u001b[36m/>\u001b[39m\n\n  --------------------------------------------------\n  columnheader:\n\n  Name \"기본기능\":\n  \u001b[36m<div\u001b[39m\n    \u001b[33mclass\u001b[39m=\u001b[32m\"MuiBox-root css-1hpgzgm\"\u001b[39m\n    \u001b[33mrole\u001b[39m=\u001b[32m\"columnheader\"\u001b[39m\n  \u001b[36m/>\u001b[39m\n\n  Name \"순번 순번 컬럼 너비 조절\":\n  \u001b[36m<div\u001b[39m\n    \u001b[33mclass\u001b[39m=\u001b[32m\"MuiBox-root css-1w7diwv\"\u001b[39m\n    \u001b[33mdraggable\u001b[39m=\u001b[32m\"false\"\u001b[39m\n    \u001b[33mrole\u001b[39m=\u001b[32m\"columnheader\"\u001b[39m\n  \u001b[36m/>\u001b[39m\n\n  Name \"메뉴명 메뉴명 컬럼 너비 조절\":\n  \u001b[36m<div\u001b[39m\n    \u001b[33mclass\u001b[39m=\u001b[32m\"MuiBox-root css-1tnnvfi\"\u001b[39m\n    \u001b[33mdraggable\u001b[39m=\u001b[32m\"false\"\u001b[39m\n    \u001b[33mrole\u001b[39m=\u001b[32m\"columnheader\"\u001b[39m\n  \u001b[36m/>\u001b[39m\n\n  Name \"메뉴코드 메뉴코드 컬럼 너비 조절\":\n  \u001b[36m<div\u001b[39m\n    \u001b[33mclass\u001b[39m=\u001b[32m\"MuiBox-root css-e7bz37\"\u001b[39m\n    \u001b[33mdraggable\u001b[39m=\u001b[32m\"true\"\u001b[39m\n    \u001b[33mrole\u001b[39m=\u001b[32m\"columnheader\"\u001b[39m\n  \u001b[36m/>\u001b[39m\n\n  Name \"경로 경로 컬럼 너비 조절\":\n  \u001b[36m<div\u001b[39m\n    \u001b[33mclass\u001b[39m=\u001b[32m\"MuiBox-root css-t53t1s\"\u001b[39m\n    \u001b[33mdraggable\u001b[39m=\u001b[32m\"true\"\u001b[39m\n    \u001b[33mrole\u001b[39m=\u001b[32m\"columnheader\"\u001b[39m\n  \u001b[36m/>\u001b[39m\n\n  Name \"메뉴설명 메뉴설명 컬럼 너비 조절\":\n  \u001b[36m<div\u001b[39m\n    \u001b[33mclass\u001b[39m=\u001b[32m\"MuiBox-root css-1ssq1dg\"\u001b[39m\n    \u001b[33mdraggable\u001b[39m=\u001b[32m\"true\"\u001b[39m\n    \u001b[33mrole\u001b[39m=\u001b[32m\"columnheader\"\u001b[39m\n  \u001b[36m/>\u001b[39m\n\n  Name \"정렬 정렬 컬럼 너비 조절\":\n  \u001b[36m<div\u001b[39m\n    \u001b[33mclass\u001b[39m=\u001b[32m\"MuiBox-root css-9jnbwr\"\u001b[39m\n    \u001b[33mdraggable\u001b[39m=\u001b[32m\"true\"\u001b[39m\n    \u001b[33mrole\u001b[39m=\u001b[32m\"columnheader\"\u001b[39m\n  \u001b[36m/>\u001b[39m\n\n  Name \"사용 여부 전체 선택 사용 여부 사용 여부 컬럼 너비 조절\":\n  \u001b[36m<div\u001b[39m\n    \u001b[33mclass\u001b[39m=\u001b[32m\"MuiBox-root css-bi1i2z\"\u001b[39m\n    \u001b[33mdraggable\u001b[39m=\u001b[32m\"true\"\u001b[39m\n    \u001b[33mrole\u001b[39m=\u001b[32m\"columnheader\"\u001b[39m\n  \u001b[36m/>\u001b[39m\n\n  Name \"읽기 읽기 컬럼 너비 조절\":\n  \u001b[36m<div\u001b[39m\n    \u001b[33mclass\u001b[39m=\u001b[32m\"MuiBox-root css-jkhlqv\"\u001b[39m\n    \u001b[33mdraggable\u001b[39m=\u001b[32m\"true\"\u001b[39m\n    \u001b[33mrole\u001b[39m=\u001b[32m\"columnheader\"\u001b[39m\n  \u001b[36m/>\u001b[39m\n\n  Name \"쓰기 쓰기 컬럼 너비 조절\":\n  \u001b[36m<div\u001b[39m\n    \u001b[33mclass\u001b[39m=\u001b[32m\"MuiBox-root css-q3leit\"\u001b[39m\n    \u001b[33mdraggable\u001b[39m=\u001b[32m\"true\"\u001b[39m\n    \u001b[33mrole\u001b[39m=\u001b[32m\"columnheader\"\u001b[39m\n  \u001b[36m/>\u001b[39m\n\n  Name \"삭제 삭제 컬럼 너비 조절\":\n  \u001b[36m<div\u001b[39m\n    \u001b[33mclass\u001b[39m=\u001b[32m\"MuiBox-root css-soau50\"\u001b[39m\n    \u001b[33mdraggable\u001b[39m=\u001b[32m\"true\"\u001b[39m\n    \u001b[33mrole\u001b[39m=\u001b[32m\"columnheader\"\u001b[39m\n  \u001b[36m/>\u001b[39m\n\n  Name \"엑셀 엑셀 컬럼 너비 조절\":\n  \u001b[36m<div\u001b[39m\n    \u001b[33mclass\u001b[39m=\u001b[32m\"MuiBox-root css-frmp4q\"\u001b[39m\n    \u001b[33mdraggable\u001b[39m=\u001b[32m\"true\"\u001b[39m\n    \u001b[33mrole\u001b[39m=\u001b[32m\"columnheader\"\u001b[39m\n  \u001b[36m/>\u001b[39m\n\n  --------------------------------------------------\n  separator:\n\n  Name \"순번 컬럼 너비 조절\":\n  \u001b[36m<div\u001b[39m\n    \u001b[33maria-label\u001b[39m=\u001b[32m\"순번 컬럼 너비 조절\"\u001b[39m\n    \u001b[33mclass\u001b[39m=\u001b[32m\"MuiBox-root css-1r7lhgj\"\u001b[39m\n    \u001b[33mrole\u001b[39m=\u001b[32m\"separator\"\u001b[39m\n  \u001b[36m/>\u001b[39m\n\n  Name \"메뉴명 컬럼 너비 조절\":\n  \u001b[36m<div\u001b[39m\n    \u001b[33maria-label\u001b[39m=\u001b[32m\"메뉴명 컬럼 너비 조절\"\u001b[39m\n    \u001b[33mclass\u001b[39m=\u001b[32m\"MuiBox-root css-1r7lhgj\"\u001b[39m\n    \u001b[33mrole\u001b[39m=\u001b[32m\"separator\"\u001b[39m\n  \u001b[36m/>\u001b[39m\n\n  Name \"메뉴코드 컬럼 너비 조절\":\n  \u001b[36m<div\u001b[39m\n    \u001b[33maria-label\u001b[39m=\u001b[32m\"메뉴코드 컬럼 너비 조절\"\u001b[39m\n    \u001b[33mclass\u001b[39m=\u001b[32m\"MuiBox-root css-1r7lhgj\"\u001b[39m\n    \u001b[33mrole\u001b[39m=\u001b[32m\"separator\"\u001b[39m\n  \u001b[36m/>\u001b[39m\n\n  Name \"경로 컬럼 너비 조절\":\n  \u001b[36m<div\u001b[39m\n    \u001b[33maria-label\u001b[39m=\u001b[32m\"경로 컬럼 너비 조절\"\u001b[39m\n    \u001b[33mclass\u001b[39m=\u001b[32m\"MuiBox-root css-1r7lhgj\"\u001b[39m\n    \u001b[33mrole\u001b[39m=\u001b[32m\"separator\"\u001b[39m\n  \u001b[36m/>\u001b[39m\n\n  Name \"메뉴설명 컬럼 너비 조절\":\n  \u001b[36m<div\u001b[39m\n    \u001b[33maria-label\u001b[39m=\u001b[32m\"메뉴설명 컬럼 너비 조절\"\u001b[39m\n    \u001b[33mclass\u001b[39m=\u001b[32m\"MuiBox-root css-1r7lhgj\"\u001b[39m\n    \u001b[33mrole\u001b[39m=\u001b[32m\"separator\"\u001b[39m\n  \u001b[36m/>\u001b[39m\n\n  Name \"정렬 컬럼 너비 조절\":\n  \u001b[36m<div\u001b[39m\n    \u001b[33maria-label\u001b[39m=\u001b[32m\"정렬 컬럼 너비 조절\"\u001b[39m\n    \u001b[33mclass\u001b[39m=\u001b[32m\"MuiBox-root css-1r7lhgj\"\u001b[39m\n    \u001b[33mrole\u001b[39m=\u001b[32m\"separator\"\u001b[39m\n  \u001b[36m/>\u001b[39m\n\n  Name \"사용 여부 컬럼 너비 조절\":\n  \u001b[36m<div\u001b[39m\n    \u001b[33maria-label\u001b[39m=\u001b[32m\"사용 여부 컬럼 너비 조절\"\u001b[39m\n    \u001b[33mclass\u001b[39m=\u001b[32m\"MuiBox-root css-1r7lhgj\"\u001b[39m\n    \u001b[33mrole\u001b[39m=\u001b[32m\"separator\"\u001b[39m\n  \u001b[36m/>\u001b[39m\n\n  Name \"읽기 컬럼 너비 조절\":\n  \u001b[36m<div\u001b[39m\n    \u001b[33maria-label\u001b[39m=\u001b[32m\"읽기 컬럼 너비 조절\"\u001b[39m\n    \u001b[33mclass\u001b[39m=\u001b[32m\"MuiBox-root css-1r7lhgj\"\u001b[39m\n    \u001b[33mrole\u001b[39m=\u001b[32m\"separator\"\u001b[39m\n  \u001b[36m/>\u001b[39m\n\n  Name \"쓰기 컬럼 너비 조절\":\n  \u001b[36m<div\u001b[39m\n    \u001b[33maria-label\u001b[39m=\u001b[32m\"쓰기 컬럼 너비 조절\"\u001b[39m\n    \u001b[33mclass\u001b[39m=\u001b[32m\"MuiBox-root css-1r7lhgj\"\u001b[39m\n    \u001b[33mrole\u001b[39m=\u001b[32m\"separator\"\u001b[39m\n  \u001b[36m/>\u001b[39m\n\n  Name \"삭제 컬럼 너비 조절\":\n  \u001b[36m<div\u001b[39m\n    \u001b[33maria-label\u001b[39m=\u001b[32m\"삭제 컬럼 너비 조절\"\u001b[39m\n    \u001b[33mclass\u001b[39m=\u001b[32m\"MuiBox-root css-1r7lhgj\"\u001b[39m\n    \u001b[33mrole\u001b[39m=\u001b[32m\"separator\"\u001b[39m\n  \u001b[36m/>\u001b[39m\n\n  Name \"엑셀 컬럼 너비 조절\":\n  \u001b[36m<div\u001b[39m\n    \u001b[33maria-label\u001b[39m=\u001b[32m\"엑셀 컬럼 너비 조절\"\u001b[39m\n    \u001b[33mclass\u001b[39m=\u001b[32m\"MuiBox-root css-1r7lhgj\"\u001b[39m\n    \u001b[33mrole\u001b[39m=\u001b[32m\"separator\"\u001b[39m\n  \u001b[36m/>\u001b[39m\n\n  --------------------------------------------------\n  checkbox:\n\n  Name \"사용 여부 전체 선택\":\n  \u001b[36m<input\u001b[39m\n    \u001b[33maria-label\u001b[39m=\u001b[32m\"사용 여부 전체 선택\"\u001b[39m\n    \u001b[33mchecked\u001b[39m=\u001b[32m\"\"\u001b[39m\n    \u001b[33mclass\u001b[39m=\u001b[32m\"PrivateSwitchBase-input css-12xagqm-MuiSwitchBase-root\"\u001b[39m\n    \u001b[33mdata-indeterminate\u001b[39m=\u001b[32m\"false\"\u001b[39m\n    \u001b[33mtype\u001b[39m=\u001b[32m\"checkbox\"\u001b[39m\n  \u001b[36m/>\u001b[39m\n\n  Name \"대시보드 트리 선택\":\n  \u001b[36m<input\u001b[39m\n    \u001b[33maria-label\u001b[39m=\u001b[32m\"대시보드 트리 선택\"\u001b[39m\n    \u001b[33mclass\u001b[39m=\u001b[32m\"PrivateSwitchBase-input css-12xagqm-MuiSwitchBase-root\"\u001b[39m\n    \u001b[33mdata-indeterminate\u001b[39m=\u001b[32m\"false\"\u001b[39m\n    \u001b[33mtype\u001b[39m=\u001b[32m\"checkbox\"\u001b[39m\n  \u001b[36m/>\u001b[39m\n\n  Name \"사용 여부 1\":\n  \u001b[36m<input\u001b[39m\n    \u001b[33maria-label\u001b[39m=\u001b[32m\"사용 여부 1\"\u001b[39m\n    \u001b[33mchecked\u001b[39m=\u001b[32m\"\"\u001b[39m\n    \u001b[33mclass\u001b[39m=\u001b[32m\"PrivateSwitchBase-input css-12xagqm-MuiSwitchBase-root\"\u001b[39m\n    \u001b[33mdata-indeterminate\u001b[39m=\u001b[32m\"false\"\u001b[39m\n    \u001b[33mtype\u001b[39m=\u001b[32m\"checkbox\"\u001b[39m\n  \u001b[36m/>\u001b[39m\n\n  Name \"읽기 1\":\n  \u001b[36m<input\u001b[39m\n    \u001b[33maria-label\u001b[39m=\u001b[32m\"읽기 1\"\u001b[39m\n    \u001b[33mchecked\u001b[39m=\u001b[32m\"\"\u001b[39m\n    \u001b[33mclass\u001b[39m=\u001b[32m\"PrivateSwitchBase-input css-12xagqm-MuiSwitchBase-root\"\u001b[39m\n    \u001b[33mdata-indeterminate\u001b[39m=\u001b[32m\"false\"\u001b[39m\n    \u001b[33mtype\u001b[39m=\u001b[32m\"checkbox\"\u001b[39m\n  \u001b[36m/>\u001b[39m\n\n  Name \"쓰기 1\":\n  \u001b[36m<input\u001b[39m\n    \u001b[33maria-label\u001b[39m=\u001b[32m\"쓰기 1\"\u001b[39m\n    \u001b[33mclass\u001b[39m=\u001b[32m\"PrivateSwitchBase-input css-12xagqm-MuiSwitchBase-root\"\u001b[39m\n    \u001b[33mdata-indeterminate\u001b[39m=\u001b[32m\"false\"\u001b[39m\n    \u001b[33mtype\u001b[39m=\u001b[32m\"checkbox\"\u001b[39m\n  \u001b[36m/>\u001b[39m\n\n  Name \"삭제 1\":\n  \u001b[36m<input\u001b[39m\n    \u001b[33maria-label\u001b[39m=\u001b[32m\"삭제 1\"\u001b[39m\n    \u001b[33mclass\u001b[39m=\u001b[32m\"PrivateSwitchBase-input css-12xagqm-MuiSwitchBase-root\"\u001b[39m\n    \u001b[33mdata-indeterminate\u001b[39m=\u001b[32m\"false\"\u001b[39m\n    \u001b[33mtype\u001b[39m=\u001b[32m\"checkbox\"\u001b[39m\n  \u001b[36m/>\u001b[39m\n\n  Name \"엑셀 1\":\n  \u001b[36m<input\u001b[39m\n    \u001b[33maria-label\u001b[39m=\u001b[32m\"엑셀 1\"\u001b[39m\n    \u001b[33mclass\u001b[39m=\u001b[32m\"PrivateSwitchBase-input css-12xagqm-MuiSwitchBase-root\"\u001b[39m\n    \u001b[33mdata-indeterminate\u001b[39m=\u001b[32m\"false\"\u001b[39m\n    \u001b[33mtype\u001b[39m=\u001b[32m\"checkbox\"\u001b[39m\n  \u001b[36m/>\u001b[39m\n\n  --------------------------------------------------\n  gridcell:\n\n  Name \"1\":\n  \u001b[36m<div\u001b[39m\n    \u001b[33mclass\u001b[39m=\u001b[32m\"MuiBox-root css-1paalx8\"\u001b[39m\n    \u001b[33mdata-dirty-cell\u001b[39m=\u001b[32m\"false\"\u001b[39m\n    \u001b[33mdata-grid-selected\u001b[39m=\u001b[32m\"false\"\u001b[39m\n    \u001b[33mrole\u001b[39m=\u001b[32m\"gridcell\"\u001b[39m\n    \u001b[33mtabindex\u001b[39m=\u001b[32m\"-1\"\u001b[39m\n  \u001b[36m/>\u001b[39m\n\n  Name \"대시보드\":\n  \u001b[36m<div\u001b[39m\n    \u001b[33maria-label\u001b[39m=\u001b[32m\"대시보드\"\u001b[39m\n    \u001b[33mclass\u001b[39m=\u001b[32m\"MuiBox-root css-d5ql0a\"\u001b[39m\n    \u001b[33mdata-dirty-cell\u001b[39m=\u001b[32m\"false\"\u001b[39m\n    \u001b[33mdata-grid-selected\u001b[39m=\u001b[32m\"false\"\u001b[39m\n    \u001b[33mrole\u001b[39m=\u001b[32m\"gridcell\"\u001b[39m\n    \u001b[33mtabindex\u001b[39m=\u001b[32m\"-1\"\u001b[39m\n  \u001b[36m/>\u001b[39m\n\n  Name \"DASH\":\n  \u001b[36m<div\u001b[39m\n    \u001b[33mclass\u001b[39m=\u001b[32m\"MuiBox-root css-1t0pv6o\"\u001b[39m\n    \u001b[33mdata-dirty-cell\u001b[39m=\u001b[32m\"false\"\u001b[39m\n    \u001b[33mdata-grid-selected\u001b[39m=\u001b[32m\"false\"\u001b[39m\n    \u001b[33mrole\u001b[39m=\u001b[32m\"gridcell\"\u001b[39m\n    \u001b[33mtabindex\u001b[39m=\u001b[32m\"-1\"\u001b[39m\n  \u001b[36m/>\u001b[39m\n\n  Name \"/dashboard\":\n  \u001b[36m<div\u001b[39m\n    \u001b[33mclass\u001b[39m=\u001b[32m\"MuiBox-root css-1iny23d\"\u001b[39m\n    \u001b[33mdata-dirty-cell\u001b[39m=\u001b[32m\"false\"\u001b[39m\n    \u001b[33mdata-grid-selected\u001b[39m=\u001b[32m\"false\"\u001b[39m\n    \u001b[33mrole\u001b[39m=\u001b[32m\"gridcell\"\u001b[39m\n    \u001b[33mtabindex\u001b[39m=\u001b[32m\"-1\"\u001b[39m\n  \u001b[36m/>\u001b[39m\n\n  Name \"\":\n  \u001b[36m<div\u001b[39m\n    \u001b[33mclass\u001b[39m=\u001b[32m\"MuiBox-root css-1ljrbon\"\u001b[39m\n    \u001b[33mdata-dirty-cell\u001b[39m=\u001b[32m\"false\"\u001b[39m\n    \u001b[33mdata-grid-selected\u001b[39m=\u001b[32m\"false\"\u001b[39m\n    \u001b[33mrole\u001b[39m=\u001b[32m\"gridcell\"\u001b[39m\n    \u001b[33mtabindex\u001b[39m=\u001b[32m\"-1\"\u001b[39m\n  \u001b[36m/>\u001b[39m\n\n  Name \"1\":\n  \u001b[36m<div\u001b[39m\n    \u001b[33mclass\u001b[39m=\u001b[32m\"MuiBox-root css-1m3dnej\"\u001b[39m\n    \u001b[33mdata-dirty-cell\u001b[39m=\u001b[32m\"false\"\u001b[39m\n    \u001b[33mdata-grid-selected\u001b[39m=\u001b[32m\"false\"\u001b[39m\n    \u001b[33mrole\u001b[39m=\u001b[32m\"gridcell\"\u001b[39m\n    \u001b[33mtabindex\u001b[39m=\u001b[32m\"-1\"\u001b[39m\n  \u001b[36m/>\u001b[39m\n\n  Name \"사용 여부 1\":\n  \u001b[36m<div\u001b[39m\n    \u001b[33mclass\u001b[39m=\u001b[32m\"MuiBox-root css-1u7xdvu\"\u001b[39m\n    \u001b[33mdata-dirty-cell\u001b[39m=\u001b[32m\"false\"\u001b[39m\n    \u001b[33mdata-grid-selected\u001b[39m=\u001b[32m\"false\"\u001b[39m\n    \u001b[33mrole\u001b[39m=\u001b[32m\"gridcell\"\u001b[39m\n    \u001b[33mtabindex\u001b[39m=\u001b[32m\"-1\"\u001b[39m\n  \u001b[36m/>\u001b[39m\n\n  Name \"읽기 1\":\n  \u001b[36m<div\u001b[39m\n    \u001b[33mclass\u001b[39m=\u001b[32m\"MuiBox-root css-1ty8gf7\"\u001b[39m\n    \u001b[33mdata-dirty-cell\u001b[39m=\u001b[32m\"false\"\u001b[39m\n    \u001b[33mdata-grid-selected\u001b[39m=\u001b[32m\"false\"\u001b[39m\n    \u001b[33mrole\u001b[39m=\u001b[32m\"gridcell\"\u001b[39m\n    \u001b[33mtabindex\u001b[39m=\u001b[32m\"-1\"\u001b[39m\n  \u001b[36m/>\u001b[39m\n\n  Name \"쓰기 1\":\n  \u001b[36m<div\u001b[39m\n    \u001b[33mclass\u001b[39m=\u001b[32m\"MuiBox-root css-iktgc7\"\u001b[39m\n    \u001b[33mdata-dirty-cell\u001b[39m=\u001b[32m\"false\"\u001b[39m\n    \u001b[33mdata-grid-selected\u001b[39m=\u001b[32m\"false\"\u001b[39m\n    \u001b[33mrole\u001b[39m=\u001b[32m\"gridcell\"\u001b[39m\n    \u001b[33mtabindex\u001b[39m=\u001b[32m\"-1\"\u001b[39m\n  \u001b[36m/>\u001b[39m\n\n  Name \"삭제 1\":\n  \u001b[36m<div\u001b[39m\n    \u001b[33mclass\u001b[39m=\u001b[32m\"MuiBox-root css-1tc9jyb\"\u001b[39m\n    \u001b[33mdata-dirty-cell\u001b[39m=\u001b[32m\"false\"\u001b[39m\n    \u001b[33mdata-grid-selected\u001b[39m=\u001b[32m\"false\"\u001b[39m\n    \u001b[33mrole\u001b[39m=\u001b[32m\"gridcell\"\u001b[39m\n    \u001b[33mtabindex\u001b[39m=\u001b[32m\"-1\"\u001b[39m\n  \u001b[36m/>\u001b[39m\n\n  Name \"엑셀 1\":\n  \u001b[36m<div\u001b[39m\n    \u001b[33mclass\u001b[39m=\u001b[32m\"MuiBox-root css-2fqt3s\"\u001b[39m\n    \u001b[33mdata-dirty-cell\u001b[39m=\u001b[32m\"false\"\u001b[39m\n    \u001b[33mdata-grid-selected\u001b[39m=\u001b[32m\"false\"\u001b[39m\n    \u001b[33mrole\u001b[39m=\u001b[32m\"gridcell\"\u001b[39m\n    \u001b[33mtabindex\u001b[39m=\u001b[32m\"-1\"\u001b[39m\n  \u001b[36m/>\u001b[39m\n\n  --------------------------------------------------\n\nIgnored nodes: comments, script, style\n\u001b[36m<body\u001b[39m\n  \u001b[33mstyle\u001b[39m=\u001b[32m\"\"\u001b[39m\n\u001b[36m>\u001b[39m\n  \u001b[36m<div>\u001b[39m\n    \u001b[36m<div\u001b[39m\n      \u001b[33mclass\u001b[39m=\u001b[32m\"MuiBox-root css-1l7e9f7\"\u001b[39m\n    \u001b[36m>\u001b[39m\n      \u001b[36m<div\u001b[39m\n        \u001b[33mclass\u001b[39m=\u001b[32m\"MuiBox-root css-gaw9z5\"\u001b[39m\n      \u001b[36m>\u001b[39m\n        \u001b[36m<div\u001b[39m\n          \u001b[33mclass\u001b[39m=\u001b[32m\"MuiBox-root css-n5pv3m\"\u001b[39m\n        \u001b[36m>\u001b[39m\n          \u001b[36m<div\u001b[39m\n            \u001b[33mclass\u001b[39m=\u001b[32m\"MuiBox-root css-1dqpodj\"\u001b[39m\n          \u001b[36m>\u001b[39m\n            \u001b[36m<span\u001b[39m\n              \u001b[33mclass\u001b[39m=\u001b[32m\"MuiTypography-root MuiTypography-overline css-12crpts-MuiTypography-root\"\u001b[39m\n            \u001b[36m>\u001b[39m\n              \u001b[36m<span\u001b[39m\n                \u001b[33maria-hidden\u001b[39m=\u001b[32m\"true\"\u001b[39m\n                \u001b[33mclass\u001b[39m=\u001b[32m\"MuiBox-root css-1sp7evn\"\u001b[39m\n              \u001b[36m>\u001b[39m\n                \u001b[0m환경설정 &gt; 메뉴 관리\u001b[0m\n              \u001b[36m</span>\u001b[39m\n              \u001b[36m<span\u001b[39m\n                \u001b[33mclass\u001b[39m=\u001b[32m\"MuiBox-root css-p9qzma\"\u001b[39m\n              \u001b[36m>\u001b[39m\n                \u001b[0m환경설정\u001b[0m\n              \u001b[36m</span>\u001b[39m\n              \u001b[36m<span\u001b[39m\n                \u001b[33mclass\u001b[39m=\u001b[32m\"MuiBox-root css-b9fwsy\"\u001b[39m\n              \u001b[36m>\u001b[39m\n                \u001b[0m &gt; \u001b[0m\n                \u001b[0m메뉴 관리\u001b[0m\n              \u001b[36m</span>\u001b[39m\n            \u001b[36m</span>\u001b[39m\n            \u001b[36m<p\u001b[39m\n              \u001b[33mclass\u001b[39m=\u001b[32m\"MuiTypography-root MuiTypography-body2 css-849rhd-MuiTypography-root\"\u001b[39m\n            \u001b[36m>\u001b[39m\n              \u001b[0m메뉴를 관리합니다.\u001b[0m\n            \u001b[36m</p>\u001b[39m\n          \u001b[36m</div>\u001b[39m\n          \u001b[36m<div\u001b[39m\n            \u001b[33mclass\u001b[39m=\u001b[32m\"MuiBox-root css-1aknf8w\"\u001b[39m\n          \u001b[36m>\u001b[39m\n            \u001b[36m<button\u001b[39m\n              \u001b[33mclass\u001b[39m=\u001b[32m\"MuiButtonBase-root MuiButton-root MuiButton-contained MuiButton-sizeSmall MuiButton-colorPrimary css-dyinow-MuiButtonBase-root-MuiButton-root\"\u001b[39m\n              \u001b[33mtabindex\u001b[39m=\u001b[32m\"0\"\u001b[39m\n              \u001b[33mtype\u001b[39m=\u001b[32m\"button\"\u001b[39m\n            \u001b[36m>\u001b[39m\n              \u001b[36m<span\u001b[39m\n                \u001b[33mclass\u001b[39m=\u001b[32m\"MuiButton-icon MuiButton-startIcon css-t70kls-MuiButton-startIcon\"\u001b[39m\n              \u001b[36m>\u001b[39m\n                \u001b[36m<svg\u001b[39m\n                  \u001b[33maria-hidden\u001b[39m=\u001b[32m\"true\"\u001b[39m\n                  \u001b[33mclass\u001b[39m=\u001b[32m\"MuiSvgIcon-root MuiSvgIcon-fontSizeSmall css-120dh41-MuiSvgIcon-root\"\u001b[39m\n                  \u001b[33mdata-testid\u001b[39m=\u001b[32m\"SearchIcon\"\u001b[39m\n                  \u001b[33mfocusable\u001b[39m=\u001b[32m\"false\"\u001b[39m\n                  \u001b[33mviewBox\u001b[39m=\u001b[32m\"0 0 24 24\"\u001b[39m\n                \u001b[36m>\u001b[39m\n                  \u001b[36m<path\u001b[39m\n                    \u001b[33md\u001b[39m=\u001b[32m\"M15.5 14h-.79l-.28-.27C15.41 12.59 16 11.11 16 9.5 16 5.91 13.09 3 9.5 3S3 5.91 3 9.5 5.91 16 9.5 16c1.61 0 3.09-.59 4.23-1.57l.27.28v.79l5 4.99L20.49 19zm-6 0C7.01 14 5 11.99 5 9.5S7.01 5 9.5 5 14 7.01 14 9.5 11.99 14 9.5 14\"\u001b[39m\n                  \u001b[36m/>\u001b[39m\n                \u001b[36m</svg>\u001b[39m\n              \u001b[36m</span>\u001b[39m\n              \u001b[0m조회\u001b[0m\n            \u001b[36m</button>\u001b[39m\n            \u001b[36m<button\u001b[39m\n              \u001b[33mclass\u001b[39m=\u001b[32m\"MuiButtonBase-root Mui-disabled MuiButton-root MuiButton-contained MuiButton-sizeSmall MuiButton-colorPrimary css-dyinow-MuiButtonBase-root-MuiButton-root\"\u001b[39m\n              \u001b[33mdisabled\u001b[39m=\u001b[32m\"\"\u001b[39m\n              \u001b[33mtabindex\u001b[39m=\u001b[32m\"-1\"\u001b[39m\n              \u001b[33mtype\u001b[39m=\u001b[32m\"button\"\u001b[39m\n            \u001b[36m>\u001b[39m\n              \u001b[36m<span\u001b[39m\n                \u001b[33mclass\u001b[39m=\u001b[32m\"MuiButton-icon MuiButton-startIcon css-t70kls-MuiButton-startIcon\"\u001b[39m\n              \u001b[36m>\u001b[39m\n                \u001b[36m<svg\u001b[39m\n                  \u001b[33maria-hidden\u001b[39m=\u001b[32m\"true\"\u001b[39m\n                  \u001b[33mclass\u001b[39m=\u001b[32m\"MuiSvgIcon-root MuiSvgIcon-fontSizeSmall css-120dh41-MuiSvgIcon-root\"\u001b[39m\n                  \u001b[33mdata-testid\u001b[39m=\u001b[32m\"SaveIcon\"\u001b[39m\n                  \u001b[33mfocusable\u001b[39m=\u001b[32m\"false\"\u001b[39m\n                  \u001b[33mviewBox\u001b[39m=\u001b[32m\"0 0 24 24\"\u001b[39m\n                \u001b[36m>\u001b[39m\n                  \u001b[36m<path\u001b[39m\n                    \u001b[33md\u001b[39m=\u001b[32m\"M17 3H5c-1.11 0-2 .9-2 2v14c0 1.1.89 2 2 2h14c1.1 0 2-.9 2-2V7zm-5 16c-1.66 0-3-1.34-3-3s1.34-3 3-3 3 1.34 3 3-1.34 3-3 3m3-10H5V5h10z\"\u001b[39m\n                  \u001b[36m/>\u001b[39m\n                \u001b[36m</svg>\u001b[39m\n              \u001b[36m</span>\u001b[39m\n              \u001b[0m저장\u001b[0m\n            \u001b[36m</button>\u001b[39m\n            \u001b[36m<button\u001b[39m\n              \u001b[33mclass\u001b[39m=\u001b[32m\"MuiButtonBase-root MuiButton-root MuiButton-contained MuiButton-sizeSmall MuiButton-colorPrimary css-dyinow-MuiButtonBase-root-MuiButton-root\"\u001b[39m\n              \u001b[33mtabindex\u001b[39m=\u001b[32m\"0\"\u001b[39m\n              \u001b[33mtype\u001b[39m=\u001b[32m\"button\"\u001b[39m\n            \u001b[36m>\u001b[39m\n              \u001b[36m<span\u001b[39m\n                \u001b[33mclass\u001b[39m=\u001b[32m\"MuiButton-icon MuiButton-startIcon css-t70kls-MuiButton-startIcon\"\u001b[39m\n              \u001b[36m>\u001b[39m\n                \u001b[36m<svg\u001b[39m\n                  \u001b[33maria-hidden\u001b[39m=\u001b[32m\"true\"\u001b[39m\n                  \u001b[33mclass\u001b[39m=\u001b[32m\"MuiSvgIcon-root MuiSvgIcon-fontSizeSmall css-120dh41-MuiSvgIcon-root\"\u001b[39m\n                  \u001b[33mdata-testid\u001b[39m=\u001b[32m\"DeleteIcon\"\u001b[39m\n                  \u001b[33mfocusable\u001b[39m=\u001b[32m\"false\"\u001b[39m\n                  \u001b[33mviewBox\u001b[39m=\u001b[32m\"0 0 24 24\"\u001b[39m\n                \u001b[36m>\u001b[39m\n                  \u001b[36m<path\u001b[39m\n                    \u001b[33md\u001b[39m=\u001b[32m\"M6 19c0 1.1.9 2 2 2h8c1.1 0 2-.9 2-2V7H6zM19 4h-3.5l-1-1h-5l-1 1H5v2h14z\"\u001b[39m\n                  \u001b[36m/>\u001b[39m\n                \u001b[36m</svg>\u001b[39m\n              \u001b[36m</span>\u001b[39m\n              \u001b[0m삭제\u001b[0m\n            \u001b[36m</button>\u001b[39m\n          \u001b[36m</div>\u001b[39m\n        \u001b[36m</div>\u001b[39m\n      \u001b[36m</div>\u001b[39m\n      \u001b[36m<div\u001b[39m\n        \u001b[33mclass\u001b[39m=\u001b[32m\"MuiBox-root css-18cuear\"\u001b[39m\n      \u001b[36m>\u001b[39m\n        \u001b[36m<div\u001b[39m\n          \u001b[33mclass\u001b[39m=\u001b[32m\"MuiBox-root css-r9kom3\"\u001b[39m\n        \u001b[36m>\u001b[39m\n          \u001b[36m<div\u001b[39m\n            \u001b[33mclass\u001b[39m=\u001b[32m\"MuiBox-root css-axw7ok\"\u001b[39m\n          \u001b[36m>\u001b[39m\n            \u001b[36m<div\u001b[39m\n              \u001b[33mclass\u001b[39m=\u001b[32m\"MuiBox-root css-6c04tw\"\u001b[39m\n            \u001b[36m>\u001b[39m\n              \u001b[36m<svg\u001b[39m\n                \u001b[33maria-hidden\u001b[39m=\u001b[32m\"true\"\u001b[39m\n                \u001b[33mclass\u001b[39m=\u001b[32m\"MuiSvgIcon-root MuiSvgIcon-fontSizeSmall css-120dh41-MuiSvgIcon-root\"\u001b[39m\n                \u001b[33mdata-testid\u001b[39m=\u001b[32m\"SearchRoundedIcon\"\u001b[39m\n                \u001b[33mfocusable\u001b[39m=\u001b[32m\"false\"\u001b[39m\n                \u001b[33mviewBox\u001b[39m=\u001b[32m\"0 0 24 24\"\u001b[39m\n              \u001b[36m>\u001b[39m\n                \u001b[36m<path\u001b[39m\n                  \u001b[33md\u001b[39m=\u001b[32m\"M15.5 14h-.79l-.28-.27c1.2-1.4 1.82-3.31 1.48-5.34-.47-2.78-2.79-5-5.59-5.34-4.23-.52-7.79 3.04-7.27 7.27.34 2.8 2.56 5.12 5.34 5.59 2.03.34 3.94-.28 5.34-1.48l.27.28v.79l4.25 4.25c.41.41 1.08.41 1.49 0s.41-1.08 0-1.49zm-6 0C7.01 14 5 11.99 5 9.5S7.01 5 9.5 5 14 7.01 14 9.5 11.99 14 9.5 14\"\u001b[39m\n                \u001b[36m/>\u001b[39m\n              \u001b[36m</svg>\u001b[39m\n            \u001b[36m</div>\u001b[39m\n            \u001b[36m<h6\u001b[39m\n              \u001b[33mc...\n    at Object.getElementError (D:\\f1soft\\dev\\react\\S-ERP\\frontend\\node_modules\\@testing-library\\dom\\dist\\config.js:37:19)\n    at D:\\f1soft\\dev\\react\\S-ERP\\frontend\\node_modules\\@testing-library\\dom\\dist\\query-helpers.js:76:38\n    at D:\\f1soft\\dev\\react\\S-ERP\\frontend\\node_modules\\@testing-library\\dom\\dist\\query-helpers.js:52:17\n    at D:\\f1soft\\dev\\react\\S-ERP\\frontend\\node_modules\\@testing-library\\dom\\dist\\query-helpers.js:95:19\n    at D:/f1soft/dev/react/S-ERP/frontend/tests/menu-management-f1-grid.test.tsx:1562:19\n    at file:///D:/f1soft/dev/react/S-ERP/frontend/node_modules/@vitest/runner/dist/chunk-artifact.js:1903:20"],"meta":{},"tags":[]},{"ancestorTitles":["MenuManagementPage module selection"],"fullName":"MenuManagementPage module selection shows a clean refresh error without leaving its rejection unhandled","status":"passed","title":"shows a clean refresh error without leaving its rejection unhandled","duration":945.1770000000033,"failureMessages":[],"meta":{},"tags":[]}],"startTime":1788408268032,"endTime":1788408320864.177,"status":"failed","message":"","name":"D:/f1soft/dev/react/S-ERP/frontend/tests/menu-management-f1-grid.test.tsx"}]}